[0.012s] Invoking command in '/home/pengbo/rclcpp_cbg/ros2_rclcpp/build/rclcpp': /usr/bin/cmake --build /home/pengbo/rclcpp_cbg/ros2_rclcpp/build/rclcpp -- -j12 -l12
[0.062s] [  1%] Built target gmock
[0.066s] [  3%] Built target gmock_main
[0.066s] [  3%] Built target gtest_main
[0.067s] [  3%] Built target rclcpp_test_msgs__cpp
[0.067s] [  4%] Built target gtest
[0.070s] [  6%] Built target rclcpp_test_msgs__rosidl_generator_c
[0.081s] [  7%] Built target test_function_traits
[0.081s] [35m[1mScanning dependencies of target rclcpp[0m
[0.083s] [  9%] Built target rclcpp_test_msgs__rosidl_typesupport_cpp
[0.084s] [ 10%] Built target rclcpp_test_msgs__rosidl_typesupport_c
[0.084s] [ 12%] Built target rclcpp_test_msgs__rosidl_typesupport_introspection_cpp
[0.085s] [ 14%] Built target rclcpp_test_msgs__rosidl_typesupport_fastrtps_cpp
[0.088s] [ 16%] Built target rclcpp_test_msgs__rosidl_typesupport_introspection_c
[0.100s] [ 18%] Built target rclcpp_test_msgs__rosidl_typesupport_fastrtps_c
[0.115s] [ 18%] Built target rclcpp_test_msgs
[0.129s] [ 18%] Built target rclcpp_test_msgs__py
[0.140s] [ 18%] [32mBuilding CXX object CMakeFiles/rclcpp.dir/src/rclcpp/executors/single_threaded_executor.cpp.o[0m
[0.146s] [ 20%] Built target rclcpp_test_msgs__python
[0.166s] [ 21%] Built target rclcpp__rosidl_typesupport_c__pyext
[0.168s] [ 22%] Built target rclcpp__rosidl_typesupport_fastrtps_c__pyext
[0.168s] [ 23%] Built target rclcpp__rosidl_typesupport_introspection_c__pyext
[0.853s] [01m[K/home/pengbo/rclcpp_cbg/ros2_rclcpp/rclcpp/src/rclcpp/executors/single_threaded_executor.cpp:[m[K In function ‘[01m[Kint record_jitter(const timespec*, const timespec*, size_t)[m[K’:
[0.853s] [01m[K/home/pengbo/rclcpp_cbg/ros2_rclcpp/rclcpp/src/rclcpp/executors/single_threaded_executor.cpp:108:10:[m[K [01;35m[Kwarning: [m[Kunused variable ‘[01m[Ki[m[K’ [[01;35m[K-Wunused-variable[m[K]
[0.854s]   108 |   size_t [01;35m[Ki[m[K = iteration;
[0.854s]       |          [01;35m[K^[m[K
[0.858s] [01m[K/home/pengbo/rclcpp_cbg/ros2_rclcpp/rclcpp/src/rclcpp/executors/single_threaded_executor.cpp:[m[K In member function ‘[01m[Kvoid rclcpp::executors::SingleThreadedExecutor::executor_spin_one_period(uint64_t)[m[K’:
[0.858s] [01m[K/home/pengbo/rclcpp_cbg/ros2_rclcpp/rclcpp/src/rclcpp/executors/single_threaded_executor.cpp:188:26:[m[K [01;31m[Kerror: [m[Kcannot convert ‘[01m[Ktimespec[m[K’ to ‘[01m[Kconst timespec*[m[K’
[0.858s]   188 |       subtract_timespecs([01;31m[Kstart_time_period[m[K,end_time_period,&execute_time)
[0.858s]       |                          [01;31m[K^~~~~~~~~~~~~~~~~[m[K
[0.858s]       |                          [01;31m[K|[m[K
[0.858s]       |                          [01;31m[Ktimespec[m[K
[0.858s] [01m[K/home/pengbo/rclcpp_cbg/ros2_rclcpp/rclcpp/src/rclcpp/executors/single_threaded_executor.cpp:89:27:[m[K [01;36m[Knote: [m[K  initializing argument 1 of ‘[01m[Kbool subtract_timespecs(const timespec*, const timespec*, timespec*)[m[K’
[0.858s]    89 |   [01;36m[Kconst struct timespec * t1[m[K,
[0.858s]       |   [01;36m[K~~~~~~~~~~~~~~~~~~~~~~~~^~[m[K
[0.859s] [01m[K/home/pengbo/rclcpp_cbg/ros2_rclcpp/rclcpp/src/rclcpp/executors/single_threaded_executor.cpp:167:33:[m[K [01;35m[Kwarning: [m[Kunused variable ‘[01m[Kcurrent_time[m[K’ [[01;35m[K-Wunused-variable[m[K]
[0.859s]   167 |    struct timespec wakeup_time, [01;35m[Kcurrent_time[m[K;
[0.859s]       |                                 [01;35m[K^~~~~~~~~~~~[m[K
[0.992s] make[2]: *** [CMakeFiles/rclcpp.dir/build.make:389: CMakeFiles/rclcpp.dir/src/rclcpp/executors/single_threaded_executor.cpp.o] Error 1
[0.992s] make[1]: *** [CMakeFiles/Makefile2:1129: CMakeFiles/rclcpp.dir/all] Error 2
[0.992s] make: *** [Makefile:141: all] Error 2
[0.995s] Invoked command in '/home/pengbo/rclcpp_cbg/ros2_rclcpp/build/rclcpp' returned '2': /usr/bin/cmake --build /home/pengbo/rclcpp_cbg/ros2_rclcpp/build/rclcpp -- -j12 -l12
