[0.012s] Invoking command in '/home/pengbo/rclcpp_cbg/ros2_rclcpp/build/rclcpp_lifecycle': AMENT_PREFIX_PATH=/home/pengbo/rclcpp_cbg/ros2_rclcpp/install/rclcpp CMAKE_PREFIX_PATH=/home/pengbo/rclcpp_cbg/ros2_rclcpp/install/rclcpp LD_LIBRARY_PATH=/home/pengbo/rclcpp_cbg/ros2_rclcpp/install/rclcpp/lib /usr/bin/cmake --build /home/pengbo/rclcpp_cbg/ros2_rclcpp/build/rclcpp_lifecycle -- -j12 -l12
[0.054s] [  8%] Built target gtest
[0.057s] [ 17%] Built target gtest_main
[0.071s] [ 21%] [32m[1mLinking CXX shared library librclcpp_lifecycle.so[0m
[0.475s] [ 39%] Built target rclcpp_lifecycle
[0.506s] [ 56%] [32m[1mLinking CXX executable test_state_wrapper[0m
[0.506s] [ 56%] [32m[1mLinking CXX executable test_callback_exceptions[0m
[0.506s] [ 56%] [32m[1mLinking CXX executable test_lifecycle_service_client[0m
[0.506s] [ 56%] [32m[1mLinking CXX executable test_lifecycle_node[0m
[0.511s] [ 60%] [32m[1mLinking CXX executable test_transition_wrapper[0m
[0.518s] [ 65%] [32m[1mLinking CXX executable test_state_machine_info[0m
[0.518s] [ 69%] [32m[1mLinking CXX executable test_register_custom_callbacks[0m
[1.095s] [ 73%] Built target test_transition_wrapper
[1.137s] [ 78%] Built target test_state_wrapper
[2.076s] [ 82%] Built target test_state_machine_info
[2.090s] [ 86%] Built target test_register_custom_callbacks
[2.161s] [ 91%] Built target test_callback_exceptions
[2.162s] [ 95%] Built target test_lifecycle_node
[2.200s] [100%] Built target test_lifecycle_service_client
[2.209s] Invoked command in '/home/pengbo/rclcpp_cbg/ros2_rclcpp/build/rclcpp_lifecycle' returned '0': AMENT_PREFIX_PATH=/home/pengbo/rclcpp_cbg/ros2_rclcpp/install/rclcpp CMAKE_PREFIX_PATH=/home/pengbo/rclcpp_cbg/ros2_rclcpp/install/rclcpp LD_LIBRARY_PATH=/home/pengbo/rclcpp_cbg/ros2_rclcpp/install/rclcpp/lib /usr/bin/cmake --build /home/pengbo/rclcpp_cbg/ros2_rclcpp/build/rclcpp_lifecycle -- -j12 -l12
[2.245s] Invoking command in '/home/pengbo/rclcpp_cbg/ros2_rclcpp/build/rclcpp_lifecycle': AMENT_PREFIX_PATH=/home/pengbo/rclcpp_cbg/ros2_rclcpp/install/rclcpp CMAKE_PREFIX_PATH=/home/pengbo/rclcpp_cbg/ros2_rclcpp/install/rclcpp LD_LIBRARY_PATH=/home/pengbo/rclcpp_cbg/ros2_rclcpp/install/rclcpp/lib /usr/bin/cmake --install /home/pengbo/rclcpp_cbg/ros2_rclcpp/build/rclcpp_lifecycle
[2.255s] -- Install configuration: ""
[2.255s] -- Installing: /home/pengbo/rclcpp_cbg/ros2_rclcpp/install/rclcpp_lifecycle/lib/librclcpp_lifecycle.so
[2.255s] -- Set runtime path of "/home/pengbo/rclcpp_cbg/ros2_rclcpp/install/rclcpp_lifecycle/lib/librclcpp_lifecycle.so" to ""
[2.255s] -- Up-to-date: /home/pengbo/rclcpp_cbg/ros2_rclcpp/install/rclcpp_lifecycle/share/rclcpp_lifecycle/environment/library_path.sh
[2.255s] -- Up-to-date: /home/pengbo/rclcpp_cbg/ros2_rclcpp/install/rclcpp_lifecycle/share/rclcpp_lifecycle/environment/library_path.dsv
[2.256s] -- Up-to-date: /home/pengbo/rclcpp_cbg/ros2_rclcpp/install/rclcpp_lifecycle/share/ament_index/resource_index/package_run_dependencies/rclcpp_lifecycle
[2.256s] -- Up-to-date: /home/pengbo/rclcpp_cbg/ros2_rclcpp/install/rclcpp_lifecycle/share/ament_index/resource_index/parent_prefix_path/rclcpp_lifecycle
[2.256s] -- Up-to-date: /home/pengbo/rclcpp_cbg/ros2_rclcpp/install/rclcpp_lifecycle/share/rclcpp_lifecycle/environment/ament_prefix_path.dsv
[2.256s] -- Up-to-date: /home/pengbo/rclcpp_cbg/ros2_rclcpp/install/rclcpp_lifecycle/share/rclcpp_lifecycle/environment/path.dsv
[2.256s] -- Up-to-date: /home/pengbo/rclcpp_cbg/ros2_rclcpp/install/rclcpp_lifecycle/share/rclcpp_lifecycle/local_setup.bash
[2.256s] -- Up-to-date: /home/pengbo/rclcpp_cbg/ros2_rclcpp/install/rclcpp_lifecycle/share/rclcpp_lifecycle/local_setup.sh
[2.256s] -- Up-to-date: /home/pengbo/rclcpp_cbg/ros2_rclcpp/install/rclcpp_lifecycle/share/rclcpp_lifecycle/local_setup.zsh
[2.257s] -- Up-to-date: /home/pengbo/rclcpp_cbg/ros2_rclcpp/install/rclcpp_lifecycle/share/rclcpp_lifecycle/local_setup.dsv
[2.257s] -- Installing: /home/pengbo/rclcpp_cbg/ros2_rclcpp/install/rclcpp_lifecycle/share/rclcpp_lifecycle/package.dsv
[2.257s] -- Up-to-date: /home/pengbo/rclcpp_cbg/ros2_rclcpp/install/rclcpp_lifecycle/share/ament_index/resource_index/packages/rclcpp_lifecycle
[2.258s] -- Up-to-date: /home/pengbo/rclcpp_cbg/ros2_rclcpp/install/rclcpp_lifecycle/share/rclcpp_lifecycle/cmake/rclcpp_lifecycleExport.cmake
[2.258s] -- Up-to-date: /home/pengbo/rclcpp_cbg/ros2_rclcpp/install/rclcpp_lifecycle/share/rclcpp_lifecycle/cmake/rclcpp_lifecycleExport-noconfig.cmake
[2.258s] -- Up-to-date: /home/pengbo/rclcpp_cbg/ros2_rclcpp/install/rclcpp_lifecycle/share/rclcpp_lifecycle/cmake/ament_cmake_export_include_directories-extras.cmake
[2.258s] -- Up-to-date: /home/pengbo/rclcpp_cbg/ros2_rclcpp/install/rclcpp_lifecycle/share/rclcpp_lifecycle/cmake/ament_cmake_export_libraries-extras.cmake
[2.259s] -- Up-to-date: /home/pengbo/rclcpp_cbg/ros2_rclcpp/install/rclcpp_lifecycle/share/rclcpp_lifecycle/cmake/ament_cmake_export_targets-extras.cmake
[2.259s] -- Up-to-date: /home/pengbo/rclcpp_cbg/ros2_rclcpp/install/rclcpp_lifecycle/share/rclcpp_lifecycle/cmake/ament_cmake_export_dependencies-extras.cmake
[2.259s] -- Up-to-date: /home/pengbo/rclcpp_cbg/ros2_rclcpp/install/rclcpp_lifecycle/share/rclcpp_lifecycle/cmake/rclcpp_lifecycleConfig.cmake
[2.259s] -- Up-to-date: /home/pengbo/rclcpp_cbg/ros2_rclcpp/install/rclcpp_lifecycle/share/rclcpp_lifecycle/cmake/rclcpp_lifecycleConfig-version.cmake
[2.259s] -- Up-to-date: /home/pengbo/rclcpp_cbg/ros2_rclcpp/install/rclcpp_lifecycle/share/rclcpp_lifecycle/package.xml
[2.259s] -- Up-to-date: /home/pengbo/rclcpp_cbg/ros2_rclcpp/install/rclcpp_lifecycle/include
[2.260s] -- Up-to-date: /home/pengbo/rclcpp_cbg/ros2_rclcpp/install/rclcpp_lifecycle/include/rclcpp_lifecycle
[2.260s] -- Up-to-date: /home/pengbo/rclcpp_cbg/ros2_rclcpp/install/rclcpp_lifecycle/include/rclcpp_lifecycle/lifecycle_node.hpp
[2.260s] -- Up-to-date: /home/pengbo/rclcpp_cbg/ros2_rclcpp/install/rclcpp_lifecycle/include/rclcpp_lifecycle/node_interfaces
[2.260s] -- Up-to-date: /home/pengbo/rclcpp_cbg/ros2_rclcpp/install/rclcpp_lifecycle/include/rclcpp_lifecycle/node_interfaces/lifecycle_node_interface.hpp
[2.260s] -- Up-to-date: /home/pengbo/rclcpp_cbg/ros2_rclcpp/install/rclcpp_lifecycle/include/rclcpp_lifecycle/visibility_control.h
[2.261s] -- Up-to-date: /home/pengbo/rclcpp_cbg/ros2_rclcpp/install/rclcpp_lifecycle/include/rclcpp_lifecycle/lifecycle_node_impl.hpp
[2.261s] -- Up-to-date: /home/pengbo/rclcpp_cbg/ros2_rclcpp/install/rclcpp_lifecycle/include/rclcpp_lifecycle/state.hpp
[2.261s] -- Up-to-date: /home/pengbo/rclcpp_cbg/ros2_rclcpp/install/rclcpp_lifecycle/include/rclcpp_lifecycle/type_traits
[2.261s] -- Up-to-date: /home/pengbo/rclcpp_cbg/ros2_rclcpp/install/rclcpp_lifecycle/include/rclcpp_lifecycle/type_traits/is_manageable_node.hpp
[2.261s] -- Up-to-date: /home/pengbo/rclcpp_cbg/ros2_rclcpp/install/rclcpp_lifecycle/include/rclcpp_lifecycle/transition.hpp
[2.261s] -- Up-to-date: /home/pengbo/rclcpp_cbg/ros2_rclcpp/install/rclcpp_lifecycle/include/rclcpp_lifecycle/lifecycle_publisher.hpp
[2.266s] Invoked command in '/home/pengbo/rclcpp_cbg/ros2_rclcpp/build/rclcpp_lifecycle' returned '0': AMENT_PREFIX_PATH=/home/pengbo/rclcpp_cbg/ros2_rclcpp/install/rclcpp CMAKE_PREFIX_PATH=/home/pengbo/rclcpp_cbg/ros2_rclcpp/install/rclcpp LD_LIBRARY_PATH=/home/pengbo/rclcpp_cbg/ros2_rclcpp/install/rclcpp/lib /usr/bin/cmake --install /home/pengbo/rclcpp_cbg/ros2_rclcpp/build/rclcpp_lifecycle
