[0.013s] Invoking command in '/home/pengbo/rclcpp_cbg/ros2_rclcpp/build/rclcpp_components': AMENT_PREFIX_PATH=/home/pengbo/rclcpp_cbg/ros2_rclcpp/install/rclcpp CMAKE_PREFIX_PATH=/home/pengbo/rclcpp_cbg/ros2_rclcpp/install/rclcpp LD_LIBRARY_PATH=/home/pengbo/rclcpp_cbg/ros2_rclcpp/install/rclcpp/lib /usr/bin/cmake --build /home/pengbo/rclcpp_cbg/ros2_rclcpp/build/rclcpp_components -- -j12 -l12
[0.061s] [35m[1mScanning dependencies of target component_manager[0m
[0.064s] [35m[1mScanning dependencies of target test_component[0m
[0.071s] [ 12%] Built target gtest
[0.077s] [ 25%] Built target gtest_main
[0.120s] [ 31%] [32mBuilding CXX object CMakeFiles/test_component.dir/test/components/test_component.cpp.o[0m
[0.125s] [ 37%] [32mBuilding CXX object CMakeFiles/component_manager.dir/src/component_manager.cpp.o[0m
[3.154s] [ 43%] [32m[1mLinking CXX shared library libtest_component.so[0m
[3.439s] [ 43%] Built target test_component
[4.575s] [ 50%] [32m[1mLinking CXX shared library libcomponent_manager.so[0m
[4.964s] [ 50%] Built target component_manager
[4.988s] [35m[1mScanning dependencies of target component_container[0m
[4.992s] [35m[1mScanning dependencies of target component_container_mt[0m
[4.998s] [35m[1mScanning dependencies of target test_component_manager_api[0m
[5.008s] [35m[1mScanning dependencies of target test_component_manager[0m
[5.085s] [ 56%] [32mBuilding CXX object CMakeFiles/component_container.dir/src/component_container.cpp.o[0m
[5.144s] [ 62%] [32mBuilding CXX object CMakeFiles/test_component_manager.dir/test/test_component_manager.cpp.o[0m
[5.146s] [ 68%] [32mBuilding CXX object CMakeFiles/test_component_manager_api.dir/test/test_component_manager_api.cpp.o[0m
[5.164s] [ 75%] [32mBuilding CXX object CMakeFiles/component_container_mt.dir/src/component_container_mt.cpp.o[0m
[10.344s] [ 81%] [32m[1mLinking CXX executable component_container_mt[0m
[11.020s] [ 87%] [32m[1mLinking CXX executable component_container[0m
[11.334s] [ 87%] Built target component_container_mt
[11.789s] [ 87%] Built target component_container
[12.874s] [ 93%] [32m[1mLinking CXX executable test_component_manager[0m
[13.553s] [ 93%] Built target test_component_manager
[14.303s] [100%] [32m[1mLinking CXX executable test_component_manager_api[0m
[14.712s] [100%] Built target test_component_manager_api
[14.722s] Invoked command in '/home/pengbo/rclcpp_cbg/ros2_rclcpp/build/rclcpp_components' returned '0': AMENT_PREFIX_PATH=/home/pengbo/rclcpp_cbg/ros2_rclcpp/install/rclcpp CMAKE_PREFIX_PATH=/home/pengbo/rclcpp_cbg/ros2_rclcpp/install/rclcpp LD_LIBRARY_PATH=/home/pengbo/rclcpp_cbg/ros2_rclcpp/install/rclcpp/lib /usr/bin/cmake --build /home/pengbo/rclcpp_cbg/ros2_rclcpp/build/rclcpp_components -- -j12 -l12
[14.751s] Invoking command in '/home/pengbo/rclcpp_cbg/ros2_rclcpp/build/rclcpp_components': AMENT_PREFIX_PATH=/home/pengbo/rclcpp_cbg/ros2_rclcpp/install/rclcpp CMAKE_PREFIX_PATH=/home/pengbo/rclcpp_cbg/ros2_rclcpp/install/rclcpp LD_LIBRARY_PATH=/home/pengbo/rclcpp_cbg/ros2_rclcpp/install/rclcpp/lib /usr/bin/cmake --install /home/pengbo/rclcpp_cbg/ros2_rclcpp/build/rclcpp_components
[14.759s] -- Install configuration: ""
[14.760s] -- Up-to-date: /home/pengbo/rclcpp_cbg/ros2_rclcpp/install/rclcpp_components/share/rclcpp_components/node_main.cpp.in
[14.760s] -- Installing: /home/pengbo/rclcpp_cbg/ros2_rclcpp/install/rclcpp_components/lib/libcomponent_manager.so
[14.762s] -- Set runtime path of "/home/pengbo/rclcpp_cbg/ros2_rclcpp/install/rclcpp_components/lib/libcomponent_manager.so" to ""
[14.763s] -- Installing: /home/pengbo/rclcpp_cbg/ros2_rclcpp/install/rclcpp_components/lib/rclcpp_components/component_container
[14.763s] -- Set runtime path of "/home/pengbo/rclcpp_cbg/ros2_rclcpp/install/rclcpp_components/lib/rclcpp_components/component_container" to ""
[14.763s] -- Installing: /home/pengbo/rclcpp_cbg/ros2_rclcpp/install/rclcpp_components/lib/rclcpp_components/component_container_mt
[14.764s] -- Set runtime path of "/home/pengbo/rclcpp_cbg/ros2_rclcpp/install/rclcpp_components/lib/rclcpp_components/component_container_mt" to ""
[14.764s] -- Up-to-date: /home/pengbo/rclcpp_cbg/ros2_rclcpp/install/rclcpp_components/include
[14.764s] -- Up-to-date: /home/pengbo/rclcpp_cbg/ros2_rclcpp/install/rclcpp_components/include/rclcpp_components
[14.765s] -- Up-to-date: /home/pengbo/rclcpp_cbg/ros2_rclcpp/install/rclcpp_components/include/rclcpp_components/visibility_control.hpp
[14.765s] -- Up-to-date: /home/pengbo/rclcpp_cbg/ros2_rclcpp/install/rclcpp_components/include/rclcpp_components/node_instance_wrapper.hpp
[14.765s] -- Up-to-date: /home/pengbo/rclcpp_cbg/ros2_rclcpp/install/rclcpp_components/include/rclcpp_components/register_node_macro.hpp
[14.765s] -- Up-to-date: /home/pengbo/rclcpp_cbg/ros2_rclcpp/install/rclcpp_components/include/rclcpp_components/component_manager.hpp
[14.765s] -- Up-to-date: /home/pengbo/rclcpp_cbg/ros2_rclcpp/install/rclcpp_components/include/rclcpp_components/node_factory.hpp
[14.765s] -- Up-to-date: /home/pengbo/rclcpp_cbg/ros2_rclcpp/install/rclcpp_components/include/rclcpp_components/node_factory_template.hpp
[14.765s] -- Up-to-date: /home/pengbo/rclcpp_cbg/ros2_rclcpp/install/rclcpp_components/share/rclcpp_components/cmake
[14.765s] -- Up-to-date: /home/pengbo/rclcpp_cbg/ros2_rclcpp/install/rclcpp_components/share/rclcpp_components/cmake/rclcpp_components_package_hook.cmake
[14.766s] -- Up-to-date: /home/pengbo/rclcpp_cbg/ros2_rclcpp/install/rclcpp_components/share/rclcpp_components/cmake/rclcpp_components_register_node.cmake
[14.766s] -- Up-to-date: /home/pengbo/rclcpp_cbg/ros2_rclcpp/install/rclcpp_components/share/rclcpp_components/cmake/rclcpp_components_register_nodes.cmake
[14.766s] -- Up-to-date: /home/pengbo/rclcpp_cbg/ros2_rclcpp/install/rclcpp_components/share/rclcpp_components/environment/library_path.sh
[14.766s] -- Up-to-date: /home/pengbo/rclcpp_cbg/ros2_rclcpp/install/rclcpp_components/share/rclcpp_components/environment/library_path.dsv
[14.766s] -- Up-to-date: /home/pengbo/rclcpp_cbg/ros2_rclcpp/install/rclcpp_components/share/ament_index/resource_index/package_run_dependencies/rclcpp_components
[14.766s] -- Up-to-date: /home/pengbo/rclcpp_cbg/ros2_rclcpp/install/rclcpp_components/share/ament_index/resource_index/parent_prefix_path/rclcpp_components
[14.766s] -- Up-to-date: /home/pengbo/rclcpp_cbg/ros2_rclcpp/install/rclcpp_components/share/rclcpp_components/environment/ament_prefix_path.dsv
[14.766s] -- Up-to-date: /home/pengbo/rclcpp_cbg/ros2_rclcpp/install/rclcpp_components/share/rclcpp_components/environment/path.dsv
[14.766s] -- Up-to-date: /home/pengbo/rclcpp_cbg/ros2_rclcpp/install/rclcpp_components/share/rclcpp_components/local_setup.bash
[14.767s] -- Up-to-date: /home/pengbo/rclcpp_cbg/ros2_rclcpp/install/rclcpp_components/share/rclcpp_components/local_setup.sh
[14.767s] -- Up-to-date: /home/pengbo/rclcpp_cbg/ros2_rclcpp/install/rclcpp_components/share/rclcpp_components/local_setup.zsh
[14.767s] -- Up-to-date: /home/pengbo/rclcpp_cbg/ros2_rclcpp/install/rclcpp_components/share/rclcpp_components/local_setup.dsv
[14.767s] -- Installing: /home/pengbo/rclcpp_cbg/ros2_rclcpp/install/rclcpp_components/share/rclcpp_components/package.dsv
[14.767s] -- Up-to-date: /home/pengbo/rclcpp_cbg/ros2_rclcpp/install/rclcpp_components/share/ament_index/resource_index/packages/rclcpp_components
[14.767s] -- Up-to-date: /home/pengbo/rclcpp_cbg/ros2_rclcpp/install/rclcpp_components/share/rclcpp_components/cmake/component_managerExport.cmake
[14.767s] -- Up-to-date: /home/pengbo/rclcpp_cbg/ros2_rclcpp/install/rclcpp_components/share/rclcpp_components/cmake/component_managerExport-noconfig.cmake
[14.767s] -- Up-to-date: /home/pengbo/rclcpp_cbg/ros2_rclcpp/install/rclcpp_components/share/rclcpp_components/cmake/rclcpp_components-extras.cmake
[14.767s] -- Up-to-date: /home/pengbo/rclcpp_cbg/ros2_rclcpp/install/rclcpp_components/share/rclcpp_components/cmake/ament_cmake_export_include_directories-extras.cmake
[14.768s] -- Up-to-date: /home/pengbo/rclcpp_cbg/ros2_rclcpp/install/rclcpp_components/share/rclcpp_components/cmake/ament_cmake_export_libraries-extras.cmake
[14.768s] -- Up-to-date: /home/pengbo/rclcpp_cbg/ros2_rclcpp/install/rclcpp_components/share/rclcpp_components/cmake/ament_cmake_export_targets-extras.cmake
[14.768s] -- Up-to-date: /home/pengbo/rclcpp_cbg/ros2_rclcpp/install/rclcpp_components/share/rclcpp_components/cmake/ament_cmake_export_dependencies-extras.cmake
[14.768s] -- Up-to-date: /home/pengbo/rclcpp_cbg/ros2_rclcpp/install/rclcpp_components/share/rclcpp_components/cmake/rclcpp_componentsConfig.cmake
[14.769s] -- Up-to-date: /home/pengbo/rclcpp_cbg/ros2_rclcpp/install/rclcpp_components/share/rclcpp_components/cmake/rclcpp_componentsConfig-version.cmake
[14.771s] -- Up-to-date: /home/pengbo/rclcpp_cbg/ros2_rclcpp/install/rclcpp_components/share/rclcpp_components/package.xml
[14.771s] Invoked command in '/home/pengbo/rclcpp_cbg/ros2_rclcpp/build/rclcpp_components' returned '0': AMENT_PREFIX_PATH=/home/pengbo/rclcpp_cbg/ros2_rclcpp/install/rclcpp CMAKE_PREFIX_PATH=/home/pengbo/rclcpp_cbg/ros2_rclcpp/install/rclcpp LD_LIBRARY_PATH=/home/pengbo/rclcpp_cbg/ros2_rclcpp/install/rclcpp/lib /usr/bin/cmake --install /home/pengbo/rclcpp_cbg/ros2_rclcpp/build/rclcpp_components
