[0.010s] Invoking command in '/home/pengbo/rclcpp_cbg/ros2_rclcpp/build/rclcpp': /usr/bin/cmake --build /home/pengbo/rclcpp_cbg/ros2_rclcpp/build/rclcpp -- -j12 -l12
[0.057s] [  1%] Built target gmock_main
[0.057s] [  1%] Built target rclcpp_test_msgs__cpp
[0.061s] [  3%] Built target rclcpp_test_msgs__rosidl_generator_c
[0.061s] [  4%] Built target gtest
[0.061s] [  5%] Built target gtest_main
[0.063s] [  6%] Built target gmock
[0.077s] [  8%] Built target rclcpp_test_msgs__rosidl_typesupport_cpp
[0.079s] [ 10%] Built target rclcpp_test_msgs__rosidl_typesupport_introspection_cpp
[0.082s] [ 11%] Built target test_function_traits
[0.084s] [ 13%] Built target rclcpp_test_msgs__rosidl_typesupport_introspection_c
[0.084s] [35m[1mScanning dependencies of target rclcpp[0m
[0.085s] [ 15%] Built target rclcpp_test_msgs__rosidl_typesupport_fastrtps_cpp
[0.086s] [ 16%] Built target rclcpp_test_msgs__rosidl_typesupport_c
[0.108s] [ 18%] Built target rclcpp_test_msgs__rosidl_typesupport_fastrtps_c
[0.122s] [ 18%] Built target rclcpp_test_msgs
[0.136s] [ 18%] Built target rclcpp_test_msgs__py
[0.153s] [ 18%] [32mBuilding CXX object CMakeFiles/rclcpp.dir/src/rclcpp/executors/single_threaded_executor.cpp.o[0m
[0.157s] [ 20%] Built target rclcpp_test_msgs__python
[0.177s] [ 21%] Built target rclcpp__rosidl_typesupport_fastrtps_c__pyext
[0.179s] [ 22%] Built target rclcpp__rosidl_typesupport_introspection_c__pyext
[0.180s] [ 23%] Built target rclcpp__rosidl_typesupport_c__pyext
[0.969s] [01m[K/home/pengbo/rclcpp_cbg/ros2_rclcpp/rclcpp/src/rclcpp/executors/single_threaded_executor.cpp:[m[K In member function ‘[01m[Kvoid rclcpp::executors::SingleThreadedExecutor::executor_spin_one_period(uint64_t)[m[K’:
[0.970s] [01m[K/home/pengbo/rclcpp_cbg/ros2_rclcpp/rclcpp/src/rclcpp/executors/single_threaded_executor.cpp:168:33:[m[K [01;35m[Kwarning: [m[Kunused variable ‘[01m[Kcurrent_time[m[K’ [[01;35m[K-Wunused-variable[m[K]
[0.970s]   168 |    struct timespec wakeup_time, [01;35m[Kcurrent_time[m[K;
[0.970s]       |                                 [01;35m[K^~~~~~~~~~~~[m[K
[0.970s] [01m[K/home/pengbo/rclcpp_cbg/ros2_rclcpp/rclcpp/src/rclcpp/executors/single_threaded_executor.cpp:[m[K In member function ‘[01m[Kvoid rclcpp::executors::SingleThreadedExecutor::executor_spin_period(uint64_t)[m[K’:
[0.970s] [01m[K/home/pengbo/rclcpp_cbg/ros2_rclcpp/rclcpp/src/rclcpp/executors/single_threaded_executor.cpp:214:11:[m[K [01;35m[Kwarning: [m[Kvariable ‘[01m[Kstart_let_period[m[K’ set but not used [[01;35m[K-Wunused-but-set-variable[m[K]
[0.970s]   214 |      auto [01;35m[Kstart_let_period[m[K = std::chrono::steady_clock::now();
[0.970s]       |           [01;35m[K^~~~~~~~~~~~~~~~[m[K
[0.971s] [01m[K/home/pengbo/rclcpp_cbg/ros2_rclcpp/rclcpp/src/rclcpp/executors/single_threaded_executor.cpp:221:11:[m[K [01;35m[Kwarning: [m[Kvariable ‘[01m[Kend_let_period[m[K’ set but not used [[01;35m[K-Wunused-but-set-variable[m[K]
[0.971s]   221 |      auto [01;35m[Kend_let_period[m[K = std::chrono::steady_clock::now();
[0.971s]       |           [01;35m[K^~~~~~~~~~~~~~[m[K
[0.971s] [01m[K/home/pengbo/rclcpp_cbg/ros2_rclcpp/rclcpp/src/rclcpp/executors/single_threaded_executor.cpp:210:9:[m[K [01;35m[Kwarning: [m[Kvariable ‘[01m[Kstart_let[m[K’ set but not used [[01;35m[K-Wunused-but-set-variable[m[K]
[0.971s]   210 |    auto [01;35m[Kstart_let[m[K = std::chrono::steady_clock::now();
[0.971s]       |         [01;35m[K^~~~~~~~~[m[K
[0.971s] [01m[K/home/pengbo/rclcpp_cbg/ros2_rclcpp/rclcpp/src/rclcpp/executors/single_threaded_executor.cpp:[m[K In member function ‘[01m[Kvoid rclcpp::executors::SingleThreadedExecutor::spin(uint64_t)[m[K’:
[0.971s] [01m[K/home/pengbo/rclcpp_cbg/ros2_rclcpp/rclcpp/src/rclcpp/executors/single_threaded_executor.cpp:255:32:[m[K [01;35m[Kwarning: [m[Kunused variable ‘[01m[Kcurrent_time[m[K’ [[01;35m[K-Wunused-variable[m[K]
[0.971s]   255 |   struct timespec wakeup_time, [01;35m[Kcurrent_time[m[K;
[0.971s]       |                                [01;35m[K^~~~~~~~~~~~[m[K
[1.204s] [ 24%] [32m[1mLinking CXX shared library librclcpp.so[0m
[2.012s] [ 61%] Built target rclcpp
[2.027s] [35m[1mScanning dependencies of target test_node_interfaces__get_node_interfaces[0m
[2.028s] [35m[1mScanning dependencies of target test_create_timer[0m
[2.028s] [35m[1mScanning dependencies of target test_duration[0m
[2.029s] [35m[1mScanning dependencies of target test_node_global_args[0m
[2.032s] [35m[1mScanning dependencies of target test_executor[0m
[2.033s] [35m[1mScanning dependencies of target test_loaned_message[0m
[2.044s] [35m[1mScanning dependencies of target test_subscription_topic_statistics[0m
[2.059s] [ 61%] [32m[1mLinking CXX executable test_expand_topic_or_service_name[0m
[2.059s] [ 61%] [32m[1mLinking CXX executable test_logger[0m
[2.061s] [ 62%] [32m[1mLinking CXX executable test_ring_buffer_implementation[0m
[2.073s] [ 62%] [32m[1mLinking CXX executable test_subscription_options[0m
[2.088s] [ 62%] [32m[1mLinking CXX executable test_intra_process_manager[0m
[2.107s] [ 63%] [32mBuilding CXX object CMakeFiles/test_duration.dir/test/test_duration.cpp.o[0m
[2.118s] [ 63%] [32mBuilding CXX object CMakeFiles/test_node_global_args.dir/test/test_node_global_args.cpp.o[0m
[2.120s] [ 64%] [32mBuilding CXX object CMakeFiles/test_loaned_message.dir/test/test_loaned_message.cpp.o[0m
[2.121s] [ 64%] [32mBuilding CXX object CMakeFiles/test_node_interfaces__get_node_interfaces.dir/test/node_interfaces/test_get_node_interfaces.cpp.o[0m
[2.123s] [ 65%] [32mBuilding CXX object CMakeFiles/test_create_timer.dir/test/test_create_timer.cpp.o[0m
[2.125s] [ 66%] [32mBuilding CXX object CMakeFiles/test_executor.dir/test/test_executor.cpp.o[0m
[2.134s] [ 67%] [32mBuilding CXX object CMakeFiles/test_subscription_topic_statistics.dir/test/topic_statistics/test_subscription_topic_statistics.cpp.o[0m
[3.151s] [ 68%] Built target test_subscription_options
[3.169s] [ 69%] Built target test_expand_topic_or_service_name
[3.178s] [ 69%] Built target test_ring_buffer_implementation
[3.187s] [ 70%] Built target test_logger
[3.194s] [35m[1mScanning dependencies of target test_serialized_message[0m
[3.207s] [35m[1mScanning dependencies of target test_wait_set[0m
[3.209s] [35m[1mScanning dependencies of target test_intra_process_buffer[0m
[3.304s] [ 70%] [32mBuilding CXX object CMakeFiles/test_intra_process_buffer.dir/test/test_intra_process_buffer.cpp.o[0m
[3.335s] [ 70%] [32m[1mLinking CXX executable test_subscription_traits[0m
[3.340s] [ 70%] [32mBuilding CXX object CMakeFiles/test_serialized_message.dir/test/test_serialized_message.cpp.o[0m
[3.353s] [ 71%] Built target test_intra_process_manager
[3.375s] [ 71%] [32mBuilding CXX object CMakeFiles/test_wait_set.dir/test/test_wait_set.cpp.o[0m
[3.382s] [35m[1mScanning dependencies of target test_find_weak_nodes[0m
[3.502s] [ 71%] [32mBuilding CXX object CMakeFiles/test_find_weak_nodes.dir/test/test_find_weak_nodes.cpp.o[0m
[3.842s] [ 72%] Built target test_subscription_traits
[4.039s] [ 73%] [32m[1mLinking CXX executable test_node_options[0m
[4.833s] [ 73%] Built target test_node_options
[4.866s] [35m[1mScanning dependencies of target test_time_source[0m
[4.961s] [ 73%] [32mBuilding CXX object CMakeFiles/test_time_source.dir/test/test_time_source.cpp.o[0m
[8.431s] [ 73%] [32m[1mLinking CXX executable test_executor[0m
[8.657s] [ 73%] [32m[1mLinking CXX executable test_create_timer[0m
[8.889s] [ 74%] [32m[1mLinking CXX executable test_node_global_args[0m
[9.177s] [ 75%] [32m[1mLinking CXX executable test_node_interfaces__get_node_interfaces[0m
[9.674s] [ 75%] Built target test_create_timer
[9.710s] [ 75%] Built target test_executor
[9.751s] [35m[1mScanning dependencies of target test_parameter[0m
[9.782s] [ 75%] [32m[1mLinking CXX executable test_logging[0m
[9.822s] [ 75%] [32m[1mLinking CXX executable test_duration[0m
[9.862s] [ 75%] [32mBuilding CXX object CMakeFiles/test_parameter.dir/test/test_parameter.cpp.o[0m
[9.934s] [ 75%] Built target test_node_global_args
[10.112s] [ 75%] [32m[1mLinking CXX executable test_parameter_events_filter[0m
[10.193s] [ 75%] Built target test_node_interfaces__get_node_interfaces
[10.256s] [ 75%] [32m[1mLinking CXX executable test_parameter_map[0m
[10.486s] [ 75%] [32m[1mLinking CXX executable test_intra_process_buffer[0m
[10.726s] [ 75%] [32m[1mLinking CXX executable test_loaned_message[0m
[10.913s] [ 75%] Built target test_duration
[10.934s] [ 76%] Built target test_logging
[10.950s] [35m[1mScanning dependencies of target test_service[0m
[11.117s] [ 77%] [32m[1mLinking CXX executable test_rate[0m
[11.119s] [ 77%] [32mBuilding CXX object CMakeFiles/test_service.dir/test/test_service.cpp.o[0m
[11.311s] [ 78%] Built target test_parameter_events_filter
[11.381s] [ 79%] Built target test_parameter_map
[11.436s] [35m[1mScanning dependencies of target test_publisher[0m
[11.464s] [35m[1mScanning dependencies of target test_publisher_subscription_count_api[0m
[11.537s] [ 79%] Built target test_intra_process_buffer
[11.588s] [35m[1mScanning dependencies of target test_externally_defined_services[0m
[11.623s] [ 80%] [32mBuilding CXX object CMakeFiles/test_publisher_subscription_count_api.dir/test/test_publisher_subscription_count_api.cpp.o[0m
[11.678s] [ 81%] [32mBuilding CXX object CMakeFiles/test_publisher.dir/test/test_publisher.cpp.o[0m
[11.723s] [ 82%] [32mBuilding CXX object CMakeFiles/test_externally_defined_services.dir/test/test_externally_defined_services.cpp.o[0m
[11.980s] [ 82%] Built target test_loaned_message
[12.103s] [ 82%] [32m[1mLinking CXX executable test_qos[0m
[12.242s] [ 82%] Built target test_rate
[12.347s] [35m[1mScanning dependencies of target test_serialized_message_allocator[0m
[12.358s] [ 83%] [32m[1mLinking CXX executable test_find_weak_nodes[0m
[12.535s] [ 83%] [32mBuilding CXX object CMakeFiles/test_serialized_message_allocator.dir/test/test_serialized_message_allocator.cpp.o[0m
[13.167s] [ 84%] Built target test_qos
[13.251s] [35m[1mScanning dependencies of target test_parameter_client[0m
[13.368s] [ 84%] Built target test_find_weak_nodes
[13.386s] [ 84%] [32mBuilding CXX object CMakeFiles/test_parameter_client.dir/test/test_parameter_client.cpp.o[0m
[13.453s] [35m[1mScanning dependencies of target test_subscription[0m
[13.640s] [ 85%] [32mBuilding CXX object CMakeFiles/test_subscription.dir/test/test_subscription.cpp.o[0m
[15.902s] [ 86%] [32m[1mLinking CXX executable test_time_source[0m
[16.925s] [ 86%] Built target test_time_source
[17.044s] [35m[1mScanning dependencies of target test_time[0m
[17.201s] [ 86%] [32mBuilding CXX object CMakeFiles/test_time.dir/test/test_time.cpp.o[0m
[18.447s] [ 87%] [32m[1mLinking CXX executable test_serialized_message[0m
[18.823s] [ 87%] [32m[1mLinking CXX executable test_service[0m
[19.493s] [ 87%] [32m[1mLinking CXX executable test_externally_defined_services[0m
[19.943s] [ 87%] Built target test_serialized_message
[20.042s] [35m[1mScanning dependencies of target test_subscription_publisher_count_api[0m
[20.113s] [ 87%] Built target test_service
[20.173s] [35m[1mScanning dependencies of target test_timer[0m
[20.227s] [ 88%] [32mBuilding CXX object CMakeFiles/test_subscription_publisher_count_api.dir/test/test_subscription_publisher_count_api.cpp.o[0m
[20.355s] [ 88%] [32mBuilding CXX object CMakeFiles/test_timer.dir/test/test_timer.cpp.o[0m
[20.538s] [ 89%] [32m[1mLinking CXX executable test_parameter[0m
[20.564s] [ 89%] Built target test_externally_defined_services
[20.666s] [ 90%] [32m[1mLinking CXX executable test_utilities[0m
[21.589s] [ 90%] Built target test_parameter
[21.618s] [35m[1mScanning dependencies of target test_client[0m
[21.719s] [ 90%] [32mBuilding CXX object CMakeFiles/test_client.dir/test/test_client.cpp.o[0m
[21.823s] [ 90%] Built target test_utilities
[22.013s] [ 91%] [32m[1mLinking CXX executable test_init[0m
[22.288s] [ 91%] [32m[1mLinking CXX executable test_publisher[0m
[23.278s] [ 92%] [32m[1mLinking CXX executable test_wait_set[0m
[23.312s] [ 92%] Built target test_init
[23.378s] [35m[1mScanning dependencies of target test_qos_event[0m
[23.521s] [ 92%] [32mBuilding CXX object CMakeFiles/test_qos_event.dir/test/test_qos_event.cpp.o[0m
[23.703s] [ 92%] Built target test_publisher
[23.779s] [ 93%] [32m[1mLinking CXX executable test_interface_traits[0m
[24.456s] [ 94%] [32m[1mLinking CXX executable test_time[0m
[24.679s] [ 94%] Built target test_interface_traits
[24.754s] [35m[1mScanning dependencies of target test_multi_threaded_executor[0m
[24.786s] [ 94%] Built target test_wait_set
[24.877s] [35m[1mScanning dependencies of target test_node[0m
[24.889s] [ 95%] [32mBuilding CXX object CMakeFiles/test_multi_threaded_executor.dir/test/executors/test_multi_threaded_executor.cpp.o[0m
[25.063s] [ 95%] [32mBuilding CXX object CMakeFiles/test_node.dir/test/test_node.cpp.o[0m
[25.564s] [ 95%] Built target test_time
[25.666s] [35m[1mScanning dependencies of target test_guard_condition[0m
[25.854s] [ 95%] [32mBuilding CXX object CMakeFiles/test_guard_condition.dir/test/test_guard_condition.cpp.o[0m
[26.831s] [ 95%] [32m[1mLinking CXX executable test_subscription_topic_statistics[0m
[27.001s] [ 96%] [32m[1mLinking CXX executable test_serialized_message_allocator[0m
[27.650s] [ 97%] [32m[1mLinking CXX executable test_timer[0m
[28.472s] [ 97%] Built target test_serialized_message_allocator
[28.557s] [ 97%] Built target test_timer
[28.739s] [ 97%] Built target test_subscription_topic_statistics
[28.766s] [ 97%] [32m[1mLinking CXX executable test_publisher_subscription_count_api[0m
[29.218s] [ 97%] [32m[1mLinking CXX executable test_client[0m
[29.789s] [ 97%] Built target test_client
[29.920s] [ 97%] Built target test_publisher_subscription_count_api
[29.961s] [ 97%] [32m[1mLinking CXX executable test_parameter_client[0m
[30.813s] [ 97%] Built target test_parameter_client
[30.816s] [ 97%] [32m[1mLinking CXX executable test_multi_threaded_executor[0m
[30.837s] [ 98%] [32m[1mLinking CXX executable test_guard_condition[0m
[31.391s] [ 98%] Built target test_guard_condition
[31.400s] [ 98%] Built target test_multi_threaded_executor
[32.611s] [ 98%] [32m[1mLinking CXX executable test_subscription[0m
[33.118s] [ 98%] Built target test_subscription
[33.155s] [ 98%] [32m[1mLinking CXX executable test_subscription_publisher_count_api[0m
[33.196s] [ 99%] [32m[1mLinking CXX executable test_qos_event[0m
[33.604s] [ 99%] Built target test_subscription_publisher_count_api
[33.619s] [ 99%] Built target test_qos_event
[36.626s] [100%] [32m[1mLinking CXX executable test_node[0m
[36.992s] [100%] Built target test_node
[37.004s] Invoked command in '/home/pengbo/rclcpp_cbg/ros2_rclcpp/build/rclcpp' returned '0': /usr/bin/cmake --build /home/pengbo/rclcpp_cbg/ros2_rclcpp/build/rclcpp -- -j12 -l12
[37.188s] Invoking command in '/home/pengbo/rclcpp_cbg/ros2_rclcpp/build/rclcpp': /usr/bin/cmake --install /home/pengbo/rclcpp_cbg/ros2_rclcpp/build/rclcpp
[37.197s] -- Install configuration: ""
[37.197s] -- Installing: /home/pengbo/rclcpp_cbg/ros2_rclcpp/install/rclcpp/lib/librclcpp.so
[37.206s] -- Set runtime path of "/home/pengbo/rclcpp_cbg/ros2_rclcpp/install/rclcpp/lib/librclcpp.so" to ""
[37.206s] -- Up-to-date: /home/pengbo/rclcpp_cbg/ros2_rclcpp/install/rclcpp/share/rclcpp/environment/library_path.sh
[37.206s] -- Up-to-date: /home/pengbo/rclcpp_cbg/ros2_rclcpp/install/rclcpp/share/rclcpp/environment/library_path.dsv
[37.207s] -- Up-to-date: /home/pengbo/rclcpp_cbg/ros2_rclcpp/build/rclcpp/test/resources
[37.207s] -- Up-to-date: /home/pengbo/rclcpp_cbg/ros2_rclcpp/build/rclcpp/test/resources/test_node
[37.207s] -- Up-to-date: /home/pengbo/rclcpp_cbg/ros2_rclcpp/build/rclcpp/test/resources/test_node/test_parameters.yaml
[37.207s] -- Up-to-date: /home/pengbo/rclcpp_cbg/ros2_rclcpp/install/rclcpp/share/ament_index/resource_index/package_run_dependencies/rclcpp
[37.208s] -- Up-to-date: /home/pengbo/rclcpp_cbg/ros2_rclcpp/install/rclcpp/share/ament_index/resource_index/parent_prefix_path/rclcpp
[37.208s] -- Up-to-date: /home/pengbo/rclcpp_cbg/ros2_rclcpp/install/rclcpp/share/rclcpp/environment/ament_prefix_path.dsv
[37.208s] -- Up-to-date: /home/pengbo/rclcpp_cbg/ros2_rclcpp/install/rclcpp/share/rclcpp/environment/path.dsv
[37.208s] -- Up-to-date: /home/pengbo/rclcpp_cbg/ros2_rclcpp/install/rclcpp/share/rclcpp/local_setup.bash
[37.208s] -- Up-to-date: /home/pengbo/rclcpp_cbg/ros2_rclcpp/install/rclcpp/share/rclcpp/local_setup.sh
[37.208s] -- Up-to-date: /home/pengbo/rclcpp_cbg/ros2_rclcpp/install/rclcpp/share/rclcpp/local_setup.zsh
[37.208s] -- Up-to-date: /home/pengbo/rclcpp_cbg/ros2_rclcpp/install/rclcpp/share/rclcpp/local_setup.dsv
[37.209s] -- Installing: /home/pengbo/rclcpp_cbg/ros2_rclcpp/install/rclcpp/share/rclcpp/package.dsv
[37.209s] -- Up-to-date: /home/pengbo/rclcpp_cbg/ros2_rclcpp/install/rclcpp/share/ament_index/resource_index/packages/rclcpp
[37.209s] -- Up-to-date: /home/pengbo/rclcpp_cbg/ros2_rclcpp/install/rclcpp/share/rclcpp/cmake/rclcppExport.cmake
[37.210s] -- Up-to-date: /home/pengbo/rclcpp_cbg/ros2_rclcpp/install/rclcpp/share/rclcpp/cmake/rclcppExport-noconfig.cmake
[37.210s] -- Up-to-date: /home/pengbo/rclcpp_cbg/ros2_rclcpp/install/rclcpp/share/rclcpp/cmake/ament_cmake_export_include_directories-extras.cmake
[37.210s] -- Up-to-date: /home/pengbo/rclcpp_cbg/ros2_rclcpp/install/rclcpp/share/rclcpp/cmake/ament_cmake_export_libraries-extras.cmake
[37.211s] -- Up-to-date: /home/pengbo/rclcpp_cbg/ros2_rclcpp/install/rclcpp/share/rclcpp/cmake/ament_cmake_export_targets-extras.cmake
[37.211s] -- Up-to-date: /home/pengbo/rclcpp_cbg/ros2_rclcpp/install/rclcpp/share/rclcpp/cmake/ament_cmake_export_dependencies-extras.cmake
[37.211s] -- Up-to-date: /home/pengbo/rclcpp_cbg/ros2_rclcpp/install/rclcpp/share/rclcpp/cmake/rosidl_cmake-extras.cmake
[37.211s] -- Up-to-date: /home/pengbo/rclcpp_cbg/ros2_rclcpp/install/rclcpp/share/rclcpp/cmake/rclcppConfig.cmake
[37.211s] -- Up-to-date: /home/pengbo/rclcpp_cbg/ros2_rclcpp/install/rclcpp/share/rclcpp/cmake/rclcppConfig-version.cmake
[37.211s] -- Up-to-date: /home/pengbo/rclcpp_cbg/ros2_rclcpp/install/rclcpp/share/rclcpp/package.xml
[37.211s] -- Up-to-date: /home/pengbo/rclcpp_cbg/ros2_rclcpp/install/rclcpp/include
[37.211s] -- Up-to-date: /home/pengbo/rclcpp_cbg/ros2_rclcpp/install/rclcpp/include/rclcpp
[37.211s] -- Up-to-date: /home/pengbo/rclcpp_cbg/ros2_rclcpp/install/rclcpp/include/rclcpp/publisher.hpp
[37.211s] -- Up-to-date: /home/pengbo/rclcpp_cbg/ros2_rclcpp/install/rclcpp/include/rclcpp/visibility_control.hpp
[37.212s] -- Up-to-date: /home/pengbo/rclcpp_cbg/ros2_rclcpp/install/rclcpp/include/rclcpp/allocator
[37.212s] -- Up-to-date: /home/pengbo/rclcpp_cbg/ros2_rclcpp/install/rclcpp/include/rclcpp/allocator/allocator_deleter.hpp
[37.212s] -- Up-to-date: /home/pengbo/rclcpp_cbg/ros2_rclcpp/install/rclcpp/include/rclcpp/allocator/allocator_common.hpp
[37.212s] -- Up-to-date: /home/pengbo/rclcpp_cbg/ros2_rclcpp/install/rclcpp/include/rclcpp/graph_listener.hpp
[37.212s] -- Up-to-date: /home/pengbo/rclcpp_cbg/ros2_rclcpp/install/rclcpp/include/rclcpp/wait_set_policies
[37.212s] -- Up-to-date: /home/pengbo/rclcpp_cbg/ros2_rclcpp/install/rclcpp/include/rclcpp/wait_set_policies/dynamic_storage.hpp
[37.212s] -- Up-to-date: /home/pengbo/rclcpp_cbg/ros2_rclcpp/install/rclcpp/include/rclcpp/wait_set_policies/detail
[37.212s] -- Up-to-date: /home/pengbo/rclcpp_cbg/ros2_rclcpp/install/rclcpp/include/rclcpp/wait_set_policies/detail/storage_policy_common.hpp
[37.213s] -- Up-to-date: /home/pengbo/rclcpp_cbg/ros2_rclcpp/install/rclcpp/include/rclcpp/wait_set_policies/detail/synchronization_policy_common.hpp
[37.213s] -- Up-to-date: /home/pengbo/rclcpp_cbg/ros2_rclcpp/install/rclcpp/include/rclcpp/wait_set_policies/detail/write_preferring_read_write_lock.hpp
[37.214s] -- Up-to-date: /home/pengbo/rclcpp_cbg/ros2_rclcpp/install/rclcpp/include/rclcpp/wait_set_policies/static_storage.hpp
[37.215s] -- Up-to-date: /home/pengbo/rclcpp_cbg/ros2_rclcpp/install/rclcpp/include/rclcpp/wait_set_policies/sequential_synchronization.hpp
[37.215s] -- Up-to-date: /home/pengbo/rclcpp_cbg/ros2_rclcpp/install/rclcpp/include/rclcpp/wait_set_policies/thread_safe_synchronization.hpp
[37.215s] -- Up-to-date: /home/pengbo/rclcpp_cbg/ros2_rclcpp/install/rclcpp/include/rclcpp/memory_strategy.hpp
[37.215s] -- Up-to-date: /home/pengbo/rclcpp_cbg/ros2_rclcpp/install/rclcpp/include/rclcpp/parameter_value.hpp
[37.216s] -- Up-to-date: /home/pengbo/rclcpp_cbg/ros2_rclcpp/install/rclcpp/include/rclcpp/parameter.hpp
[37.216s] -- Up-to-date: /home/pengbo/rclcpp_cbg/ros2_rclcpp/install/rclcpp/include/rclcpp/duration.hpp
[37.216s] -- Up-to-date: /home/pengbo/rclcpp_cbg/ros2_rclcpp/install/rclcpp/include/rclcpp/experimental
[37.216s] -- Up-to-date: /home/pengbo/rclcpp_cbg/ros2_rclcpp/install/rclcpp/include/rclcpp/experimental/subscription_intra_process.hpp
[37.217s] -- Up-to-date: /home/pengbo/rclcpp_cbg/ros2_rclcpp/install/rclcpp/include/rclcpp/experimental/subscription_intra_process_base.hpp
[37.217s] -- Up-to-date: /home/pengbo/rclcpp_cbg/ros2_rclcpp/install/rclcpp/include/rclcpp/experimental/create_intra_process_buffer.hpp
[37.217s] -- Up-to-date: /home/pengbo/rclcpp_cbg/ros2_rclcpp/install/rclcpp/include/rclcpp/experimental/executable_list.hpp
[37.217s] -- Up-to-date: /home/pengbo/rclcpp_cbg/ros2_rclcpp/install/rclcpp/include/rclcpp/experimental/README.md
[37.217s] -- Up-to-date: /home/pengbo/rclcpp_cbg/ros2_rclcpp/install/rclcpp/include/rclcpp/experimental/intra_process_manager.hpp
[37.217s] -- Up-to-date: /home/pengbo/rclcpp_cbg/ros2_rclcpp/install/rclcpp/include/rclcpp/experimental/buffers
[37.218s] -- Up-to-date: /home/pengbo/rclcpp_cbg/ros2_rclcpp/install/rclcpp/include/rclcpp/experimental/buffers/intra_process_buffer.hpp
[37.218s] -- Up-to-date: /home/pengbo/rclcpp_cbg/ros2_rclcpp/install/rclcpp/include/rclcpp/experimental/buffers/buffer_implementation_base.hpp
[37.218s] -- Up-to-date: /home/pengbo/rclcpp_cbg/ros2_rclcpp/install/rclcpp/include/rclcpp/experimental/buffers/ring_buffer_implementation.hpp
[37.218s] -- Up-to-date: /home/pengbo/rclcpp_cbg/ros2_rclcpp/install/rclcpp/include/rclcpp/node_interfaces
[37.218s] -- Up-to-date: /home/pengbo/rclcpp_cbg/ros2_rclcpp/install/rclcpp/include/rclcpp/node_interfaces/node_topics.hpp
[37.219s] -- Up-to-date: /home/pengbo/rclcpp_cbg/ros2_rclcpp/install/rclcpp/include/rclcpp/node_interfaces/node_logging_interface.hpp
[37.219s] -- Up-to-date: /home/pengbo/rclcpp_cbg/ros2_rclcpp/install/rclcpp/include/rclcpp/node_interfaces/node_graph.hpp
[37.219s] -- Up-to-date: /home/pengbo/rclcpp_cbg/ros2_rclcpp/install/rclcpp/include/rclcpp/node_interfaces/node_graph_interface.hpp
[37.219s] -- Up-to-date: /home/pengbo/rclcpp_cbg/ros2_rclcpp/install/rclcpp/include/rclcpp/node_interfaces/node_waitables_interface.hpp
[37.220s] -- Up-to-date: /home/pengbo/rclcpp_cbg/ros2_rclcpp/install/rclcpp/include/rclcpp/node_interfaces/node_time_source_interface.hpp
[37.220s] -- Up-to-date: /home/pengbo/rclcpp_cbg/ros2_rclcpp/install/rclcpp/include/rclcpp/node_interfaces/node_services.hpp
[37.220s] -- Up-to-date: /home/pengbo/rclcpp_cbg/ros2_rclcpp/install/rclcpp/include/rclcpp/node_interfaces/node_services_interface.hpp
[37.220s] -- Up-to-date: /home/pengbo/rclcpp_cbg/ros2_rclcpp/install/rclcpp/include/rclcpp/node_interfaces/node_topics_interface.hpp
[37.221s] -- Up-to-date: /home/pengbo/rclcpp_cbg/ros2_rclcpp/install/rclcpp/include/rclcpp/node_interfaces/node_base_interface.hpp
[37.221s] -- Up-to-date: /home/pengbo/rclcpp_cbg/ros2_rclcpp/install/rclcpp/include/rclcpp/node_interfaces/node_clock_interface.hpp
[37.221s] -- Up-to-date: /home/pengbo/rclcpp_cbg/ros2_rclcpp/install/rclcpp/include/rclcpp/node_interfaces/node_timers.hpp
[37.222s] -- Up-to-date: /home/pengbo/rclcpp_cbg/ros2_rclcpp/install/rclcpp/include/rclcpp/node_interfaces/node_parameters.hpp
[37.222s] -- Up-to-date: /home/pengbo/rclcpp_cbg/ros2_rclcpp/install/rclcpp/include/rclcpp/node_interfaces/node_base.hpp
[37.222s] -- Up-to-date: /home/pengbo/rclcpp_cbg/ros2_rclcpp/install/rclcpp/include/rclcpp/node_interfaces/node_clock.hpp
[37.222s] -- Up-to-date: /home/pengbo/rclcpp_cbg/ros2_rclcpp/install/rclcpp/include/rclcpp/node_interfaces/node_timers_interface.hpp
[37.223s] -- Up-to-date: /home/pengbo/rclcpp_cbg/ros2_rclcpp/install/rclcpp/include/rclcpp/node_interfaces/node_logging.hpp
[37.223s] -- Up-to-date: /home/pengbo/rclcpp_cbg/ros2_rclcpp/install/rclcpp/include/rclcpp/node_interfaces/node_time_source.hpp
[37.223s] -- Up-to-date: /home/pengbo/rclcpp_cbg/ros2_rclcpp/install/rclcpp/include/rclcpp/node_interfaces/node_waitables.hpp
[37.223s] -- Up-to-date: /home/pengbo/rclcpp_cbg/ros2_rclcpp/install/rclcpp/include/rclcpp/node_interfaces/node_parameters_interface.hpp
[37.223s] -- Up-to-date: /home/pengbo/rclcpp_cbg/ros2_rclcpp/install/rclcpp/include/rclcpp/node.hpp
[37.223s] -- Up-to-date: /home/pengbo/rclcpp_cbg/ros2_rclcpp/install/rclcpp/include/rclcpp/any_service_callback.hpp
[37.224s] -- Up-to-date: /home/pengbo/rclcpp_cbg/ros2_rclcpp/install/rclcpp/include/rclcpp/exceptions
[37.224s] -- Up-to-date: /home/pengbo/rclcpp_cbg/ros2_rclcpp/install/rclcpp/include/rclcpp/exceptions/exceptions.hpp
[37.224s] -- Up-to-date: /home/pengbo/rclcpp_cbg/ros2_rclcpp/install/rclcpp/include/rclcpp/wait_set_template.hpp
[37.224s] -- Up-to-date: /home/pengbo/rclcpp_cbg/ros2_rclcpp/install/rclcpp/include/rclcpp/subscription_options.hpp
[37.224s] -- Up-to-date: /home/pengbo/rclcpp_cbg/ros2_rclcpp/install/rclcpp/include/rclcpp/node_options.hpp
[37.224s] -- Up-to-date: /home/pengbo/rclcpp_cbg/ros2_rclcpp/install/rclcpp/include/rclcpp/type_support_decl.hpp
[37.224s] -- Up-to-date: /home/pengbo/rclcpp_cbg/ros2_rclcpp/install/rclcpp/include/rclcpp/wait_result.hpp
[37.225s] -- Up-to-date: /home/pengbo/rclcpp_cbg/ros2_rclcpp/install/rclcpp/include/rclcpp/logger.hpp
[37.225s] -- Up-to-date: /home/pengbo/rclcpp_cbg/ros2_rclcpp/install/rclcpp/include/rclcpp/qos.hpp
[37.226s] -- Up-to-date: /home/pengbo/rclcpp_cbg/ros2_rclcpp/install/rclcpp/include/rclcpp/strategies
[37.226s] -- Up-to-date: /home/pengbo/rclcpp_cbg/ros2_rclcpp/install/rclcpp/include/rclcpp/strategies/message_pool_memory_strategy.hpp
[37.226s] -- Up-to-date: /home/pengbo/rclcpp_cbg/ros2_rclcpp/install/rclcpp/include/rclcpp/strategies/allocator_memory_strategy.hpp
[37.227s] -- Up-to-date: /home/pengbo/rclcpp_cbg/ros2_rclcpp/install/rclcpp/include/rclcpp/executors
[37.227s] -- Up-to-date: /home/pengbo/rclcpp_cbg/ros2_rclcpp/install/rclcpp/include/rclcpp/executors/static_executor_entities_collector.hpp
[37.227s] -- Up-to-date: /home/pengbo/rclcpp_cbg/ros2_rclcpp/install/rclcpp/include/rclcpp/executors/multi_threaded_executor.hpp
[37.227s] -- Installing: /home/pengbo/rclcpp_cbg/ros2_rclcpp/install/rclcpp/include/rclcpp/executors/single_threaded_executor.hpp
[37.228s] -- Up-to-date: /home/pengbo/rclcpp_cbg/ros2_rclcpp/install/rclcpp/include/rclcpp/executors/static_single_threaded_executor.hpp
[37.228s] -- Up-to-date: /home/pengbo/rclcpp_cbg/ros2_rclcpp/install/rclcpp/include/rclcpp/init_options.hpp
[37.228s] -- Up-to-date: /home/pengbo/rclcpp_cbg/ros2_rclcpp/install/rclcpp/include/rclcpp/scope_exit.hpp
[37.229s] -- Up-to-date: /home/pengbo/rclcpp_cbg/ros2_rclcpp/install/rclcpp/include/rclcpp/callback_group.hpp
[37.229s] -- Up-to-date: /home/pengbo/rclcpp_cbg/ros2_rclcpp/install/rclcpp/include/rclcpp/any_executable.hpp
[37.230s] -- Up-to-date: /home/pengbo/rclcpp_cbg/ros2_rclcpp/install/rclcpp/include/rclcpp/parameter_client.hpp
[37.230s] -- Up-to-date: /home/pengbo/rclcpp_cbg/ros2_rclcpp/install/rclcpp/include/rclcpp/service.hpp
[37.230s] -- Up-to-date: /home/pengbo/rclcpp_cbg/ros2_rclcpp/install/rclcpp/include/rclcpp/macros.hpp
[37.231s] -- Up-to-date: /home/pengbo/rclcpp_cbg/ros2_rclcpp/install/rclcpp/include/rclcpp/loaned_message.hpp
[37.231s] -- Up-to-date: /home/pengbo/rclcpp_cbg/ros2_rclcpp/install/rclcpp/include/rclcpp/future_return_code.hpp
[37.231s] -- Up-to-date: /home/pengbo/rclcpp_cbg/ros2_rclcpp/install/rclcpp/include/rclcpp/detail
[37.231s] -- Up-to-date: /home/pengbo/rclcpp_cbg/ros2_rclcpp/install/rclcpp/include/rclcpp/detail/rmw_implementation_specific_payload.hpp
[37.231s] -- Up-to-date: /home/pengbo/rclcpp_cbg/ros2_rclcpp/install/rclcpp/include/rclcpp/detail/rmw_implementation_specific_publisher_payload.hpp
[37.232s] -- Up-to-date: /home/pengbo/rclcpp_cbg/ros2_rclcpp/install/rclcpp/include/rclcpp/detail/rmw_implementation_specific_subscription_payload.hpp
[37.232s] -- Up-to-date: /home/pengbo/rclcpp_cbg/ros2_rclcpp/install/rclcpp/include/rclcpp/detail/utilities.hpp
[37.232s] -- Up-to-date: /home/pengbo/rclcpp_cbg/ros2_rclcpp/install/rclcpp/include/rclcpp/detail/README.md
[37.232s] -- Up-to-date: /home/pengbo/rclcpp_cbg/ros2_rclcpp/install/rclcpp/include/rclcpp/detail/resolve_enable_topic_statistics.hpp
[37.232s] -- Up-to-date: /home/pengbo/rclcpp_cbg/ros2_rclcpp/install/rclcpp/include/rclcpp/detail/resolve_intra_process_buffer_type.hpp
[37.233s] -- Up-to-date: /home/pengbo/rclcpp_cbg/ros2_rclcpp/install/rclcpp/include/rclcpp/detail/resolve_use_intra_process.hpp
[37.234s] -- Up-to-date: /home/pengbo/rclcpp_cbg/ros2_rclcpp/install/rclcpp/include/rclcpp/timer.hpp
[37.235s] -- Up-to-date: /home/pengbo/rclcpp_cbg/ros2_rclcpp/install/rclcpp/include/rclcpp/serialized_message.hpp
[37.235s] -- Up-to-date: /home/pengbo/rclcpp_cbg/ros2_rclcpp/install/rclcpp/include/rclcpp/rate.hpp
[37.235s] -- Up-to-date: /home/pengbo/rclcpp_cbg/ros2_rclcpp/install/rclcpp/include/rclcpp/wait_set.hpp
[37.235s] -- Up-to-date: /home/pengbo/rclcpp_cbg/ros2_rclcpp/install/rclcpp/include/rclcpp/subscription_traits.hpp
[37.236s] -- Up-to-date: /home/pengbo/rclcpp_cbg/ros2_rclcpp/install/rclcpp/include/rclcpp/parameter_map.hpp
[37.236s] -- Up-to-date: /home/pengbo/rclcpp_cbg/ros2_rclcpp/install/rclcpp/include/rclcpp/topic_statistics_state.hpp
[37.236s] -- Up-to-date: /home/pengbo/rclcpp_cbg/ros2_rclcpp/install/rclcpp/include/rclcpp/time_source.hpp
[37.237s] -- Up-to-date: /home/pengbo/rclcpp_cbg/ros2_rclcpp/install/rclcpp/include/rclcpp/wait_result_kind.hpp
[37.237s] -- Up-to-date: /home/pengbo/rclcpp_cbg/ros2_rclcpp/install/rclcpp/include/rclcpp/serialization.hpp
[37.237s] -- Up-to-date: /home/pengbo/rclcpp_cbg/ros2_rclcpp/install/rclcpp/include/rclcpp/memory_strategies.hpp
[37.238s] -- Up-to-date: /home/pengbo/rclcpp_cbg/ros2_rclcpp/install/rclcpp/include/rclcpp/context.hpp
[37.238s] -- Up-to-date: /home/pengbo/rclcpp_cbg/ros2_rclcpp/install/rclcpp/include/rclcpp/function_traits.hpp
[37.238s] -- Up-to-date: /home/pengbo/rclcpp_cbg/ros2_rclcpp/install/rclcpp/include/rclcpp/executors.hpp
[37.239s] -- Up-to-date: /home/pengbo/rclcpp_cbg/ros2_rclcpp/install/rclcpp/include/rclcpp/create_publisher.hpp
[37.239s] -- Up-to-date: /home/pengbo/rclcpp_cbg/ros2_rclcpp/install/rclcpp/include/rclcpp/subscription_factory.hpp
[37.240s] -- Up-to-date: /home/pengbo/rclcpp_cbg/ros2_rclcpp/install/rclcpp/include/rclcpp/executor.hpp
[37.240s] -- Up-to-date: /home/pengbo/rclcpp_cbg/ros2_rclcpp/install/rclcpp/include/rclcpp/clock.hpp
[37.240s] -- Up-to-date: /home/pengbo/rclcpp_cbg/ros2_rclcpp/install/rclcpp/include/rclcpp/intra_process_setting.hpp
[37.240s] -- Up-to-date: /home/pengbo/rclcpp_cbg/ros2_rclcpp/install/rclcpp/include/rclcpp/utilities.hpp
[37.240s] -- Up-to-date: /home/pengbo/rclcpp_cbg/ros2_rclcpp/install/rclcpp/include/rclcpp/publisher_options.hpp
[37.241s] -- Up-to-date: /home/pengbo/rclcpp_cbg/ros2_rclcpp/install/rclcpp/include/rclcpp/guard_condition.hpp
[37.242s] -- Up-to-date: /home/pengbo/rclcpp_cbg/ros2_rclcpp/install/rclcpp/include/rclcpp/contexts
[37.242s] -- Up-to-date: /home/pengbo/rclcpp_cbg/ros2_rclcpp/install/rclcpp/include/rclcpp/contexts/default_context.hpp
[37.242s] -- Up-to-date: /home/pengbo/rclcpp_cbg/ros2_rclcpp/install/rclcpp/include/rclcpp/time.hpp
[37.242s] -- Up-to-date: /home/pengbo/rclcpp_cbg/ros2_rclcpp/install/rclcpp/include/rclcpp/create_timer.hpp
[37.243s] -- Up-to-date: /home/pengbo/rclcpp_cbg/ros2_rclcpp/install/rclcpp/include/rclcpp/intra_process_buffer_type.hpp
[37.243s] -- Up-to-date: /home/pengbo/rclcpp_cbg/ros2_rclcpp/install/rclcpp/include/rclcpp/publisher_factory.hpp
[37.243s] -- Up-to-date: /home/pengbo/rclcpp_cbg/ros2_rclcpp/install/rclcpp/include/rclcpp/subscription.hpp
[37.243s] -- Up-to-date: /home/pengbo/rclcpp_cbg/ros2_rclcpp/install/rclcpp/include/rclcpp/expand_topic_or_service_name.hpp
[37.243s] -- Up-to-date: /home/pengbo/rclcpp_cbg/ros2_rclcpp/install/rclcpp/include/rclcpp/create_service.hpp
[37.244s] -- Up-to-date: /home/pengbo/rclcpp_cbg/ros2_rclcpp/install/rclcpp/include/rclcpp/event.hpp
[37.244s] -- Up-to-date: /home/pengbo/rclcpp_cbg/ros2_rclcpp/install/rclcpp/include/rclcpp/create_subscription.hpp
[37.244s] -- Up-to-date: /home/pengbo/rclcpp_cbg/ros2_rclcpp/install/rclcpp/include/rclcpp/executor_options.hpp
[37.244s] -- Up-to-date: /home/pengbo/rclcpp_cbg/ros2_rclcpp/install/rclcpp/include/rclcpp/publisher_base.hpp
[37.244s] -- Up-to-date: /home/pengbo/rclcpp_cbg/ros2_rclcpp/install/rclcpp/include/rclcpp/message_memory_strategy.hpp
[37.244s] -- Up-to-date: /home/pengbo/rclcpp_cbg/ros2_rclcpp/install/rclcpp/include/rclcpp/subscription_wait_set_mask.hpp
[37.244s] -- Up-to-date: /home/pengbo/rclcpp_cbg/ros2_rclcpp/install/rclcpp/include/rclcpp/message_info.hpp
[37.244s] -- Up-to-date: /home/pengbo/rclcpp_cbg/ros2_rclcpp/install/rclcpp/include/rclcpp/parameter_service.hpp
[37.244s] -- Up-to-date: /home/pengbo/rclcpp_cbg/ros2_rclcpp/install/rclcpp/include/rclcpp/subscription_base.hpp
[37.244s] -- Up-to-date: /home/pengbo/rclcpp_cbg/ros2_rclcpp/install/rclcpp/include/rclcpp/exceptions.hpp
[37.244s] -- Up-to-date: /home/pengbo/rclcpp_cbg/ros2_rclcpp/install/rclcpp/include/rclcpp/create_client.hpp
[37.244s] -- Up-to-date: /home/pengbo/rclcpp_cbg/ros2_rclcpp/install/rclcpp/include/rclcpp/any_subscription_callback.hpp
[37.245s] -- Up-to-date: /home/pengbo/rclcpp_cbg/ros2_rclcpp/install/rclcpp/include/rclcpp/topic_statistics
[37.245s] -- Up-to-date: /home/pengbo/rclcpp_cbg/ros2_rclcpp/install/rclcpp/include/rclcpp/topic_statistics/subscription_topic_statistics.hpp
[37.245s] -- Up-to-date: /home/pengbo/rclcpp_cbg/ros2_rclcpp/install/rclcpp/include/rclcpp/waitable.hpp
[37.245s] -- Up-to-date: /home/pengbo/rclcpp_cbg/ros2_rclcpp/install/rclcpp/include/rclcpp/rclcpp.hpp
[37.245s] -- Up-to-date: /home/pengbo/rclcpp_cbg/ros2_rclcpp/install/rclcpp/include/rclcpp/parameter_events_filter.hpp
[37.245s] -- Up-to-date: /home/pengbo/rclcpp_cbg/ros2_rclcpp/install/rclcpp/include/rclcpp/qos_event.hpp
[37.245s] -- Up-to-date: /home/pengbo/rclcpp_cbg/ros2_rclcpp/install/rclcpp/include/rclcpp/node_impl.hpp
[37.245s] -- Up-to-date: /home/pengbo/rclcpp_cbg/ros2_rclcpp/install/rclcpp/include/rclcpp/client.hpp
[37.245s] -- Up-to-date: /home/pengbo/rclcpp_cbg/ros2_rclcpp/install/rclcpp/include
[37.245s] -- Up-to-date: /home/pengbo/rclcpp_cbg/ros2_rclcpp/install/rclcpp/include/rclcpp
[37.245s] -- Up-to-date: /home/pengbo/rclcpp_cbg/ros2_rclcpp/install/rclcpp/include/rclcpp/node_interfaces
[37.245s] -- Up-to-date: /home/pengbo/rclcpp_cbg/ros2_rclcpp/install/rclcpp/include/rclcpp/node_interfaces/get_node_services_interface.hpp
[37.246s] -- Up-to-date: /home/pengbo/rclcpp_cbg/ros2_rclcpp/install/rclcpp/include/rclcpp/node_interfaces/node_services_interface_traits.hpp
[37.246s] -- Up-to-date: /home/pengbo/rclcpp_cbg/ros2_rclcpp/install/rclcpp/include/rclcpp/node_interfaces/node_graph_interface_traits.hpp
[37.246s] -- Up-to-date: /home/pengbo/rclcpp_cbg/ros2_rclcpp/install/rclcpp/include/rclcpp/node_interfaces/get_node_timers_interface.hpp
[37.246s] -- Up-to-date: /home/pengbo/rclcpp_cbg/ros2_rclcpp/install/rclcpp/include/rclcpp/node_interfaces/get_node_time_source_interface.hpp
[37.246s] -- Up-to-date: /home/pengbo/rclcpp_cbg/ros2_rclcpp/install/rclcpp/include/rclcpp/node_interfaces/node_waitables_interface_traits.hpp
[37.246s] -- Up-to-date: /home/pengbo/rclcpp_cbg/ros2_rclcpp/install/rclcpp/include/rclcpp/node_interfaces/get_node_clock_interface.hpp
[37.246s] -- Up-to-date: /home/pengbo/rclcpp_cbg/ros2_rclcpp/install/rclcpp/include/rclcpp/node_interfaces/get_node_topics_interface.hpp
[37.246s] -- Up-to-date: /home/pengbo/rclcpp_cbg/ros2_rclcpp/install/rclcpp/include/rclcpp/node_interfaces/get_node_logging_interface.hpp
[37.246s] -- Up-to-date: /home/pengbo/rclcpp_cbg/ros2_rclcpp/install/rclcpp/include/rclcpp/node_interfaces/get_node_parameters_interface.hpp
[37.246s] -- Up-to-date: /home/pengbo/rclcpp_cbg/ros2_rclcpp/install/rclcpp/include/rclcpp/node_interfaces/node_parameters_interface_traits.hpp
[37.246s] -- Up-to-date: /home/pengbo/rclcpp_cbg/ros2_rclcpp/install/rclcpp/include/rclcpp/node_interfaces/node_timers_interface_traits.hpp
[37.246s] -- Up-to-date: /home/pengbo/rclcpp_cbg/ros2_rclcpp/install/rclcpp/include/rclcpp/node_interfaces/node_base_interface_traits.hpp
[37.246s] -- Up-to-date: /home/pengbo/rclcpp_cbg/ros2_rclcpp/install/rclcpp/include/rclcpp/node_interfaces/get_node_graph_interface.hpp
[37.247s] -- Up-to-date: /home/pengbo/rclcpp_cbg/ros2_rclcpp/install/rclcpp/include/rclcpp/node_interfaces/node_topics_interface_traits.hpp
[37.247s] -- Up-to-date: /home/pengbo/rclcpp_cbg/ros2_rclcpp/install/rclcpp/include/rclcpp/node_interfaces/node_logging_interface_traits.hpp
[37.247s] -- Up-to-date: /home/pengbo/rclcpp_cbg/ros2_rclcpp/install/rclcpp/include/rclcpp/node_interfaces/node_clock_interface_traits.hpp
[37.247s] -- Up-to-date: /home/pengbo/rclcpp_cbg/ros2_rclcpp/install/rclcpp/include/rclcpp/node_interfaces/get_node_base_interface.hpp
[37.247s] -- Up-to-date: /home/pengbo/rclcpp_cbg/ros2_rclcpp/install/rclcpp/include/rclcpp/node_interfaces/get_node_waitables_interface.hpp
[37.247s] -- Up-to-date: /home/pengbo/rclcpp_cbg/ros2_rclcpp/install/rclcpp/include/rclcpp/node_interfaces/node_time_source_interface_traits.hpp
[37.247s] -- Up-to-date: /home/pengbo/rclcpp_cbg/ros2_rclcpp/install/rclcpp/include/rclcpp/logging.hpp
[37.247s] Invoked command in '/home/pengbo/rclcpp_cbg/ros2_rclcpp/build/rclcpp' returned '0': /usr/bin/cmake --install /home/pengbo/rclcpp_cbg/ros2_rclcpp/build/rclcpp
