CMake Error: Cannot open file for write: /home/pengbo/rclcpp_cbg/build/rclcpp/CMakeFiles/rclcpp.dir/depend.make.tmp
CMake Error: : System Error: Permission denied
CMake Error: Directory Information file not found
CMake Error: Cannot open file for write: /home/pengbo/rclcpp_cbg/build/rclcpp/CMakeFiles/rclcpp.dir/depend.make.tmp
CMake Error: : System Error: Permission denied
make[2]: *** [CMakeFiles/rclcpp.dir/build.make:1182: CMakeFiles/rclcpp.dir/depend] Error 2
make[1]: *** [CMakeFiles/Makefile2:1128: CMakeFiles/rclcpp.dir/all] Error 2
make[1]: *** Waiting for unfinished jobs....
make: *** [Makefile:141: all] Error 2
Traceback (most recent call last):
  File "/usr/lib/python3/dist-packages/colcon_core/executor/__init__.py", line 91, in __call__
    rc = await self.task(*args, **kwargs)
  File "/usr/lib/python3/dist-packages/colcon_core/task/__init__.py", line 93, in __call__
    return await task_method(*args, **kwargs)
  File "/usr/lib/python3/dist-packages/colcon_ros/task/ament_cmake/build.py", line 77, in build
    create_environment_scripts(
  File "/usr/lib/python3/dist-packages/colcon_core/environment/__init__.py", line 85, in create_environment_scripts
    create_file_with_runtime_dependencies(prefix_path, pkg)
  File "/usr/lib/python3/dist-packages/colcon_core/environment/__init__.py", line 157, in create_file_with_runtime_dependencies
    path.write_text(
  File "/usr/lib/python3.8/pathlib.py", line 1251, in write_text
    with self.open(mode='w', encoding=encoding, errors=errors) as f:
  File "/usr/lib/python3.8/pathlib.py", line 1218, in open
    return io.open(self, mode, buffering, encoding, errors, newline,
  File "/usr/lib/python3.8/pathlib.py", line 1074, in _opener
    return self._accessor.open(self, flags, mode)
PermissionError: [Errno 13] Permission denied: '/home/pengbo/rclcpp_cbg/install/rclcpp/share/colcon-core/packages/rclcpp'
