[0.093s] DEBUG:colcon:Command line arguments: ['/usr/bin/colcon', 'build']
[0.093s] DEBUG:colcon:Parsed command line arguments: Namespace(ament_cmake_args=None, base_paths=['.'], build_base='build', catkin_cmake_args=None, catkin_skip_building_tests=False, cmake_args=None, cmake_clean_cache=False, cmake_clean_first=False, cmake_force_configure=False, cmake_target=None, cmake_target_skip_unavailable=False, continue_on_error=False, event_handlers=None, executor='parallel', ignore_user_meta=False, install_base='install', log_base=None, log_level=None, main=<bound method BuildVerb.main of <colcon_core.verb.build.BuildVerb object at 0x7fee2ce40b80>>, merge_install=False, metas=['./colcon.meta'], packages_above=None, packages_above_and_dependencies=None, packages_above_depth=None, packages_end=None, packages_ignore=None, packages_ignore_regex=None, packages_select=None, packages_select_build_failed=False, packages_select_by_dep=None, packages_select_regex=None, packages_select_test_failures=False, packages_skip=None, packages_skip_build_finished=False, packages_skip_by_dep=None, packages_skip_regex=None, packages_skip_test_passed=False, packages_skip_up_to=None, packages_start=None, packages_up_to=None, packages_up_to_regex=None, parallel_workers=12, paths=None, symlink_install=False, test_result_base=None, verb_extension=<colcon_core.verb.build.BuildVerb object at 0x7fee2ce40b80>, verb_name='build', verb_parser=<colcon_defaults.argument_parser.defaults.DefaultArgumentsDecorator object at 0x7fee2ce4e130>)
[0.096s] Level 1:colcon.colcon_core.package_discovery:discover_packages(colcon_meta) check parameters
[0.096s] Level 1:colcon.colcon_core.package_discovery:discover_packages(recursive) check parameters
[0.096s] Level 1:colcon.colcon_core.package_discovery:discover_packages(ignore) check parameters
[0.096s] Level 1:colcon.colcon_core.package_discovery:discover_packages(path) check parameters
[0.096s] Level 1:colcon.colcon_core.package_discovery:discover_packages(colcon_meta) discover
[0.096s] Level 1:colcon.colcon_core.package_discovery:discover_packages(recursive) discover
[0.096s] INFO:colcon.colcon_core.package_discovery:Crawling recursively for packages in '/home/pengbo/rclcpp_cbg/ros2_rclcpp'
[0.096s] Level 1:colcon.colcon_core.package_identification:_identify(.) by extensions ['ignore', 'ignore_ament_install']
[0.096s] Level 1:colcon.colcon_core.package_identification:_identify(.) by extension 'ignore'
[0.096s] Level 1:colcon.colcon_core.package_identification:_identify(.) by extension 'ignore_ament_install'
[0.096s] Level 1:colcon.colcon_core.package_identification:_identify(.) by extensions ['colcon_pkg']
[0.096s] Level 1:colcon.colcon_core.package_identification:_identify(.) by extension 'colcon_pkg'
[0.097s] Level 1:colcon.colcon_core.package_identification:_identify(.) by extensions ['colcon_meta']
[0.097s] Level 1:colcon.colcon_core.package_identification:_identify(.) by extension 'colcon_meta'
[0.097s] Level 1:colcon.colcon_core.package_identification:_identify(.) by extensions ['ros']
[0.097s] Level 1:colcon.colcon_core.package_identification:_identify(.) by extension 'ros'
[0.104s] Level 1:colcon.colcon_core.package_identification:_identify(.) by extensions ['cmake', 'python']
[0.104s] Level 1:colcon.colcon_core.package_identification:_identify(.) by extension 'cmake'
[0.104s] Level 1:colcon.colcon_core.package_identification:_identify(.) by extension 'python'
[0.104s] Level 1:colcon.colcon_core.package_identification:_identify(.) by extensions ['python_setup_py']
[0.104s] Level 1:colcon.colcon_core.package_identification:_identify(.) by extension 'python_setup_py'
[0.104s] Level 1:colcon.colcon_core.package_identification:_identify(build) by extensions ['ignore', 'ignore_ament_install']
[0.104s] Level 1:colcon.colcon_core.package_identification:_identify(build) by extension 'ignore'
[0.104s] Level 1:colcon.colcon_core.package_identification:_identify(build) ignored
[0.104s] Level 1:colcon.colcon_core.package_identification:_identify(install) by extensions ['ignore', 'ignore_ament_install']
[0.104s] Level 1:colcon.colcon_core.package_identification:_identify(install) by extension 'ignore'
[0.104s] Level 1:colcon.colcon_core.package_identification:_identify(install) ignored
[0.104s] Level 1:colcon.colcon_core.package_identification:_identify(log) by extensions ['ignore', 'ignore_ament_install']
[0.104s] Level 1:colcon.colcon_core.package_identification:_identify(log) by extension 'ignore'
[0.104s] Level 1:colcon.colcon_core.package_identification:_identify(log) ignored
[0.104s] Level 1:colcon.colcon_core.package_identification:_identify(rclcpp) by extensions ['ignore', 'ignore_ament_install']
[0.104s] Level 1:colcon.colcon_core.package_identification:_identify(rclcpp) by extension 'ignore'
[0.104s] Level 1:colcon.colcon_core.package_identification:_identify(rclcpp) by extension 'ignore_ament_install'
[0.104s] Level 1:colcon.colcon_core.package_identification:_identify(rclcpp) by extensions ['colcon_pkg']
[0.104s] Level 1:colcon.colcon_core.package_identification:_identify(rclcpp) by extension 'colcon_pkg'
[0.104s] Level 1:colcon.colcon_core.package_identification:_identify(rclcpp) by extensions ['colcon_meta']
[0.104s] Level 1:colcon.colcon_core.package_identification:_identify(rclcpp) by extension 'colcon_meta'
[0.105s] Level 1:colcon.colcon_core.package_identification:_identify(rclcpp) by extensions ['ros']
[0.105s] Level 1:colcon.colcon_core.package_identification:_identify(rclcpp) by extension 'ros'
[0.107s] DEBUG:colcon.colcon_core.package_identification:Package 'rclcpp' with type 'ros.ament_cmake' and name 'rclcpp'
[0.107s] Level 1:colcon.colcon_core.package_identification:_identify(rclcpp_action) by extensions ['ignore', 'ignore_ament_install']
[0.107s] Level 1:colcon.colcon_core.package_identification:_identify(rclcpp_action) by extension 'ignore'
[0.107s] Level 1:colcon.colcon_core.package_identification:_identify(rclcpp_action) by extension 'ignore_ament_install'
[0.107s] Level 1:colcon.colcon_core.package_identification:_identify(rclcpp_action) by extensions ['colcon_pkg']
[0.107s] Level 1:colcon.colcon_core.package_identification:_identify(rclcpp_action) by extension 'colcon_pkg'
[0.107s] Level 1:colcon.colcon_core.package_identification:_identify(rclcpp_action) by extensions ['colcon_meta']
[0.107s] Level 1:colcon.colcon_core.package_identification:_identify(rclcpp_action) by extension 'colcon_meta'
[0.107s] Level 1:colcon.colcon_core.package_identification:_identify(rclcpp_action) by extensions ['ros']
[0.107s] Level 1:colcon.colcon_core.package_identification:_identify(rclcpp_action) by extension 'ros'
[0.108s] DEBUG:colcon.colcon_core.package_identification:Package 'rclcpp_action' with type 'ros.ament_cmake' and name 'rclcpp_action'
[0.108s] Level 1:colcon.colcon_core.package_identification:_identify(rclcpp_components) by extensions ['ignore', 'ignore_ament_install']
[0.108s] Level 1:colcon.colcon_core.package_identification:_identify(rclcpp_components) by extension 'ignore'
[0.108s] Level 1:colcon.colcon_core.package_identification:_identify(rclcpp_components) by extension 'ignore_ament_install'
[0.108s] Level 1:colcon.colcon_core.package_identification:_identify(rclcpp_components) by extensions ['colcon_pkg']
[0.108s] Level 1:colcon.colcon_core.package_identification:_identify(rclcpp_components) by extension 'colcon_pkg'
[0.108s] Level 1:colcon.colcon_core.package_identification:_identify(rclcpp_components) by extensions ['colcon_meta']
[0.108s] Level 1:colcon.colcon_core.package_identification:_identify(rclcpp_components) by extension 'colcon_meta'
[0.108s] Level 1:colcon.colcon_core.package_identification:_identify(rclcpp_components) by extensions ['ros']
[0.108s] Level 1:colcon.colcon_core.package_identification:_identify(rclcpp_components) by extension 'ros'
[0.108s] DEBUG:colcon.colcon_core.package_identification:Package 'rclcpp_components' with type 'ros.ament_cmake' and name 'rclcpp_components'
[0.108s] Level 1:colcon.colcon_core.package_identification:_identify(rclcpp_lifecycle) by extensions ['ignore', 'ignore_ament_install']
[0.109s] Level 1:colcon.colcon_core.package_identification:_identify(rclcpp_lifecycle) by extension 'ignore'
[0.109s] Level 1:colcon.colcon_core.package_identification:_identify(rclcpp_lifecycle) by extension 'ignore_ament_install'
[0.109s] Level 1:colcon.colcon_core.package_identification:_identify(rclcpp_lifecycle) by extensions ['colcon_pkg']
[0.109s] Level 1:colcon.colcon_core.package_identification:_identify(rclcpp_lifecycle) by extension 'colcon_pkg'
[0.109s] Level 1:colcon.colcon_core.package_identification:_identify(rclcpp_lifecycle) by extensions ['colcon_meta']
[0.109s] Level 1:colcon.colcon_core.package_identification:_identify(rclcpp_lifecycle) by extension 'colcon_meta'
[0.109s] Level 1:colcon.colcon_core.package_identification:_identify(rclcpp_lifecycle) by extensions ['ros']
[0.109s] Level 1:colcon.colcon_core.package_identification:_identify(rclcpp_lifecycle) by extension 'ros'
[0.109s] DEBUG:colcon.colcon_core.package_identification:Package 'rclcpp_lifecycle' with type 'ros.ament_cmake' and name 'rclcpp_lifecycle'
[0.109s] Level 1:colcon.colcon_core.package_discovery:discover_packages(recursive) using defaults
[0.109s] Level 1:colcon.colcon_core.package_discovery:discover_packages(ignore) discover
[0.109s] Level 1:colcon.colcon_core.package_discovery:discover_packages(ignore) using defaults
[0.109s] Level 1:colcon.colcon_core.package_discovery:discover_packages(path) discover
[0.109s] Level 1:colcon.colcon_core.package_discovery:discover_packages(path) using defaults
[0.122s] Level 5:colcon.colcon_core.verb:set package 'rclcpp' build argument 'cmake_args' from command line to 'None'
[0.122s] Level 5:colcon.colcon_core.verb:set package 'rclcpp' build argument 'cmake_target' from command line to 'None'
[0.122s] Level 5:colcon.colcon_core.verb:set package 'rclcpp' build argument 'cmake_target_skip_unavailable' from command line to 'False'
[0.122s] Level 5:colcon.colcon_core.verb:set package 'rclcpp' build argument 'cmake_clean_cache' from command line to 'False'
[0.122s] Level 5:colcon.colcon_core.verb:set package 'rclcpp' build argument 'cmake_clean_first' from command line to 'False'
[0.122s] Level 5:colcon.colcon_core.verb:set package 'rclcpp' build argument 'cmake_force_configure' from command line to 'False'
[0.122s] Level 5:colcon.colcon_core.verb:set package 'rclcpp' build argument 'ament_cmake_args' from command line to 'None'
[0.122s] Level 5:colcon.colcon_core.verb:set package 'rclcpp' build argument 'catkin_cmake_args' from command line to 'None'
[0.122s] Level 5:colcon.colcon_core.verb:set package 'rclcpp' build argument 'catkin_skip_building_tests' from command line to 'False'
[0.122s] DEBUG:colcon.colcon_core.verb:Building package 'rclcpp' with the following arguments: {'ament_cmake_args': None, 'build_base': '/home/pengbo/rclcpp_cbg/ros2_rclcpp/build/rclcpp', 'catkin_cmake_args': None, 'catkin_skip_building_tests': False, 'cmake_args': None, 'cmake_clean_cache': False, 'cmake_clean_first': False, 'cmake_force_configure': False, 'cmake_target': None, 'cmake_target_skip_unavailable': False, 'install_base': '/home/pengbo/rclcpp_cbg/ros2_rclcpp/install/rclcpp', 'merge_install': False, 'path': '/home/pengbo/rclcpp_cbg/ros2_rclcpp/rclcpp', 'symlink_install': False, 'test_result_base': None}
[0.124s] Level 5:colcon.colcon_core.verb:set package 'rclcpp_action' build argument 'cmake_args' from command line to 'None'
[0.124s] Level 5:colcon.colcon_core.verb:set package 'rclcpp_action' build argument 'cmake_target' from command line to 'None'
[0.124s] Level 5:colcon.colcon_core.verb:set package 'rclcpp_action' build argument 'cmake_target_skip_unavailable' from command line to 'False'
[0.124s] Level 5:colcon.colcon_core.verb:set package 'rclcpp_action' build argument 'cmake_clean_cache' from command line to 'False'
[0.124s] Level 5:colcon.colcon_core.verb:set package 'rclcpp_action' build argument 'cmake_clean_first' from command line to 'False'
[0.124s] Level 5:colcon.colcon_core.verb:set package 'rclcpp_action' build argument 'cmake_force_configure' from command line to 'False'
[0.124s] Level 5:colcon.colcon_core.verb:set package 'rclcpp_action' build argument 'ament_cmake_args' from command line to 'None'
[0.124s] Level 5:colcon.colcon_core.verb:set package 'rclcpp_action' build argument 'catkin_cmake_args' from command line to 'None'
[0.124s] Level 5:colcon.colcon_core.verb:set package 'rclcpp_action' build argument 'catkin_skip_building_tests' from command line to 'False'
[0.124s] DEBUG:colcon.colcon_core.verb:Building package 'rclcpp_action' with the following arguments: {'ament_cmake_args': None, 'build_base': '/home/pengbo/rclcpp_cbg/ros2_rclcpp/build/rclcpp_action', 'catkin_cmake_args': None, 'catkin_skip_building_tests': False, 'cmake_args': None, 'cmake_clean_cache': False, 'cmake_clean_first': False, 'cmake_force_configure': False, 'cmake_target': None, 'cmake_target_skip_unavailable': False, 'install_base': '/home/pengbo/rclcpp_cbg/ros2_rclcpp/install/rclcpp_action', 'merge_install': False, 'path': '/home/pengbo/rclcpp_cbg/ros2_rclcpp/rclcpp_action', 'symlink_install': False, 'test_result_base': None}
[0.126s] Level 5:colcon.colcon_core.verb:set package 'rclcpp_components' build argument 'cmake_args' from command line to 'None'
[0.126s] Level 5:colcon.colcon_core.verb:set package 'rclcpp_components' build argument 'cmake_target' from command line to 'None'
[0.126s] Level 5:colcon.colcon_core.verb:set package 'rclcpp_components' build argument 'cmake_target_skip_unavailable' from command line to 'False'
[0.126s] Level 5:colcon.colcon_core.verb:set package 'rclcpp_components' build argument 'cmake_clean_cache' from command line to 'False'
[0.126s] Level 5:colcon.colcon_core.verb:set package 'rclcpp_components' build argument 'cmake_clean_first' from command line to 'False'
[0.126s] Level 5:colcon.colcon_core.verb:set package 'rclcpp_components' build argument 'cmake_force_configure' from command line to 'False'
[0.126s] Level 5:colcon.colcon_core.verb:set package 'rclcpp_components' build argument 'ament_cmake_args' from command line to 'None'
[0.126s] Level 5:colcon.colcon_core.verb:set package 'rclcpp_components' build argument 'catkin_cmake_args' from command line to 'None'
[0.126s] Level 5:colcon.colcon_core.verb:set package 'rclcpp_components' build argument 'catkin_skip_building_tests' from command line to 'False'
[0.126s] DEBUG:colcon.colcon_core.verb:Building package 'rclcpp_components' with the following arguments: {'ament_cmake_args': None, 'build_base': '/home/pengbo/rclcpp_cbg/ros2_rclcpp/build/rclcpp_components', 'catkin_cmake_args': None, 'catkin_skip_building_tests': False, 'cmake_args': None, 'cmake_clean_cache': False, 'cmake_clean_first': False, 'cmake_force_configure': False, 'cmake_target': None, 'cmake_target_skip_unavailable': False, 'install_base': '/home/pengbo/rclcpp_cbg/ros2_rclcpp/install/rclcpp_components', 'merge_install': False, 'path': '/home/pengbo/rclcpp_cbg/ros2_rclcpp/rclcpp_components', 'symlink_install': False, 'test_result_base': None}
[0.127s] Level 5:colcon.colcon_core.verb:set package 'rclcpp_lifecycle' build argument 'cmake_args' from command line to 'None'
[0.127s] Level 5:colcon.colcon_core.verb:set package 'rclcpp_lifecycle' build argument 'cmake_target' from command line to 'None'
[0.127s] Level 5:colcon.colcon_core.verb:set package 'rclcpp_lifecycle' build argument 'cmake_target_skip_unavailable' from command line to 'False'
[0.127s] Level 5:colcon.colcon_core.verb:set package 'rclcpp_lifecycle' build argument 'cmake_clean_cache' from command line to 'False'
[0.127s] Level 5:colcon.colcon_core.verb:set package 'rclcpp_lifecycle' build argument 'cmake_clean_first' from command line to 'False'
[0.127s] Level 5:colcon.colcon_core.verb:set package 'rclcpp_lifecycle' build argument 'cmake_force_configure' from command line to 'False'
[0.127s] Level 5:colcon.colcon_core.verb:set package 'rclcpp_lifecycle' build argument 'ament_cmake_args' from command line to 'None'
[0.127s] Level 5:colcon.colcon_core.verb:set package 'rclcpp_lifecycle' build argument 'catkin_cmake_args' from command line to 'None'
[0.127s] Level 5:colcon.colcon_core.verb:set package 'rclcpp_lifecycle' build argument 'catkin_skip_building_tests' from command line to 'False'
[0.127s] DEBUG:colcon.colcon_core.verb:Building package 'rclcpp_lifecycle' with the following arguments: {'ament_cmake_args': None, 'build_base': '/home/pengbo/rclcpp_cbg/ros2_rclcpp/build/rclcpp_lifecycle', 'catkin_cmake_args': None, 'catkin_skip_building_tests': False, 'cmake_args': None, 'cmake_clean_cache': False, 'cmake_clean_first': False, 'cmake_force_configure': False, 'cmake_target': None, 'cmake_target_skip_unavailable': False, 'install_base': '/home/pengbo/rclcpp_cbg/ros2_rclcpp/install/rclcpp_lifecycle', 'merge_install': False, 'path': '/home/pengbo/rclcpp_cbg/ros2_rclcpp/rclcpp_lifecycle', 'symlink_install': False, 'test_result_base': None}
[0.128s] INFO:colcon.colcon_core.executor:Executing jobs using 'parallel' executor
[0.129s] DEBUG:colcon.colcon_parallel_executor.executor.parallel:run_until_complete
[0.129s] INFO:colcon.colcon_ros.task.ament_cmake.build:Building ROS package in '/home/pengbo/rclcpp_cbg/ros2_rclcpp/rclcpp' with build type 'ament_cmake'
[0.129s] INFO:colcon.colcon_cmake.task.cmake.build:Building CMake package in '/home/pengbo/rclcpp_cbg/ros2_rclcpp/rclcpp'
[0.131s] INFO:colcon.colcon_core.plugin_system:Skipping extension 'colcon_core.shell.bat': Not used on non-Windows systems
[0.131s] INFO:colcon.colcon_core.shell:Skip shell extension 'powershell' for command environment: Not usable outside of PowerShell
[0.132s] DEBUG:colcon.colcon_core.shell:Skip shell extension 'dsv' for command environment
[0.139s] DEBUG:colcon.colcon_core.event_handler.log_command:Invoking command in '/home/pengbo/rclcpp_cbg/ros2_rclcpp/build/rclcpp': /usr/bin/cmake --build /home/pengbo/rclcpp_cbg/ros2_rclcpp/build/rclcpp -- -j12 -l12
[7.156s] DEBUG:colcon.colcon_core.event_handler.log_command:Invoked command in '/home/pengbo/rclcpp_cbg/ros2_rclcpp/build/rclcpp' returned '0': /usr/bin/cmake --build /home/pengbo/rclcpp_cbg/ros2_rclcpp/build/rclcpp -- -j12 -l12
[7.293s] DEBUG:colcon.colcon_core.event_handler.log_command:Invoking command in '/home/pengbo/rclcpp_cbg/ros2_rclcpp/build/rclcpp': /usr/bin/cmake --install /home/pengbo/rclcpp_cbg/ros2_rclcpp/build/rclcpp
[7.317s] Level 1:colcon.colcon_core.environment:create_environment_scripts_only(rclcpp)
[7.324s] Level 1:colcon.colcon_core.environment:checking '/home/pengbo/rclcpp_cbg/ros2_rclcpp/install/rclcpp' for CMake module files
[7.325s] Level 1:colcon.colcon_core.environment:checking '/home/pengbo/rclcpp_cbg/ros2_rclcpp/install/rclcpp' for CMake config files
[7.325s] Level 1:colcon.colcon_core.shell:create_environment_hook('rclcpp', 'cmake_prefix_path')
[7.326s] INFO:colcon.colcon_core.shell:Creating environment hook '/home/pengbo/rclcpp_cbg/ros2_rclcpp/install/rclcpp/share/rclcpp/hook/cmake_prefix_path.ps1'
[7.327s] INFO:colcon.colcon_core.shell:Creating environment descriptor '/home/pengbo/rclcpp_cbg/ros2_rclcpp/install/rclcpp/share/rclcpp/hook/cmake_prefix_path.dsv'
[7.328s] INFO:colcon.colcon_core.shell:Creating environment hook '/home/pengbo/rclcpp_cbg/ros2_rclcpp/install/rclcpp/share/rclcpp/hook/cmake_prefix_path.sh'
[7.329s] Level 1:colcon.colcon_core.environment:checking '/home/pengbo/rclcpp_cbg/ros2_rclcpp/install/rclcpp/lib'
[7.329s] Level 1:colcon.colcon_core.shell:create_environment_hook('rclcpp', 'ld_library_path_lib')
[7.330s] INFO:colcon.colcon_core.shell:Creating environment hook '/home/pengbo/rclcpp_cbg/ros2_rclcpp/install/rclcpp/share/rclcpp/hook/ld_library_path_lib.ps1'
[7.330s] INFO:colcon.colcon_core.shell:Creating environment descriptor '/home/pengbo/rclcpp_cbg/ros2_rclcpp/install/rclcpp/share/rclcpp/hook/ld_library_path_lib.dsv'
[7.331s] INFO:colcon.colcon_core.shell:Creating environment hook '/home/pengbo/rclcpp_cbg/ros2_rclcpp/install/rclcpp/share/rclcpp/hook/ld_library_path_lib.sh'
[7.331s] Level 1:colcon.colcon_core.environment:checking '/home/pengbo/rclcpp_cbg/ros2_rclcpp/install/rclcpp/bin'
[7.332s] Level 1:colcon.colcon_core.environment:checking '/home/pengbo/rclcpp_cbg/ros2_rclcpp/install/rclcpp/lib/pkgconfig/rclcpp.pc'
[7.332s] Level 1:colcon.colcon_core.environment:checking '/home/pengbo/rclcpp_cbg/ros2_rclcpp/install/rclcpp/lib/python3.8/site-packages'
[7.332s] INFO:colcon.colcon_core.shell:Creating package script '/home/pengbo/rclcpp_cbg/ros2_rclcpp/install/rclcpp/share/rclcpp/package.ps1'
[7.333s] INFO:colcon.colcon_core.shell:Creating package descriptor '/home/pengbo/rclcpp_cbg/ros2_rclcpp/install/rclcpp/share/rclcpp/package.dsv'
[7.335s] INFO:colcon.colcon_core.shell:Creating package script '/home/pengbo/rclcpp_cbg/ros2_rclcpp/install/rclcpp/share/rclcpp/package.sh'
[7.337s] INFO:colcon.colcon_core.shell:Creating package script '/home/pengbo/rclcpp_cbg/ros2_rclcpp/install/rclcpp/share/rclcpp/package.bash'
[7.338s] INFO:colcon.colcon_core.shell:Creating package script '/home/pengbo/rclcpp_cbg/ros2_rclcpp/install/rclcpp/share/rclcpp/package.zsh'
[7.340s] Level 1:colcon.colcon_core.environment:create_file_with_runtime_dependencies(/home/pengbo/rclcpp_cbg/ros2_rclcpp/install/rclcpp/share/colcon-core/packages/rclcpp)
[7.345s] DEBUG:colcon.colcon_core.event_handler.log_command:Invoked command in '/home/pengbo/rclcpp_cbg/ros2_rclcpp/build/rclcpp' returned '0': /usr/bin/cmake --install /home/pengbo/rclcpp_cbg/ros2_rclcpp/build/rclcpp
[7.511s] Level 1:colcon.colcon_core.environment:create_environment_scripts_only(rclcpp)
[7.512s] Level 1:colcon.colcon_core.environment:checking '/home/pengbo/rclcpp_cbg/ros2_rclcpp/install/rclcpp' for CMake module files
[7.513s] Level 1:colcon.colcon_core.environment:checking '/home/pengbo/rclcpp_cbg/ros2_rclcpp/install/rclcpp' for CMake config files
[7.513s] Level 1:colcon.colcon_core.shell:create_environment_hook('rclcpp', 'cmake_prefix_path')
[7.513s] INFO:colcon.colcon_core.shell:Creating environment hook '/home/pengbo/rclcpp_cbg/ros2_rclcpp/install/rclcpp/share/rclcpp/hook/cmake_prefix_path.ps1'
[7.514s] INFO:colcon.colcon_core.shell:Creating environment descriptor '/home/pengbo/rclcpp_cbg/ros2_rclcpp/install/rclcpp/share/rclcpp/hook/cmake_prefix_path.dsv'
[7.514s] INFO:colcon.colcon_core.shell:Creating environment hook '/home/pengbo/rclcpp_cbg/ros2_rclcpp/install/rclcpp/share/rclcpp/hook/cmake_prefix_path.sh'
[7.515s] Level 1:colcon.colcon_core.environment:checking '/home/pengbo/rclcpp_cbg/ros2_rclcpp/install/rclcpp/lib'
[7.515s] Level 1:colcon.colcon_core.shell:create_environment_hook('rclcpp', 'ld_library_path_lib')
[7.515s] INFO:colcon.colcon_core.shell:Creating environment hook '/home/pengbo/rclcpp_cbg/ros2_rclcpp/install/rclcpp/share/rclcpp/hook/ld_library_path_lib.ps1'
[7.516s] INFO:colcon.colcon_core.shell:Creating environment descriptor '/home/pengbo/rclcpp_cbg/ros2_rclcpp/install/rclcpp/share/rclcpp/hook/ld_library_path_lib.dsv'
[7.516s] INFO:colcon.colcon_core.shell:Creating environment hook '/home/pengbo/rclcpp_cbg/ros2_rclcpp/install/rclcpp/share/rclcpp/hook/ld_library_path_lib.sh'
[7.517s] Level 1:colcon.colcon_core.environment:checking '/home/pengbo/rclcpp_cbg/ros2_rclcpp/install/rclcpp/bin'
[7.517s] Level 1:colcon.colcon_core.environment:checking '/home/pengbo/rclcpp_cbg/ros2_rclcpp/install/rclcpp/lib/pkgconfig/rclcpp.pc'
[7.517s] Level 1:colcon.colcon_core.environment:checking '/home/pengbo/rclcpp_cbg/ros2_rclcpp/install/rclcpp/lib/python3.8/site-packages'
[7.517s] INFO:colcon.colcon_core.shell:Creating package script '/home/pengbo/rclcpp_cbg/ros2_rclcpp/install/rclcpp/share/rclcpp/package.ps1'
[7.518s] INFO:colcon.colcon_core.shell:Creating package descriptor '/home/pengbo/rclcpp_cbg/ros2_rclcpp/install/rclcpp/share/rclcpp/package.dsv'
[7.518s] INFO:colcon.colcon_core.shell:Creating package script '/home/pengbo/rclcpp_cbg/ros2_rclcpp/install/rclcpp/share/rclcpp/package.sh'
[7.519s] INFO:colcon.colcon_core.shell:Creating package script '/home/pengbo/rclcpp_cbg/ros2_rclcpp/install/rclcpp/share/rclcpp/package.bash'
[7.519s] INFO:colcon.colcon_core.shell:Creating package script '/home/pengbo/rclcpp_cbg/ros2_rclcpp/install/rclcpp/share/rclcpp/package.zsh'
[7.519s] Level 1:colcon.colcon_core.environment:create_file_with_runtime_dependencies(/home/pengbo/rclcpp_cbg/ros2_rclcpp/install/rclcpp/share/colcon-core/packages/rclcpp)
[7.520s] INFO:colcon.colcon_ros.task.ament_cmake.build:Building ROS package in '/home/pengbo/rclcpp_cbg/ros2_rclcpp/rclcpp_action' with build type 'ament_cmake'
[7.520s] INFO:colcon.colcon_cmake.task.cmake.build:Building CMake package in '/home/pengbo/rclcpp_cbg/ros2_rclcpp/rclcpp_action'
[7.520s] INFO:colcon.colcon_core.shell:Skip shell extension 'powershell' for command environment: Not usable outside of PowerShell
[7.520s] DEBUG:colcon.colcon_core.shell:Skip shell extension 'dsv' for command environment
[7.524s] INFO:colcon.colcon_ros.task.ament_cmake.build:Building ROS package in '/home/pengbo/rclcpp_cbg/ros2_rclcpp/rclcpp_components' with build type 'ament_cmake'
[7.524s] INFO:colcon.colcon_cmake.task.cmake.build:Building CMake package in '/home/pengbo/rclcpp_cbg/ros2_rclcpp/rclcpp_components'
[7.525s] INFO:colcon.colcon_core.shell:Skip shell extension 'powershell' for command environment: Not usable outside of PowerShell
[7.525s] DEBUG:colcon.colcon_core.shell:Skip shell extension 'dsv' for command environment
[7.527s] INFO:colcon.colcon_ros.task.ament_cmake.build:Building ROS package in '/home/pengbo/rclcpp_cbg/ros2_rclcpp/rclcpp_lifecycle' with build type 'ament_cmake'
[7.528s] INFO:colcon.colcon_cmake.task.cmake.build:Building CMake package in '/home/pengbo/rclcpp_cbg/ros2_rclcpp/rclcpp_lifecycle'
[7.528s] INFO:colcon.colcon_core.shell:Skip shell extension 'powershell' for command environment: Not usable outside of PowerShell
[7.528s] DEBUG:colcon.colcon_core.shell:Skip shell extension 'dsv' for command environment
[7.534s] DEBUG:colcon.colcon_core.event_handler.log_command:Invoking command in '/home/pengbo/rclcpp_cbg/ros2_rclcpp/build/rclcpp_action': AMENT_PREFIX_PATH=/home/pengbo/rclcpp_cbg/ros2_rclcpp/install/rclcpp CMAKE_PREFIX_PATH=/home/pengbo/rclcpp_cbg/ros2_rclcpp/install/rclcpp LD_LIBRARY_PATH=/home/pengbo/rclcpp_cbg/ros2_rclcpp/install/rclcpp/lib /usr/bin/cmake --build /home/pengbo/rclcpp_cbg/ros2_rclcpp/build/rclcpp_action -- -j12 -l12
[7.537s] DEBUG:colcon.colcon_core.event_handler.log_command:Invoking command in '/home/pengbo/rclcpp_cbg/ros2_rclcpp/build/rclcpp_components': AMENT_PREFIX_PATH=/home/pengbo/rclcpp_cbg/ros2_rclcpp/install/rclcpp CMAKE_PREFIX_PATH=/home/pengbo/rclcpp_cbg/ros2_rclcpp/install/rclcpp LD_LIBRARY_PATH=/home/pengbo/rclcpp_cbg/ros2_rclcpp/install/rclcpp/lib /usr/bin/cmake --build /home/pengbo/rclcpp_cbg/ros2_rclcpp/build/rclcpp_components -- -j12 -l12
[7.541s] DEBUG:colcon.colcon_core.event_handler.log_command:Invoking command in '/home/pengbo/rclcpp_cbg/ros2_rclcpp/build/rclcpp_lifecycle': AMENT_PREFIX_PATH=/home/pengbo/rclcpp_cbg/ros2_rclcpp/install/rclcpp CMAKE_PREFIX_PATH=/home/pengbo/rclcpp_cbg/ros2_rclcpp/install/rclcpp LD_LIBRARY_PATH=/home/pengbo/rclcpp_cbg/ros2_rclcpp/install/rclcpp/lib /usr/bin/cmake --build /home/pengbo/rclcpp_cbg/ros2_rclcpp/build/rclcpp_lifecycle -- -j12 -l12
[9.596s] DEBUG:colcon.colcon_core.event_handler.log_command:Invoked command in '/home/pengbo/rclcpp_cbg/ros2_rclcpp/build/rclcpp_components' returned '0': AMENT_PREFIX_PATH=/home/pengbo/rclcpp_cbg/ros2_rclcpp/install/rclcpp CMAKE_PREFIX_PATH=/home/pengbo/rclcpp_cbg/ros2_rclcpp/install/rclcpp LD_LIBRARY_PATH=/home/pengbo/rclcpp_cbg/ros2_rclcpp/install/rclcpp/lib /usr/bin/cmake --build /home/pengbo/rclcpp_cbg/ros2_rclcpp/build/rclcpp_components -- -j12 -l12
[9.625s] DEBUG:colcon.colcon_core.event_handler.log_command:Invoking command in '/home/pengbo/rclcpp_cbg/ros2_rclcpp/build/rclcpp_components': AMENT_PREFIX_PATH=/home/pengbo/rclcpp_cbg/ros2_rclcpp/install/rclcpp CMAKE_PREFIX_PATH=/home/pengbo/rclcpp_cbg/ros2_rclcpp/install/rclcpp LD_LIBRARY_PATH=/home/pengbo/rclcpp_cbg/ros2_rclcpp/install/rclcpp/lib /usr/bin/cmake --install /home/pengbo/rclcpp_cbg/ros2_rclcpp/build/rclcpp_components
[9.635s] Level 1:colcon.colcon_core.environment:create_environment_scripts_only(rclcpp_components)
[9.637s] Level 1:colcon.colcon_core.environment:checking '/home/pengbo/rclcpp_cbg/ros2_rclcpp/install/rclcpp_components' for CMake module files
[9.638s] DEBUG:colcon.colcon_core.event_handler.log_command:Invoked command in '/home/pengbo/rclcpp_cbg/ros2_rclcpp/build/rclcpp_components' returned '0': AMENT_PREFIX_PATH=/home/pengbo/rclcpp_cbg/ros2_rclcpp/install/rclcpp CMAKE_PREFIX_PATH=/home/pengbo/rclcpp_cbg/ros2_rclcpp/install/rclcpp LD_LIBRARY_PATH=/home/pengbo/rclcpp_cbg/ros2_rclcpp/install/rclcpp/lib /usr/bin/cmake --install /home/pengbo/rclcpp_cbg/ros2_rclcpp/build/rclcpp_components
[9.638s] Level 1:colcon.colcon_core.environment:checking '/home/pengbo/rclcpp_cbg/ros2_rclcpp/install/rclcpp_components' for CMake config files
[9.639s] Level 1:colcon.colcon_core.shell:create_environment_hook('rclcpp_components', 'cmake_prefix_path')
[9.639s] INFO:colcon.colcon_core.shell:Creating environment hook '/home/pengbo/rclcpp_cbg/ros2_rclcpp/install/rclcpp_components/share/rclcpp_components/hook/cmake_prefix_path.ps1'
[9.640s] INFO:colcon.colcon_core.shell:Creating environment descriptor '/home/pengbo/rclcpp_cbg/ros2_rclcpp/install/rclcpp_components/share/rclcpp_components/hook/cmake_prefix_path.dsv'
[9.640s] INFO:colcon.colcon_core.shell:Creating environment hook '/home/pengbo/rclcpp_cbg/ros2_rclcpp/install/rclcpp_components/share/rclcpp_components/hook/cmake_prefix_path.sh'
[9.641s] Level 1:colcon.colcon_core.environment:checking '/home/pengbo/rclcpp_cbg/ros2_rclcpp/install/rclcpp_components/lib'
[9.641s] Level 1:colcon.colcon_core.shell:create_environment_hook('rclcpp_components', 'ld_library_path_lib')
[9.642s] INFO:colcon.colcon_core.shell:Creating environment hook '/home/pengbo/rclcpp_cbg/ros2_rclcpp/install/rclcpp_components/share/rclcpp_components/hook/ld_library_path_lib.ps1'
[9.642s] INFO:colcon.colcon_core.shell:Creating environment descriptor '/home/pengbo/rclcpp_cbg/ros2_rclcpp/install/rclcpp_components/share/rclcpp_components/hook/ld_library_path_lib.dsv'
[9.642s] INFO:colcon.colcon_core.shell:Creating environment hook '/home/pengbo/rclcpp_cbg/ros2_rclcpp/install/rclcpp_components/share/rclcpp_components/hook/ld_library_path_lib.sh'
[9.643s] Level 1:colcon.colcon_core.environment:checking '/home/pengbo/rclcpp_cbg/ros2_rclcpp/install/rclcpp_components/bin'
[9.643s] Level 1:colcon.colcon_core.environment:checking '/home/pengbo/rclcpp_cbg/ros2_rclcpp/install/rclcpp_components/lib/pkgconfig/rclcpp_components.pc'
[9.643s] Level 1:colcon.colcon_core.environment:checking '/home/pengbo/rclcpp_cbg/ros2_rclcpp/install/rclcpp_components/lib/python3.8/site-packages'
[9.643s] INFO:colcon.colcon_core.shell:Creating package script '/home/pengbo/rclcpp_cbg/ros2_rclcpp/install/rclcpp_components/share/rclcpp_components/package.ps1'
[9.644s] INFO:colcon.colcon_core.shell:Creating package descriptor '/home/pengbo/rclcpp_cbg/ros2_rclcpp/install/rclcpp_components/share/rclcpp_components/package.dsv'
[9.644s] INFO:colcon.colcon_core.shell:Creating package script '/home/pengbo/rclcpp_cbg/ros2_rclcpp/install/rclcpp_components/share/rclcpp_components/package.sh'
[9.645s] INFO:colcon.colcon_core.shell:Creating package script '/home/pengbo/rclcpp_cbg/ros2_rclcpp/install/rclcpp_components/share/rclcpp_components/package.bash'
[9.645s] INFO:colcon.colcon_core.shell:Creating package script '/home/pengbo/rclcpp_cbg/ros2_rclcpp/install/rclcpp_components/share/rclcpp_components/package.zsh'
[9.645s] Level 1:colcon.colcon_core.environment:create_file_with_runtime_dependencies(/home/pengbo/rclcpp_cbg/ros2_rclcpp/install/rclcpp_components/share/colcon-core/packages/rclcpp_components)
[9.671s] Level 1:colcon.colcon_core.environment:create_environment_scripts_only(rclcpp_components)
[9.672s] Level 1:colcon.colcon_core.environment:checking '/home/pengbo/rclcpp_cbg/ros2_rclcpp/install/rclcpp_components' for CMake module files
[9.673s] Level 1:colcon.colcon_core.environment:checking '/home/pengbo/rclcpp_cbg/ros2_rclcpp/install/rclcpp_components' for CMake config files
[9.673s] Level 1:colcon.colcon_core.shell:create_environment_hook('rclcpp_components', 'cmake_prefix_path')
[9.674s] INFO:colcon.colcon_core.shell:Creating environment hook '/home/pengbo/rclcpp_cbg/ros2_rclcpp/install/rclcpp_components/share/rclcpp_components/hook/cmake_prefix_path.ps1'
[9.674s] INFO:colcon.colcon_core.shell:Creating environment descriptor '/home/pengbo/rclcpp_cbg/ros2_rclcpp/install/rclcpp_components/share/rclcpp_components/hook/cmake_prefix_path.dsv'
[9.674s] INFO:colcon.colcon_core.shell:Creating environment hook '/home/pengbo/rclcpp_cbg/ros2_rclcpp/install/rclcpp_components/share/rclcpp_components/hook/cmake_prefix_path.sh'
[9.675s] Level 1:colcon.colcon_core.environment:checking '/home/pengbo/rclcpp_cbg/ros2_rclcpp/install/rclcpp_components/lib'
[9.675s] Level 1:colcon.colcon_core.shell:create_environment_hook('rclcpp_components', 'ld_library_path_lib')
[9.675s] INFO:colcon.colcon_core.shell:Creating environment hook '/home/pengbo/rclcpp_cbg/ros2_rclcpp/install/rclcpp_components/share/rclcpp_components/hook/ld_library_path_lib.ps1'
[9.676s] INFO:colcon.colcon_core.shell:Creating environment descriptor '/home/pengbo/rclcpp_cbg/ros2_rclcpp/install/rclcpp_components/share/rclcpp_components/hook/ld_library_path_lib.dsv'
[9.676s] INFO:colcon.colcon_core.shell:Creating environment hook '/home/pengbo/rclcpp_cbg/ros2_rclcpp/install/rclcpp_components/share/rclcpp_components/hook/ld_library_path_lib.sh'
[9.676s] Level 1:colcon.colcon_core.environment:checking '/home/pengbo/rclcpp_cbg/ros2_rclcpp/install/rclcpp_components/bin'
[9.676s] Level 1:colcon.colcon_core.environment:checking '/home/pengbo/rclcpp_cbg/ros2_rclcpp/install/rclcpp_components/lib/pkgconfig/rclcpp_components.pc'
[9.676s] Level 1:colcon.colcon_core.environment:checking '/home/pengbo/rclcpp_cbg/ros2_rclcpp/install/rclcpp_components/lib/python3.8/site-packages'
[9.677s] INFO:colcon.colcon_core.shell:Creating package script '/home/pengbo/rclcpp_cbg/ros2_rclcpp/install/rclcpp_components/share/rclcpp_components/package.ps1'
[9.678s] INFO:colcon.colcon_core.shell:Creating package descriptor '/home/pengbo/rclcpp_cbg/ros2_rclcpp/install/rclcpp_components/share/rclcpp_components/package.dsv'
[9.679s] INFO:colcon.colcon_core.shell:Creating package script '/home/pengbo/rclcpp_cbg/ros2_rclcpp/install/rclcpp_components/share/rclcpp_components/package.sh'
[9.679s] INFO:colcon.colcon_core.shell:Creating package script '/home/pengbo/rclcpp_cbg/ros2_rclcpp/install/rclcpp_components/share/rclcpp_components/package.bash'
[9.680s] INFO:colcon.colcon_core.shell:Creating package script '/home/pengbo/rclcpp_cbg/ros2_rclcpp/install/rclcpp_components/share/rclcpp_components/package.zsh'
[9.680s] Level 1:colcon.colcon_core.environment:create_file_with_runtime_dependencies(/home/pengbo/rclcpp_cbg/ros2_rclcpp/install/rclcpp_components/share/colcon-core/packages/rclcpp_components)
[9.713s] DEBUG:colcon.colcon_core.event_handler.log_command:Invoked command in '/home/pengbo/rclcpp_cbg/ros2_rclcpp/build/rclcpp_action' returned '0': AMENT_PREFIX_PATH=/home/pengbo/rclcpp_cbg/ros2_rclcpp/install/rclcpp CMAKE_PREFIX_PATH=/home/pengbo/rclcpp_cbg/ros2_rclcpp/install/rclcpp LD_LIBRARY_PATH=/home/pengbo/rclcpp_cbg/ros2_rclcpp/install/rclcpp/lib /usr/bin/cmake --build /home/pengbo/rclcpp_cbg/ros2_rclcpp/build/rclcpp_action -- -j12 -l12
[9.716s] DEBUG:colcon.colcon_core.event_handler.log_command:Invoked command in '/home/pengbo/rclcpp_cbg/ros2_rclcpp/build/rclcpp_lifecycle' returned '0': AMENT_PREFIX_PATH=/home/pengbo/rclcpp_cbg/ros2_rclcpp/install/rclcpp CMAKE_PREFIX_PATH=/home/pengbo/rclcpp_cbg/ros2_rclcpp/install/rclcpp LD_LIBRARY_PATH=/home/pengbo/rclcpp_cbg/ros2_rclcpp/install/rclcpp/lib /usr/bin/cmake --build /home/pengbo/rclcpp_cbg/ros2_rclcpp/build/rclcpp_lifecycle -- -j12 -l12
[9.744s] DEBUG:colcon.colcon_core.event_handler.log_command:Invoking command in '/home/pengbo/rclcpp_cbg/ros2_rclcpp/build/rclcpp_action': AMENT_PREFIX_PATH=/home/pengbo/rclcpp_cbg/ros2_rclcpp/install/rclcpp CMAKE_PREFIX_PATH=/home/pengbo/rclcpp_cbg/ros2_rclcpp/install/rclcpp LD_LIBRARY_PATH=/home/pengbo/rclcpp_cbg/ros2_rclcpp/install/rclcpp/lib /usr/bin/cmake --install /home/pengbo/rclcpp_cbg/ros2_rclcpp/build/rclcpp_action
[9.754s] Level 1:colcon.colcon_core.environment:create_environment_scripts_only(rclcpp_action)
[9.755s] Level 1:colcon.colcon_core.environment:checking '/home/pengbo/rclcpp_cbg/ros2_rclcpp/install/rclcpp_action' for CMake module files
[9.756s] DEBUG:colcon.colcon_core.event_handler.log_command:Invoking command in '/home/pengbo/rclcpp_cbg/ros2_rclcpp/build/rclcpp_lifecycle': AMENT_PREFIX_PATH=/home/pengbo/rclcpp_cbg/ros2_rclcpp/install/rclcpp CMAKE_PREFIX_PATH=/home/pengbo/rclcpp_cbg/ros2_rclcpp/install/rclcpp LD_LIBRARY_PATH=/home/pengbo/rclcpp_cbg/ros2_rclcpp/install/rclcpp/lib /usr/bin/cmake --install /home/pengbo/rclcpp_cbg/ros2_rclcpp/build/rclcpp_lifecycle
[9.757s] Level 1:colcon.colcon_core.environment:checking '/home/pengbo/rclcpp_cbg/ros2_rclcpp/install/rclcpp_action' for CMake config files
[9.757s] Level 1:colcon.colcon_core.shell:create_environment_hook('rclcpp_action', 'cmake_prefix_path')
[9.758s] INFO:colcon.colcon_core.shell:Creating environment hook '/home/pengbo/rclcpp_cbg/ros2_rclcpp/install/rclcpp_action/share/rclcpp_action/hook/cmake_prefix_path.ps1'
[9.758s] INFO:colcon.colcon_core.shell:Creating environment descriptor '/home/pengbo/rclcpp_cbg/ros2_rclcpp/install/rclcpp_action/share/rclcpp_action/hook/cmake_prefix_path.dsv'
[9.759s] INFO:colcon.colcon_core.shell:Creating environment hook '/home/pengbo/rclcpp_cbg/ros2_rclcpp/install/rclcpp_action/share/rclcpp_action/hook/cmake_prefix_path.sh'
[9.760s] Level 1:colcon.colcon_core.environment:checking '/home/pengbo/rclcpp_cbg/ros2_rclcpp/install/rclcpp_action/lib'
[9.760s] DEBUG:colcon.colcon_core.event_handler.log_command:Invoked command in '/home/pengbo/rclcpp_cbg/ros2_rclcpp/build/rclcpp_action' returned '0': AMENT_PREFIX_PATH=/home/pengbo/rclcpp_cbg/ros2_rclcpp/install/rclcpp CMAKE_PREFIX_PATH=/home/pengbo/rclcpp_cbg/ros2_rclcpp/install/rclcpp LD_LIBRARY_PATH=/home/pengbo/rclcpp_cbg/ros2_rclcpp/install/rclcpp/lib /usr/bin/cmake --install /home/pengbo/rclcpp_cbg/ros2_rclcpp/build/rclcpp_action
[9.761s] Level 1:colcon.colcon_core.shell:create_environment_hook('rclcpp_action', 'ld_library_path_lib')
[9.761s] INFO:colcon.colcon_core.shell:Creating environment hook '/home/pengbo/rclcpp_cbg/ros2_rclcpp/install/rclcpp_action/share/rclcpp_action/hook/ld_library_path_lib.ps1'
[9.762s] INFO:colcon.colcon_core.shell:Creating environment descriptor '/home/pengbo/rclcpp_cbg/ros2_rclcpp/install/rclcpp_action/share/rclcpp_action/hook/ld_library_path_lib.dsv'
[9.763s] INFO:colcon.colcon_core.shell:Creating environment hook '/home/pengbo/rclcpp_cbg/ros2_rclcpp/install/rclcpp_action/share/rclcpp_action/hook/ld_library_path_lib.sh'
[9.763s] Level 1:colcon.colcon_core.environment:checking '/home/pengbo/rclcpp_cbg/ros2_rclcpp/install/rclcpp_action/bin'
[9.764s] Level 1:colcon.colcon_core.environment:checking '/home/pengbo/rclcpp_cbg/ros2_rclcpp/install/rclcpp_action/lib/pkgconfig/rclcpp_action.pc'
[9.764s] Level 1:colcon.colcon_core.environment:checking '/home/pengbo/rclcpp_cbg/ros2_rclcpp/install/rclcpp_action/lib/python3.8/site-packages'
[9.765s] INFO:colcon.colcon_core.shell:Creating package script '/home/pengbo/rclcpp_cbg/ros2_rclcpp/install/rclcpp_action/share/rclcpp_action/package.ps1'
[9.766s] INFO:colcon.colcon_core.shell:Creating package descriptor '/home/pengbo/rclcpp_cbg/ros2_rclcpp/install/rclcpp_action/share/rclcpp_action/package.dsv'
[9.767s] INFO:colcon.colcon_core.shell:Creating package script '/home/pengbo/rclcpp_cbg/ros2_rclcpp/install/rclcpp_action/share/rclcpp_action/package.sh'
[9.767s] INFO:colcon.colcon_core.shell:Creating package script '/home/pengbo/rclcpp_cbg/ros2_rclcpp/install/rclcpp_action/share/rclcpp_action/package.bash'
[9.768s] INFO:colcon.colcon_core.shell:Creating package script '/home/pengbo/rclcpp_cbg/ros2_rclcpp/install/rclcpp_action/share/rclcpp_action/package.zsh'
[9.768s] Level 1:colcon.colcon_core.environment:create_file_with_runtime_dependencies(/home/pengbo/rclcpp_cbg/ros2_rclcpp/install/rclcpp_action/share/colcon-core/packages/rclcpp_action)
[9.772s] Level 1:colcon.colcon_core.environment:create_environment_scripts_only(rclcpp_lifecycle)
[9.773s] Level 1:colcon.colcon_core.environment:checking '/home/pengbo/rclcpp_cbg/ros2_rclcpp/install/rclcpp_lifecycle' for CMake module files
[9.774s] DEBUG:colcon.colcon_core.event_handler.log_command:Invoked command in '/home/pengbo/rclcpp_cbg/ros2_rclcpp/build/rclcpp_lifecycle' returned '0': AMENT_PREFIX_PATH=/home/pengbo/rclcpp_cbg/ros2_rclcpp/install/rclcpp CMAKE_PREFIX_PATH=/home/pengbo/rclcpp_cbg/ros2_rclcpp/install/rclcpp LD_LIBRARY_PATH=/home/pengbo/rclcpp_cbg/ros2_rclcpp/install/rclcpp/lib /usr/bin/cmake --install /home/pengbo/rclcpp_cbg/ros2_rclcpp/build/rclcpp_lifecycle
[9.774s] Level 1:colcon.colcon_core.environment:checking '/home/pengbo/rclcpp_cbg/ros2_rclcpp/install/rclcpp_lifecycle' for CMake config files
[9.774s] Level 1:colcon.colcon_core.shell:create_environment_hook('rclcpp_lifecycle', 'cmake_prefix_path')
[9.775s] INFO:colcon.colcon_core.shell:Creating environment hook '/home/pengbo/rclcpp_cbg/ros2_rclcpp/install/rclcpp_lifecycle/share/rclcpp_lifecycle/hook/cmake_prefix_path.ps1'
[9.775s] INFO:colcon.colcon_core.shell:Creating environment descriptor '/home/pengbo/rclcpp_cbg/ros2_rclcpp/install/rclcpp_lifecycle/share/rclcpp_lifecycle/hook/cmake_prefix_path.dsv'
[9.776s] INFO:colcon.colcon_core.shell:Creating environment hook '/home/pengbo/rclcpp_cbg/ros2_rclcpp/install/rclcpp_lifecycle/share/rclcpp_lifecycle/hook/cmake_prefix_path.sh'
[9.776s] Level 1:colcon.colcon_core.environment:checking '/home/pengbo/rclcpp_cbg/ros2_rclcpp/install/rclcpp_lifecycle/lib'
[9.777s] Level 1:colcon.colcon_core.shell:create_environment_hook('rclcpp_lifecycle', 'ld_library_path_lib')
[9.777s] INFO:colcon.colcon_core.shell:Creating environment hook '/home/pengbo/rclcpp_cbg/ros2_rclcpp/install/rclcpp_lifecycle/share/rclcpp_lifecycle/hook/ld_library_path_lib.ps1'
[9.778s] INFO:colcon.colcon_core.shell:Creating environment descriptor '/home/pengbo/rclcpp_cbg/ros2_rclcpp/install/rclcpp_lifecycle/share/rclcpp_lifecycle/hook/ld_library_path_lib.dsv'
[9.778s] INFO:colcon.colcon_core.shell:Creating environment hook '/home/pengbo/rclcpp_cbg/ros2_rclcpp/install/rclcpp_lifecycle/share/rclcpp_lifecycle/hook/ld_library_path_lib.sh'
[9.778s] Level 1:colcon.colcon_core.environment:checking '/home/pengbo/rclcpp_cbg/ros2_rclcpp/install/rclcpp_lifecycle/bin'
[9.778s] Level 1:colcon.colcon_core.environment:checking '/home/pengbo/rclcpp_cbg/ros2_rclcpp/install/rclcpp_lifecycle/lib/pkgconfig/rclcpp_lifecycle.pc'
[9.778s] Level 1:colcon.colcon_core.environment:checking '/home/pengbo/rclcpp_cbg/ros2_rclcpp/install/rclcpp_lifecycle/lib/python3.8/site-packages'
[9.779s] INFO:colcon.colcon_core.shell:Creating package script '/home/pengbo/rclcpp_cbg/ros2_rclcpp/install/rclcpp_lifecycle/share/rclcpp_lifecycle/package.ps1'
[9.779s] INFO:colcon.colcon_core.shell:Creating package descriptor '/home/pengbo/rclcpp_cbg/ros2_rclcpp/install/rclcpp_lifecycle/share/rclcpp_lifecycle/package.dsv'
[9.780s] INFO:colcon.colcon_core.shell:Creating package script '/home/pengbo/rclcpp_cbg/ros2_rclcpp/install/rclcpp_lifecycle/share/rclcpp_lifecycle/package.sh'
[9.780s] INFO:colcon.colcon_core.shell:Creating package script '/home/pengbo/rclcpp_cbg/ros2_rclcpp/install/rclcpp_lifecycle/share/rclcpp_lifecycle/package.bash'
[9.780s] INFO:colcon.colcon_core.shell:Creating package script '/home/pengbo/rclcpp_cbg/ros2_rclcpp/install/rclcpp_lifecycle/share/rclcpp_lifecycle/package.zsh'
[9.780s] Level 1:colcon.colcon_core.environment:create_file_with_runtime_dependencies(/home/pengbo/rclcpp_cbg/ros2_rclcpp/install/rclcpp_lifecycle/share/colcon-core/packages/rclcpp_lifecycle)
[9.800s] Level 1:colcon.colcon_core.environment:create_environment_scripts_only(rclcpp_action)
[9.801s] Level 1:colcon.colcon_core.environment:checking '/home/pengbo/rclcpp_cbg/ros2_rclcpp/install/rclcpp_action' for CMake module files
[9.801s] Level 1:colcon.colcon_core.environment:checking '/home/pengbo/rclcpp_cbg/ros2_rclcpp/install/rclcpp_action' for CMake config files
[9.802s] Level 1:colcon.colcon_core.shell:create_environment_hook('rclcpp_action', 'cmake_prefix_path')
[9.802s] INFO:colcon.colcon_core.shell:Creating environment hook '/home/pengbo/rclcpp_cbg/ros2_rclcpp/install/rclcpp_action/share/rclcpp_action/hook/cmake_prefix_path.ps1'
[9.802s] INFO:colcon.colcon_core.shell:Creating environment descriptor '/home/pengbo/rclcpp_cbg/ros2_rclcpp/install/rclcpp_action/share/rclcpp_action/hook/cmake_prefix_path.dsv'
[9.803s] INFO:colcon.colcon_core.shell:Creating environment hook '/home/pengbo/rclcpp_cbg/ros2_rclcpp/install/rclcpp_action/share/rclcpp_action/hook/cmake_prefix_path.sh'
[9.803s] Level 1:colcon.colcon_core.environment:checking '/home/pengbo/rclcpp_cbg/ros2_rclcpp/install/rclcpp_action/lib'
[9.803s] Level 1:colcon.colcon_core.shell:create_environment_hook('rclcpp_action', 'ld_library_path_lib')
[9.804s] INFO:colcon.colcon_core.shell:Creating environment hook '/home/pengbo/rclcpp_cbg/ros2_rclcpp/install/rclcpp_action/share/rclcpp_action/hook/ld_library_path_lib.ps1'
[9.804s] INFO:colcon.colcon_core.shell:Creating environment descriptor '/home/pengbo/rclcpp_cbg/ros2_rclcpp/install/rclcpp_action/share/rclcpp_action/hook/ld_library_path_lib.dsv'
[9.804s] INFO:colcon.colcon_core.shell:Creating environment hook '/home/pengbo/rclcpp_cbg/ros2_rclcpp/install/rclcpp_action/share/rclcpp_action/hook/ld_library_path_lib.sh'
[9.805s] Level 1:colcon.colcon_core.environment:checking '/home/pengbo/rclcpp_cbg/ros2_rclcpp/install/rclcpp_action/bin'
[9.805s] Level 1:colcon.colcon_core.environment:checking '/home/pengbo/rclcpp_cbg/ros2_rclcpp/install/rclcpp_action/lib/pkgconfig/rclcpp_action.pc'
[9.805s] Level 1:colcon.colcon_core.environment:checking '/home/pengbo/rclcpp_cbg/ros2_rclcpp/install/rclcpp_action/lib/python3.8/site-packages'
[9.805s] INFO:colcon.colcon_core.shell:Creating package script '/home/pengbo/rclcpp_cbg/ros2_rclcpp/install/rclcpp_action/share/rclcpp_action/package.ps1'
[9.806s] INFO:colcon.colcon_core.shell:Creating package descriptor '/home/pengbo/rclcpp_cbg/ros2_rclcpp/install/rclcpp_action/share/rclcpp_action/package.dsv'
[9.806s] INFO:colcon.colcon_core.shell:Creating package script '/home/pengbo/rclcpp_cbg/ros2_rclcpp/install/rclcpp_action/share/rclcpp_action/package.sh'
[9.807s] INFO:colcon.colcon_core.shell:Creating package script '/home/pengbo/rclcpp_cbg/ros2_rclcpp/install/rclcpp_action/share/rclcpp_action/package.bash'
[9.807s] INFO:colcon.colcon_core.shell:Creating package script '/home/pengbo/rclcpp_cbg/ros2_rclcpp/install/rclcpp_action/share/rclcpp_action/package.zsh'
[9.807s] Level 1:colcon.colcon_core.environment:create_file_with_runtime_dependencies(/home/pengbo/rclcpp_cbg/ros2_rclcpp/install/rclcpp_action/share/colcon-core/packages/rclcpp_action)
[9.812s] Level 1:colcon.colcon_core.environment:create_environment_scripts_only(rclcpp_lifecycle)
[9.813s] Level 1:colcon.colcon_core.environment:checking '/home/pengbo/rclcpp_cbg/ros2_rclcpp/install/rclcpp_lifecycle' for CMake module files
[9.813s] Level 1:colcon.colcon_core.environment:checking '/home/pengbo/rclcpp_cbg/ros2_rclcpp/install/rclcpp_lifecycle' for CMake config files
[9.813s] Level 1:colcon.colcon_core.shell:create_environment_hook('rclcpp_lifecycle', 'cmake_prefix_path')
[9.813s] INFO:colcon.colcon_core.shell:Creating environment hook '/home/pengbo/rclcpp_cbg/ros2_rclcpp/install/rclcpp_lifecycle/share/rclcpp_lifecycle/hook/cmake_prefix_path.ps1'
[9.813s] INFO:colcon.colcon_core.shell:Creating environment descriptor '/home/pengbo/rclcpp_cbg/ros2_rclcpp/install/rclcpp_lifecycle/share/rclcpp_lifecycle/hook/cmake_prefix_path.dsv'
[9.814s] INFO:colcon.colcon_core.shell:Creating environment hook '/home/pengbo/rclcpp_cbg/ros2_rclcpp/install/rclcpp_lifecycle/share/rclcpp_lifecycle/hook/cmake_prefix_path.sh'
[9.814s] Level 1:colcon.colcon_core.environment:checking '/home/pengbo/rclcpp_cbg/ros2_rclcpp/install/rclcpp_lifecycle/lib'
[9.814s] Level 1:colcon.colcon_core.shell:create_environment_hook('rclcpp_lifecycle', 'ld_library_path_lib')
[9.814s] INFO:colcon.colcon_core.shell:Creating environment hook '/home/pengbo/rclcpp_cbg/ros2_rclcpp/install/rclcpp_lifecycle/share/rclcpp_lifecycle/hook/ld_library_path_lib.ps1'
[9.814s] INFO:colcon.colcon_core.shell:Creating environment descriptor '/home/pengbo/rclcpp_cbg/ros2_rclcpp/install/rclcpp_lifecycle/share/rclcpp_lifecycle/hook/ld_library_path_lib.dsv'
[9.815s] INFO:colcon.colcon_core.shell:Creating environment hook '/home/pengbo/rclcpp_cbg/ros2_rclcpp/install/rclcpp_lifecycle/share/rclcpp_lifecycle/hook/ld_library_path_lib.sh'
[9.815s] Level 1:colcon.colcon_core.environment:checking '/home/pengbo/rclcpp_cbg/ros2_rclcpp/install/rclcpp_lifecycle/bin'
[9.815s] Level 1:colcon.colcon_core.environment:checking '/home/pengbo/rclcpp_cbg/ros2_rclcpp/install/rclcpp_lifecycle/lib/pkgconfig/rclcpp_lifecycle.pc'
[9.815s] Level 1:colcon.colcon_core.environment:checking '/home/pengbo/rclcpp_cbg/ros2_rclcpp/install/rclcpp_lifecycle/lib/python3.8/site-packages'
[9.815s] INFO:colcon.colcon_core.shell:Creating package script '/home/pengbo/rclcpp_cbg/ros2_rclcpp/install/rclcpp_lifecycle/share/rclcpp_lifecycle/package.ps1'
[9.816s] INFO:colcon.colcon_core.shell:Creating package descriptor '/home/pengbo/rclcpp_cbg/ros2_rclcpp/install/rclcpp_lifecycle/share/rclcpp_lifecycle/package.dsv'
[9.816s] INFO:colcon.colcon_core.shell:Creating package script '/home/pengbo/rclcpp_cbg/ros2_rclcpp/install/rclcpp_lifecycle/share/rclcpp_lifecycle/package.sh'
[9.816s] INFO:colcon.colcon_core.shell:Creating package script '/home/pengbo/rclcpp_cbg/ros2_rclcpp/install/rclcpp_lifecycle/share/rclcpp_lifecycle/package.bash'
[9.816s] INFO:colcon.colcon_core.shell:Creating package script '/home/pengbo/rclcpp_cbg/ros2_rclcpp/install/rclcpp_lifecycle/share/rclcpp_lifecycle/package.zsh'
[9.817s] Level 1:colcon.colcon_core.environment:create_file_with_runtime_dependencies(/home/pengbo/rclcpp_cbg/ros2_rclcpp/install/rclcpp_lifecycle/share/colcon-core/packages/rclcpp_lifecycle)
[9.817s] DEBUG:colcon.colcon_parallel_executor.executor.parallel:closing loop
[9.817s] DEBUG:colcon.colcon_parallel_executor.executor.parallel:loop closed
[9.817s] DEBUG:colcon.colcon_parallel_executor.executor.parallel:run_until_complete finished with '0'
[9.817s] DEBUG:colcon.colcon_core.event_reactor:joining thread
[9.823s] INFO:colcon.colcon_core.plugin_system:Skipping extension 'colcon_notification.desktop_notification.terminal_notifier': Not used on non-Darwin systems
[9.823s] INFO:colcon.colcon_core.plugin_system:Skipping extension 'colcon_notification.desktop_notification.win32': Not used on non-Windows systems
[9.823s] INFO:colcon.colcon_notification.desktop_notification:Sending desktop notification using 'notify2'
[9.847s] DEBUG:colcon.colcon_core.event_reactor:joined thread
[9.848s] INFO:colcon.colcon_core.shell:Creating prefix script '/home/pengbo/rclcpp_cbg/ros2_rclcpp/install/local_setup.ps1'
[9.850s] INFO:colcon.colcon_core.shell:Creating prefix util module '/home/pengbo/rclcpp_cbg/ros2_rclcpp/install/_local_setup_util_ps1.py'
[9.851s] INFO:colcon.colcon_core.shell:Creating prefix chain script '/home/pengbo/rclcpp_cbg/ros2_rclcpp/install/setup.ps1'
[9.854s] INFO:colcon.colcon_core.shell:Creating prefix script '/home/pengbo/rclcpp_cbg/ros2_rclcpp/install/local_setup.sh'
[9.854s] INFO:colcon.colcon_core.shell:Creating prefix util module '/home/pengbo/rclcpp_cbg/ros2_rclcpp/install/_local_setup_util_sh.py'
[9.855s] INFO:colcon.colcon_core.shell:Creating prefix chain script '/home/pengbo/rclcpp_cbg/ros2_rclcpp/install/setup.sh'
[9.857s] INFO:colcon.colcon_core.shell:Creating prefix script '/home/pengbo/rclcpp_cbg/ros2_rclcpp/install/local_setup.bash'
[9.858s] INFO:colcon.colcon_core.shell:Creating prefix chain script '/home/pengbo/rclcpp_cbg/ros2_rclcpp/install/setup.bash'
[9.860s] INFO:colcon.colcon_core.shell:Creating prefix script '/home/pengbo/rclcpp_cbg/ros2_rclcpp/install/local_setup.zsh'
[9.860s] INFO:colcon.colcon_core.shell:Creating prefix chain script '/home/pengbo/rclcpp_cbg/ros2_rclcpp/install/setup.zsh'
