Performing C SOURCE FILE Test CMAKE_HAVE_LIBC_PTHREAD failed with the following output:
Change Dir: /home/pengbo/rclcpp_cbg/build/rclcpp_action/CMakeFiles/CMakeTmp

Run Build Command(s):/usr/bin/make cmTC_032b1/fast && /usr/bin/make -f CMakeFiles/cmTC_032b1.dir/build.make CMakeFiles/cmTC_032b1.dir/build
make[1]: Entering directory '/home/pengbo/rclcpp_cbg/build/rclcpp_action/CMakeFiles/CMakeTmp'
Building C object CMakeFiles/cmTC_032b1.dir/src.c.o
/usr/bin/cc   -DCMAKE_HAVE_LIBC_PTHREAD   -o CMakeFiles/cmTC_032b1.dir/src.c.o   -c /home/pengbo/rclcpp_cbg/build/rclcpp_action/CMakeFiles/CMakeTmp/src.c
Linking C executable cmTC_032b1
/usr/bin/cmake -E cmake_link_script CMakeFiles/cmTC_032b1.dir/link.txt --verbose=1
/usr/bin/cc  -DCMAKE_HAVE_LIBC_PTHREAD    CMakeFiles/cmTC_032b1.dir/src.c.o  -o cmTC_032b1 
/usr/bin/ld: CMakeFiles/cmTC_032b1.dir/src.c.o: in function `main':
src.c:(.text+0x46): undefined reference to `pthread_create'
/usr/bin/ld: src.c:(.text+0x52): undefined reference to `pthread_detach'
/usr/bin/ld: src.c:(.text+0x63): undefined reference to `pthread_join'
collect2: error: ld returned 1 exit status
make[1]: *** [CMakeFiles/cmTC_032b1.dir/build.make:87: cmTC_032b1] Error 1
make[1]: Leaving directory '/home/pengbo/rclcpp_cbg/build/rclcpp_action/CMakeFiles/CMakeTmp'
make: *** [Makefile:121: cmTC_032b1/fast] Error 2


Source file was:
#include <pthread.h>

void* test_func(void* data)
{
  return data;
}

int main(void)
{
  pthread_t thread;
  pthread_create(&thread, NULL, test_func, NULL);
  pthread_detach(thread);
  pthread_join(thread, NULL);
  pthread_atfork(NULL, NULL, NULL);
  pthread_exit(NULL);

  return 0;
}

Determining if the function pthread_create exists in the pthreads failed with the following output:
Change Dir: /home/pengbo/rclcpp_cbg/build/rclcpp_action/CMakeFiles/CMakeTmp

Run Build Command(s):/usr/bin/make cmTC_38003/fast && /usr/bin/make -f CMakeFiles/cmTC_38003.dir/build.make CMakeFiles/cmTC_38003.dir/build
make[1]: Entering directory '/home/pengbo/rclcpp_cbg/build/rclcpp_action/CMakeFiles/CMakeTmp'
Building C object CMakeFiles/cmTC_38003.dir/CheckFunctionExists.c.o
/usr/bin/cc   -DCHECK_FUNCTION_EXISTS=pthread_create   -o CMakeFiles/cmTC_38003.dir/CheckFunctionExists.c.o   -c /usr/share/cmake-3.16/Modules/CheckFunctionExists.c
Linking C executable cmTC_38003
/usr/bin/cmake -E cmake_link_script CMakeFiles/cmTC_38003.dir/link.txt --verbose=1
/usr/bin/cc  -DCHECK_FUNCTION_EXISTS=pthread_create    CMakeFiles/cmTC_38003.dir/CheckFunctionExists.c.o  -o cmTC_38003  -lpthreads 
/usr/bin/ld: cannot find -lpthreads
collect2: error: ld returned 1 exit status
make[1]: *** [CMakeFiles/cmTC_38003.dir/build.make:87: cmTC_38003] Error 1
make[1]: Leaving directory '/home/pengbo/rclcpp_cbg/build/rclcpp_action/CMakeFiles/CMakeTmp'
make: *** [Makefile:121: cmTC_38003/fast] Error 2



Performing C SOURCE FILE Test CMAKE_HAVE_LIBC_PTHREAD failed with the following output:
Change Dir: /home/pengbo/rclcpp_cbg/build/rclcpp_action/CMakeFiles/CMakeTmp

Run Build Command(s):/usr/bin/make cmTC_917f0/fast && /usr/bin/make -f CMakeFiles/cmTC_917f0.dir/build.make CMakeFiles/cmTC_917f0.dir/build
make[1]: Entering directory '/home/pengbo/rclcpp_cbg/build/rclcpp_action/CMakeFiles/CMakeTmp'
Building C object CMakeFiles/cmTC_917f0.dir/src.c.o
/usr/bin/cc   -DCMAKE_HAVE_LIBC_PTHREAD   -o CMakeFiles/cmTC_917f0.dir/src.c.o   -c /home/pengbo/rclcpp_cbg/build/rclcpp_action/CMakeFiles/CMakeTmp/src.c
Linking C executable cmTC_917f0
/usr/bin/cmake -E cmake_link_script CMakeFiles/cmTC_917f0.dir/link.txt --verbose=1
/usr/bin/cc  -DCMAKE_HAVE_LIBC_PTHREAD    CMakeFiles/cmTC_917f0.dir/src.c.o  -o cmTC_917f0 
/usr/bin/ld: CMakeFiles/cmTC_917f0.dir/src.c.o: in function `main':
src.c:(.text+0x46): undefined reference to `pthread_create'
/usr/bin/ld: src.c:(.text+0x52): undefined reference to `pthread_detach'
/usr/bin/ld: src.c:(.text+0x63): undefined reference to `pthread_join'
collect2: error: ld returned 1 exit status
make[1]: *** [CMakeFiles/cmTC_917f0.dir/build.make:87: cmTC_917f0] Error 1
make[1]: Leaving directory '/home/pengbo/rclcpp_cbg/build/rclcpp_action/CMakeFiles/CMakeTmp'
make: *** [Makefile:121: cmTC_917f0/fast] Error 2


Source file was:
#include <pthread.h>

void* test_func(void* data)
{
  return data;
}

int main(void)
{
  pthread_t thread;
  pthread_create(&thread, NULL, test_func, NULL);
  pthread_detach(thread);
  pthread_join(thread, NULL);
  pthread_atfork(NULL, NULL, NULL);
  pthread_exit(NULL);

  return 0;
}

Determining if the function pthread_create exists in the pthreads failed with the following output:
Change Dir: /home/pengbo/rclcpp_cbg/build/rclcpp_action/CMakeFiles/CMakeTmp

Run Build Command(s):/usr/bin/make cmTC_cf973/fast && /usr/bin/make -f CMakeFiles/cmTC_cf973.dir/build.make CMakeFiles/cmTC_cf973.dir/build
make[1]: Entering directory '/home/pengbo/rclcpp_cbg/build/rclcpp_action/CMakeFiles/CMakeTmp'
Building C object CMakeFiles/cmTC_cf973.dir/CheckFunctionExists.c.o
/usr/bin/cc   -DCHECK_FUNCTION_EXISTS=pthread_create   -o CMakeFiles/cmTC_cf973.dir/CheckFunctionExists.c.o   -c /usr/share/cmake-3.16/Modules/CheckFunctionExists.c
Linking C executable cmTC_cf973
/usr/bin/cmake -E cmake_link_script CMakeFiles/cmTC_cf973.dir/link.txt --verbose=1
/usr/bin/cc  -DCHECK_FUNCTION_EXISTS=pthread_create    CMakeFiles/cmTC_cf973.dir/CheckFunctionExists.c.o  -o cmTC_cf973  -lpthreads 
/usr/bin/ld: cannot find -lpthreads
collect2: error: ld returned 1 exit status
make[1]: *** [CMakeFiles/cmTC_cf973.dir/build.make:87: cmTC_cf973] Error 1
make[1]: Leaving directory '/home/pengbo/rclcpp_cbg/build/rclcpp_action/CMakeFiles/CMakeTmp'
make: *** [Makefile:121: cmTC_cf973/fast] Error 2



