[0.012s] Invoking command in '/home/pengbo/rclcpp_cbg/ros2_rclcpp/build/rclcpp_action': AMENT_PREFIX_PATH=/home/pengbo/rclcpp_cbg/ros2_rclcpp/install/rclcpp CMAKE_PREFIX_PATH=/home/pengbo/rclcpp_cbg/ros2_rclcpp/install/rclcpp LD_LIBRARY_PATH=/home/pengbo/rclcpp_cbg/ros2_rclcpp/install/rclcpp/lib /usr/bin/cmake --build /home/pengbo/rclcpp_cbg/ros2_rclcpp/build/rclcpp_action -- -j12 -l12
[0.049s] [ 11%] Built target gtest
[0.057s] [ 22%] Built target gtest_main
[0.062s] [ 27%] [32m[1mLinking CXX shared library librclcpp_action.so[0m
[0.353s] [ 55%] Built target rclcpp_action
[0.366s] [35m[1mScanning dependencies of target test_server[0m
[0.367s] [35m[1mScanning dependencies of target test_client[0m
[0.374s] [ 61%] [32m[1mLinking CXX executable test_traits[0m
[0.375s] [ 66%] [32m[1mLinking CXX executable test_types[0m
[0.410s] [ 72%] [32mBuilding CXX object CMakeFiles/test_client.dir/test/test_client.cpp.o[0m
[0.414s] [ 77%] [32mBuilding CXX object CMakeFiles/test_server.dir/test/test_server.cpp.o[0m
[0.557s] [ 83%] Built target test_traits
[0.601s] [ 88%] Built target test_types
[7.136s] [ 94%] [32m[1mLinking CXX executable test_client[0m
[7.586s] [ 94%] Built target test_client
[9.862s] [100%] [32m[1mLinking CXX executable test_server[0m
[10.290s] [100%] Built target test_server
[10.302s] Invoked command in '/home/pengbo/rclcpp_cbg/ros2_rclcpp/build/rclcpp_action' returned '0': AMENT_PREFIX_PATH=/home/pengbo/rclcpp_cbg/ros2_rclcpp/install/rclcpp CMAKE_PREFIX_PATH=/home/pengbo/rclcpp_cbg/ros2_rclcpp/install/rclcpp LD_LIBRARY_PATH=/home/pengbo/rclcpp_cbg/ros2_rclcpp/install/rclcpp/lib /usr/bin/cmake --build /home/pengbo/rclcpp_cbg/ros2_rclcpp/build/rclcpp_action -- -j12 -l12
[10.334s] Invoking command in '/home/pengbo/rclcpp_cbg/ros2_rclcpp/build/rclcpp_action': AMENT_PREFIX_PATH=/home/pengbo/rclcpp_cbg/ros2_rclcpp/install/rclcpp CMAKE_PREFIX_PATH=/home/pengbo/rclcpp_cbg/ros2_rclcpp/install/rclcpp LD_LIBRARY_PATH=/home/pengbo/rclcpp_cbg/ros2_rclcpp/install/rclcpp/lib /usr/bin/cmake --install /home/pengbo/rclcpp_cbg/ros2_rclcpp/build/rclcpp_action
[10.341s] -- Install configuration: ""
[10.341s] -- Up-to-date: /home/pengbo/rclcpp_cbg/ros2_rclcpp/install/rclcpp_action/include
[10.341s] -- Up-to-date: /home/pengbo/rclcpp_cbg/ros2_rclcpp/install/rclcpp_action/include/rclcpp_action
[10.341s] -- Up-to-date: /home/pengbo/rclcpp_cbg/ros2_rclcpp/install/rclcpp_action/include/rclcpp_action/visibility_control.hpp
[10.341s] -- Up-to-date: /home/pengbo/rclcpp_cbg/ros2_rclcpp/install/rclcpp_action/include/rclcpp_action/client_goal_handle_impl.hpp
[10.341s] -- Up-to-date: /home/pengbo/rclcpp_cbg/ros2_rclcpp/install/rclcpp_action/include/rclcpp_action/client_goal_handle.hpp
[10.341s] -- Up-to-date: /home/pengbo/rclcpp_cbg/ros2_rclcpp/install/rclcpp_action/include/rclcpp_action/qos.hpp
[10.341s] -- Up-to-date: /home/pengbo/rclcpp_cbg/ros2_rclcpp/install/rclcpp_action/include/rclcpp_action/types.hpp
[10.342s] -- Up-to-date: /home/pengbo/rclcpp_cbg/ros2_rclcpp/install/rclcpp_action/include/rclcpp_action/server_goal_handle.hpp
[10.342s] -- Up-to-date: /home/pengbo/rclcpp_cbg/ros2_rclcpp/install/rclcpp_action/include/rclcpp_action/server.hpp
[10.342s] -- Up-to-date: /home/pengbo/rclcpp_cbg/ros2_rclcpp/install/rclcpp_action/include/rclcpp_action/rclcpp_action.hpp
[10.342s] -- Up-to-date: /home/pengbo/rclcpp_cbg/ros2_rclcpp/install/rclcpp_action/include/rclcpp_action/exceptions.hpp
[10.342s] -- Up-to-date: /home/pengbo/rclcpp_cbg/ros2_rclcpp/install/rclcpp_action/include/rclcpp_action/create_client.hpp
[10.342s] -- Up-to-date: /home/pengbo/rclcpp_cbg/ros2_rclcpp/install/rclcpp_action/include/rclcpp_action/create_server.hpp
[10.342s] -- Up-to-date: /home/pengbo/rclcpp_cbg/ros2_rclcpp/install/rclcpp_action/include/rclcpp_action/client.hpp
[10.342s] -- Installing: /home/pengbo/rclcpp_cbg/ros2_rclcpp/install/rclcpp_action/lib/librclcpp_action.so
[10.343s] -- Set runtime path of "/home/pengbo/rclcpp_cbg/ros2_rclcpp/install/rclcpp_action/lib/librclcpp_action.so" to ""
[10.343s] -- Up-to-date: /home/pengbo/rclcpp_cbg/ros2_rclcpp/install/rclcpp_action/share/rclcpp_action/environment/library_path.sh
[10.343s] -- Up-to-date: /home/pengbo/rclcpp_cbg/ros2_rclcpp/install/rclcpp_action/share/rclcpp_action/environment/library_path.dsv
[10.343s] -- Up-to-date: /home/pengbo/rclcpp_cbg/ros2_rclcpp/install/rclcpp_action/share/ament_index/resource_index/package_run_dependencies/rclcpp_action
[10.344s] -- Up-to-date: /home/pengbo/rclcpp_cbg/ros2_rclcpp/install/rclcpp_action/share/ament_index/resource_index/parent_prefix_path/rclcpp_action
[10.344s] -- Up-to-date: /home/pengbo/rclcpp_cbg/ros2_rclcpp/install/rclcpp_action/share/rclcpp_action/environment/ament_prefix_path.dsv
[10.344s] -- Up-to-date: /home/pengbo/rclcpp_cbg/ros2_rclcpp/install/rclcpp_action/share/rclcpp_action/environment/path.dsv
[10.344s] -- Up-to-date: /home/pengbo/rclcpp_cbg/ros2_rclcpp/install/rclcpp_action/share/rclcpp_action/local_setup.bash
[10.344s] -- Up-to-date: /home/pengbo/rclcpp_cbg/ros2_rclcpp/install/rclcpp_action/share/rclcpp_action/local_setup.sh
[10.344s] -- Up-to-date: /home/pengbo/rclcpp_cbg/ros2_rclcpp/install/rclcpp_action/share/rclcpp_action/local_setup.zsh
[10.344s] -- Up-to-date: /home/pengbo/rclcpp_cbg/ros2_rclcpp/install/rclcpp_action/share/rclcpp_action/local_setup.dsv
[10.345s] -- Installing: /home/pengbo/rclcpp_cbg/ros2_rclcpp/install/rclcpp_action/share/rclcpp_action/package.dsv
[10.345s] -- Up-to-date: /home/pengbo/rclcpp_cbg/ros2_rclcpp/install/rclcpp_action/share/ament_index/resource_index/packages/rclcpp_action
[10.345s] -- Up-to-date: /home/pengbo/rclcpp_cbg/ros2_rclcpp/install/rclcpp_action/share/rclcpp_action/cmake/rclcpp_actionExport.cmake
[10.346s] -- Up-to-date: /home/pengbo/rclcpp_cbg/ros2_rclcpp/install/rclcpp_action/share/rclcpp_action/cmake/rclcpp_actionExport-noconfig.cmake
[10.346s] -- Up-to-date: /home/pengbo/rclcpp_cbg/ros2_rclcpp/install/rclcpp_action/share/rclcpp_action/cmake/ament_cmake_export_include_directories-extras.cmake
[10.347s] -- Up-to-date: /home/pengbo/rclcpp_cbg/ros2_rclcpp/install/rclcpp_action/share/rclcpp_action/cmake/ament_cmake_export_libraries-extras.cmake
[10.348s] -- Up-to-date: /home/pengbo/rclcpp_cbg/ros2_rclcpp/install/rclcpp_action/share/rclcpp_action/cmake/ament_cmake_export_targets-extras.cmake
[10.348s] -- Up-to-date: /home/pengbo/rclcpp_cbg/ros2_rclcpp/install/rclcpp_action/share/rclcpp_action/cmake/ament_cmake_export_dependencies-extras.cmake
[10.348s] -- Up-to-date: /home/pengbo/rclcpp_cbg/ros2_rclcpp/install/rclcpp_action/share/rclcpp_action/cmake/rclcpp_actionConfig.cmake
[10.349s] -- Up-to-date: /home/pengbo/rclcpp_cbg/ros2_rclcpp/install/rclcpp_action/share/rclcpp_action/cmake/rclcpp_actionConfig-version.cmake
[10.349s] -- Up-to-date: /home/pengbo/rclcpp_cbg/ros2_rclcpp/install/rclcpp_action/share/rclcpp_action/package.xml
[10.354s] Invoked command in '/home/pengbo/rclcpp_cbg/ros2_rclcpp/build/rclcpp_action' returned '0': AMENT_PREFIX_PATH=/home/pengbo/rclcpp_cbg/ros2_rclcpp/install/rclcpp CMAKE_PREFIX_PATH=/home/pengbo/rclcpp_cbg/ros2_rclcpp/install/rclcpp LD_LIBRARY_PATH=/home/pengbo/rclcpp_cbg/ros2_rclcpp/install/rclcpp/lib /usr/bin/cmake --install /home/pengbo/rclcpp_cbg/ros2_rclcpp/build/rclcpp_action
