[  0%] Built target rclcpp_test_msgs__cpp
[  1%] Built target gmock
[  2%] Built target gmock_main
[  3%] Built target gtest
[  6%] Built target gtest_main
[  6%] Built target rclcpp_test_msgs__rosidl_generator_c
[  8%] Built target rclcpp_test_msgs__rosidl_typesupport_cpp
[ 10%] Built target rclcpp_test_msgs__rosidl_typesupport_introspection_cpp
[35m[1mScanning dependencies of target rclcpp[0m
[ 12%] Built target rclcpp_test_msgs__rosidl_typesupport_fastrtps_cpp
[ 14%] Built target rclcpp_test_msgs__rosidl_typesupport_introspection_c
[ 15%] Built target rclcpp_test_msgs__rosidl_typesupport_c
[ 16%] Built target test_function_traits
[ 18%] Built target rclcpp_test_msgs__rosidl_typesupport_fastrtps_c
[ 18%] Built target rclcpp_test_msgs
[ 18%] [32mBuilding CXX object CMakeFiles/rclcpp.dir/src/rclcpp/executors/single_threaded_executor.cpp.o[0m
[ 18%] Built target rclcpp_test_msgs__py
[ 20%] Built target rclcpp_test_msgs__python
[ 21%] Built target rclcpp__rosidl_typesupport_fastrtps_c__pyext
[ 22%] Built target rclcpp__rosidl_typesupport_introspection_c__pyext
[ 23%] Built target rclcpp__rosidl_typesupport_c__pyext
[01m[K/home/pengbo/rclcpp_cbg/ros2_rclcpp/rclcpp/src/rclcpp/executors/single_threaded_executor.cpp:[m[K In member function ‘[01m[Kvoid rclcpp::executors::SingleThreadedExecutor::executor_spin_one_period(uint64_t)[m[K’:
[01m[K/home/pengbo/rclcpp_cbg/ros2_rclcpp/rclcpp/src/rclcpp/executors/single_threaded_executor.cpp:183:33:[m[K [01;35m[Kwarning: [m[Kunused variable ‘[01m[Kcurrent_time[m[K’ [[01;35m[K-Wunused-variable[m[K]
  183 |    struct timespec wakeup_time, [01;35m[Kcurrent_time[m[K;
      |                                 [01;35m[K^~~~~~~~~~~~[m[K
[01m[K/home/pengbo/rclcpp_cbg/ros2_rclcpp/rclcpp/src/rclcpp/executors/single_threaded_executor.cpp:[m[K In member function ‘[01m[Kstd::vector<long int, std::allocator<long int> > rclcpp::executors::SingleThreadedExecutor::spin(uint64_t)[m[K’:
[01m[K/home/pengbo/rclcpp_cbg/ros2_rclcpp/rclcpp/src/rclcpp/executors/single_threaded_executor.cpp:290:25:[m[K [01;31m[Kerror: [m[Kcannot convert ‘[01m[Ktimespec[m[K’ to ‘[01m[Kconst timespec*[m[K’
  290 |       multiply_timespec([01;31m[Kupdate_period[m[K, i, &theoretical_time);
      |                         [01;31m[K^~~~~~~~~~~~~[m[K
      |                         [01;31m[K|[m[K
      |                         [01;31m[Ktimespec[m[K
[01m[K/home/pengbo/rclcpp_cbg/ros2_rclcpp/rclcpp/src/rclcpp/executors/single_threaded_executor.cpp:64:27:[m[K [01;36m[Knote: [m[K  initializing argument 1 of ‘[01m[Kvoid multiply_timespec(const timespec*, uint32_t, timespec*)[m[K’
   64 |   [01;36m[Kconst struct timespec * t[m[K, const uint32_t i,
      |   [01;36m[K~~~~~~~~~~~~~~~~~~~~~~~~^[m[K
[01m[K/home/pengbo/rclcpp_cbg/ros2_rclcpp/rclcpp/src/rclcpp/executors/single_threaded_executor.cpp:277:32:[m[K [01;35m[Kwarning: [m[Kunused variable ‘[01m[Kcurrent_time[m[K’ [[01;35m[K-Wunused-variable[m[K]
  277 |   struct timespec wakeup_time, [01;35m[Kcurrent_time[m[K;
      |                                [01;35m[K^~~~~~~~~~~~[m[K
make[2]: *** [CMakeFiles/rclcpp.dir/build.make:389: CMakeFiles/rclcpp.dir/src/rclcpp/executors/single_threaded_executor.cpp.o] Error 1
make[1]: *** [CMakeFiles/Makefile2:1129: CMakeFiles/rclcpp.dir/all] Error 2
make: *** [Makefile:141: all] Error 2
