[0.008s] Invoking command in '/home/pengbo/rclcpp_cbg/ros2_rclcpp/build/rclcpp': /usr/bin/cmake --build /home/pengbo/rclcpp_cbg/ros2_rclcpp/build/rclcpp -- -j12 -l12
[0.061s] [  0%] Built target rclcpp_test_msgs__cpp
[0.061s] [  1%] Built target gmock
[0.062s] [  2%] Built target gmock_main
[0.064s] [  3%] Built target gtest
[0.067s] [  6%] Built target gtest_main
[0.067s] [  6%] Built target rclcpp_test_msgs__rosidl_generator_c
[0.076s] [  8%] Built target rclcpp_test_msgs__rosidl_typesupport_cpp
[0.076s] [ 10%] Built target rclcpp_test_msgs__rosidl_typesupport_introspection_cpp
[0.077s] [35m[1mScanning dependencies of target rclcpp[0m
[0.078s] [ 12%] Built target rclcpp_test_msgs__rosidl_typesupport_fastrtps_cpp
[0.082s] [ 14%] Built target rclcpp_test_msgs__rosidl_typesupport_introspection_c
[0.082s] [ 15%] Built target rclcpp_test_msgs__rosidl_typesupport_c
[0.083s] [ 16%] Built target test_function_traits
[0.100s] [ 18%] Built target rclcpp_test_msgs__rosidl_typesupport_fastrtps_c
[0.120s] [ 18%] Built target rclcpp_test_msgs
[0.133s] [ 18%] [32mBuilding CXX object CMakeFiles/rclcpp.dir/src/rclcpp/executors/single_threaded_executor.cpp.o[0m
[0.135s] [ 18%] Built target rclcpp_test_msgs__py
[0.153s] [ 20%] Built target rclcpp_test_msgs__python
[0.172s] [ 21%] Built target rclcpp__rosidl_typesupport_fastrtps_c__pyext
[0.173s] [ 22%] Built target rclcpp__rosidl_typesupport_introspection_c__pyext
[0.177s] [ 23%] Built target rclcpp__rosidl_typesupport_c__pyext
[0.884s] [01m[K/home/pengbo/rclcpp_cbg/ros2_rclcpp/rclcpp/src/rclcpp/executors/single_threaded_executor.cpp:[m[K In member function ‘[01m[Kvoid rclcpp::executors::SingleThreadedExecutor::executor_spin_one_period(uint64_t)[m[K’:
[0.884s] [01m[K/home/pengbo/rclcpp_cbg/ros2_rclcpp/rclcpp/src/rclcpp/executors/single_threaded_executor.cpp:183:33:[m[K [01;35m[Kwarning: [m[Kunused variable ‘[01m[Kcurrent_time[m[K’ [[01;35m[K-Wunused-variable[m[K]
[0.884s]   183 |    struct timespec wakeup_time, [01;35m[Kcurrent_time[m[K;
[0.884s]       |                                 [01;35m[K^~~~~~~~~~~~[m[K
[0.885s] [01m[K/home/pengbo/rclcpp_cbg/ros2_rclcpp/rclcpp/src/rclcpp/executors/single_threaded_executor.cpp:[m[K In member function ‘[01m[Kstd::vector<long int, std::allocator<long int> > rclcpp::executors::SingleThreadedExecutor::spin(uint64_t)[m[K’:
[0.885s] [01m[K/home/pengbo/rclcpp_cbg/ros2_rclcpp/rclcpp/src/rclcpp/executors/single_threaded_executor.cpp:290:25:[m[K [01;31m[Kerror: [m[Kcannot convert ‘[01m[Ktimespec[m[K’ to ‘[01m[Kconst timespec*[m[K’
[0.885s]   290 |       multiply_timespec([01;31m[Kupdate_period[m[K, i, &theoretical_time);
[0.885s]       |                         [01;31m[K^~~~~~~~~~~~~[m[K
[0.885s]       |                         [01;31m[K|[m[K
[0.885s]       |                         [01;31m[Ktimespec[m[K
[0.885s] [01m[K/home/pengbo/rclcpp_cbg/ros2_rclcpp/rclcpp/src/rclcpp/executors/single_threaded_executor.cpp:64:27:[m[K [01;36m[Knote: [m[K  initializing argument 1 of ‘[01m[Kvoid multiply_timespec(const timespec*, uint32_t, timespec*)[m[K’
[0.885s]    64 |   [01;36m[Kconst struct timespec * t[m[K, const uint32_t i,
[0.885s]       |   [01;36m[K~~~~~~~~~~~~~~~~~~~~~~~~^[m[K
[0.886s] [01m[K/home/pengbo/rclcpp_cbg/ros2_rclcpp/rclcpp/src/rclcpp/executors/single_threaded_executor.cpp:277:32:[m[K [01;35m[Kwarning: [m[Kunused variable ‘[01m[Kcurrent_time[m[K’ [[01;35m[K-Wunused-variable[m[K]
[0.886s]   277 |   struct timespec wakeup_time, [01;35m[Kcurrent_time[m[K;
[0.887s]       |                                [01;35m[K^~~~~~~~~~~~[m[K
[1.030s] make[2]: *** [CMakeFiles/rclcpp.dir/build.make:389: CMakeFiles/rclcpp.dir/src/rclcpp/executors/single_threaded_executor.cpp.o] Error 1
[1.030s] make[1]: *** [CMakeFiles/Makefile2:1129: CMakeFiles/rclcpp.dir/all] Error 2
[1.030s] make: *** [Makefile:141: all] Error 2
[1.033s] Invoked command in '/home/pengbo/rclcpp_cbg/ros2_rclcpp/build/rclcpp' returned '2': /usr/bin/cmake --build /home/pengbo/rclcpp_cbg/ros2_rclcpp/build/rclcpp -- -j12 -l12
