[0.016s] Invoking command in '/home/pengbo/rclcpp_cbg/ros2_rclcpp/build/rclcpp_lifecycle': AMENT_PREFIX_PATH=/home/pengbo/rclcpp_cbg/ros2_rclcpp/install/rclcpp CMAKE_PREFIX_PATH=/home/pengbo/rclcpp_cbg/ros2_rclcpp/install/rclcpp LD_LIBRARY_PATH=/home/pengbo/rclcpp_cbg/ros2_rclcpp/install/rclcpp/lib /usr/bin/cmake --build /home/pengbo/rclcpp_cbg/ros2_rclcpp/build/rclcpp_lifecycle -- -j12 -l12
[0.053s] [35m[1mScanning dependencies of target rclcpp_lifecycle[0m
[0.062s] [  8%] Built target gtest_main
[0.069s] [ 17%] Built target gtest
[0.130s] [ 21%] [32mBuilding CXX object CMakeFiles/rclcpp_lifecycle.dir/src/lifecycle_node.cpp.o[0m
[4.498s] [ 26%] [32m[1mLinking CXX shared library librclcpp_lifecycle.so[0m
[4.882s] [ 39%] Built target rclcpp_lifecycle
[4.899s] [35m[1mScanning dependencies of target test_callback_exceptions[0m
[4.900s] [35m[1mScanning dependencies of target test_state_machine_info[0m
[4.901s] [35m[1mScanning dependencies of target test_lifecycle_node[0m
[4.901s] [35m[1mScanning dependencies of target test_register_custom_callbacks[0m
[4.901s] [35m[1mScanning dependencies of target test_lifecycle_service_client[0m
[4.941s] [ 43%] [32m[1mLinking CXX executable test_state_wrapper[0m
[4.948s] [ 47%] [32m[1mLinking CXX executable test_transition_wrapper[0m
[5.012s] [ 52%] [32mBuilding CXX object CMakeFiles/test_lifecycle_service_client.dir/test/test_lifecycle_service_client.cpp.o[0m
[5.013s] [ 56%] [32mBuilding CXX object CMakeFiles/test_register_custom_callbacks.dir/test/test_register_custom_callbacks.cpp.o[0m
[5.025s] [ 60%] [32mBuilding CXX object CMakeFiles/test_callback_exceptions.dir/test/test_callback_exceptions.cpp.o[0m
[5.029s] [ 65%] [32mBuilding CXX object CMakeFiles/test_state_machine_info.dir/test/test_state_machine_info.cpp.o[0m
[5.040s] [ 69%] [32mBuilding CXX object CMakeFiles/test_lifecycle_node.dir/test/test_lifecycle_node.cpp.o[0m
[5.669s] [ 73%] Built target test_state_wrapper
[5.673s] [ 78%] Built target test_transition_wrapper
[11.503s] [ 82%] [32m[1mLinking CXX executable test_state_machine_info[0m
[11.619s] [ 86%] [32m[1mLinking CXX executable test_callback_exceptions[0m
[12.348s] [ 91%] [32m[1mLinking CXX executable test_register_custom_callbacks[0m
[12.504s] [ 91%] Built target test_callback_exceptions
[12.721s] [ 91%] Built target test_state_machine_info
[13.102s] [ 91%] Built target test_register_custom_callbacks
[14.833s] [ 95%] [32m[1mLinking CXX executable test_lifecycle_service_client[0m
[15.229s] [ 95%] Built target test_lifecycle_service_client
[17.121s] [100%] [32m[1mLinking CXX executable test_lifecycle_node[0m
[17.508s] [100%] Built target test_lifecycle_node
[17.516s] Invoked command in '/home/pengbo/rclcpp_cbg/ros2_rclcpp/build/rclcpp_lifecycle' returned '0': AMENT_PREFIX_PATH=/home/pengbo/rclcpp_cbg/ros2_rclcpp/install/rclcpp CMAKE_PREFIX_PATH=/home/pengbo/rclcpp_cbg/ros2_rclcpp/install/rclcpp LD_LIBRARY_PATH=/home/pengbo/rclcpp_cbg/ros2_rclcpp/install/rclcpp/lib /usr/bin/cmake --build /home/pengbo/rclcpp_cbg/ros2_rclcpp/build/rclcpp_lifecycle -- -j12 -l12
[17.552s] Invoking command in '/home/pengbo/rclcpp_cbg/ros2_rclcpp/build/rclcpp_lifecycle': AMENT_PREFIX_PATH=/home/pengbo/rclcpp_cbg/ros2_rclcpp/install/rclcpp CMAKE_PREFIX_PATH=/home/pengbo/rclcpp_cbg/ros2_rclcpp/install/rclcpp LD_LIBRARY_PATH=/home/pengbo/rclcpp_cbg/ros2_rclcpp/install/rclcpp/lib /usr/bin/cmake --install /home/pengbo/rclcpp_cbg/ros2_rclcpp/build/rclcpp_lifecycle
[17.558s] -- Install configuration: ""
[17.559s] -- Installing: /home/pengbo/rclcpp_cbg/ros2_rclcpp/install/rclcpp_lifecycle/lib/librclcpp_lifecycle.so
[17.561s] -- Set runtime path of "/home/pengbo/rclcpp_cbg/ros2_rclcpp/install/rclcpp_lifecycle/lib/librclcpp_lifecycle.so" to ""
[17.561s] -- Up-to-date: /home/pengbo/rclcpp_cbg/ros2_rclcpp/install/rclcpp_lifecycle/share/rclcpp_lifecycle/environment/library_path.sh
[17.561s] -- Up-to-date: /home/pengbo/rclcpp_cbg/ros2_rclcpp/install/rclcpp_lifecycle/share/rclcpp_lifecycle/environment/library_path.dsv
[17.561s] -- Up-to-date: /home/pengbo/rclcpp_cbg/ros2_rclcpp/install/rclcpp_lifecycle/share/ament_index/resource_index/package_run_dependencies/rclcpp_lifecycle
[17.561s] -- Up-to-date: /home/pengbo/rclcpp_cbg/ros2_rclcpp/install/rclcpp_lifecycle/share/ament_index/resource_index/parent_prefix_path/rclcpp_lifecycle
[17.561s] -- Up-to-date: /home/pengbo/rclcpp_cbg/ros2_rclcpp/install/rclcpp_lifecycle/share/rclcpp_lifecycle/environment/ament_prefix_path.dsv
[17.562s] -- Up-to-date: /home/pengbo/rclcpp_cbg/ros2_rclcpp/install/rclcpp_lifecycle/share/rclcpp_lifecycle/environment/path.dsv
[17.562s] -- Up-to-date: /home/pengbo/rclcpp_cbg/ros2_rclcpp/install/rclcpp_lifecycle/share/rclcpp_lifecycle/local_setup.bash
[17.562s] -- Up-to-date: /home/pengbo/rclcpp_cbg/ros2_rclcpp/install/rclcpp_lifecycle/share/rclcpp_lifecycle/local_setup.sh
[17.562s] -- Up-to-date: /home/pengbo/rclcpp_cbg/ros2_rclcpp/install/rclcpp_lifecycle/share/rclcpp_lifecycle/local_setup.zsh
[17.562s] -- Up-to-date: /home/pengbo/rclcpp_cbg/ros2_rclcpp/install/rclcpp_lifecycle/share/rclcpp_lifecycle/local_setup.dsv
[17.562s] -- Installing: /home/pengbo/rclcpp_cbg/ros2_rclcpp/install/rclcpp_lifecycle/share/rclcpp_lifecycle/package.dsv
[17.562s] -- Up-to-date: /home/pengbo/rclcpp_cbg/ros2_rclcpp/install/rclcpp_lifecycle/share/ament_index/resource_index/packages/rclcpp_lifecycle
[17.562s] -- Up-to-date: /home/pengbo/rclcpp_cbg/ros2_rclcpp/install/rclcpp_lifecycle/share/rclcpp_lifecycle/cmake/rclcpp_lifecycleExport.cmake
[17.562s] -- Up-to-date: /home/pengbo/rclcpp_cbg/ros2_rclcpp/install/rclcpp_lifecycle/share/rclcpp_lifecycle/cmake/rclcpp_lifecycleExport-noconfig.cmake
[17.563s] -- Up-to-date: /home/pengbo/rclcpp_cbg/ros2_rclcpp/install/rclcpp_lifecycle/share/rclcpp_lifecycle/cmake/ament_cmake_export_include_directories-extras.cmake
[17.563s] -- Up-to-date: /home/pengbo/rclcpp_cbg/ros2_rclcpp/install/rclcpp_lifecycle/share/rclcpp_lifecycle/cmake/ament_cmake_export_libraries-extras.cmake
[17.565s] -- Up-to-date: /home/pengbo/rclcpp_cbg/ros2_rclcpp/install/rclcpp_lifecycle/share/rclcpp_lifecycle/cmake/ament_cmake_export_targets-extras.cmake
[17.565s] -- Up-to-date: /home/pengbo/rclcpp_cbg/ros2_rclcpp/install/rclcpp_lifecycle/share/rclcpp_lifecycle/cmake/ament_cmake_export_dependencies-extras.cmake
[17.565s] -- Up-to-date: /home/pengbo/rclcpp_cbg/ros2_rclcpp/install/rclcpp_lifecycle/share/rclcpp_lifecycle/cmake/rclcpp_lifecycleConfig.cmake
[17.566s] -- Up-to-date: /home/pengbo/rclcpp_cbg/ros2_rclcpp/install/rclcpp_lifecycle/share/rclcpp_lifecycle/cmake/rclcpp_lifecycleConfig-version.cmake
[17.566s] -- Up-to-date: /home/pengbo/rclcpp_cbg/ros2_rclcpp/install/rclcpp_lifecycle/share/rclcpp_lifecycle/package.xml
[17.566s] -- Up-to-date: /home/pengbo/rclcpp_cbg/ros2_rclcpp/install/rclcpp_lifecycle/include
[17.566s] -- Up-to-date: /home/pengbo/rclcpp_cbg/ros2_rclcpp/install/rclcpp_lifecycle/include/rclcpp_lifecycle
[17.566s] -- Up-to-date: /home/pengbo/rclcpp_cbg/ros2_rclcpp/install/rclcpp_lifecycle/include/rclcpp_lifecycle/lifecycle_node.hpp
[17.567s] -- Up-to-date: /home/pengbo/rclcpp_cbg/ros2_rclcpp/install/rclcpp_lifecycle/include/rclcpp_lifecycle/node_interfaces
[17.567s] -- Up-to-date: /home/pengbo/rclcpp_cbg/ros2_rclcpp/install/rclcpp_lifecycle/include/rclcpp_lifecycle/node_interfaces/lifecycle_node_interface.hpp
[17.567s] -- Up-to-date: /home/pengbo/rclcpp_cbg/ros2_rclcpp/install/rclcpp_lifecycle/include/rclcpp_lifecycle/visibility_control.h
[17.567s] -- Up-to-date: /home/pengbo/rclcpp_cbg/ros2_rclcpp/install/rclcpp_lifecycle/include/rclcpp_lifecycle/lifecycle_node_impl.hpp
[17.567s] -- Up-to-date: /home/pengbo/rclcpp_cbg/ros2_rclcpp/install/rclcpp_lifecycle/include/rclcpp_lifecycle/state.hpp
[17.567s] -- Up-to-date: /home/pengbo/rclcpp_cbg/ros2_rclcpp/install/rclcpp_lifecycle/include/rclcpp_lifecycle/type_traits
[17.567s] -- Up-to-date: /home/pengbo/rclcpp_cbg/ros2_rclcpp/install/rclcpp_lifecycle/include/rclcpp_lifecycle/type_traits/is_manageable_node.hpp
[17.568s] -- Up-to-date: /home/pengbo/rclcpp_cbg/ros2_rclcpp/install/rclcpp_lifecycle/include/rclcpp_lifecycle/transition.hpp
[17.568s] -- Up-to-date: /home/pengbo/rclcpp_cbg/ros2_rclcpp/install/rclcpp_lifecycle/include/rclcpp_lifecycle/lifecycle_publisher.hpp
[17.568s] Invoked command in '/home/pengbo/rclcpp_cbg/ros2_rclcpp/build/rclcpp_lifecycle' returned '0': AMENT_PREFIX_PATH=/home/pengbo/rclcpp_cbg/ros2_rclcpp/install/rclcpp CMAKE_PREFIX_PATH=/home/pengbo/rclcpp_cbg/ros2_rclcpp/install/rclcpp LD_LIBRARY_PATH=/home/pengbo/rclcpp_cbg/ros2_rclcpp/install/rclcpp/lib /usr/bin/cmake --install /home/pengbo/rclcpp_cbg/ros2_rclcpp/build/rclcpp_lifecycle
