[0.095s] DEBUG:colcon:Command line arguments: ['/usr/bin/colcon', 'build']
[0.095s] DEBUG:colcon:Parsed command line arguments: Namespace(ament_cmake_args=None, base_paths=['.'], build_base='build', catkin_cmake_args=None, catkin_skip_building_tests=False, cmake_args=None, cmake_clean_cache=False, cmake_clean_first=False, cmake_force_configure=False, cmake_target=None, cmake_target_skip_unavailable=False, continue_on_error=False, event_handlers=None, executor='parallel', ignore_user_meta=False, install_base='install', log_base=None, log_level=None, main=<bound method BuildVerb.main of <colcon_core.verb.build.BuildVerb object at 0x7fb3c9983ac0>>, merge_install=False, metas=['./colcon.meta'], packages_above=None, packages_above_and_dependencies=None, packages_above_depth=None, packages_end=None, packages_ignore=None, packages_ignore_regex=None, packages_select=None, packages_select_build_failed=False, packages_select_by_dep=None, packages_select_regex=None, packages_select_test_failures=False, packages_skip=None, packages_skip_build_finished=False, packages_skip_by_dep=None, packages_skip_regex=None, packages_skip_test_passed=False, packages_skip_up_to=None, packages_start=None, packages_up_to=None, packages_up_to_regex=None, parallel_workers=12, paths=None, symlink_install=False, test_result_base=None, verb_extension=<colcon_core.verb.build.BuildVerb object at 0x7fb3c9983ac0>, verb_name='build', verb_parser=<colcon_defaults.argument_parser.defaults.DefaultArgumentsDecorator object at 0x7fb3c9990070>)
[0.098s] Level 1:colcon.colcon_core.package_discovery:discover_packages(colcon_meta) check parameters
[0.098s] Level 1:colcon.colcon_core.package_discovery:discover_packages(recursive) check parameters
[0.098s] Level 1:colcon.colcon_core.package_discovery:discover_packages(ignore) check parameters
[0.098s] Level 1:colcon.colcon_core.package_discovery:discover_packages(path) check parameters
[0.098s] Level 1:colcon.colcon_core.package_discovery:discover_packages(colcon_meta) discover
[0.098s] Level 1:colcon.colcon_core.package_discovery:discover_packages(recursive) discover
[0.098s] INFO:colcon.colcon_core.package_discovery:Crawling recursively for packages in '/home/pengbo/rclcpp_cbg/ros2_rclcpp'
[0.098s] Level 1:colcon.colcon_core.package_identification:_identify(.) by extensions ['ignore', 'ignore_ament_install']
[0.099s] Level 1:colcon.colcon_core.package_identification:_identify(.) by extension 'ignore'
[0.099s] Level 1:colcon.colcon_core.package_identification:_identify(.) by extension 'ignore_ament_install'
[0.099s] Level 1:colcon.colcon_core.package_identification:_identify(.) by extensions ['colcon_pkg']
[0.099s] Level 1:colcon.colcon_core.package_identification:_identify(.) by extension 'colcon_pkg'
[0.099s] Level 1:colcon.colcon_core.package_identification:_identify(.) by extensions ['colcon_meta']
[0.099s] Level 1:colcon.colcon_core.package_identification:_identify(.) by extension 'colcon_meta'
[0.099s] Level 1:colcon.colcon_core.package_identification:_identify(.) by extensions ['ros']
[0.099s] Level 1:colcon.colcon_core.package_identification:_identify(.) by extension 'ros'
[0.106s] Level 1:colcon.colcon_core.package_identification:_identify(.) by extensions ['cmake', 'python']
[0.107s] Level 1:colcon.colcon_core.package_identification:_identify(.) by extension 'cmake'
[0.107s] Level 1:colcon.colcon_core.package_identification:_identify(.) by extension 'python'
[0.107s] Level 1:colcon.colcon_core.package_identification:_identify(.) by extensions ['python_setup_py']
[0.107s] Level 1:colcon.colcon_core.package_identification:_identify(.) by extension 'python_setup_py'
[0.107s] Level 1:colcon.colcon_core.package_identification:_identify(build) by extensions ['ignore', 'ignore_ament_install']
[0.107s] Level 1:colcon.colcon_core.package_identification:_identify(build) by extension 'ignore'
[0.107s] Level 1:colcon.colcon_core.package_identification:_identify(build) ignored
[0.107s] Level 1:colcon.colcon_core.package_identification:_identify(install) by extensions ['ignore', 'ignore_ament_install']
[0.107s] Level 1:colcon.colcon_core.package_identification:_identify(install) by extension 'ignore'
[0.107s] Level 1:colcon.colcon_core.package_identification:_identify(install) ignored
[0.107s] Level 1:colcon.colcon_core.package_identification:_identify(log) by extensions ['ignore', 'ignore_ament_install']
[0.107s] Level 1:colcon.colcon_core.package_identification:_identify(log) by extension 'ignore'
[0.107s] Level 1:colcon.colcon_core.package_identification:_identify(log) ignored
[0.107s] Level 1:colcon.colcon_core.package_identification:_identify(rclcpp) by extensions ['ignore', 'ignore_ament_install']
[0.107s] Level 1:colcon.colcon_core.package_identification:_identify(rclcpp) by extension 'ignore'
[0.107s] Level 1:colcon.colcon_core.package_identification:_identify(rclcpp) by extension 'ignore_ament_install'
[0.108s] Level 1:colcon.colcon_core.package_identification:_identify(rclcpp) by extensions ['colcon_pkg']
[0.108s] Level 1:colcon.colcon_core.package_identification:_identify(rclcpp) by extension 'colcon_pkg'
[0.108s] Level 1:colcon.colcon_core.package_identification:_identify(rclcpp) by extensions ['colcon_meta']
[0.108s] Level 1:colcon.colcon_core.package_identification:_identify(rclcpp) by extension 'colcon_meta'
[0.108s] Level 1:colcon.colcon_core.package_identification:_identify(rclcpp) by extensions ['ros']
[0.108s] Level 1:colcon.colcon_core.package_identification:_identify(rclcpp) by extension 'ros'
[0.110s] DEBUG:colcon.colcon_core.package_identification:Package 'rclcpp' with type 'ros.ament_cmake' and name 'rclcpp'
[0.110s] Level 1:colcon.colcon_core.package_identification:_identify(rclcpp_action) by extensions ['ignore', 'ignore_ament_install']
[0.110s] Level 1:colcon.colcon_core.package_identification:_identify(rclcpp_action) by extension 'ignore'
[0.110s] Level 1:colcon.colcon_core.package_identification:_identify(rclcpp_action) by extension 'ignore_ament_install'
[0.110s] Level 1:colcon.colcon_core.package_identification:_identify(rclcpp_action) by extensions ['colcon_pkg']
[0.110s] Level 1:colcon.colcon_core.package_identification:_identify(rclcpp_action) by extension 'colcon_pkg'
[0.110s] Level 1:colcon.colcon_core.package_identification:_identify(rclcpp_action) by extensions ['colcon_meta']
[0.110s] Level 1:colcon.colcon_core.package_identification:_identify(rclcpp_action) by extension 'colcon_meta'
[0.110s] Level 1:colcon.colcon_core.package_identification:_identify(rclcpp_action) by extensions ['ros']
[0.110s] Level 1:colcon.colcon_core.package_identification:_identify(rclcpp_action) by extension 'ros'
[0.111s] DEBUG:colcon.colcon_core.package_identification:Package 'rclcpp_action' with type 'ros.ament_cmake' and name 'rclcpp_action'
[0.111s] Level 1:colcon.colcon_core.package_identification:_identify(rclcpp_components) by extensions ['ignore', 'ignore_ament_install']
[0.111s] Level 1:colcon.colcon_core.package_identification:_identify(rclcpp_components) by extension 'ignore'
[0.111s] Level 1:colcon.colcon_core.package_identification:_identify(rclcpp_components) by extension 'ignore_ament_install'
[0.111s] Level 1:colcon.colcon_core.package_identification:_identify(rclcpp_components) by extensions ['colcon_pkg']
[0.111s] Level 1:colcon.colcon_core.package_identification:_identify(rclcpp_components) by extension 'colcon_pkg'
[0.111s] Level 1:colcon.colcon_core.package_identification:_identify(rclcpp_components) by extensions ['colcon_meta']
[0.111s] Level 1:colcon.colcon_core.package_identification:_identify(rclcpp_components) by extension 'colcon_meta'
[0.111s] Level 1:colcon.colcon_core.package_identification:_identify(rclcpp_components) by extensions ['ros']
[0.111s] Level 1:colcon.colcon_core.package_identification:_identify(rclcpp_components) by extension 'ros'
[0.112s] DEBUG:colcon.colcon_core.package_identification:Package 'rclcpp_components' with type 'ros.ament_cmake' and name 'rclcpp_components'
[0.112s] Level 1:colcon.colcon_core.package_identification:_identify(rclcpp_lifecycle) by extensions ['ignore', 'ignore_ament_install']
[0.112s] Level 1:colcon.colcon_core.package_identification:_identify(rclcpp_lifecycle) by extension 'ignore'
[0.112s] Level 1:colcon.colcon_core.package_identification:_identify(rclcpp_lifecycle) by extension 'ignore_ament_install'
[0.112s] Level 1:colcon.colcon_core.package_identification:_identify(rclcpp_lifecycle) by extensions ['colcon_pkg']
[0.112s] Level 1:colcon.colcon_core.package_identification:_identify(rclcpp_lifecycle) by extension 'colcon_pkg'
[0.112s] Level 1:colcon.colcon_core.package_identification:_identify(rclcpp_lifecycle) by extensions ['colcon_meta']
[0.112s] Level 1:colcon.colcon_core.package_identification:_identify(rclcpp_lifecycle) by extension 'colcon_meta'
[0.112s] Level 1:colcon.colcon_core.package_identification:_identify(rclcpp_lifecycle) by extensions ['ros']
[0.112s] Level 1:colcon.colcon_core.package_identification:_identify(rclcpp_lifecycle) by extension 'ros'
[0.113s] DEBUG:colcon.colcon_core.package_identification:Package 'rclcpp_lifecycle' with type 'ros.ament_cmake' and name 'rclcpp_lifecycle'
[0.113s] Level 1:colcon.colcon_core.package_discovery:discover_packages(recursive) using defaults
[0.113s] Level 1:colcon.colcon_core.package_discovery:discover_packages(ignore) discover
[0.113s] Level 1:colcon.colcon_core.package_discovery:discover_packages(ignore) using defaults
[0.113s] Level 1:colcon.colcon_core.package_discovery:discover_packages(path) discover
[0.113s] Level 1:colcon.colcon_core.package_discovery:discover_packages(path) using defaults
[0.126s] Level 5:colcon.colcon_core.verb:set package 'rclcpp' build argument 'cmake_args' from command line to 'None'
[0.126s] Level 5:colcon.colcon_core.verb:set package 'rclcpp' build argument 'cmake_target' from command line to 'None'
[0.126s] Level 5:colcon.colcon_core.verb:set package 'rclcpp' build argument 'cmake_target_skip_unavailable' from command line to 'False'
[0.126s] Level 5:colcon.colcon_core.verb:set package 'rclcpp' build argument 'cmake_clean_cache' from command line to 'False'
[0.126s] Level 5:colcon.colcon_core.verb:set package 'rclcpp' build argument 'cmake_clean_first' from command line to 'False'
[0.126s] Level 5:colcon.colcon_core.verb:set package 'rclcpp' build argument 'cmake_force_configure' from command line to 'False'
[0.126s] Level 5:colcon.colcon_core.verb:set package 'rclcpp' build argument 'ament_cmake_args' from command line to 'None'
[0.126s] Level 5:colcon.colcon_core.verb:set package 'rclcpp' build argument 'catkin_cmake_args' from command line to 'None'
[0.126s] Level 5:colcon.colcon_core.verb:set package 'rclcpp' build argument 'catkin_skip_building_tests' from command line to 'False'
[0.126s] DEBUG:colcon.colcon_core.verb:Building package 'rclcpp' with the following arguments: {'ament_cmake_args': None, 'build_base': '/home/pengbo/rclcpp_cbg/ros2_rclcpp/build/rclcpp', 'catkin_cmake_args': None, 'catkin_skip_building_tests': False, 'cmake_args': None, 'cmake_clean_cache': False, 'cmake_clean_first': False, 'cmake_force_configure': False, 'cmake_target': None, 'cmake_target_skip_unavailable': False, 'install_base': '/home/pengbo/rclcpp_cbg/ros2_rclcpp/install/rclcpp', 'merge_install': False, 'path': '/home/pengbo/rclcpp_cbg/ros2_rclcpp/rclcpp', 'symlink_install': False, 'test_result_base': None}
[0.128s] Level 5:colcon.colcon_core.verb:set package 'rclcpp_action' build argument 'cmake_args' from command line to 'None'
[0.128s] Level 5:colcon.colcon_core.verb:set package 'rclcpp_action' build argument 'cmake_target' from command line to 'None'
[0.128s] Level 5:colcon.colcon_core.verb:set package 'rclcpp_action' build argument 'cmake_target_skip_unavailable' from command line to 'False'
[0.128s] Level 5:colcon.colcon_core.verb:set package 'rclcpp_action' build argument 'cmake_clean_cache' from command line to 'False'
[0.128s] Level 5:colcon.colcon_core.verb:set package 'rclcpp_action' build argument 'cmake_clean_first' from command line to 'False'
[0.128s] Level 5:colcon.colcon_core.verb:set package 'rclcpp_action' build argument 'cmake_force_configure' from command line to 'False'
[0.128s] Level 5:colcon.colcon_core.verb:set package 'rclcpp_action' build argument 'ament_cmake_args' from command line to 'None'
[0.128s] Level 5:colcon.colcon_core.verb:set package 'rclcpp_action' build argument 'catkin_cmake_args' from command line to 'None'
[0.128s] Level 5:colcon.colcon_core.verb:set package 'rclcpp_action' build argument 'catkin_skip_building_tests' from command line to 'False'
[0.128s] DEBUG:colcon.colcon_core.verb:Building package 'rclcpp_action' with the following arguments: {'ament_cmake_args': None, 'build_base': '/home/pengbo/rclcpp_cbg/ros2_rclcpp/build/rclcpp_action', 'catkin_cmake_args': None, 'catkin_skip_building_tests': False, 'cmake_args': None, 'cmake_clean_cache': False, 'cmake_clean_first': False, 'cmake_force_configure': False, 'cmake_target': None, 'cmake_target_skip_unavailable': False, 'install_base': '/home/pengbo/rclcpp_cbg/ros2_rclcpp/install/rclcpp_action', 'merge_install': False, 'path': '/home/pengbo/rclcpp_cbg/ros2_rclcpp/rclcpp_action', 'symlink_install': False, 'test_result_base': None}
[0.130s] Level 5:colcon.colcon_core.verb:set package 'rclcpp_components' build argument 'cmake_args' from command line to 'None'
[0.130s] Level 5:colcon.colcon_core.verb:set package 'rclcpp_components' build argument 'cmake_target' from command line to 'None'
[0.130s] Level 5:colcon.colcon_core.verb:set package 'rclcpp_components' build argument 'cmake_target_skip_unavailable' from command line to 'False'
[0.130s] Level 5:colcon.colcon_core.verb:set package 'rclcpp_components' build argument 'cmake_clean_cache' from command line to 'False'
[0.130s] Level 5:colcon.colcon_core.verb:set package 'rclcpp_components' build argument 'cmake_clean_first' from command line to 'False'
[0.130s] Level 5:colcon.colcon_core.verb:set package 'rclcpp_components' build argument 'cmake_force_configure' from command line to 'False'
[0.130s] Level 5:colcon.colcon_core.verb:set package 'rclcpp_components' build argument 'ament_cmake_args' from command line to 'None'
[0.130s] Level 5:colcon.colcon_core.verb:set package 'rclcpp_components' build argument 'catkin_cmake_args' from command line to 'None'
[0.130s] Level 5:colcon.colcon_core.verb:set package 'rclcpp_components' build argument 'catkin_skip_building_tests' from command line to 'False'
[0.130s] DEBUG:colcon.colcon_core.verb:Building package 'rclcpp_components' with the following arguments: {'ament_cmake_args': None, 'build_base': '/home/pengbo/rclcpp_cbg/ros2_rclcpp/build/rclcpp_components', 'catkin_cmake_args': None, 'catkin_skip_building_tests': False, 'cmake_args': None, 'cmake_clean_cache': False, 'cmake_clean_first': False, 'cmake_force_configure': False, 'cmake_target': None, 'cmake_target_skip_unavailable': False, 'install_base': '/home/pengbo/rclcpp_cbg/ros2_rclcpp/install/rclcpp_components', 'merge_install': False, 'path': '/home/pengbo/rclcpp_cbg/ros2_rclcpp/rclcpp_components', 'symlink_install': False, 'test_result_base': None}
[0.132s] Level 5:colcon.colcon_core.verb:set package 'rclcpp_lifecycle' build argument 'cmake_args' from command line to 'None'
[0.132s] Level 5:colcon.colcon_core.verb:set package 'rclcpp_lifecycle' build argument 'cmake_target' from command line to 'None'
[0.132s] Level 5:colcon.colcon_core.verb:set package 'rclcpp_lifecycle' build argument 'cmake_target_skip_unavailable' from command line to 'False'
[0.132s] Level 5:colcon.colcon_core.verb:set package 'rclcpp_lifecycle' build argument 'cmake_clean_cache' from command line to 'False'
[0.132s] Level 5:colcon.colcon_core.verb:set package 'rclcpp_lifecycle' build argument 'cmake_clean_first' from command line to 'False'
[0.132s] Level 5:colcon.colcon_core.verb:set package 'rclcpp_lifecycle' build argument 'cmake_force_configure' from command line to 'False'
[0.132s] Level 5:colcon.colcon_core.verb:set package 'rclcpp_lifecycle' build argument 'ament_cmake_args' from command line to 'None'
[0.132s] Level 5:colcon.colcon_core.verb:set package 'rclcpp_lifecycle' build argument 'catkin_cmake_args' from command line to 'None'
[0.132s] Level 5:colcon.colcon_core.verb:set package 'rclcpp_lifecycle' build argument 'catkin_skip_building_tests' from command line to 'False'
[0.132s] DEBUG:colcon.colcon_core.verb:Building package 'rclcpp_lifecycle' with the following arguments: {'ament_cmake_args': None, 'build_base': '/home/pengbo/rclcpp_cbg/ros2_rclcpp/build/rclcpp_lifecycle', 'catkin_cmake_args': None, 'catkin_skip_building_tests': False, 'cmake_args': None, 'cmake_clean_cache': False, 'cmake_clean_first': False, 'cmake_force_configure': False, 'cmake_target': None, 'cmake_target_skip_unavailable': False, 'install_base': '/home/pengbo/rclcpp_cbg/ros2_rclcpp/install/rclcpp_lifecycle', 'merge_install': False, 'path': '/home/pengbo/rclcpp_cbg/ros2_rclcpp/rclcpp_lifecycle', 'symlink_install': False, 'test_result_base': None}
[0.132s] INFO:colcon.colcon_core.executor:Executing jobs using 'parallel' executor
[0.134s] DEBUG:colcon.colcon_parallel_executor.executor.parallel:run_until_complete
[0.134s] INFO:colcon.colcon_ros.task.ament_cmake.build:Building ROS package in '/home/pengbo/rclcpp_cbg/ros2_rclcpp/rclcpp' with build type 'ament_cmake'
[0.134s] INFO:colcon.colcon_cmake.task.cmake.build:Building CMake package in '/home/pengbo/rclcpp_cbg/ros2_rclcpp/rclcpp'
[0.136s] INFO:colcon.colcon_core.plugin_system:Skipping extension 'colcon_core.shell.bat': Not used on non-Windows systems
[0.136s] INFO:colcon.colcon_core.shell:Skip shell extension 'powershell' for command environment: Not usable outside of PowerShell
[0.137s] DEBUG:colcon.colcon_core.shell:Skip shell extension 'dsv' for command environment
[0.145s] DEBUG:colcon.colcon_core.event_handler.log_command:Invoking command in '/home/pengbo/rclcpp_cbg/ros2_rclcpp/build/rclcpp': /usr/bin/cmake --build /home/pengbo/rclcpp_cbg/ros2_rclcpp/build/rclcpp -- -j12 -l12
[7.524s] DEBUG:colcon.colcon_core.event_handler.log_command:Invoked command in '/home/pengbo/rclcpp_cbg/ros2_rclcpp/build/rclcpp' returned '0': /usr/bin/cmake --build /home/pengbo/rclcpp_cbg/ros2_rclcpp/build/rclcpp -- -j12 -l12
[7.673s] DEBUG:colcon.colcon_core.event_handler.log_command:Invoking command in '/home/pengbo/rclcpp_cbg/ros2_rclcpp/build/rclcpp': /usr/bin/cmake --install /home/pengbo/rclcpp_cbg/ros2_rclcpp/build/rclcpp
[7.699s] Level 1:colcon.colcon_core.environment:create_environment_scripts_only(rclcpp)
[7.711s] DEBUG:colcon.colcon_core.event_handler.log_command:Invoked command in '/home/pengbo/rclcpp_cbg/ros2_rclcpp/build/rclcpp' returned '0': /usr/bin/cmake --install /home/pengbo/rclcpp_cbg/ros2_rclcpp/build/rclcpp
[7.713s] Level 1:colcon.colcon_core.environment:checking '/home/pengbo/rclcpp_cbg/ros2_rclcpp/install/rclcpp' for CMake module files
[7.714s] Level 1:colcon.colcon_core.environment:checking '/home/pengbo/rclcpp_cbg/ros2_rclcpp/install/rclcpp' for CMake config files
[7.714s] Level 1:colcon.colcon_core.shell:create_environment_hook('rclcpp', 'cmake_prefix_path')
[7.715s] INFO:colcon.colcon_core.shell:Creating environment hook '/home/pengbo/rclcpp_cbg/ros2_rclcpp/install/rclcpp/share/rclcpp/hook/cmake_prefix_path.ps1'
[7.715s] INFO:colcon.colcon_core.shell:Creating environment descriptor '/home/pengbo/rclcpp_cbg/ros2_rclcpp/install/rclcpp/share/rclcpp/hook/cmake_prefix_path.dsv'
[7.716s] INFO:colcon.colcon_core.shell:Creating environment hook '/home/pengbo/rclcpp_cbg/ros2_rclcpp/install/rclcpp/share/rclcpp/hook/cmake_prefix_path.sh'
[7.717s] Level 1:colcon.colcon_core.environment:checking '/home/pengbo/rclcpp_cbg/ros2_rclcpp/install/rclcpp/lib'
[7.717s] Level 1:colcon.colcon_core.shell:create_environment_hook('rclcpp', 'ld_library_path_lib')
[7.717s] INFO:colcon.colcon_core.shell:Creating environment hook '/home/pengbo/rclcpp_cbg/ros2_rclcpp/install/rclcpp/share/rclcpp/hook/ld_library_path_lib.ps1'
[7.718s] INFO:colcon.colcon_core.shell:Creating environment descriptor '/home/pengbo/rclcpp_cbg/ros2_rclcpp/install/rclcpp/share/rclcpp/hook/ld_library_path_lib.dsv'
[7.718s] INFO:colcon.colcon_core.shell:Creating environment hook '/home/pengbo/rclcpp_cbg/ros2_rclcpp/install/rclcpp/share/rclcpp/hook/ld_library_path_lib.sh'
[7.718s] Level 1:colcon.colcon_core.environment:checking '/home/pengbo/rclcpp_cbg/ros2_rclcpp/install/rclcpp/bin'
[7.718s] Level 1:colcon.colcon_core.environment:checking '/home/pengbo/rclcpp_cbg/ros2_rclcpp/install/rclcpp/lib/pkgconfig/rclcpp.pc'
[7.718s] Level 1:colcon.colcon_core.environment:checking '/home/pengbo/rclcpp_cbg/ros2_rclcpp/install/rclcpp/lib/python3.8/site-packages'
[7.719s] INFO:colcon.colcon_core.shell:Creating package script '/home/pengbo/rclcpp_cbg/ros2_rclcpp/install/rclcpp/share/rclcpp/package.ps1'
[7.720s] INFO:colcon.colcon_core.shell:Creating package descriptor '/home/pengbo/rclcpp_cbg/ros2_rclcpp/install/rclcpp/share/rclcpp/package.dsv'
[7.720s] INFO:colcon.colcon_core.shell:Creating package script '/home/pengbo/rclcpp_cbg/ros2_rclcpp/install/rclcpp/share/rclcpp/package.sh'
[7.721s] INFO:colcon.colcon_core.shell:Creating package script '/home/pengbo/rclcpp_cbg/ros2_rclcpp/install/rclcpp/share/rclcpp/package.bash'
[7.722s] INFO:colcon.colcon_core.shell:Creating package script '/home/pengbo/rclcpp_cbg/ros2_rclcpp/install/rclcpp/share/rclcpp/package.zsh'
[7.723s] Level 1:colcon.colcon_core.environment:create_file_with_runtime_dependencies(/home/pengbo/rclcpp_cbg/ros2_rclcpp/install/rclcpp/share/colcon-core/packages/rclcpp)
[7.893s] Level 1:colcon.colcon_core.environment:create_environment_scripts_only(rclcpp)
[7.895s] Level 1:colcon.colcon_core.environment:checking '/home/pengbo/rclcpp_cbg/ros2_rclcpp/install/rclcpp' for CMake module files
[7.895s] Level 1:colcon.colcon_core.environment:checking '/home/pengbo/rclcpp_cbg/ros2_rclcpp/install/rclcpp' for CMake config files
[7.896s] Level 1:colcon.colcon_core.shell:create_environment_hook('rclcpp', 'cmake_prefix_path')
[7.896s] INFO:colcon.colcon_core.shell:Creating environment hook '/home/pengbo/rclcpp_cbg/ros2_rclcpp/install/rclcpp/share/rclcpp/hook/cmake_prefix_path.ps1'
[7.897s] INFO:colcon.colcon_core.shell:Creating environment descriptor '/home/pengbo/rclcpp_cbg/ros2_rclcpp/install/rclcpp/share/rclcpp/hook/cmake_prefix_path.dsv'
[7.897s] INFO:colcon.colcon_core.shell:Creating environment hook '/home/pengbo/rclcpp_cbg/ros2_rclcpp/install/rclcpp/share/rclcpp/hook/cmake_prefix_path.sh'
[7.898s] Level 1:colcon.colcon_core.environment:checking '/home/pengbo/rclcpp_cbg/ros2_rclcpp/install/rclcpp/lib'
[7.898s] Level 1:colcon.colcon_core.shell:create_environment_hook('rclcpp', 'ld_library_path_lib')
[7.899s] INFO:colcon.colcon_core.shell:Creating environment hook '/home/pengbo/rclcpp_cbg/ros2_rclcpp/install/rclcpp/share/rclcpp/hook/ld_library_path_lib.ps1'
[7.899s] INFO:colcon.colcon_core.shell:Creating environment descriptor '/home/pengbo/rclcpp_cbg/ros2_rclcpp/install/rclcpp/share/rclcpp/hook/ld_library_path_lib.dsv'
[7.899s] INFO:colcon.colcon_core.shell:Creating environment hook '/home/pengbo/rclcpp_cbg/ros2_rclcpp/install/rclcpp/share/rclcpp/hook/ld_library_path_lib.sh'
[7.900s] Level 1:colcon.colcon_core.environment:checking '/home/pengbo/rclcpp_cbg/ros2_rclcpp/install/rclcpp/bin'
[7.900s] Level 1:colcon.colcon_core.environment:checking '/home/pengbo/rclcpp_cbg/ros2_rclcpp/install/rclcpp/lib/pkgconfig/rclcpp.pc'
[7.900s] Level 1:colcon.colcon_core.environment:checking '/home/pengbo/rclcpp_cbg/ros2_rclcpp/install/rclcpp/lib/python3.8/site-packages'
[7.900s] INFO:colcon.colcon_core.shell:Creating package script '/home/pengbo/rclcpp_cbg/ros2_rclcpp/install/rclcpp/share/rclcpp/package.ps1'
[7.901s] INFO:colcon.colcon_core.shell:Creating package descriptor '/home/pengbo/rclcpp_cbg/ros2_rclcpp/install/rclcpp/share/rclcpp/package.dsv'
[7.901s] INFO:colcon.colcon_core.shell:Creating package script '/home/pengbo/rclcpp_cbg/ros2_rclcpp/install/rclcpp/share/rclcpp/package.sh'
[7.902s] INFO:colcon.colcon_core.shell:Creating package script '/home/pengbo/rclcpp_cbg/ros2_rclcpp/install/rclcpp/share/rclcpp/package.bash'
[7.902s] INFO:colcon.colcon_core.shell:Creating package script '/home/pengbo/rclcpp_cbg/ros2_rclcpp/install/rclcpp/share/rclcpp/package.zsh'
[7.903s] Level 1:colcon.colcon_core.environment:create_file_with_runtime_dependencies(/home/pengbo/rclcpp_cbg/ros2_rclcpp/install/rclcpp/share/colcon-core/packages/rclcpp)
[7.903s] INFO:colcon.colcon_ros.task.ament_cmake.build:Building ROS package in '/home/pengbo/rclcpp_cbg/ros2_rclcpp/rclcpp_action' with build type 'ament_cmake'
[7.903s] INFO:colcon.colcon_cmake.task.cmake.build:Building CMake package in '/home/pengbo/rclcpp_cbg/ros2_rclcpp/rclcpp_action'
[7.904s] INFO:colcon.colcon_core.shell:Skip shell extension 'powershell' for command environment: Not usable outside of PowerShell
[7.904s] DEBUG:colcon.colcon_core.shell:Skip shell extension 'dsv' for command environment
[7.907s] INFO:colcon.colcon_ros.task.ament_cmake.build:Building ROS package in '/home/pengbo/rclcpp_cbg/ros2_rclcpp/rclcpp_components' with build type 'ament_cmake'
[7.907s] INFO:colcon.colcon_cmake.task.cmake.build:Building CMake package in '/home/pengbo/rclcpp_cbg/ros2_rclcpp/rclcpp_components'
[7.908s] INFO:colcon.colcon_core.shell:Skip shell extension 'powershell' for command environment: Not usable outside of PowerShell
[7.908s] DEBUG:colcon.colcon_core.shell:Skip shell extension 'dsv' for command environment
[7.910s] INFO:colcon.colcon_ros.task.ament_cmake.build:Building ROS package in '/home/pengbo/rclcpp_cbg/ros2_rclcpp/rclcpp_lifecycle' with build type 'ament_cmake'
[7.910s] INFO:colcon.colcon_cmake.task.cmake.build:Building CMake package in '/home/pengbo/rclcpp_cbg/ros2_rclcpp/rclcpp_lifecycle'
[7.911s] INFO:colcon.colcon_core.shell:Skip shell extension 'powershell' for command environment: Not usable outside of PowerShell
[7.911s] DEBUG:colcon.colcon_core.shell:Skip shell extension 'dsv' for command environment
[7.917s] DEBUG:colcon.colcon_core.event_handler.log_command:Invoking command in '/home/pengbo/rclcpp_cbg/ros2_rclcpp/build/rclcpp_action': AMENT_PREFIX_PATH=/home/pengbo/rclcpp_cbg/ros2_rclcpp/install/rclcpp CMAKE_PREFIX_PATH=/home/pengbo/rclcpp_cbg/ros2_rclcpp/install/rclcpp LD_LIBRARY_PATH=/home/pengbo/rclcpp_cbg/ros2_rclcpp/install/rclcpp/lib /usr/bin/cmake --build /home/pengbo/rclcpp_cbg/ros2_rclcpp/build/rclcpp_action -- -j12 -l12
[7.920s] DEBUG:colcon.colcon_core.event_handler.log_command:Invoking command in '/home/pengbo/rclcpp_cbg/ros2_rclcpp/build/rclcpp_components': AMENT_PREFIX_PATH=/home/pengbo/rclcpp_cbg/ros2_rclcpp/install/rclcpp CMAKE_PREFIX_PATH=/home/pengbo/rclcpp_cbg/ros2_rclcpp/install/rclcpp LD_LIBRARY_PATH=/home/pengbo/rclcpp_cbg/ros2_rclcpp/install/rclcpp/lib /usr/bin/cmake --build /home/pengbo/rclcpp_cbg/ros2_rclcpp/build/rclcpp_components -- -j12 -l12
[7.925s] DEBUG:colcon.colcon_core.event_handler.log_command:Invoking command in '/home/pengbo/rclcpp_cbg/ros2_rclcpp/build/rclcpp_lifecycle': AMENT_PREFIX_PATH=/home/pengbo/rclcpp_cbg/ros2_rclcpp/install/rclcpp CMAKE_PREFIX_PATH=/home/pengbo/rclcpp_cbg/ros2_rclcpp/install/rclcpp LD_LIBRARY_PATH=/home/pengbo/rclcpp_cbg/ros2_rclcpp/install/rclcpp/lib /usr/bin/cmake --build /home/pengbo/rclcpp_cbg/ros2_rclcpp/build/rclcpp_lifecycle -- -j12 -l12
[10.034s] DEBUG:colcon.colcon_core.event_handler.log_command:Invoked command in '/home/pengbo/rclcpp_cbg/ros2_rclcpp/build/rclcpp_components' returned '0': AMENT_PREFIX_PATH=/home/pengbo/rclcpp_cbg/ros2_rclcpp/install/rclcpp CMAKE_PREFIX_PATH=/home/pengbo/rclcpp_cbg/ros2_rclcpp/install/rclcpp LD_LIBRARY_PATH=/home/pengbo/rclcpp_cbg/ros2_rclcpp/install/rclcpp/lib /usr/bin/cmake --build /home/pengbo/rclcpp_cbg/ros2_rclcpp/build/rclcpp_components -- -j12 -l12
[10.059s] DEBUG:colcon.colcon_core.event_handler.log_command:Invoking command in '/home/pengbo/rclcpp_cbg/ros2_rclcpp/build/rclcpp_components': AMENT_PREFIX_PATH=/home/pengbo/rclcpp_cbg/ros2_rclcpp/install/rclcpp CMAKE_PREFIX_PATH=/home/pengbo/rclcpp_cbg/ros2_rclcpp/install/rclcpp LD_LIBRARY_PATH=/home/pengbo/rclcpp_cbg/ros2_rclcpp/install/rclcpp/lib /usr/bin/cmake --install /home/pengbo/rclcpp_cbg/ros2_rclcpp/build/rclcpp_components
[10.072s] Level 1:colcon.colcon_core.environment:create_environment_scripts_only(rclcpp_components)
[10.073s] Level 1:colcon.colcon_core.environment:checking '/home/pengbo/rclcpp_cbg/ros2_rclcpp/install/rclcpp_components' for CMake module files
[10.074s] DEBUG:colcon.colcon_core.event_handler.log_command:Invoked command in '/home/pengbo/rclcpp_cbg/ros2_rclcpp/build/rclcpp_components' returned '0': AMENT_PREFIX_PATH=/home/pengbo/rclcpp_cbg/ros2_rclcpp/install/rclcpp CMAKE_PREFIX_PATH=/home/pengbo/rclcpp_cbg/ros2_rclcpp/install/rclcpp LD_LIBRARY_PATH=/home/pengbo/rclcpp_cbg/ros2_rclcpp/install/rclcpp/lib /usr/bin/cmake --install /home/pengbo/rclcpp_cbg/ros2_rclcpp/build/rclcpp_components
[10.074s] Level 1:colcon.colcon_core.environment:checking '/home/pengbo/rclcpp_cbg/ros2_rclcpp/install/rclcpp_components' for CMake config files
[10.074s] Level 1:colcon.colcon_core.shell:create_environment_hook('rclcpp_components', 'cmake_prefix_path')
[10.075s] INFO:colcon.colcon_core.shell:Creating environment hook '/home/pengbo/rclcpp_cbg/ros2_rclcpp/install/rclcpp_components/share/rclcpp_components/hook/cmake_prefix_path.ps1'
[10.075s] INFO:colcon.colcon_core.shell:Creating environment descriptor '/home/pengbo/rclcpp_cbg/ros2_rclcpp/install/rclcpp_components/share/rclcpp_components/hook/cmake_prefix_path.dsv'
[10.076s] INFO:colcon.colcon_core.shell:Creating environment hook '/home/pengbo/rclcpp_cbg/ros2_rclcpp/install/rclcpp_components/share/rclcpp_components/hook/cmake_prefix_path.sh'
[10.076s] Level 1:colcon.colcon_core.environment:checking '/home/pengbo/rclcpp_cbg/ros2_rclcpp/install/rclcpp_components/lib'
[10.076s] Level 1:colcon.colcon_core.shell:create_environment_hook('rclcpp_components', 'ld_library_path_lib')
[10.077s] INFO:colcon.colcon_core.shell:Creating environment hook '/home/pengbo/rclcpp_cbg/ros2_rclcpp/install/rclcpp_components/share/rclcpp_components/hook/ld_library_path_lib.ps1'
[10.077s] INFO:colcon.colcon_core.shell:Creating environment descriptor '/home/pengbo/rclcpp_cbg/ros2_rclcpp/install/rclcpp_components/share/rclcpp_components/hook/ld_library_path_lib.dsv'
[10.077s] INFO:colcon.colcon_core.shell:Creating environment hook '/home/pengbo/rclcpp_cbg/ros2_rclcpp/install/rclcpp_components/share/rclcpp_components/hook/ld_library_path_lib.sh'
[10.078s] Level 1:colcon.colcon_core.environment:checking '/home/pengbo/rclcpp_cbg/ros2_rclcpp/install/rclcpp_components/bin'
[10.078s] Level 1:colcon.colcon_core.environment:checking '/home/pengbo/rclcpp_cbg/ros2_rclcpp/install/rclcpp_components/lib/pkgconfig/rclcpp_components.pc'
[10.078s] Level 1:colcon.colcon_core.environment:checking '/home/pengbo/rclcpp_cbg/ros2_rclcpp/install/rclcpp_components/lib/python3.8/site-packages'
[10.078s] INFO:colcon.colcon_core.shell:Creating package script '/home/pengbo/rclcpp_cbg/ros2_rclcpp/install/rclcpp_components/share/rclcpp_components/package.ps1'
[10.079s] INFO:colcon.colcon_core.shell:Creating package descriptor '/home/pengbo/rclcpp_cbg/ros2_rclcpp/install/rclcpp_components/share/rclcpp_components/package.dsv'
[10.079s] INFO:colcon.colcon_core.shell:Creating package script '/home/pengbo/rclcpp_cbg/ros2_rclcpp/install/rclcpp_components/share/rclcpp_components/package.sh'
[10.079s] INFO:colcon.colcon_core.shell:Creating package script '/home/pengbo/rclcpp_cbg/ros2_rclcpp/install/rclcpp_components/share/rclcpp_components/package.bash'
[10.080s] INFO:colcon.colcon_core.shell:Creating package script '/home/pengbo/rclcpp_cbg/ros2_rclcpp/install/rclcpp_components/share/rclcpp_components/package.zsh'
[10.080s] Level 1:colcon.colcon_core.environment:create_file_with_runtime_dependencies(/home/pengbo/rclcpp_cbg/ros2_rclcpp/install/rclcpp_components/share/colcon-core/packages/rclcpp_components)
[10.105s] Level 1:colcon.colcon_core.environment:create_environment_scripts_only(rclcpp_components)
[10.105s] Level 1:colcon.colcon_core.environment:checking '/home/pengbo/rclcpp_cbg/ros2_rclcpp/install/rclcpp_components' for CMake module files
[10.106s] Level 1:colcon.colcon_core.environment:checking '/home/pengbo/rclcpp_cbg/ros2_rclcpp/install/rclcpp_components' for CMake config files
[10.106s] Level 1:colcon.colcon_core.shell:create_environment_hook('rclcpp_components', 'cmake_prefix_path')
[10.107s] INFO:colcon.colcon_core.shell:Creating environment hook '/home/pengbo/rclcpp_cbg/ros2_rclcpp/install/rclcpp_components/share/rclcpp_components/hook/cmake_prefix_path.ps1'
[10.107s] INFO:colcon.colcon_core.shell:Creating environment descriptor '/home/pengbo/rclcpp_cbg/ros2_rclcpp/install/rclcpp_components/share/rclcpp_components/hook/cmake_prefix_path.dsv'
[10.107s] INFO:colcon.colcon_core.shell:Creating environment hook '/home/pengbo/rclcpp_cbg/ros2_rclcpp/install/rclcpp_components/share/rclcpp_components/hook/cmake_prefix_path.sh'
[10.108s] Level 1:colcon.colcon_core.environment:checking '/home/pengbo/rclcpp_cbg/ros2_rclcpp/install/rclcpp_components/lib'
[10.108s] Level 1:colcon.colcon_core.shell:create_environment_hook('rclcpp_components', 'ld_library_path_lib')
[10.108s] INFO:colcon.colcon_core.shell:Creating environment hook '/home/pengbo/rclcpp_cbg/ros2_rclcpp/install/rclcpp_components/share/rclcpp_components/hook/ld_library_path_lib.ps1'
[10.108s] INFO:colcon.colcon_core.shell:Creating environment descriptor '/home/pengbo/rclcpp_cbg/ros2_rclcpp/install/rclcpp_components/share/rclcpp_components/hook/ld_library_path_lib.dsv'
[10.109s] INFO:colcon.colcon_core.shell:Creating environment hook '/home/pengbo/rclcpp_cbg/ros2_rclcpp/install/rclcpp_components/share/rclcpp_components/hook/ld_library_path_lib.sh'
[10.109s] Level 1:colcon.colcon_core.environment:checking '/home/pengbo/rclcpp_cbg/ros2_rclcpp/install/rclcpp_components/bin'
[10.109s] Level 1:colcon.colcon_core.environment:checking '/home/pengbo/rclcpp_cbg/ros2_rclcpp/install/rclcpp_components/lib/pkgconfig/rclcpp_components.pc'
[10.109s] Level 1:colcon.colcon_core.environment:checking '/home/pengbo/rclcpp_cbg/ros2_rclcpp/install/rclcpp_components/lib/python3.8/site-packages'
[10.110s] INFO:colcon.colcon_core.shell:Creating package script '/home/pengbo/rclcpp_cbg/ros2_rclcpp/install/rclcpp_components/share/rclcpp_components/package.ps1'
[10.111s] INFO:colcon.colcon_core.shell:Creating package descriptor '/home/pengbo/rclcpp_cbg/ros2_rclcpp/install/rclcpp_components/share/rclcpp_components/package.dsv'
[10.111s] INFO:colcon.colcon_core.shell:Creating package script '/home/pengbo/rclcpp_cbg/ros2_rclcpp/install/rclcpp_components/share/rclcpp_components/package.sh'
[10.112s] INFO:colcon.colcon_core.shell:Creating package script '/home/pengbo/rclcpp_cbg/ros2_rclcpp/install/rclcpp_components/share/rclcpp_components/package.bash'
[10.112s] INFO:colcon.colcon_core.shell:Creating package script '/home/pengbo/rclcpp_cbg/ros2_rclcpp/install/rclcpp_components/share/rclcpp_components/package.zsh'
[10.112s] Level 1:colcon.colcon_core.environment:create_file_with_runtime_dependencies(/home/pengbo/rclcpp_cbg/ros2_rclcpp/install/rclcpp_components/share/colcon-core/packages/rclcpp_components)
[10.114s] DEBUG:colcon.colcon_core.event_handler.log_command:Invoked command in '/home/pengbo/rclcpp_cbg/ros2_rclcpp/build/rclcpp_action' returned '0': AMENT_PREFIX_PATH=/home/pengbo/rclcpp_cbg/ros2_rclcpp/install/rclcpp CMAKE_PREFIX_PATH=/home/pengbo/rclcpp_cbg/ros2_rclcpp/install/rclcpp LD_LIBRARY_PATH=/home/pengbo/rclcpp_cbg/ros2_rclcpp/install/rclcpp/lib /usr/bin/cmake --build /home/pengbo/rclcpp_cbg/ros2_rclcpp/build/rclcpp_action -- -j12 -l12
[10.141s] DEBUG:colcon.colcon_core.event_handler.log_command:Invoking command in '/home/pengbo/rclcpp_cbg/ros2_rclcpp/build/rclcpp_action': AMENT_PREFIX_PATH=/home/pengbo/rclcpp_cbg/ros2_rclcpp/install/rclcpp CMAKE_PREFIX_PATH=/home/pengbo/rclcpp_cbg/ros2_rclcpp/install/rclcpp LD_LIBRARY_PATH=/home/pengbo/rclcpp_cbg/ros2_rclcpp/install/rclcpp/lib /usr/bin/cmake --install /home/pengbo/rclcpp_cbg/ros2_rclcpp/build/rclcpp_action
[10.152s] DEBUG:colcon.colcon_core.event_handler.log_command:Invoked command in '/home/pengbo/rclcpp_cbg/ros2_rclcpp/build/rclcpp_lifecycle' returned '0': AMENT_PREFIX_PATH=/home/pengbo/rclcpp_cbg/ros2_rclcpp/install/rclcpp CMAKE_PREFIX_PATH=/home/pengbo/rclcpp_cbg/ros2_rclcpp/install/rclcpp LD_LIBRARY_PATH=/home/pengbo/rclcpp_cbg/ros2_rclcpp/install/rclcpp/lib /usr/bin/cmake --build /home/pengbo/rclcpp_cbg/ros2_rclcpp/build/rclcpp_lifecycle -- -j12 -l12
[10.153s] Level 1:colcon.colcon_core.environment:create_environment_scripts_only(rclcpp_action)
[10.154s] Level 1:colcon.colcon_core.environment:checking '/home/pengbo/rclcpp_cbg/ros2_rclcpp/install/rclcpp_action' for CMake module files
[10.155s] Level 1:colcon.colcon_core.environment:checking '/home/pengbo/rclcpp_cbg/ros2_rclcpp/install/rclcpp_action' for CMake config files
[10.156s] Level 1:colcon.colcon_core.shell:create_environment_hook('rclcpp_action', 'cmake_prefix_path')
[10.156s] INFO:colcon.colcon_core.shell:Creating environment hook '/home/pengbo/rclcpp_cbg/ros2_rclcpp/install/rclcpp_action/share/rclcpp_action/hook/cmake_prefix_path.ps1'
[10.157s] INFO:colcon.colcon_core.shell:Creating environment descriptor '/home/pengbo/rclcpp_cbg/ros2_rclcpp/install/rclcpp_action/share/rclcpp_action/hook/cmake_prefix_path.dsv'
[10.157s] INFO:colcon.colcon_core.shell:Creating environment hook '/home/pengbo/rclcpp_cbg/ros2_rclcpp/install/rclcpp_action/share/rclcpp_action/hook/cmake_prefix_path.sh'
[10.158s] DEBUG:colcon.colcon_core.event_handler.log_command:Invoked command in '/home/pengbo/rclcpp_cbg/ros2_rclcpp/build/rclcpp_action' returned '0': AMENT_PREFIX_PATH=/home/pengbo/rclcpp_cbg/ros2_rclcpp/install/rclcpp CMAKE_PREFIX_PATH=/home/pengbo/rclcpp_cbg/ros2_rclcpp/install/rclcpp LD_LIBRARY_PATH=/home/pengbo/rclcpp_cbg/ros2_rclcpp/install/rclcpp/lib /usr/bin/cmake --install /home/pengbo/rclcpp_cbg/ros2_rclcpp/build/rclcpp_action
[10.158s] Level 1:colcon.colcon_core.environment:checking '/home/pengbo/rclcpp_cbg/ros2_rclcpp/install/rclcpp_action/lib'
[10.158s] Level 1:colcon.colcon_core.shell:create_environment_hook('rclcpp_action', 'ld_library_path_lib')
[10.158s] INFO:colcon.colcon_core.shell:Creating environment hook '/home/pengbo/rclcpp_cbg/ros2_rclcpp/install/rclcpp_action/share/rclcpp_action/hook/ld_library_path_lib.ps1'
[10.159s] INFO:colcon.colcon_core.shell:Creating environment descriptor '/home/pengbo/rclcpp_cbg/ros2_rclcpp/install/rclcpp_action/share/rclcpp_action/hook/ld_library_path_lib.dsv'
[10.159s] INFO:colcon.colcon_core.shell:Creating environment hook '/home/pengbo/rclcpp_cbg/ros2_rclcpp/install/rclcpp_action/share/rclcpp_action/hook/ld_library_path_lib.sh'
[10.159s] Level 1:colcon.colcon_core.environment:checking '/home/pengbo/rclcpp_cbg/ros2_rclcpp/install/rclcpp_action/bin'
[10.159s] Level 1:colcon.colcon_core.environment:checking '/home/pengbo/rclcpp_cbg/ros2_rclcpp/install/rclcpp_action/lib/pkgconfig/rclcpp_action.pc'
[10.159s] Level 1:colcon.colcon_core.environment:checking '/home/pengbo/rclcpp_cbg/ros2_rclcpp/install/rclcpp_action/lib/python3.8/site-packages'
[10.160s] INFO:colcon.colcon_core.shell:Creating package script '/home/pengbo/rclcpp_cbg/ros2_rclcpp/install/rclcpp_action/share/rclcpp_action/package.ps1'
[10.160s] INFO:colcon.colcon_core.shell:Creating package descriptor '/home/pengbo/rclcpp_cbg/ros2_rclcpp/install/rclcpp_action/share/rclcpp_action/package.dsv'
[10.160s] INFO:colcon.colcon_core.shell:Creating package script '/home/pengbo/rclcpp_cbg/ros2_rclcpp/install/rclcpp_action/share/rclcpp_action/package.sh'
[10.160s] INFO:colcon.colcon_core.shell:Creating package script '/home/pengbo/rclcpp_cbg/ros2_rclcpp/install/rclcpp_action/share/rclcpp_action/package.bash'
[10.161s] INFO:colcon.colcon_core.shell:Creating package script '/home/pengbo/rclcpp_cbg/ros2_rclcpp/install/rclcpp_action/share/rclcpp_action/package.zsh'
[10.161s] Level 1:colcon.colcon_core.environment:create_file_with_runtime_dependencies(/home/pengbo/rclcpp_cbg/ros2_rclcpp/install/rclcpp_action/share/colcon-core/packages/rclcpp_action)
[10.191s] DEBUG:colcon.colcon_core.event_handler.log_command:Invoking command in '/home/pengbo/rclcpp_cbg/ros2_rclcpp/build/rclcpp_lifecycle': AMENT_PREFIX_PATH=/home/pengbo/rclcpp_cbg/ros2_rclcpp/install/rclcpp CMAKE_PREFIX_PATH=/home/pengbo/rclcpp_cbg/ros2_rclcpp/install/rclcpp LD_LIBRARY_PATH=/home/pengbo/rclcpp_cbg/ros2_rclcpp/install/rclcpp/lib /usr/bin/cmake --install /home/pengbo/rclcpp_cbg/ros2_rclcpp/build/rclcpp_lifecycle
[10.193s] Level 1:colcon.colcon_core.environment:create_environment_scripts_only(rclcpp_action)
[10.193s] Level 1:colcon.colcon_core.environment:checking '/home/pengbo/rclcpp_cbg/ros2_rclcpp/install/rclcpp_action' for CMake module files
[10.194s] Level 1:colcon.colcon_core.environment:checking '/home/pengbo/rclcpp_cbg/ros2_rclcpp/install/rclcpp_action' for CMake config files
[10.194s] Level 1:colcon.colcon_core.shell:create_environment_hook('rclcpp_action', 'cmake_prefix_path')
[10.195s] INFO:colcon.colcon_core.shell:Creating environment hook '/home/pengbo/rclcpp_cbg/ros2_rclcpp/install/rclcpp_action/share/rclcpp_action/hook/cmake_prefix_path.ps1'
[10.195s] INFO:colcon.colcon_core.shell:Creating environment descriptor '/home/pengbo/rclcpp_cbg/ros2_rclcpp/install/rclcpp_action/share/rclcpp_action/hook/cmake_prefix_path.dsv'
[10.195s] INFO:colcon.colcon_core.shell:Creating environment hook '/home/pengbo/rclcpp_cbg/ros2_rclcpp/install/rclcpp_action/share/rclcpp_action/hook/cmake_prefix_path.sh'
[10.196s] Level 1:colcon.colcon_core.environment:checking '/home/pengbo/rclcpp_cbg/ros2_rclcpp/install/rclcpp_action/lib'
[10.196s] Level 1:colcon.colcon_core.shell:create_environment_hook('rclcpp_action', 'ld_library_path_lib')
[10.196s] INFO:colcon.colcon_core.shell:Creating environment hook '/home/pengbo/rclcpp_cbg/ros2_rclcpp/install/rclcpp_action/share/rclcpp_action/hook/ld_library_path_lib.ps1'
[10.197s] INFO:colcon.colcon_core.shell:Creating environment descriptor '/home/pengbo/rclcpp_cbg/ros2_rclcpp/install/rclcpp_action/share/rclcpp_action/hook/ld_library_path_lib.dsv'
[10.197s] INFO:colcon.colcon_core.shell:Creating environment hook '/home/pengbo/rclcpp_cbg/ros2_rclcpp/install/rclcpp_action/share/rclcpp_action/hook/ld_library_path_lib.sh'
[10.197s] Level 1:colcon.colcon_core.environment:checking '/home/pengbo/rclcpp_cbg/ros2_rclcpp/install/rclcpp_action/bin'
[10.197s] Level 1:colcon.colcon_core.environment:checking '/home/pengbo/rclcpp_cbg/ros2_rclcpp/install/rclcpp_action/lib/pkgconfig/rclcpp_action.pc'
[10.197s] Level 1:colcon.colcon_core.environment:checking '/home/pengbo/rclcpp_cbg/ros2_rclcpp/install/rclcpp_action/lib/python3.8/site-packages'
[10.198s] INFO:colcon.colcon_core.shell:Creating package script '/home/pengbo/rclcpp_cbg/ros2_rclcpp/install/rclcpp_action/share/rclcpp_action/package.ps1'
[10.199s] INFO:colcon.colcon_core.shell:Creating package descriptor '/home/pengbo/rclcpp_cbg/ros2_rclcpp/install/rclcpp_action/share/rclcpp_action/package.dsv'
[10.200s] INFO:colcon.colcon_core.shell:Creating package script '/home/pengbo/rclcpp_cbg/ros2_rclcpp/install/rclcpp_action/share/rclcpp_action/package.sh'
[10.200s] INFO:colcon.colcon_core.shell:Creating package script '/home/pengbo/rclcpp_cbg/ros2_rclcpp/install/rclcpp_action/share/rclcpp_action/package.bash'
[10.201s] INFO:colcon.colcon_core.shell:Creating package script '/home/pengbo/rclcpp_cbg/ros2_rclcpp/install/rclcpp_action/share/rclcpp_action/package.zsh'
[10.201s] Level 1:colcon.colcon_core.environment:create_file_with_runtime_dependencies(/home/pengbo/rclcpp_cbg/ros2_rclcpp/install/rclcpp_action/share/colcon-core/packages/rclcpp_action)
[10.204s] Level 1:colcon.colcon_core.environment:create_environment_scripts_only(rclcpp_lifecycle)
[10.204s] Level 1:colcon.colcon_core.environment:checking '/home/pengbo/rclcpp_cbg/ros2_rclcpp/install/rclcpp_lifecycle' for CMake module files
[10.205s] Level 1:colcon.colcon_core.environment:checking '/home/pengbo/rclcpp_cbg/ros2_rclcpp/install/rclcpp_lifecycle' for CMake config files
[10.206s] Level 1:colcon.colcon_core.shell:create_environment_hook('rclcpp_lifecycle', 'cmake_prefix_path')
[10.207s] INFO:colcon.colcon_core.shell:Creating environment hook '/home/pengbo/rclcpp_cbg/ros2_rclcpp/install/rclcpp_lifecycle/share/rclcpp_lifecycle/hook/cmake_prefix_path.ps1'
[10.207s] DEBUG:colcon.colcon_core.event_handler.log_command:Invoked command in '/home/pengbo/rclcpp_cbg/ros2_rclcpp/build/rclcpp_lifecycle' returned '0': AMENT_PREFIX_PATH=/home/pengbo/rclcpp_cbg/ros2_rclcpp/install/rclcpp CMAKE_PREFIX_PATH=/home/pengbo/rclcpp_cbg/ros2_rclcpp/install/rclcpp LD_LIBRARY_PATH=/home/pengbo/rclcpp_cbg/ros2_rclcpp/install/rclcpp/lib /usr/bin/cmake --install /home/pengbo/rclcpp_cbg/ros2_rclcpp/build/rclcpp_lifecycle
[10.207s] INFO:colcon.colcon_core.shell:Creating environment descriptor '/home/pengbo/rclcpp_cbg/ros2_rclcpp/install/rclcpp_lifecycle/share/rclcpp_lifecycle/hook/cmake_prefix_path.dsv'
[10.208s] INFO:colcon.colcon_core.shell:Creating environment hook '/home/pengbo/rclcpp_cbg/ros2_rclcpp/install/rclcpp_lifecycle/share/rclcpp_lifecycle/hook/cmake_prefix_path.sh'
[10.208s] Level 1:colcon.colcon_core.environment:checking '/home/pengbo/rclcpp_cbg/ros2_rclcpp/install/rclcpp_lifecycle/lib'
[10.209s] Level 1:colcon.colcon_core.shell:create_environment_hook('rclcpp_lifecycle', 'ld_library_path_lib')
[10.209s] INFO:colcon.colcon_core.shell:Creating environment hook '/home/pengbo/rclcpp_cbg/ros2_rclcpp/install/rclcpp_lifecycle/share/rclcpp_lifecycle/hook/ld_library_path_lib.ps1'
[10.210s] INFO:colcon.colcon_core.shell:Creating environment descriptor '/home/pengbo/rclcpp_cbg/ros2_rclcpp/install/rclcpp_lifecycle/share/rclcpp_lifecycle/hook/ld_library_path_lib.dsv'
[10.210s] INFO:colcon.colcon_core.shell:Creating environment hook '/home/pengbo/rclcpp_cbg/ros2_rclcpp/install/rclcpp_lifecycle/share/rclcpp_lifecycle/hook/ld_library_path_lib.sh'
[10.210s] Level 1:colcon.colcon_core.environment:checking '/home/pengbo/rclcpp_cbg/ros2_rclcpp/install/rclcpp_lifecycle/bin'
[10.210s] Level 1:colcon.colcon_core.environment:checking '/home/pengbo/rclcpp_cbg/ros2_rclcpp/install/rclcpp_lifecycle/lib/pkgconfig/rclcpp_lifecycle.pc'
[10.211s] Level 1:colcon.colcon_core.environment:checking '/home/pengbo/rclcpp_cbg/ros2_rclcpp/install/rclcpp_lifecycle/lib/python3.8/site-packages'
[10.211s] INFO:colcon.colcon_core.shell:Creating package script '/home/pengbo/rclcpp_cbg/ros2_rclcpp/install/rclcpp_lifecycle/share/rclcpp_lifecycle/package.ps1'
[10.212s] INFO:colcon.colcon_core.shell:Creating package descriptor '/home/pengbo/rclcpp_cbg/ros2_rclcpp/install/rclcpp_lifecycle/share/rclcpp_lifecycle/package.dsv'
[10.212s] INFO:colcon.colcon_core.shell:Creating package script '/home/pengbo/rclcpp_cbg/ros2_rclcpp/install/rclcpp_lifecycle/share/rclcpp_lifecycle/package.sh'
[10.212s] INFO:colcon.colcon_core.shell:Creating package script '/home/pengbo/rclcpp_cbg/ros2_rclcpp/install/rclcpp_lifecycle/share/rclcpp_lifecycle/package.bash'
[10.213s] INFO:colcon.colcon_core.shell:Creating package script '/home/pengbo/rclcpp_cbg/ros2_rclcpp/install/rclcpp_lifecycle/share/rclcpp_lifecycle/package.zsh'
[10.213s] Level 1:colcon.colcon_core.environment:create_file_with_runtime_dependencies(/home/pengbo/rclcpp_cbg/ros2_rclcpp/install/rclcpp_lifecycle/share/colcon-core/packages/rclcpp_lifecycle)
[10.242s] Level 1:colcon.colcon_core.environment:create_environment_scripts_only(rclcpp_lifecycle)
[10.243s] Level 1:colcon.colcon_core.environment:checking '/home/pengbo/rclcpp_cbg/ros2_rclcpp/install/rclcpp_lifecycle' for CMake module files
[10.244s] Level 1:colcon.colcon_core.environment:checking '/home/pengbo/rclcpp_cbg/ros2_rclcpp/install/rclcpp_lifecycle' for CMake config files
[10.244s] Level 1:colcon.colcon_core.shell:create_environment_hook('rclcpp_lifecycle', 'cmake_prefix_path')
[10.244s] INFO:colcon.colcon_core.shell:Creating environment hook '/home/pengbo/rclcpp_cbg/ros2_rclcpp/install/rclcpp_lifecycle/share/rclcpp_lifecycle/hook/cmake_prefix_path.ps1'
[10.245s] INFO:colcon.colcon_core.shell:Creating environment descriptor '/home/pengbo/rclcpp_cbg/ros2_rclcpp/install/rclcpp_lifecycle/share/rclcpp_lifecycle/hook/cmake_prefix_path.dsv'
[10.245s] INFO:colcon.colcon_core.shell:Creating environment hook '/home/pengbo/rclcpp_cbg/ros2_rclcpp/install/rclcpp_lifecycle/share/rclcpp_lifecycle/hook/cmake_prefix_path.sh'
[10.246s] Level 1:colcon.colcon_core.environment:checking '/home/pengbo/rclcpp_cbg/ros2_rclcpp/install/rclcpp_lifecycle/lib'
[10.246s] Level 1:colcon.colcon_core.shell:create_environment_hook('rclcpp_lifecycle', 'ld_library_path_lib')
[10.246s] INFO:colcon.colcon_core.shell:Creating environment hook '/home/pengbo/rclcpp_cbg/ros2_rclcpp/install/rclcpp_lifecycle/share/rclcpp_lifecycle/hook/ld_library_path_lib.ps1'
[10.247s] INFO:colcon.colcon_core.shell:Creating environment descriptor '/home/pengbo/rclcpp_cbg/ros2_rclcpp/install/rclcpp_lifecycle/share/rclcpp_lifecycle/hook/ld_library_path_lib.dsv'
[10.247s] INFO:colcon.colcon_core.shell:Creating environment hook '/home/pengbo/rclcpp_cbg/ros2_rclcpp/install/rclcpp_lifecycle/share/rclcpp_lifecycle/hook/ld_library_path_lib.sh'
[10.247s] Level 1:colcon.colcon_core.environment:checking '/home/pengbo/rclcpp_cbg/ros2_rclcpp/install/rclcpp_lifecycle/bin'
[10.247s] Level 1:colcon.colcon_core.environment:checking '/home/pengbo/rclcpp_cbg/ros2_rclcpp/install/rclcpp_lifecycle/lib/pkgconfig/rclcpp_lifecycle.pc'
[10.247s] Level 1:colcon.colcon_core.environment:checking '/home/pengbo/rclcpp_cbg/ros2_rclcpp/install/rclcpp_lifecycle/lib/python3.8/site-packages'
[10.248s] INFO:colcon.colcon_core.shell:Creating package script '/home/pengbo/rclcpp_cbg/ros2_rclcpp/install/rclcpp_lifecycle/share/rclcpp_lifecycle/package.ps1'
[10.248s] INFO:colcon.colcon_core.shell:Creating package descriptor '/home/pengbo/rclcpp_cbg/ros2_rclcpp/install/rclcpp_lifecycle/share/rclcpp_lifecycle/package.dsv'
[10.249s] INFO:colcon.colcon_core.shell:Creating package script '/home/pengbo/rclcpp_cbg/ros2_rclcpp/install/rclcpp_lifecycle/share/rclcpp_lifecycle/package.sh'
[10.250s] INFO:colcon.colcon_core.shell:Creating package script '/home/pengbo/rclcpp_cbg/ros2_rclcpp/install/rclcpp_lifecycle/share/rclcpp_lifecycle/package.bash'
[10.250s] INFO:colcon.colcon_core.shell:Creating package script '/home/pengbo/rclcpp_cbg/ros2_rclcpp/install/rclcpp_lifecycle/share/rclcpp_lifecycle/package.zsh'
[10.250s] Level 1:colcon.colcon_core.environment:create_file_with_runtime_dependencies(/home/pengbo/rclcpp_cbg/ros2_rclcpp/install/rclcpp_lifecycle/share/colcon-core/packages/rclcpp_lifecycle)
[10.251s] DEBUG:colcon.colcon_parallel_executor.executor.parallel:closing loop
[10.251s] DEBUG:colcon.colcon_parallel_executor.executor.parallel:loop closed
[10.251s] DEBUG:colcon.colcon_parallel_executor.executor.parallel:run_until_complete finished with '0'
[10.251s] DEBUG:colcon.colcon_core.event_reactor:joining thread
[10.259s] INFO:colcon.colcon_core.plugin_system:Skipping extension 'colcon_notification.desktop_notification.terminal_notifier': Not used on non-Darwin systems
[10.259s] INFO:colcon.colcon_core.plugin_system:Skipping extension 'colcon_notification.desktop_notification.win32': Not used on non-Windows systems
[10.259s] INFO:colcon.colcon_notification.desktop_notification:Sending desktop notification using 'notify2'
[10.278s] DEBUG:colcon.colcon_core.event_reactor:joined thread
[10.279s] INFO:colcon.colcon_core.shell:Creating prefix script '/home/pengbo/rclcpp_cbg/ros2_rclcpp/install/local_setup.ps1'
[10.280s] INFO:colcon.colcon_core.shell:Creating prefix util module '/home/pengbo/rclcpp_cbg/ros2_rclcpp/install/_local_setup_util_ps1.py'
[10.281s] INFO:colcon.colcon_core.shell:Creating prefix chain script '/home/pengbo/rclcpp_cbg/ros2_rclcpp/install/setup.ps1'
[10.283s] INFO:colcon.colcon_core.shell:Creating prefix script '/home/pengbo/rclcpp_cbg/ros2_rclcpp/install/local_setup.sh'
[10.284s] INFO:colcon.colcon_core.shell:Creating prefix util module '/home/pengbo/rclcpp_cbg/ros2_rclcpp/install/_local_setup_util_sh.py'
[10.284s] INFO:colcon.colcon_core.shell:Creating prefix chain script '/home/pengbo/rclcpp_cbg/ros2_rclcpp/install/setup.sh'
[10.286s] INFO:colcon.colcon_core.shell:Creating prefix script '/home/pengbo/rclcpp_cbg/ros2_rclcpp/install/local_setup.bash'
[10.286s] INFO:colcon.colcon_core.shell:Creating prefix chain script '/home/pengbo/rclcpp_cbg/ros2_rclcpp/install/setup.bash'
[10.288s] INFO:colcon.colcon_core.shell:Creating prefix script '/home/pengbo/rclcpp_cbg/ros2_rclcpp/install/local_setup.zsh'
[10.288s] INFO:colcon.colcon_core.shell:Creating prefix chain script '/home/pengbo/rclcpp_cbg/ros2_rclcpp/install/setup.zsh'
