-- The C compiler identification is GNU 9.3.0
-- The CXX compiler identification is GNU 9.3.0
-- Check for working C compiler: /usr/bin/cc
-- Check for working C compiler: /usr/bin/cc -- works
-- Detecting C compiler ABI info
-- Detecting C compiler ABI info - done
-- Detecting C compile features
-- Detecting C compile features - done
-- Check for working CXX compiler: /usr/bin/c++
-- Check for working CXX compiler: /usr/bin/c++ -- works
-- Detecting CXX compiler ABI info
-- Detecting CXX compiler ABI info - done
-- Detecting CXX compile features
-- Detecting CXX compile features - done
-- Found ament_cmake_ros: 0.9.0 (/home/pengbo/ros2_foxy/install/ament_cmake_ros/share/ament_cmake_ros/cmake)
-- Found PythonInterp: /usr/bin/python3 (found suitable version "3.8.5", minimum required is "3") 
-- Using PYTHON_EXECUTABLE: /usr/bin/python3
-- Found builtin_interfaces: 1.0.0 (/home/pengbo/ros2_foxy/install/builtin_interfaces/share/builtin_interfaces/cmake)
-- Using all available rosidl_typesupport_c: rosidl_typesupport_introspection_c;rosidl_typesupport_fastrtps_c
-- Found rosidl_adapter: 1.1.0 (/home/pengbo/ros2_foxy/install/rosidl_adapter/share/rosidl_adapter/cmake)
-- Found FastRTPS: /home/pengbo/ros2_foxy/install/fastrtps/include  
-- Using all available rosidl_typesupport_cpp: rosidl_typesupport_introspection_cpp;rosidl_typesupport_fastrtps_cpp
-- Found libstatistics_collector: 1.0.1 (/home/pengbo/ros2_foxy/install/libstatistics_collector/share/libstatistics_collector/cmake)
-- Found rmw_implementation_cmake: 1.0.2 (/home/pengbo/ros2_foxy/install/rmw_implementation_cmake/share/rmw_implementation_cmake/cmake)
-- Using RMW implementation 'rmw_fastrtps_cpp' as default
-- Looking for pthread.h
-- Looking for pthread.h - found
-- Performing Test CMAKE_HAVE_LIBC_PTHREAD
-- Performing Test CMAKE_HAVE_LIBC_PTHREAD - Failed
-- Looking for pthread_create in pthreads
-- Looking for pthread_create in pthreads - not found
-- Looking for pthread_create in pthread
-- Looking for pthread_create in pthread - found
-- Found Threads: TRUE  
-- Found rosgraph_msgs: 1.0.0 (/home/pengbo/ros2_foxy/install/rosgraph_msgs/share/rosgraph_msgs/cmake)
-- Found ament_lint_auto: 0.9.5 (/home/pengbo/ros2_foxy/install/ament_lint_auto/share/ament_lint_auto/cmake)
-- Found PythonInterp: /usr/bin/python3 (found version "3.8.5") 
-- Using all available rosidl_typesupport_c: rosidl_typesupport_introspection_c;rosidl_typesupport_fastrtps_c
-- Using all available rosidl_typesupport_cpp: rosidl_typesupport_introspection_cpp;rosidl_typesupport_fastrtps_cpp
-- Found PythonInterp: /usr/bin/python3 (found suitable version "3.8.5", minimum required is "3.5") 
-- Found python_cmake_module: 0.8.0 (/home/pengbo/ros2_foxy/install/python_cmake_module/share/python_cmake_module/cmake)
-- Found PythonLibs: /usr/lib/x86_64-linux-gnu/libpython3.8.so (found suitable version "3.8.5", minimum required is "3.5") 
-- Using PYTHON_EXECUTABLE: /usr/bin/python3
-- Using PYTHON_INCLUDE_DIRS: /usr/include/python3.8
-- Using PYTHON_LIBRARIES: /usr/lib/x86_64-linux-gnu/libpython3.8.so
-- Found PythonExtra: .so  
-- Found gtest sources under '/home/pengbo/ros2_foxy/install/gtest_vendor/src/gtest_vendor': C++ tests using 'Google Test' will be built
-- Check if compiler accepts -pthread
-- Check if compiler accepts -pthread - yes
-- Found gmock sources under '/home/pengbo/ros2_foxy/install/gmock_vendor/src/gmock_vendor': C++ tests using 'Google Mock' will be built
-- Added test 'copyright' to check source files copyright and LICENSE
-- Added test 'cppcheck' to perform static code analysis on C / C++ code
-- Configured cppcheck include dirs: $<BUILD_INTERFACE:/home/pengbo/rclcpp_cbg/ros2_rclcpp/rclcpp/include>;/home/pengbo/rclcpp_cbg/ros2_rclcpp/rclcpp/test/;/home/pengbo/rclcpp_cbg/ros2_rclcpp/rclcpp/include
-- Configured cppcheck exclude dirs and/or files: 
-- Added test 'cpplint' to check C / C++ code against the Google style
-- Configured cpplint exclude dirs and/or files: 
-- Added test 'flake8' to check Python code syntax and style conventions
-- Added test 'lint_cmake' to check CMake code style
-- Added test 'pep257' to check Python code against some of the style conventions in PEP 257
-- Added test 'uncrustify' to check C / C++ code style
-- Configured uncrustify additional arguments: 
-- Added test 'xmllint' to check XML markup files
-- Configuring done
-- Generating done
-- Build files have been written to: /home/pengbo/rclcpp_cbg/build/rclcpp
[35m[1mScanning dependencies of target gmock_main[0m
[  0%] [34m[1mExpanding interface_traits.hpp.em into node_clock_interface_traits.hpp[0m
[35m[1mScanning dependencies of target gtest_main[0m
[35m[1mScanning dependencies of target gmock[0m
[  0%] [34m[1mGenerating C code for ROS interfaces[0m
[  1%] [34m[1mExpanding interface_traits.hpp.em into node_base_interface_traits.hpp[0m
[  2%] [34m[1mExpanding get_interface.hpp.em into get_/home/pengbo/rclcpp_cbg/ros2_rclcpp/rclcpp/include/rclcpp/node_interfaces/node_clock_interface.hpp.hpp[0m
[35m[1mScanning dependencies of target rclcpp_test_msgs__cpp[0m
[35m[1mScanning dependencies of target gtest[0m
[  2%] [34m[1mExpanding get_interface.hpp.em into get_/home/pengbo/rclcpp_cbg/ros2_rclcpp/rclcpp/include/rclcpp/node_interfaces/node_waitables_interface.hpp.hpp[0m
[  2%] [34m[1mExpanding get_interface.hpp.em into get_/home/pengbo/rclcpp_cbg/ros2_rclcpp/rclcpp/include/rclcpp/node_interfaces/node_base_interface.hpp.hpp[0m
[  2%] [34m[1mExpanding logging.hpp.em[0m
[  2%] [34m[1mGenerating C++ code for ROS interfaces[0m
[  2%] [32mBuilding CXX object gtest/CMakeFiles/gtest_main.dir/src/gtest_main.cc.o[0m
[  2%] [32mBuilding CXX object gmock/CMakeFiles/gmock_main.dir/src/gmock_main.cc.o[0m
[  2%] [32mBuilding CXX object gtest/CMakeFiles/gtest.dir/src/gtest-all.cc.o[0m
[  2%] [32mBuilding CXX object gmock/CMakeFiles/gmock.dir/home/pengbo/ros2_foxy/install/gtest_vendor/src/gtest_vendor/src/gtest-all.cc.o[0m
[  2%] [34m[1mExpanding interface_traits.hpp.em into node_graph_interface_traits.hpp[0m
[  3%] [34m[1mExpanding get_interface.hpp.em into get_/home/pengbo/rclcpp_cbg/ros2_rclcpp/rclcpp/include/rclcpp/node_interfaces/node_graph_interface.hpp.hpp[0m
[  3%] [34m[1mExpanding interface_traits.hpp.em into node_logging_interface_traits.hpp[0m
[  3%] [34m[1mExpanding interface_traits.hpp.em into node_parameters_interface_traits.hpp[0m
[  4%] [34m[1mExpanding get_interface.hpp.em into get_/home/pengbo/rclcpp_cbg/ros2_rclcpp/rclcpp/include/rclcpp/node_interfaces/node_logging_interface.hpp.hpp[0m
[  5%] [34m[1mExpanding get_interface.hpp.em into get_/home/pengbo/rclcpp_cbg/ros2_rclcpp/rclcpp/include/rclcpp/node_interfaces/node_parameters_interface.hpp.hpp[0m
[  5%] [34m[1mExpanding interface_traits.hpp.em into node_services_interface_traits.hpp[0m
[  6%] [34m[1mExpanding get_interface.hpp.em into get_/home/pengbo/rclcpp_cbg/ros2_rclcpp/rclcpp/include/rclcpp/node_interfaces/node_services_interface.hpp.hpp[0m
[  6%] [34m[1mExpanding interface_traits.hpp.em into node_time_source_interface_traits.hpp[0m
[  6%] [34m[1mExpanding get_interface.hpp.em into get_/home/pengbo/rclcpp_cbg/ros2_rclcpp/rclcpp/include/rclcpp/node_interfaces/node_time_source_interface.hpp.hpp[0m
[  7%] [34m[1mExpanding interface_traits.hpp.em into node_timers_interface_traits.hpp[0m
[  7%] Built target rclcpp_test_msgs__cpp
[  8%] [32m[1mLinking CXX static library libgtest_main.a[0m
[  9%] [34m[1mGenerating C++ type support dispatch for ROS interfaces[0m
[  9%] [34m[1mExpanding get_interface.hpp.em into get_/home/pengbo/rclcpp_cbg/ros2_rclcpp/rclcpp/include/rclcpp/node_interfaces/node_timers_interface.hpp.hpp[0m
[35m[1mScanning dependencies of target rclcpp_test_msgs__rosidl_generator_c[0m
[ 10%] [34m[1mExpanding interface_traits.hpp.em into node_topics_interface_traits.hpp[0m
[ 10%] [34m[1mExpanding get_interface.hpp.em into get_/home/pengbo/rclcpp_cbg/ros2_rclcpp/rclcpp/include/rclcpp/node_interfaces/node_topics_interface.hpp.hpp[0m
[ 11%] [34m[1mExpanding interface_traits.hpp.em into node_waitables_interface_traits.hpp[0m
[ 12%] [32mBuilding C object CMakeFiles/rclcpp_test_msgs__rosidl_generator_c.dir/rosidl_generator_c/rclcpp/msg/detail/header__functions.c.o[0m
[ 12%] Built target gtest_main
[ 12%] [32mBuilding C object CMakeFiles/rclcpp_test_msgs__rosidl_generator_c.dir/rosidl_generator_c/rclcpp/msg/detail/message_with_header__functions.c.o[0m
[ 12%] [34m[1mGenerating C++ introspection for ROS interfaces[0m
[ 13%] [34m[1mGenerating C++ type support for eProsima Fast-RTPS[0m
[ 14%] [32m[1mLinking C shared library librclcpp__rosidl_generator_c.so[0m
[ 14%] [32mBuilding CXX object gmock/CMakeFiles/gmock.dir/src/gmock-all.cc.o[0m
[ 14%] Built target rclcpp_test_msgs__rosidl_generator_c
[ 14%] [34m[1mGenerating C type support dispatch for ROS interfaces[0m
[ 14%] [34m[1mGenerating C introspection for ROS interfaces[0m
[35m[1mScanning dependencies of target rclcpp[0m
[ 15%] [32m[1mLinking CXX static library libgmock_main.a[0m
[35m[1mScanning dependencies of target rclcpp_test_msgs__rosidl_typesupport_cpp[0m
[ 15%] [32mBuilding CXX object CMakeFiles/rclcpp_test_msgs__rosidl_typesupport_cpp.dir/rosidl_typesupport_cpp/rclcpp/msg/header__type_support.cpp.o[0m
[ 16%] [32mBuilding CXX object CMakeFiles/rclcpp_test_msgs__rosidl_typesupport_cpp.dir/rosidl_typesupport_cpp/rclcpp/msg/message_with_header__type_support.cpp.o[0m
[ 16%] Built target gmock_main
[35m[1mScanning dependencies of target rclcpp_test_msgs__rosidl_typesupport_introspection_cpp[0m
[ 17%] [32mBuilding CXX object CMakeFiles/rclcpp_test_msgs__rosidl_typesupport_introspection_cpp.dir/rosidl_typesupport_introspection_cpp/rclcpp/msg/detail/header__type_support.cpp.o[0m
[ 17%] [32mBuilding CXX object CMakeFiles/rclcpp_test_msgs__rosidl_typesupport_introspection_cpp.dir/rosidl_typesupport_introspection_cpp/rclcpp/msg/detail/message_with_header__type_support.cpp.o[0m
[ 17%] [32mBuilding CXX object CMakeFiles/rclcpp.dir/src/rclcpp/callback_group.cpp.o[0m
[ 18%] [32mBuilding CXX object CMakeFiles/rclcpp.dir/src/rclcpp/any_executable.cpp.o[0m
[35m[1mScanning dependencies of target rclcpp_test_msgs__rosidl_typesupport_c[0m
[ 19%] [32mBuilding CXX object CMakeFiles/rclcpp_test_msgs__rosidl_typesupport_c.dir/rosidl_typesupport_c/rclcpp/msg/header__type_support.cpp.o[0m
[ 19%] [32m[1mLinking CXX shared library librclcpp__rosidl_typesupport_cpp.so[0m
[ 20%] [32mBuilding CXX object CMakeFiles/rclcpp.dir/src/rclcpp/client.cpp.o[0m
[35m[1mScanning dependencies of target rclcpp_test_msgs__rosidl_typesupport_fastrtps_cpp[0m
[ 20%] [32mBuilding CXX object CMakeFiles/rclcpp_test_msgs__rosidl_typesupport_c.dir/rosidl_typesupport_c/rclcpp/msg/message_with_header__type_support.cpp.o[0m
[ 20%] Built target rclcpp_test_msgs__rosidl_typesupport_cpp
[ 20%] [32mBuilding CXX object CMakeFiles/rclcpp_test_msgs__rosidl_typesupport_fastrtps_cpp.dir/rosidl_typesupport_fastrtps_cpp/rclcpp/msg/detail/dds_fastrtps/header__type_support.cpp.o[0m
[35m[1mScanning dependencies of target rclcpp_test_msgs__rosidl_typesupport_introspection_c[0m
[ 20%] [32mBuilding CXX object CMakeFiles/rclcpp.dir/src/rclcpp/clock.cpp.o[0m
[ 20%] [32m[1mLinking CXX shared library librclcpp__rosidl_typesupport_c.so[0m
[ 21%] [32mBuilding C object CMakeFiles/rclcpp_test_msgs__rosidl_typesupport_introspection_c.dir/rosidl_typesupport_introspection_c/rclcpp/msg/detail/header__type_support.c.o[0m
[ 22%] [32m[1mLinking CXX shared library librclcpp__rosidl_typesupport_introspection_cpp.so[0m
[ 22%] [32mBuilding CXX object CMakeFiles/rclcpp_test_msgs__rosidl_typesupport_fastrtps_cpp.dir/rosidl_typesupport_fastrtps_cpp/rclcpp/msg/detail/dds_fastrtps/message_with_header__type_support.cpp.o[0m
[ 22%] Built target rclcpp_test_msgs__rosidl_typesupport_c
[ 22%] [32mBuilding CXX object CMakeFiles/rclcpp.dir/src/rclcpp/context.cpp.o[0m
[ 22%] [32mBuilding C object CMakeFiles/rclcpp_test_msgs__rosidl_typesupport_introspection_c.dir/rosidl_typesupport_introspection_c/rclcpp/msg/detail/message_with_header__type_support.c.o[0m
[ 23%] [32m[1mLinking C shared library librclcpp__rosidl_typesupport_introspection_c.so[0m
[ 23%] Built target rclcpp_test_msgs__rosidl_typesupport_introspection_cpp
[ 23%] Built target rclcpp_test_msgs__rosidl_typesupport_introspection_c
[ 24%] [32mBuilding CXX object CMakeFiles/rclcpp.dir/src/rclcpp/contexts/default_context.cpp.o[0m
[ 24%] [32mBuilding CXX object CMakeFiles/rclcpp.dir/src/rclcpp/detail/rmw_implementation_specific_payload.cpp.o[0m
[ 25%] [32mBuilding CXX object CMakeFiles/rclcpp.dir/src/rclcpp/detail/rmw_implementation_specific_publisher_payload.cpp.o[0m
[ 25%] [32mBuilding CXX object CMakeFiles/rclcpp.dir/src/rclcpp/detail/rmw_implementation_specific_subscription_payload.cpp.o[0m
[ 26%] [32m[1mLinking CXX shared library librclcpp__rosidl_typesupport_fastrtps_cpp.so[0m
[ 27%] [32mBuilding CXX object CMakeFiles/rclcpp.dir/src/rclcpp/detail/utilities.cpp.o[0m
[ 27%] [32mBuilding CXX object CMakeFiles/rclcpp.dir/src/rclcpp/duration.cpp.o[0m
[ 27%] Built target rclcpp_test_msgs__rosidl_typesupport_fastrtps_cpp
[ 28%] [34m[1mGenerating C type support for eProsima Fast-RTPS[0m
[ 29%] [32mBuilding CXX object CMakeFiles/rclcpp.dir/src/rclcpp/event.cpp.o[0m
[ 29%] [32mBuilding CXX object CMakeFiles/rclcpp.dir/src/rclcpp/exceptions/exceptions.cpp.o[0m
[ 30%] [32mBuilding CXX object CMakeFiles/rclcpp.dir/src/rclcpp/executor.cpp.o[0m
[ 30%] [32mBuilding CXX object CMakeFiles/rclcpp.dir/src/rclcpp/executors.cpp.o[0m
[ 30%] [32mBuilding CXX object CMakeFiles/rclcpp.dir/src/rclcpp/expand_topic_or_service_name.cpp.o[0m
[ 31%] [32mBuilding CXX object CMakeFiles/rclcpp.dir/src/rclcpp/executors/multi_threaded_executor.cpp.o[0m
[ 31%] [32mBuilding CXX object CMakeFiles/rclcpp.dir/src/rclcpp/executors/single_threaded_executor.cpp.o[0m
[35m[1mScanning dependencies of target rclcpp_test_msgs__rosidl_typesupport_fastrtps_c[0m
[ 31%] [32mBuilding CXX object CMakeFiles/rclcpp_test_msgs__rosidl_typesupport_fastrtps_c.dir/rosidl_typesupport_fastrtps_c/rclcpp/msg/detail/header__type_support_c.cpp.o[0m
[ 32%] [32mBuilding CXX object CMakeFiles/rclcpp_test_msgs__rosidl_typesupport_fastrtps_c.dir/rosidl_typesupport_fastrtps_c/rclcpp/msg/detail/message_with_header__type_support_c.cpp.o[0m
[ 33%] [32mBuilding CXX object CMakeFiles/rclcpp.dir/src/rclcpp/future_return_code.cpp.o[0m
[ 33%] [32mBuilding CXX object CMakeFiles/rclcpp.dir/src/rclcpp/graph_listener.cpp.o[0m
[ 34%] [32m[1mLinking CXX static library libgmock.a[0m
[ 35%] [32mBuilding CXX object CMakeFiles/rclcpp.dir/src/rclcpp/guard_condition.cpp.o[0m
[ 35%] Built target gmock
[ 35%] [32mBuilding CXX object CMakeFiles/rclcpp.dir/src/rclcpp/init_options.cpp.o[0m
[ 36%] [32mBuilding CXX object CMakeFiles/rclcpp.dir/src/rclcpp/intra_process_manager.cpp.o[0m
[ 36%] [32mBuilding CXX object CMakeFiles/rclcpp.dir/src/rclcpp/logger.cpp.o[0m
[ 36%] [32m[1mLinking CXX shared library librclcpp__rosidl_typesupport_fastrtps_c.so[0m
[ 37%] [32m[1mLinking CXX static library libgtest.a[0m
[ 38%] [32mBuilding CXX object CMakeFiles/rclcpp.dir/src/rclcpp/logging_mutex.cpp.o[0m
[ 38%] Built target rclcpp_test_msgs__rosidl_typesupport_fastrtps_c
[35m[1mScanning dependencies of target rclcpp_test_msgs[0m
[ 38%] Built target rclcpp_test_msgs
[35m[1mScanning dependencies of target rclcpp_test_msgs__py[0m
[ 38%] Built target gtest
[ 38%] [32mBuilding CXX object CMakeFiles/rclcpp.dir/src/rclcpp/memory_strategies.cpp.o[0m
[ 38%] [34m[1mGenerating Python code for ROS interfaces[0m
[ 38%] [32mBuilding CXX object CMakeFiles/rclcpp.dir/src/rclcpp/memory_strategy.cpp.o[0m
[01m[K/home/pengbo/rclcpp_cbg/ros2_rclcpp/rclcpp/src/rclcpp/executors/single_threaded_executor.cpp:[m[K In member function ‘[01m[Kvoid rclcpp::executors::SingleThreadedExecutor::executor_spin_one_period(uint64_t, std::string)[m[K’:
[01m[K/home/pengbo/rclcpp_cbg/ros2_rclcpp/rclcpp/src/rclcpp/executors/single_threaded_executor.cpp:233:22:[m[K [01;35m[Kwarning: [m[Kvariable ‘[01m[Ksleep_time2[m[K’ set but not used [[01;35m[K-Wunused-but-set-variable[m[K]
  233 |      struct timespec [01;35m[Ksleep_time2[m[K;
      |                      [01;35m[K^~~~~~~~~~~[m[K
[01m[K/home/pengbo/rclcpp_cbg/ros2_rclcpp/rclcpp/src/rclcpp/executors/single_threaded_executor.cpp:234:22:[m[K [01;35m[Kwarning: [m[Kunused variable ‘[01m[Krest_time[m[K’ [[01;35m[K-Wunused-variable[m[K]
  234 |      struct timespec [01;35m[Krest_time[m[K;
      |                      [01;35m[K^~~~~~~~~[m[K
[ 39%] [32mBuilding CXX object CMakeFiles/rclcpp.dir/src/rclcpp/message_info.cpp.o[0m
[ 39%] [32mBuilding CXX object CMakeFiles/rclcpp.dir/src/rclcpp/node.cpp.o[0m
[ 40%] [32mBuilding CXX object CMakeFiles/rclcpp.dir/src/rclcpp/node_options.cpp.o[0m
[35m[1mScanning dependencies of target test_function_traits[0m
[ 40%] [32mBuilding CXX object CMakeFiles/test_function_traits.dir/test/test_function_traits.cpp.o[0m
[ 40%] [32mBuilding CXX object CMakeFiles/rclcpp.dir/src/rclcpp/node_interfaces/node_base.cpp.o[0m
[ 41%] [32mBuilding CXX object CMakeFiles/rclcpp.dir/src/rclcpp/node_interfaces/node_clock.cpp.o[0m
[ 41%] [32mBuilding CXX object CMakeFiles/rclcpp.dir/src/rclcpp/node_interfaces/node_graph.cpp.o[0m
[ 42%] [32mBuilding CXX object CMakeFiles/rclcpp.dir/src/rclcpp/node_interfaces/node_logging.cpp.o[0m
[ 42%] [32mBuilding CXX object CMakeFiles/rclcpp.dir/src/rclcpp/node_interfaces/node_parameters.cpp.o[0m
[ 42%] Built target rclcpp_test_msgs__py
[ 43%] [32mBuilding CXX object CMakeFiles/rclcpp.dir/src/rclcpp/node_interfaces/node_services.cpp.o[0m
[35m[1mScanning dependencies of target rclcpp_test_msgs__python[0m
[ 44%] [32mBuilding C object CMakeFiles/rclcpp_test_msgs__python.dir/rosidl_generator_py/rclcpp/msg/_header_s.c.o[0m
[ 44%] [32mBuilding C object CMakeFiles/rclcpp_test_msgs__python.dir/rosidl_generator_py/rclcpp/msg/_message_with_header_s.c.o[0m
[ 44%] [32mBuilding CXX object CMakeFiles/rclcpp.dir/src/rclcpp/node_interfaces/node_time_source.cpp.o[0m
[ 44%] [32mBuilding CXX object CMakeFiles/rclcpp.dir/src/rclcpp/node_interfaces/node_timers.cpp.o[0m
[ 45%] [32m[1mLinking CXX executable test_function_traits[0m
[ 46%] [32mBuilding CXX object CMakeFiles/rclcpp.dir/src/rclcpp/node_interfaces/node_topics.cpp.o[0m
[ 47%] [32m[1mLinking C shared library rosidl_generator_py/rclcpp/librclcpp_test_msgs__python.so[0m
[ 47%] Built target rclcpp_test_msgs__python
[ 47%] [32mBuilding CXX object CMakeFiles/rclcpp.dir/src/rclcpp/node_interfaces/node_waitables.cpp.o[0m
[35m[1mScanning dependencies of target rclcpp__rosidl_typesupport_fastrtps_c__pyext[0m
[ 47%] [32mBuilding C object CMakeFiles/rclcpp__rosidl_typesupport_fastrtps_c__pyext.dir/rosidl_generator_py/rclcpp/_rclcpp_s.ep.rosidl_typesupport_fastrtps_c.c.o[0m
[ 47%] Built target test_function_traits
[35m[1mScanning dependencies of target rclcpp__rosidl_typesupport_c__pyext[0m
[35m[1mScanning dependencies of target rclcpp__rosidl_typesupport_introspection_c__pyext[0m
[ 47%] [32mBuilding C object CMakeFiles/rclcpp__rosidl_typesupport_c__pyext.dir/rosidl_generator_py/rclcpp/_rclcpp_s.ep.rosidl_typesupport_c.c.o[0m
[ 48%] [32m[1mLinking CXX shared library rosidl_generator_py/rclcpp/rclcpp_s__rosidl_typesupport_fastrtps_c.cpython-38-x86_64-linux-gnu.so[0m
[ 48%] [32mBuilding C object CMakeFiles/rclcpp__rosidl_typesupport_introspection_c__pyext.dir/rosidl_generator_py/rclcpp/_rclcpp_s.ep.rosidl_typesupport_introspection_c.c.o[0m
[ 49%] [32m[1mLinking C shared library rosidl_generator_py/rclcpp/rclcpp_s__rosidl_typesupport_introspection_c.cpython-38-x86_64-linux-gnu.so[0m
[ 50%] [32m[1mLinking C shared library rosidl_generator_py/rclcpp/rclcpp_s__rosidl_typesupport_c.cpython-38-x86_64-linux-gnu.so[0m
[ 50%] Built target rclcpp__rosidl_typesupport_fastrtps_c__pyext
[ 51%] [32mBuilding CXX object CMakeFiles/rclcpp.dir/src/rclcpp/parameter.cpp.o[0m
[ 51%] [32mBuilding CXX object CMakeFiles/rclcpp.dir/src/rclcpp/parameter_value.cpp.o[0m
[ 51%] Built target rclcpp__rosidl_typesupport_introspection_c__pyext
[ 51%] [32mBuilding CXX object CMakeFiles/rclcpp.dir/src/rclcpp/parameter_events_filter.cpp.o[0m
[ 52%] [32mBuilding CXX object CMakeFiles/rclcpp.dir/src/rclcpp/parameter_map.cpp.o[0m
[ 52%] Built target rclcpp__rosidl_typesupport_c__pyext
[ 53%] [32mBuilding CXX object CMakeFiles/rclcpp.dir/src/rclcpp/parameter_client.cpp.o[0m
[ 53%] [32mBuilding CXX object CMakeFiles/rclcpp.dir/src/rclcpp/parameter_service.cpp.o[0m
[ 53%] [32mBuilding CXX object CMakeFiles/rclcpp.dir/src/rclcpp/qos.cpp.o[0m
[ 54%] [32mBuilding CXX object CMakeFiles/rclcpp.dir/src/rclcpp/publisher_base.cpp.o[0m
[ 54%] [32mBuilding CXX object CMakeFiles/rclcpp.dir/src/rclcpp/qos_event.cpp.o[0m
[ 55%] [32mBuilding CXX object CMakeFiles/rclcpp.dir/src/rclcpp/serialization.cpp.o[0m
[ 55%] [32mBuilding CXX object CMakeFiles/rclcpp.dir/src/rclcpp/serialized_message.cpp.o[0m
[ 56%] [32mBuilding CXX object CMakeFiles/rclcpp.dir/src/rclcpp/service.cpp.o[0m
[ 56%] [32mBuilding CXX object CMakeFiles/rclcpp.dir/src/rclcpp/signal_handler.cpp.o[0m
[ 57%] [32mBuilding CXX object CMakeFiles/rclcpp.dir/src/rclcpp/subscription_base.cpp.o[0m
[ 57%] [32mBuilding CXX object CMakeFiles/rclcpp.dir/src/rclcpp/subscription_intra_process_base.cpp.o[0m
[ 57%] [32mBuilding CXX object CMakeFiles/rclcpp.dir/src/rclcpp/time_source.cpp.o[0m
[ 58%] [32mBuilding CXX object CMakeFiles/rclcpp.dir/src/rclcpp/time.cpp.o[0m
[ 59%] [32mBuilding CXX object CMakeFiles/rclcpp.dir/src/rclcpp/timer.cpp.o[0m
[ 59%] [32mBuilding CXX object CMakeFiles/rclcpp.dir/src/rclcpp/type_support.cpp.o[0m
[ 59%] [32mBuilding CXX object CMakeFiles/rclcpp.dir/src/rclcpp/utilities.cpp.o[0m
[ 60%] [32mBuilding CXX object CMakeFiles/rclcpp.dir/src/rclcpp/wait_set_policies/detail/write_preferring_read_write_lock.cpp.o[0m
[ 60%] [32mBuilding CXX object CMakeFiles/rclcpp.dir/src/rclcpp/waitable.cpp.o[0m
[ 61%] [32m[1mLinking CXX shared library librclcpp.so[0m
[ 61%] Built target rclcpp
[35m[1mScanning dependencies of target test_node_global_args[0m
[35m[1mScanning dependencies of target test_duration[0m
[35m[1mScanning dependencies of target test_executor[0m
[35m[1mScanning dependencies of target test_ring_buffer_implementation[0m
[35m[1mScanning dependencies of target test_create_timer[0m
[35m[1mScanning dependencies of target test_node_interfaces__get_node_interfaces[0m
[35m[1mScanning dependencies of target test_loaned_message[0m
[35m[1mScanning dependencies of target test_logger[0m
[35m[1mScanning dependencies of target test_expand_topic_or_service_name[0m
[35m[1mScanning dependencies of target test_subscription_options[0m
[35m[1mScanning dependencies of target test_subscription_topic_statistics[0m
[35m[1mScanning dependencies of target test_intra_process_manager[0m
[ 62%] [32mBuilding CXX object CMakeFiles/test_expand_topic_or_service_name.dir/test/test_expand_topic_or_service_name.cpp.o[0m
[ 63%] [32mBuilding CXX object CMakeFiles/test_ring_buffer_implementation.dir/test/test_ring_buffer_implementation.cpp.o[0m
[ 63%] [32mBuilding CXX object CMakeFiles/test_logger.dir/test/test_logger.cpp.o[0m
[ 63%] [32mBuilding CXX object CMakeFiles/test_node_global_args.dir/test/test_node_global_args.cpp.o[0m
[ 65%] [32mBuilding CXX object CMakeFiles/test_subscription_options.dir/test/test_subscription_options.cpp.o[0m
[ 65%] [32mBuilding CXX object CMakeFiles/test_create_timer.dir/test/test_create_timer.cpp.o[0m
[ 66%] [32mBuilding CXX object CMakeFiles/test_executor.dir/test/test_executor.cpp.o[0m
[ 67%] [32mBuilding CXX object CMakeFiles/test_loaned_message.dir/test/test_loaned_message.cpp.o[0m
[ 67%] [32mBuilding CXX object CMakeFiles/test_node_interfaces__get_node_interfaces.dir/test/node_interfaces/test_get_node_interfaces.cpp.o[0m
[ 68%] [32mBuilding CXX object CMakeFiles/test_intra_process_manager.dir/test/test_intra_process_manager.cpp.o[0m
[ 69%] [32mBuilding CXX object CMakeFiles/test_duration.dir/test/test_duration.cpp.o[0m
[ 70%] [32mBuilding CXX object CMakeFiles/test_subscription_topic_statistics.dir/test/topic_statistics/test_subscription_topic_statistics.cpp.o[0m
[ 70%] [32m[1mLinking CXX executable test_logger[0m
[ 70%] [32m[1mLinking CXX executable test_expand_topic_or_service_name[0m
[ 71%] [32m[1mLinking CXX executable test_ring_buffer_implementation[0m
[ 71%] Built target test_logger
[35m[1mScanning dependencies of target test_serialized_message[0m
[ 71%] Built target test_ring_buffer_implementation
[35m[1mScanning dependencies of target test_wait_set[0m
[ 71%] [32mBuilding CXX object CMakeFiles/test_serialized_message.dir/test/test_serialized_message.cpp.o[0m
[ 71%] [32mBuilding CXX object CMakeFiles/test_wait_set.dir/test/test_wait_set.cpp.o[0m
[ 71%] Built target test_expand_topic_or_service_name
[35m[1mScanning dependencies of target test_intra_process_buffer[0m
[ 71%] [32mBuilding CXX object CMakeFiles/test_intra_process_buffer.dir/test/test_intra_process_buffer.cpp.o[0m
[ 71%] [32m[1mLinking CXX executable test_subscription_options[0m
[ 71%] Built target test_subscription_options
[35m[1mScanning dependencies of target test_subscription_traits[0m
[ 72%] [32mBuilding CXX object CMakeFiles/test_subscription_traits.dir/test/test_subscription_traits.cpp.o[0m
[ 72%] [32m[1mLinking CXX executable test_intra_process_manager[0m
[ 72%] [32m[1mLinking CXX executable test_duration[0m
[ 73%] [32m[1mLinking CXX executable test_node_global_args[0m
[ 73%] [32m[1mLinking CXX executable test_create_timer[0m
[ 73%] Built target test_node_global_args
[ 73%] Built target test_duration
[ 74%] [32m[1mLinking CXX executable test_node_interfaces__get_node_interfaces[0m
[35m[1mScanning dependencies of target test_find_weak_nodes[0m
[35m[1mScanning dependencies of target test_node_options[0m
[ 74%] Built target test_intra_process_manager
[ 74%] [32mBuilding CXX object CMakeFiles/test_find_weak_nodes.dir/test/test_find_weak_nodes.cpp.o[0m
[ 74%] [32mBuilding CXX object CMakeFiles/test_node_options.dir/test/test_node_options.cpp.o[0m
[ 74%] [32m[1mLinking CXX executable test_executor[0m
[35m[1mScanning dependencies of target test_time_source[0m
[ 74%] [32mBuilding CXX object CMakeFiles/test_time_source.dir/test/test_time_source.cpp.o[0m
[ 74%] [32m[1mLinking CXX executable test_loaned_message[0m
[ 74%] Built target test_create_timer
[ 74%] [32m[1mLinking CXX executable test_subscription_traits[0m
[35m[1mScanning dependencies of target test_logging[0m
[ 75%] [32mBuilding CXX object CMakeFiles/test_logging.dir/test/test_logging.cpp.o[0m
[ 75%] Built target test_node_interfaces__get_node_interfaces
[35m[1mScanning dependencies of target test_parameter[0m
[ 75%] Built target test_subscription_traits
[35m[1mScanning dependencies of target test_parameter_events_filter[0m
[ 75%] [32mBuilding CXX object CMakeFiles/test_parameter.dir/test/test_parameter.cpp.o[0m
[ 76%] Built target test_executor
[ 76%] [32mBuilding CXX object CMakeFiles/test_parameter_events_filter.dir/test/test_parameter_events_filter.cpp.o[0m
[35m[1mScanning dependencies of target test_parameter_map[0m
[ 77%] [32mBuilding CXX object CMakeFiles/test_parameter_map.dir/test/test_parameter_map.cpp.o[0m
[ 77%] Built target test_loaned_message
[35m[1mScanning dependencies of target test_service[0m
[ 77%] [32mBuilding CXX object CMakeFiles/test_service.dir/test/test_service.cpp.o[0m
[ 78%] [32m[1mLinking CXX executable test_node_options[0m
[ 78%] [32m[1mLinking CXX executable test_intra_process_buffer[0m
[ 78%] Built target test_node_options
[35m[1mScanning dependencies of target test_rate[0m
[ 78%] [32mBuilding CXX object CMakeFiles/test_rate.dir/test/test_rate.cpp.o[0m
[ 78%] [32m[1mLinking CXX executable test_logging[0m
[ 78%] [32m[1mLinking CXX executable test_parameter_events_filter[0m
[ 78%] Built target test_intra_process_buffer
[35m[1mScanning dependencies of target test_publisher[0m
[ 79%] [32mBuilding CXX object CMakeFiles/test_publisher.dir/test/test_publisher.cpp.o[0m
[ 79%] [32m[1mLinking CXX executable test_parameter_map[0m
[ 79%] Built target test_logging
[ 79%] Built target test_parameter_events_filter
[35m[1mScanning dependencies of target test_publisher_subscription_count_api[0m
[35m[1mScanning dependencies of target test_externally_defined_services[0m
[ 80%] [32mBuilding CXX object CMakeFiles/test_publisher_subscription_count_api.dir/test/test_publisher_subscription_count_api.cpp.o[0m
[ 81%] [32mBuilding CXX object CMakeFiles/test_externally_defined_services.dir/test/test_externally_defined_services.cpp.o[0m
[ 82%] [32m[1mLinking CXX executable test_rate[0m
[ 82%] Built target test_parameter_map
[35m[1mScanning dependencies of target test_qos[0m
[ 83%] [32mBuilding CXX object CMakeFiles/test_qos.dir/test/test_qos.cpp.o[0m
[ 84%] [32m[1mLinking CXX executable test_find_weak_nodes[0m
[ 84%] Built target test_rate
[35m[1mScanning dependencies of target test_serialized_message_allocator[0m
[ 84%] [32mBuilding CXX object CMakeFiles/test_serialized_message_allocator.dir/test/test_serialized_message_allocator.cpp.o[0m
[ 85%] [32m[1mLinking CXX executable test_time_source[0m
[ 86%] [32m[1mLinking CXX executable test_serialized_message[0m
[ 86%] Built target test_find_weak_nodes
[35m[1mScanning dependencies of target test_parameter_client[0m
[ 86%] [32m[1mLinking CXX executable test_qos[0m
[ 86%] [32mBuilding CXX object CMakeFiles/test_parameter_client.dir/test/test_parameter_client.cpp.o[0m
[ 87%] [32m[1mLinking CXX executable test_parameter[0m
[ 87%] Built target test_time_source
[35m[1mScanning dependencies of target test_subscription[0m
[ 87%] [32m[1mLinking CXX executable test_service[0m
[ 88%] [32mBuilding CXX object CMakeFiles/test_subscription.dir/test/test_subscription.cpp.o[0m
[ 88%] Built target test_serialized_message
[35m[1mScanning dependencies of target test_time[0m
[ 88%] Built target test_qos
[ 88%] [32mBuilding CXX object CMakeFiles/test_time.dir/test/test_time.cpp.o[0m
[35m[1mScanning dependencies of target test_subscription_publisher_count_api[0m
[ 88%] Built target test_parameter
[35m[1mScanning dependencies of target test_timer[0m
[ 89%] [32mBuilding CXX object CMakeFiles/test_subscription_publisher_count_api.dir/test/test_subscription_publisher_count_api.cpp.o[0m
[ 89%] [32mBuilding CXX object CMakeFiles/test_timer.dir/test/test_timer.cpp.o[0m
[ 89%] Built target test_service
[35m[1mScanning dependencies of target test_utilities[0m
[ 89%] [32mBuilding CXX object CMakeFiles/test_utilities.dir/test/test_utilities.cpp.o[0m
[ 90%] [32m[1mLinking CXX executable test_wait_set[0m
[ 90%] [32m[1mLinking CXX executable test_externally_defined_services[0m
[ 90%] Built target test_wait_set
[ 90%] Built target test_externally_defined_services
[35m[1mScanning dependencies of target test_client[0m
[35m[1mScanning dependencies of target test_init[0m
[ 90%] [32mBuilding CXX object CMakeFiles/test_client.dir/test/test_client.cpp.o[0m
[ 90%] [32m[1mLinking CXX executable test_publisher[0m
[ 90%] [32m[1mLinking CXX executable test_subscription_topic_statistics[0m
[ 90%] [32mBuilding CXX object CMakeFiles/test_init.dir/test/test_init.cpp.o[0m
[ 91%] [32m[1mLinking CXX executable test_utilities[0m
[ 91%] Built target test_publisher
[35m[1mScanning dependencies of target test_qos_event[0m
[ 91%] Built target test_utilities
[35m[1mScanning dependencies of target test_interface_traits[0m
[ 91%] [32mBuilding CXX object CMakeFiles/test_qos_event.dir/test/test_qos_event.cpp.o[0m
[ 91%] [32mBuilding CXX object CMakeFiles/test_interface_traits.dir/test/test_interface_traits.cpp.o[0m
[ 92%] [32m[1mLinking CXX executable test_init[0m
[ 92%] Built target test_subscription_topic_statistics
[35m[1mScanning dependencies of target test_multi_threaded_executor[0m
[ 93%] [32mBuilding CXX object CMakeFiles/test_multi_threaded_executor.dir/test/executors/test_multi_threaded_executor.cpp.o[0m
[ 94%] [32m[1mLinking CXX executable test_time[0m
[ 95%] [32m[1mLinking CXX executable test_timer[0m
[ 95%] Built target test_init
[35m[1mScanning dependencies of target test_node[0m
[ 95%] [32mBuilding CXX object CMakeFiles/test_node.dir/test/test_node.cpp.o[0m
[ 95%] Built target test_time
[ 95%] Built target test_timer
[35m[1mScanning dependencies of target test_guard_condition[0m
[ 95%] [32mBuilding CXX object CMakeFiles/test_guard_condition.dir/test/test_guard_condition.cpp.o[0m
[ 96%] [32m[1mLinking CXX executable test_serialized_message_allocator[0m
[ 96%] [32m[1mLinking CXX executable test_client[0m
[ 97%] [32m[1mLinking CXX executable test_interface_traits[0m
[ 97%] Built target test_client
[ 97%] Built target test_serialized_message_allocator
[ 97%] Built target test_interface_traits
[ 97%] [32m[1mLinking CXX executable test_publisher_subscription_count_api[0m
[ 97%] [32m[1mLinking CXX executable test_multi_threaded_executor[0m
[ 97%] [32m[1mLinking CXX executable test_parameter_client[0m
[ 97%] Built target test_publisher_subscription_count_api
[ 97%] Built target test_multi_threaded_executor
[ 98%] [32m[1mLinking CXX executable test_guard_condition[0m
[ 98%] Built target test_parameter_client
[ 98%] Built target test_guard_condition
[ 98%] [32m[1mLinking CXX executable test_subscription_publisher_count_api[0m
[ 98%] Built target test_subscription_publisher_count_api
[ 99%] [32m[1mLinking CXX executable test_qos_event[0m
[ 99%] [32m[1mLinking CXX executable test_subscription[0m
[ 99%] Built target test_qos_event
[ 99%] Built target test_subscription
[100%] [32m[1mLinking CXX executable test_node[0m
[100%] Built target test_node
-- Install configuration: ""
-- Installing: /home/pengbo/rclcpp_cbg/install/rclcpp/lib/librclcpp.so
-- Set runtime path of "/home/pengbo/rclcpp_cbg/install/rclcpp/lib/librclcpp.so" to ""
-- Installing: /home/pengbo/rclcpp_cbg/install/rclcpp/share/rclcpp/environment/library_path.sh
-- Installing: /home/pengbo/rclcpp_cbg/install/rclcpp/share/rclcpp/environment/library_path.dsv
-- Installing: /home/pengbo/rclcpp_cbg/build/rclcpp/test/resources
-- Installing: /home/pengbo/rclcpp_cbg/build/rclcpp/test/resources/test_node
-- Installing: /home/pengbo/rclcpp_cbg/build/rclcpp/test/resources/test_node/test_parameters.yaml
-- Installing: /home/pengbo/rclcpp_cbg/install/rclcpp/share/ament_index/resource_index/package_run_dependencies/rclcpp
-- Installing: /home/pengbo/rclcpp_cbg/install/rclcpp/share/ament_index/resource_index/parent_prefix_path/rclcpp
-- Installing: /home/pengbo/rclcpp_cbg/install/rclcpp/share/rclcpp/environment/ament_prefix_path.sh
-- Installing: /home/pengbo/rclcpp_cbg/install/rclcpp/share/rclcpp/environment/ament_prefix_path.dsv
-- Installing: /home/pengbo/rclcpp_cbg/install/rclcpp/share/rclcpp/environment/path.sh
-- Installing: /home/pengbo/rclcpp_cbg/install/rclcpp/share/rclcpp/environment/path.dsv
-- Installing: /home/pengbo/rclcpp_cbg/install/rclcpp/share/rclcpp/local_setup.bash
-- Installing: /home/pengbo/rclcpp_cbg/install/rclcpp/share/rclcpp/local_setup.sh
-- Installing: /home/pengbo/rclcpp_cbg/install/rclcpp/share/rclcpp/local_setup.zsh
-- Installing: /home/pengbo/rclcpp_cbg/install/rclcpp/share/rclcpp/local_setup.dsv
-- Installing: /home/pengbo/rclcpp_cbg/install/rclcpp/share/rclcpp/package.dsv
-- Installing: /home/pengbo/rclcpp_cbg/install/rclcpp/share/ament_index/resource_index/packages/rclcpp
-- Installing: /home/pengbo/rclcpp_cbg/install/rclcpp/share/rclcpp/cmake/rclcppExport.cmake
-- Installing: /home/pengbo/rclcpp_cbg/install/rclcpp/share/rclcpp/cmake/rclcppExport-noconfig.cmake
-- Installing: /home/pengbo/rclcpp_cbg/install/rclcpp/share/rclcpp/cmake/ament_cmake_export_include_directories-extras.cmake
-- Installing: /home/pengbo/rclcpp_cbg/install/rclcpp/share/rclcpp/cmake/ament_cmake_export_libraries-extras.cmake
-- Installing: /home/pengbo/rclcpp_cbg/install/rclcpp/share/rclcpp/cmake/ament_cmake_export_targets-extras.cmake
-- Installing: /home/pengbo/rclcpp_cbg/install/rclcpp/share/rclcpp/cmake/ament_cmake_export_dependencies-extras.cmake
-- Installing: /home/pengbo/rclcpp_cbg/install/rclcpp/share/rclcpp/cmake/rosidl_cmake-extras.cmake
-- Installing: /home/pengbo/rclcpp_cbg/install/rclcpp/share/rclcpp/cmake/rclcppConfig.cmake
-- Installing: /home/pengbo/rclcpp_cbg/install/rclcpp/share/rclcpp/cmake/rclcppConfig-version.cmake
-- Installing: /home/pengbo/rclcpp_cbg/install/rclcpp/share/rclcpp/package.xml
-- Installing: /home/pengbo/rclcpp_cbg/install/rclcpp/include
-- Installing: /home/pengbo/rclcpp_cbg/install/rclcpp/include/rclcpp
-- Installing: /home/pengbo/rclcpp_cbg/install/rclcpp/include/rclcpp/publisher.hpp
-- Installing: /home/pengbo/rclcpp_cbg/install/rclcpp/include/rclcpp/visibility_control.hpp
-- Installing: /home/pengbo/rclcpp_cbg/install/rclcpp/include/rclcpp/allocator
-- Installing: /home/pengbo/rclcpp_cbg/install/rclcpp/include/rclcpp/allocator/allocator_deleter.hpp
-- Installing: /home/pengbo/rclcpp_cbg/install/rclcpp/include/rclcpp/allocator/allocator_common.hpp
-- Installing: /home/pengbo/rclcpp_cbg/install/rclcpp/include/rclcpp/graph_listener.hpp
-- Installing: /home/pengbo/rclcpp_cbg/install/rclcpp/include/rclcpp/wait_set_policies
-- Installing: /home/pengbo/rclcpp_cbg/install/rclcpp/include/rclcpp/wait_set_policies/dynamic_storage.hpp
-- Installing: /home/pengbo/rclcpp_cbg/install/rclcpp/include/rclcpp/wait_set_policies/detail
-- Installing: /home/pengbo/rclcpp_cbg/install/rclcpp/include/rclcpp/wait_set_policies/detail/storage_policy_common.hpp
-- Installing: /home/pengbo/rclcpp_cbg/install/rclcpp/include/rclcpp/wait_set_policies/detail/synchronization_policy_common.hpp
-- Installing: /home/pengbo/rclcpp_cbg/install/rclcpp/include/rclcpp/wait_set_policies/detail/write_preferring_read_write_lock.hpp
-- Installing: /home/pengbo/rclcpp_cbg/install/rclcpp/include/rclcpp/wait_set_policies/static_storage.hpp
-- Installing: /home/pengbo/rclcpp_cbg/install/rclcpp/include/rclcpp/wait_set_policies/sequential_synchronization.hpp
-- Installing: /home/pengbo/rclcpp_cbg/install/rclcpp/include/rclcpp/wait_set_policies/thread_safe_synchronization.hpp
-- Installing: /home/pengbo/rclcpp_cbg/install/rclcpp/include/rclcpp/memory_strategy.hpp
-- Installing: /home/pengbo/rclcpp_cbg/install/rclcpp/include/rclcpp/parameter_value.hpp
-- Installing: /home/pengbo/rclcpp_cbg/install/rclcpp/include/rclcpp/parameter.hpp
-- Installing: /home/pengbo/rclcpp_cbg/install/rclcpp/include/rclcpp/duration.hpp
-- Installing: /home/pengbo/rclcpp_cbg/install/rclcpp/include/rclcpp/experimental
-- Installing: /home/pengbo/rclcpp_cbg/install/rclcpp/include/rclcpp/experimental/subscription_intra_process.hpp
-- Installing: /home/pengbo/rclcpp_cbg/install/rclcpp/include/rclcpp/experimental/subscription_intra_process_base.hpp
-- Installing: /home/pengbo/rclcpp_cbg/install/rclcpp/include/rclcpp/experimental/create_intra_process_buffer.hpp
-- Installing: /home/pengbo/rclcpp_cbg/install/rclcpp/include/rclcpp/experimental/executable_list.hpp
-- Installing: /home/pengbo/rclcpp_cbg/install/rclcpp/include/rclcpp/experimental/README.md
-- Installing: /home/pengbo/rclcpp_cbg/install/rclcpp/include/rclcpp/experimental/intra_process_manager.hpp
-- Installing: /home/pengbo/rclcpp_cbg/install/rclcpp/include/rclcpp/experimental/buffers
-- Installing: /home/pengbo/rclcpp_cbg/install/rclcpp/include/rclcpp/experimental/buffers/intra_process_buffer.hpp
-- Installing: /home/pengbo/rclcpp_cbg/install/rclcpp/include/rclcpp/experimental/buffers/buffer_implementation_base.hpp
-- Installing: /home/pengbo/rclcpp_cbg/install/rclcpp/include/rclcpp/experimental/buffers/ring_buffer_implementation.hpp
-- Installing: /home/pengbo/rclcpp_cbg/install/rclcpp/include/rclcpp/node_interfaces
-- Installing: /home/pengbo/rclcpp_cbg/install/rclcpp/include/rclcpp/node_interfaces/node_topics.hpp
-- Installing: /home/pengbo/rclcpp_cbg/install/rclcpp/include/rclcpp/node_interfaces/node_logging_interface.hpp
-- Installing: /home/pengbo/rclcpp_cbg/install/rclcpp/include/rclcpp/node_interfaces/node_graph.hpp
-- Installing: /home/pengbo/rclcpp_cbg/install/rclcpp/include/rclcpp/node_interfaces/node_graph_interface.hpp
-- Installing: /home/pengbo/rclcpp_cbg/install/rclcpp/include/rclcpp/node_interfaces/node_waitables_interface.hpp
-- Installing: /home/pengbo/rclcpp_cbg/install/rclcpp/include/rclcpp/node_interfaces/node_time_source_interface.hpp
-- Installing: /home/pengbo/rclcpp_cbg/install/rclcpp/include/rclcpp/node_interfaces/node_services.hpp
-- Installing: /home/pengbo/rclcpp_cbg/install/rclcpp/include/rclcpp/node_interfaces/node_services_interface.hpp
-- Installing: /home/pengbo/rclcpp_cbg/install/rclcpp/include/rclcpp/node_interfaces/node_topics_interface.hpp
-- Installing: /home/pengbo/rclcpp_cbg/install/rclcpp/include/rclcpp/node_interfaces/node_base_interface.hpp
-- Installing: /home/pengbo/rclcpp_cbg/install/rclcpp/include/rclcpp/node_interfaces/node_clock_interface.hpp
-- Installing: /home/pengbo/rclcpp_cbg/install/rclcpp/include/rclcpp/node_interfaces/node_timers.hpp
-- Installing: /home/pengbo/rclcpp_cbg/install/rclcpp/include/rclcpp/node_interfaces/node_parameters.hpp
-- Installing: /home/pengbo/rclcpp_cbg/install/rclcpp/include/rclcpp/node_interfaces/node_base.hpp
-- Installing: /home/pengbo/rclcpp_cbg/install/rclcpp/include/rclcpp/node_interfaces/node_clock.hpp
-- Installing: /home/pengbo/rclcpp_cbg/install/rclcpp/include/rclcpp/node_interfaces/node_timers_interface.hpp
-- Installing: /home/pengbo/rclcpp_cbg/install/rclcpp/include/rclcpp/node_interfaces/node_logging.hpp
-- Installing: /home/pengbo/rclcpp_cbg/install/rclcpp/include/rclcpp/node_interfaces/node_time_source.hpp
-- Installing: /home/pengbo/rclcpp_cbg/install/rclcpp/include/rclcpp/node_interfaces/node_waitables.hpp
-- Installing: /home/pengbo/rclcpp_cbg/install/rclcpp/include/rclcpp/node_interfaces/node_parameters_interface.hpp
-- Installing: /home/pengbo/rclcpp_cbg/install/rclcpp/include/rclcpp/node.hpp
-- Installing: /home/pengbo/rclcpp_cbg/install/rclcpp/include/rclcpp/any_service_callback.hpp
-- Installing: /home/pengbo/rclcpp_cbg/install/rclcpp/include/rclcpp/exceptions
-- Installing: /home/pengbo/rclcpp_cbg/install/rclcpp/include/rclcpp/exceptions/exceptions.hpp
-- Installing: /home/pengbo/rclcpp_cbg/install/rclcpp/include/rclcpp/wait_set_template.hpp
-- Installing: /home/pengbo/rclcpp_cbg/install/rclcpp/include/rclcpp/subscription_options.hpp
-- Installing: /home/pengbo/rclcpp_cbg/install/rclcpp/include/rclcpp/node_options.hpp
-- Installing: /home/pengbo/rclcpp_cbg/install/rclcpp/include/rclcpp/type_support_decl.hpp
-- Installing: /home/pengbo/rclcpp_cbg/install/rclcpp/include/rclcpp/wait_result.hpp
-- Installing: /home/pengbo/rclcpp_cbg/install/rclcpp/include/rclcpp/logger.hpp
-- Installing: /home/pengbo/rclcpp_cbg/install/rclcpp/include/rclcpp/qos.hpp
-- Installing: /home/pengbo/rclcpp_cbg/install/rclcpp/include/rclcpp/strategies
-- Installing: /home/pengbo/rclcpp_cbg/install/rclcpp/include/rclcpp/strategies/message_pool_memory_strategy.hpp
-- Installing: /home/pengbo/rclcpp_cbg/install/rclcpp/include/rclcpp/strategies/allocator_memory_strategy.hpp
-- Installing: /home/pengbo/rclcpp_cbg/install/rclcpp/include/rclcpp/executors
-- Installing: /home/pengbo/rclcpp_cbg/install/rclcpp/include/rclcpp/executors/static_executor_entities_collector.hpp
-- Installing: /home/pengbo/rclcpp_cbg/install/rclcpp/include/rclcpp/executors/multi_threaded_executor.hpp
-- Installing: /home/pengbo/rclcpp_cbg/install/rclcpp/include/rclcpp/executors/single_threaded_executor.hpp
-- Installing: /home/pengbo/rclcpp_cbg/install/rclcpp/include/rclcpp/executors/static_single_threaded_executor.hpp
-- Installing: /home/pengbo/rclcpp_cbg/install/rclcpp/include/rclcpp/init_options.hpp
-- Installing: /home/pengbo/rclcpp_cbg/install/rclcpp/include/rclcpp/scope_exit.hpp
-- Installing: /home/pengbo/rclcpp_cbg/install/rclcpp/include/rclcpp/callback_group.hpp
-- Installing: /home/pengbo/rclcpp_cbg/install/rclcpp/include/rclcpp/any_executable.hpp
-- Installing: /home/pengbo/rclcpp_cbg/install/rclcpp/include/rclcpp/parameter_client.hpp
-- Installing: /home/pengbo/rclcpp_cbg/install/rclcpp/include/rclcpp/service.hpp
-- Installing: /home/pengbo/rclcpp_cbg/install/rclcpp/include/rclcpp/macros.hpp
-- Installing: /home/pengbo/rclcpp_cbg/install/rclcpp/include/rclcpp/loaned_message.hpp
-- Installing: /home/pengbo/rclcpp_cbg/install/rclcpp/include/rclcpp/future_return_code.hpp
-- Installing: /home/pengbo/rclcpp_cbg/install/rclcpp/include/rclcpp/detail
-- Installing: /home/pengbo/rclcpp_cbg/install/rclcpp/include/rclcpp/detail/rmw_implementation_specific_payload.hpp
-- Installing: /home/pengbo/rclcpp_cbg/install/rclcpp/include/rclcpp/detail/rmw_implementation_specific_publisher_payload.hpp
-- Installing: /home/pengbo/rclcpp_cbg/install/rclcpp/include/rclcpp/detail/rmw_implementation_specific_subscription_payload.hpp
-- Installing: /home/pengbo/rclcpp_cbg/install/rclcpp/include/rclcpp/detail/utilities.hpp
-- Installing: /home/pengbo/rclcpp_cbg/install/rclcpp/include/rclcpp/detail/README.md
-- Installing: /home/pengbo/rclcpp_cbg/install/rclcpp/include/rclcpp/detail/resolve_enable_topic_statistics.hpp
-- Installing: /home/pengbo/rclcpp_cbg/install/rclcpp/include/rclcpp/detail/resolve_intra_process_buffer_type.hpp
-- Installing: /home/pengbo/rclcpp_cbg/install/rclcpp/include/rclcpp/detail/resolve_use_intra_process.hpp
-- Installing: /home/pengbo/rclcpp_cbg/install/rclcpp/include/rclcpp/timer.hpp
-- Installing: /home/pengbo/rclcpp_cbg/install/rclcpp/include/rclcpp/serialized_message.hpp
-- Installing: /home/pengbo/rclcpp_cbg/install/rclcpp/include/rclcpp/rate.hpp
-- Installing: /home/pengbo/rclcpp_cbg/install/rclcpp/include/rclcpp/wait_set.hpp
-- Installing: /home/pengbo/rclcpp_cbg/install/rclcpp/include/rclcpp/subscription_traits.hpp
-- Installing: /home/pengbo/rclcpp_cbg/install/rclcpp/include/rclcpp/parameter_map.hpp
-- Installing: /home/pengbo/rclcpp_cbg/install/rclcpp/include/rclcpp/topic_statistics_state.hpp
-- Installing: /home/pengbo/rclcpp_cbg/install/rclcpp/include/rclcpp/time_source.hpp
-- Installing: /home/pengbo/rclcpp_cbg/install/rclcpp/include/rclcpp/wait_result_kind.hpp
-- Installing: /home/pengbo/rclcpp_cbg/install/rclcpp/include/rclcpp/serialization.hpp
-- Installing: /home/pengbo/rclcpp_cbg/install/rclcpp/include/rclcpp/memory_strategies.hpp
-- Installing: /home/pengbo/rclcpp_cbg/install/rclcpp/include/rclcpp/context.hpp
-- Installing: /home/pengbo/rclcpp_cbg/install/rclcpp/include/rclcpp/function_traits.hpp
-- Installing: /home/pengbo/rclcpp_cbg/install/rclcpp/include/rclcpp/executors.hpp
-- Installing: /home/pengbo/rclcpp_cbg/install/rclcpp/include/rclcpp/create_publisher.hpp
-- Installing: /home/pengbo/rclcpp_cbg/install/rclcpp/include/rclcpp/subscription_factory.hpp
-- Installing: /home/pengbo/rclcpp_cbg/install/rclcpp/include/rclcpp/executor.hpp
-- Installing: /home/pengbo/rclcpp_cbg/install/rclcpp/include/rclcpp/clock.hpp
-- Installing: /home/pengbo/rclcpp_cbg/install/rclcpp/include/rclcpp/intra_process_setting.hpp
-- Installing: /home/pengbo/rclcpp_cbg/install/rclcpp/include/rclcpp/utilities.hpp
-- Installing: /home/pengbo/rclcpp_cbg/install/rclcpp/include/rclcpp/publisher_options.hpp
-- Installing: /home/pengbo/rclcpp_cbg/install/rclcpp/include/rclcpp/guard_condition.hpp
-- Installing: /home/pengbo/rclcpp_cbg/install/rclcpp/include/rclcpp/contexts
-- Installing: /home/pengbo/rclcpp_cbg/install/rclcpp/include/rclcpp/contexts/default_context.hpp
-- Installing: /home/pengbo/rclcpp_cbg/install/rclcpp/include/rclcpp/time.hpp
-- Installing: /home/pengbo/rclcpp_cbg/install/rclcpp/include/rclcpp/create_timer.hpp
-- Installing: /home/pengbo/rclcpp_cbg/install/rclcpp/include/rclcpp/intra_process_buffer_type.hpp
-- Installing: /home/pengbo/rclcpp_cbg/install/rclcpp/include/rclcpp/publisher_factory.hpp
-- Installing: /home/pengbo/rclcpp_cbg/install/rclcpp/include/rclcpp/subscription.hpp
-- Installing: /home/pengbo/rclcpp_cbg/install/rclcpp/include/rclcpp/expand_topic_or_service_name.hpp
-- Installing: /home/pengbo/rclcpp_cbg/install/rclcpp/include/rclcpp/create_service.hpp
-- Installing: /home/pengbo/rclcpp_cbg/install/rclcpp/include/rclcpp/event.hpp
-- Installing: /home/pengbo/rclcpp_cbg/install/rclcpp/include/rclcpp/create_subscription.hpp
-- Installing: /home/pengbo/rclcpp_cbg/install/rclcpp/include/rclcpp/executor_options.hpp
-- Installing: /home/pengbo/rclcpp_cbg/install/rclcpp/include/rclcpp/publisher_base.hpp
-- Installing: /home/pengbo/rclcpp_cbg/install/rclcpp/include/rclcpp/message_memory_strategy.hpp
-- Installing: /home/pengbo/rclcpp_cbg/install/rclcpp/include/rclcpp/subscription_wait_set_mask.hpp
-- Installing: /home/pengbo/rclcpp_cbg/install/rclcpp/include/rclcpp/message_info.hpp
-- Installing: /home/pengbo/rclcpp_cbg/install/rclcpp/include/rclcpp/parameter_service.hpp
-- Installing: /home/pengbo/rclcpp_cbg/install/rclcpp/include/rclcpp/subscription_base.hpp
-- Installing: /home/pengbo/rclcpp_cbg/install/rclcpp/include/rclcpp/exceptions.hpp
-- Installing: /home/pengbo/rclcpp_cbg/install/rclcpp/include/rclcpp/create_client.hpp
-- Installing: /home/pengbo/rclcpp_cbg/install/rclcpp/include/rclcpp/any_subscription_callback.hpp
-- Installing: /home/pengbo/rclcpp_cbg/install/rclcpp/include/rclcpp/topic_statistics
-- Installing: /home/pengbo/rclcpp_cbg/install/rclcpp/include/rclcpp/topic_statistics/subscription_topic_statistics.hpp
-- Installing: /home/pengbo/rclcpp_cbg/install/rclcpp/include/rclcpp/waitable.hpp
-- Installing: /home/pengbo/rclcpp_cbg/install/rclcpp/include/rclcpp/rclcpp.hpp
-- Installing: /home/pengbo/rclcpp_cbg/install/rclcpp/include/rclcpp/parameter_events_filter.hpp
-- Installing: /home/pengbo/rclcpp_cbg/install/rclcpp/include/rclcpp/qos_event.hpp
-- Installing: /home/pengbo/rclcpp_cbg/install/rclcpp/include/rclcpp/node_impl.hpp
-- Installing: /home/pengbo/rclcpp_cbg/install/rclcpp/include/rclcpp/client.hpp
-- Up-to-date: /home/pengbo/rclcpp_cbg/install/rclcpp/include
-- Up-to-date: /home/pengbo/rclcpp_cbg/install/rclcpp/include/rclcpp
-- Up-to-date: /home/pengbo/rclcpp_cbg/install/rclcpp/include/rclcpp/node_interfaces
-- Installing: /home/pengbo/rclcpp_cbg/install/rclcpp/include/rclcpp/node_interfaces/get_node_services_interface.hpp
-- Installing: /home/pengbo/rclcpp_cbg/install/rclcpp/include/rclcpp/node_interfaces/node_services_interface_traits.hpp
-- Installing: /home/pengbo/rclcpp_cbg/install/rclcpp/include/rclcpp/node_interfaces/node_graph_interface_traits.hpp
-- Installing: /home/pengbo/rclcpp_cbg/install/rclcpp/include/rclcpp/node_interfaces/get_node_timers_interface.hpp
-- Installing: /home/pengbo/rclcpp_cbg/install/rclcpp/include/rclcpp/node_interfaces/get_node_time_source_interface.hpp
-- Installing: /home/pengbo/rclcpp_cbg/install/rclcpp/include/rclcpp/node_interfaces/node_waitables_interface_traits.hpp
-- Installing: /home/pengbo/rclcpp_cbg/install/rclcpp/include/rclcpp/node_interfaces/get_node_clock_interface.hpp
-- Installing: /home/pengbo/rclcpp_cbg/install/rclcpp/include/rclcpp/node_interfaces/get_node_topics_interface.hpp
-- Installing: /home/pengbo/rclcpp_cbg/install/rclcpp/include/rclcpp/node_interfaces/get_node_logging_interface.hpp
-- Installing: /home/pengbo/rclcpp_cbg/install/rclcpp/include/rclcpp/node_interfaces/get_node_parameters_interface.hpp
-- Installing: /home/pengbo/rclcpp_cbg/install/rclcpp/include/rclcpp/node_interfaces/node_parameters_interface_traits.hpp
-- Installing: /home/pengbo/rclcpp_cbg/install/rclcpp/include/rclcpp/node_interfaces/node_timers_interface_traits.hpp
-- Installing: /home/pengbo/rclcpp_cbg/install/rclcpp/include/rclcpp/node_interfaces/node_base_interface_traits.hpp
-- Installing: /home/pengbo/rclcpp_cbg/install/rclcpp/include/rclcpp/node_interfaces/get_node_graph_interface.hpp
-- Installing: /home/pengbo/rclcpp_cbg/install/rclcpp/include/rclcpp/node_interfaces/node_topics_interface_traits.hpp
-- Installing: /home/pengbo/rclcpp_cbg/install/rclcpp/include/rclcpp/node_interfaces/node_logging_interface_traits.hpp
-- Installing: /home/pengbo/rclcpp_cbg/install/rclcpp/include/rclcpp/node_interfaces/node_clock_interface_traits.hpp
-- Installing: /home/pengbo/rclcpp_cbg/install/rclcpp/include/rclcpp/node_interfaces/get_node_base_interface.hpp
-- Installing: /home/pengbo/rclcpp_cbg/install/rclcpp/include/rclcpp/node_interfaces/get_node_waitables_interface.hpp
-- Installing: /home/pengbo/rclcpp_cbg/install/rclcpp/include/rclcpp/node_interfaces/node_time_source_interface_traits.hpp
-- Installing: /home/pengbo/rclcpp_cbg/install/rclcpp/include/rclcpp/logging.hpp
