[0.038s] Invoking command in '/home/pengbo/rclcpp_cbg/build/rclcpp': CMAKE_PREFIX_PATH=${CMAKE_PREFIX_PATH}:/home/pengbo/ros2_foxy/install/ros2bag:/home/pengbo/ros2_foxy/install/tracetools_launch:/home/pengbo/ros2_foxy/install/topic_monitor:/home/pengbo/ros2_foxy/install/examples_tf2_py:/home/pengbo/ros2_foxy/install/sros2:/home/pengbo/ros2_foxy/install/rqt_topic:/home/pengbo/ros2_foxy/install/rqt_reconfigure:/home/pengbo/ros2_foxy/install/rqt_action:/home/pengbo/ros2_foxy/install/rqt:/home/pengbo/ros2_foxy/install/rqt_graph:/home/pengbo/ros2_foxy/install/rqt_gui_py:/home/pengbo/ros2_foxy/install/rqt_gui:/home/pengbo/ros2_foxy/install/ros2trace:/home/pengbo/ros2_foxy/install/ros2topic:/home/pengbo/ros2_foxy/install/ros2test:/home/pengbo/ros2_foxy/install/ros2component:/home/pengbo/ros2_foxy/install/ros2param:/home/pengbo/ros2_foxy/install/ros2lifecycle:/home/pengbo/ros2_foxy/install/ros2service:/home/pengbo/ros2_foxy/install/ros2run:/home/pengbo/ros2_foxy/install/ros2launch:/home/pengbo/ros2_foxy/install/ros2pkg:/home/pengbo/ros2_foxy/install/ros2node:/home/pengbo/ros2_foxy/install/ros2multicast:/home/pengbo/ros2_foxy/install/ros2interface:/home/pengbo/ros2_foxy/install/ros2doctor:/home/pengbo/ros2_foxy/install/ros2action:/home/pengbo/ros2_foxy/install/ros2cli:/home/pengbo/ros2_foxy/install/quality_of_service_demo_py:/home/pengbo/ros2_foxy/install/opencv_tests:/home/pengbo/ros2_foxy/install/launch_testing_ros:/home/pengbo/ros2_foxy/install/launch_ros:/home/pengbo/ros2_foxy/install/examples_rclpy_minimal_subscriber:/home/pengbo/ros2_foxy/install/examples_rclpy_minimal_service:/home/pengbo/ros2_foxy/install/examples_rclpy_minimal_publisher:/home/pengbo/ros2_foxy/install/examples_rclpy_minimal_client:/home/pengbo/ros2_foxy/install/examples_rclpy_minimal_action_server:/home/pengbo/ros2_foxy/install/examples_rclpy_minimal_action_client:/home/pengbo/ros2_foxy/install/examples_rclpy_executors:/home/pengbo/ros2_foxy/install/demo_nodes_py:/home/pengbo/ros2_foxy/install/action_tutorials_py:/home/pengbo/ros2_foxy/install/ament_uncrustify:/home/pengbo/ros2_foxy/install/tracetools_trace:/home/pengbo/ros2_foxy/install/tracetools_read:/home/pengbo/ros2_foxy/install/test_launch_ros:/home/pengbo/ros2_foxy/install/rpyutils:/home/pengbo/ros2_foxy/install/rosidl_runtime_py:/home/pengbo/ros2_foxy/install/launch_yaml:/home/pengbo/ros2_foxy/install/launch_xml:/home/pengbo/ros2_foxy/install/launch_testing:/home/pengbo/ros2_foxy/install/launch:/home/pengbo/ros2_foxy/install/osrf_pycommon:/home/pengbo/ros2_foxy/install/domain_coordinator:/home/pengbo/ros2_foxy/install/ament_xmllint:/home/pengbo/ros2_foxy/install/ament_pyflakes:/home/pengbo/ros2_foxy/install/ament_pycodestyle:/home/pengbo/ros2_foxy/install/ament_pep257:/home/pengbo/ros2_foxy/install/ament_pclint:/home/pengbo/ros2_foxy/install/ament_package:/home/pengbo/ros2_foxy/install/ament_mypy:/home/pengbo/ros2_foxy/install/ament_lint_cmake:/home/pengbo/ros2_foxy/install/ament_flake8:/home/pengbo/ros2_foxy/install/ament_copyright:/home/pengbo/ros2_foxy/install/ament_lint:/home/pengbo/ros2_foxy/install/ament_index_python:/home/pengbo/ros2_foxy/install/ament_cpplint:/home/pengbo/ros2_foxy/install/ament_cppcheck:/home/pengbo/ros2_foxy/install/ament_clang_tidy:/home/pengbo/ros2_foxy/install/ament_clang_format /usr/bin/cmake /home/pengbo/rclcpp_cbg/ros2_rclcpp/rclcpp -DCMAKE_INSTALL_PREFIX=/home/pengbo/rclcpp_cbg/install/rclcpp
[0.127s] -- The C compiler identification is GNU 9.3.0
[0.220s] -- The CXX compiler identification is GNU 9.3.0
[0.237s] -- Check for working C compiler: /usr/bin/cc
[0.338s] -- Check for working C compiler: /usr/bin/cc -- works
[0.340s] -- Detecting C compiler ABI info
[0.448s] -- Detecting C compiler ABI info - done
[0.463s] -- Detecting C compile features
[0.463s] -- Detecting C compile features - done
[0.465s] -- Check for working CXX compiler: /usr/bin/c++
[0.584s] -- Check for working CXX compiler: /usr/bin/c++ -- works
[0.584s] -- Detecting CXX compiler ABI info
[0.705s] -- Detecting CXX compiler ABI info - done
[0.718s] -- Detecting CXX compile features
[0.718s] -- Detecting CXX compile features - done
[0.728s] -- Found ament_cmake_ros: 0.9.0 (/home/pengbo/ros2_foxy/install/ament_cmake_ros/share/ament_cmake_ros/cmake)
[0.931s] -- Found PythonInterp: /usr/bin/python3 (found suitable version "3.8.5", minimum required is "3") 
[0.931s] -- Using PYTHON_EXECUTABLE: /usr/bin/python3
[1.364s] -- Found builtin_interfaces: 1.0.0 (/home/pengbo/ros2_foxy/install/builtin_interfaces/share/builtin_interfaces/cmake)
[1.470s] -- Using all available rosidl_typesupport_c: rosidl_typesupport_introspection_c;rosidl_typesupport_fastrtps_c
[1.493s] -- Found rosidl_adapter: 1.1.0 (/home/pengbo/ros2_foxy/install/rosidl_adapter/share/rosidl_adapter/cmake)
[1.603s] -- Found FastRTPS: /home/pengbo/ros2_foxy/install/fastrtps/include  
[1.722s] -- Using all available rosidl_typesupport_cpp: rosidl_typesupport_introspection_cpp;rosidl_typesupport_fastrtps_cpp
[1.759s] -- Found libstatistics_collector: 1.0.1 (/home/pengbo/ros2_foxy/install/libstatistics_collector/share/libstatistics_collector/cmake)
[1.831s] -- Found rmw_implementation_cmake: 1.0.2 (/home/pengbo/ros2_foxy/install/rmw_implementation_cmake/share/rmw_implementation_cmake/cmake)
[1.855s] -- Using RMW implementation 'rmw_fastrtps_cpp' as default
[1.856s] -- Looking for pthread.h
[1.962s] -- Looking for pthread.h - found
[1.963s] -- Performing Test CMAKE_HAVE_LIBC_PTHREAD
[2.073s] -- Performing Test CMAKE_HAVE_LIBC_PTHREAD - Failed
[2.073s] -- Looking for pthread_create in pthreads
[2.173s] -- Looking for pthread_create in pthreads - not found
[2.174s] -- Looking for pthread_create in pthread
[2.274s] -- Looking for pthread_create in pthread - found
[2.276s] -- Found Threads: TRUE  
[2.395s] -- Found rosgraph_msgs: 1.0.0 (/home/pengbo/ros2_foxy/install/rosgraph_msgs/share/rosgraph_msgs/cmake)
[2.555s] -- Found ament_lint_auto: 0.9.5 (/home/pengbo/ros2_foxy/install/ament_lint_auto/share/ament_lint_auto/cmake)
[3.177s] -- Found PythonInterp: /usr/bin/python3 (found version "3.8.5") 
[3.787s] -- Using all available rosidl_typesupport_c: rosidl_typesupport_introspection_c;rosidl_typesupport_fastrtps_c
[3.933s] -- Using all available rosidl_typesupport_cpp: rosidl_typesupport_introspection_cpp;rosidl_typesupport_fastrtps_cpp
[4.146s] -- Found PythonInterp: /usr/bin/python3 (found suitable version "3.8.5", minimum required is "3.5") 
[4.158s] -- Found python_cmake_module: 0.8.0 (/home/pengbo/ros2_foxy/install/python_cmake_module/share/python_cmake_module/cmake)
[4.333s] -- Found PythonLibs: /usr/lib/x86_64-linux-gnu/libpython3.8.so (found suitable version "3.8.5", minimum required is "3.5") 
[4.333s] -- Using PYTHON_EXECUTABLE: /usr/bin/python3
[4.333s] -- Using PYTHON_INCLUDE_DIRS: /usr/include/python3.8
[4.334s] -- Using PYTHON_LIBRARIES: /usr/lib/x86_64-linux-gnu/libpython3.8.so
[4.466s] -- Found PythonExtra: .so  
[4.844s] -- Found gtest sources under '/home/pengbo/ros2_foxy/install/gtest_vendor/src/gtest_vendor': C++ tests using 'Google Test' will be built
[4.848s] -- Check if compiler accepts -pthread
[4.974s] -- Check if compiler accepts -pthread - yes
[5.209s] -- Found gmock sources under '/home/pengbo/ros2_foxy/install/gmock_vendor/src/gmock_vendor': C++ tests using 'Google Mock' will be built
[6.275s] -- Added test 'copyright' to check source files copyright and LICENSE
[6.317s] -- Added test 'cppcheck' to perform static code analysis on C / C++ code
[6.321s] -- Configured cppcheck include dirs: $<BUILD_INTERFACE:/home/pengbo/rclcpp_cbg/ros2_rclcpp/rclcpp/include>;/home/pengbo/rclcpp_cbg/ros2_rclcpp/rclcpp/test/;/home/pengbo/rclcpp_cbg/ros2_rclcpp/rclcpp/include
[6.321s] -- Configured cppcheck exclude dirs and/or files: 
[6.358s] -- Added test 'cpplint' to check C / C++ code against the Google style
[6.358s] -- Configured cpplint exclude dirs and/or files: 
[6.365s] -- Added test 'flake8' to check Python code syntax and style conventions
[6.377s] -- Added test 'lint_cmake' to check CMake code style
[6.384s] -- Added test 'pep257' to check Python code against some of the style conventions in PEP 257
[6.422s] -- Added test 'uncrustify' to check C / C++ code style
[6.423s] -- Configured uncrustify additional arguments: 
[6.430s] -- Added test 'xmllint' to check XML markup files
[6.440s] -- Configuring done
[6.673s] -- Generating done
[6.678s] -- Build files have been written to: /home/pengbo/rclcpp_cbg/build/rclcpp
[6.691s] Invoked command in '/home/pengbo/rclcpp_cbg/build/rclcpp' returned '0': CMAKE_PREFIX_PATH=${CMAKE_PREFIX_PATH}:/home/pengbo/ros2_foxy/install/ros2bag:/home/pengbo/ros2_foxy/install/tracetools_launch:/home/pengbo/ros2_foxy/install/topic_monitor:/home/pengbo/ros2_foxy/install/examples_tf2_py:/home/pengbo/ros2_foxy/install/sros2:/home/pengbo/ros2_foxy/install/rqt_topic:/home/pengbo/ros2_foxy/install/rqt_reconfigure:/home/pengbo/ros2_foxy/install/rqt_action:/home/pengbo/ros2_foxy/install/rqt:/home/pengbo/ros2_foxy/install/rqt_graph:/home/pengbo/ros2_foxy/install/rqt_gui_py:/home/pengbo/ros2_foxy/install/rqt_gui:/home/pengbo/ros2_foxy/install/ros2trace:/home/pengbo/ros2_foxy/install/ros2topic:/home/pengbo/ros2_foxy/install/ros2test:/home/pengbo/ros2_foxy/install/ros2component:/home/pengbo/ros2_foxy/install/ros2param:/home/pengbo/ros2_foxy/install/ros2lifecycle:/home/pengbo/ros2_foxy/install/ros2service:/home/pengbo/ros2_foxy/install/ros2run:/home/pengbo/ros2_foxy/install/ros2launch:/home/pengbo/ros2_foxy/install/ros2pkg:/home/pengbo/ros2_foxy/install/ros2node:/home/pengbo/ros2_foxy/install/ros2multicast:/home/pengbo/ros2_foxy/install/ros2interface:/home/pengbo/ros2_foxy/install/ros2doctor:/home/pengbo/ros2_foxy/install/ros2action:/home/pengbo/ros2_foxy/install/ros2cli:/home/pengbo/ros2_foxy/install/quality_of_service_demo_py:/home/pengbo/ros2_foxy/install/opencv_tests:/home/pengbo/ros2_foxy/install/launch_testing_ros:/home/pengbo/ros2_foxy/install/launch_ros:/home/pengbo/ros2_foxy/install/examples_rclpy_minimal_subscriber:/home/pengbo/ros2_foxy/install/examples_rclpy_minimal_service:/home/pengbo/ros2_foxy/install/examples_rclpy_minimal_publisher:/home/pengbo/ros2_foxy/install/examples_rclpy_minimal_client:/home/pengbo/ros2_foxy/install/examples_rclpy_minimal_action_server:/home/pengbo/ros2_foxy/install/examples_rclpy_minimal_action_client:/home/pengbo/ros2_foxy/install/examples_rclpy_executors:/home/pengbo/ros2_foxy/install/demo_nodes_py:/home/pengbo/ros2_foxy/install/action_tutorials_py:/home/pengbo/ros2_foxy/install/ament_uncrustify:/home/pengbo/ros2_foxy/install/tracetools_trace:/home/pengbo/ros2_foxy/install/tracetools_read:/home/pengbo/ros2_foxy/install/test_launch_ros:/home/pengbo/ros2_foxy/install/rpyutils:/home/pengbo/ros2_foxy/install/rosidl_runtime_py:/home/pengbo/ros2_foxy/install/launch_yaml:/home/pengbo/ros2_foxy/install/launch_xml:/home/pengbo/ros2_foxy/install/launch_testing:/home/pengbo/ros2_foxy/install/launch:/home/pengbo/ros2_foxy/install/osrf_pycommon:/home/pengbo/ros2_foxy/install/domain_coordinator:/home/pengbo/ros2_foxy/install/ament_xmllint:/home/pengbo/ros2_foxy/install/ament_pyflakes:/home/pengbo/ros2_foxy/install/ament_pycodestyle:/home/pengbo/ros2_foxy/install/ament_pep257:/home/pengbo/ros2_foxy/install/ament_pclint:/home/pengbo/ros2_foxy/install/ament_package:/home/pengbo/ros2_foxy/install/ament_mypy:/home/pengbo/ros2_foxy/install/ament_lint_cmake:/home/pengbo/ros2_foxy/install/ament_flake8:/home/pengbo/ros2_foxy/install/ament_copyright:/home/pengbo/ros2_foxy/install/ament_lint:/home/pengbo/ros2_foxy/install/ament_index_python:/home/pengbo/ros2_foxy/install/ament_cpplint:/home/pengbo/ros2_foxy/install/ament_cppcheck:/home/pengbo/ros2_foxy/install/ament_clang_tidy:/home/pengbo/ros2_foxy/install/ament_clang_format /usr/bin/cmake /home/pengbo/rclcpp_cbg/ros2_rclcpp/rclcpp -DCMAKE_INSTALL_PREFIX=/home/pengbo/rclcpp_cbg/install/rclcpp
[6.695s] Invoking command in '/home/pengbo/rclcpp_cbg/build/rclcpp': CMAKE_PREFIX_PATH=${CMAKE_PREFIX_PATH}:/home/pengbo/ros2_foxy/install/ros2bag:/home/pengbo/ros2_foxy/install/tracetools_launch:/home/pengbo/ros2_foxy/install/topic_monitor:/home/pengbo/ros2_foxy/install/examples_tf2_py:/home/pengbo/ros2_foxy/install/sros2:/home/pengbo/ros2_foxy/install/rqt_topic:/home/pengbo/ros2_foxy/install/rqt_reconfigure:/home/pengbo/ros2_foxy/install/rqt_action:/home/pengbo/ros2_foxy/install/rqt:/home/pengbo/ros2_foxy/install/rqt_graph:/home/pengbo/ros2_foxy/install/rqt_gui_py:/home/pengbo/ros2_foxy/install/rqt_gui:/home/pengbo/ros2_foxy/install/ros2trace:/home/pengbo/ros2_foxy/install/ros2topic:/home/pengbo/ros2_foxy/install/ros2test:/home/pengbo/ros2_foxy/install/ros2component:/home/pengbo/ros2_foxy/install/ros2param:/home/pengbo/ros2_foxy/install/ros2lifecycle:/home/pengbo/ros2_foxy/install/ros2service:/home/pengbo/ros2_foxy/install/ros2run:/home/pengbo/ros2_foxy/install/ros2launch:/home/pengbo/ros2_foxy/install/ros2pkg:/home/pengbo/ros2_foxy/install/ros2node:/home/pengbo/ros2_foxy/install/ros2multicast:/home/pengbo/ros2_foxy/install/ros2interface:/home/pengbo/ros2_foxy/install/ros2doctor:/home/pengbo/ros2_foxy/install/ros2action:/home/pengbo/ros2_foxy/install/ros2cli:/home/pengbo/ros2_foxy/install/quality_of_service_demo_py:/home/pengbo/ros2_foxy/install/opencv_tests:/home/pengbo/ros2_foxy/install/launch_testing_ros:/home/pengbo/ros2_foxy/install/launch_ros:/home/pengbo/ros2_foxy/install/examples_rclpy_minimal_subscriber:/home/pengbo/ros2_foxy/install/examples_rclpy_minimal_service:/home/pengbo/ros2_foxy/install/examples_rclpy_minimal_publisher:/home/pengbo/ros2_foxy/install/examples_rclpy_minimal_client:/home/pengbo/ros2_foxy/install/examples_rclpy_minimal_action_server:/home/pengbo/ros2_foxy/install/examples_rclpy_minimal_action_client:/home/pengbo/ros2_foxy/install/examples_rclpy_executors:/home/pengbo/ros2_foxy/install/demo_nodes_py:/home/pengbo/ros2_foxy/install/action_tutorials_py:/home/pengbo/ros2_foxy/install/ament_uncrustify:/home/pengbo/ros2_foxy/install/tracetools_trace:/home/pengbo/ros2_foxy/install/tracetools_read:/home/pengbo/ros2_foxy/install/test_launch_ros:/home/pengbo/ros2_foxy/install/rpyutils:/home/pengbo/ros2_foxy/install/rosidl_runtime_py:/home/pengbo/ros2_foxy/install/launch_yaml:/home/pengbo/ros2_foxy/install/launch_xml:/home/pengbo/ros2_foxy/install/launch_testing:/home/pengbo/ros2_foxy/install/launch:/home/pengbo/ros2_foxy/install/osrf_pycommon:/home/pengbo/ros2_foxy/install/domain_coordinator:/home/pengbo/ros2_foxy/install/ament_xmllint:/home/pengbo/ros2_foxy/install/ament_pyflakes:/home/pengbo/ros2_foxy/install/ament_pycodestyle:/home/pengbo/ros2_foxy/install/ament_pep257:/home/pengbo/ros2_foxy/install/ament_pclint:/home/pengbo/ros2_foxy/install/ament_package:/home/pengbo/ros2_foxy/install/ament_mypy:/home/pengbo/ros2_foxy/install/ament_lint_cmake:/home/pengbo/ros2_foxy/install/ament_flake8:/home/pengbo/ros2_foxy/install/ament_copyright:/home/pengbo/ros2_foxy/install/ament_lint:/home/pengbo/ros2_foxy/install/ament_index_python:/home/pengbo/ros2_foxy/install/ament_cpplint:/home/pengbo/ros2_foxy/install/ament_cppcheck:/home/pengbo/ros2_foxy/install/ament_clang_tidy:/home/pengbo/ros2_foxy/install/ament_clang_format /usr/bin/cmake --build /home/pengbo/rclcpp_cbg/build/rclcpp -- -j12 -l12
[6.782s] [35m[1mScanning dependencies of target gmock_main[0m
[6.782s] [  0%] [34m[1mExpanding interface_traits.hpp.em into node_clock_interface_traits.hpp[0m
[6.782s] [35m[1mScanning dependencies of target gtest_main[0m
[6.783s] [35m[1mScanning dependencies of target gmock[0m
[6.783s] [  0%] [34m[1mGenerating C code for ROS interfaces[0m
[6.783s] [  1%] [34m[1mExpanding interface_traits.hpp.em into node_base_interface_traits.hpp[0m
[6.783s] [  2%] [34m[1mExpanding get_interface.hpp.em into get_/home/pengbo/rclcpp_cbg/ros2_rclcpp/rclcpp/include/rclcpp/node_interfaces/node_clock_interface.hpp.hpp[0m
[6.785s] [35m[1mScanning dependencies of target rclcpp_test_msgs__cpp[0m
[6.785s] [35m[1mScanning dependencies of target gtest[0m
[6.785s] [  2%] [34m[1mExpanding get_interface.hpp.em into get_/home/pengbo/rclcpp_cbg/ros2_rclcpp/rclcpp/include/rclcpp/node_interfaces/node_waitables_interface.hpp.hpp[0m
[6.786s] [  2%] [34m[1mExpanding get_interface.hpp.em into get_/home/pengbo/rclcpp_cbg/ros2_rclcpp/rclcpp/include/rclcpp/node_interfaces/node_base_interface.hpp.hpp[0m
[6.790s] [  2%] [34m[1mExpanding logging.hpp.em[0m
[6.817s] [  2%] [34m[1mGenerating C++ code for ROS interfaces[0m
[6.830s] [  2%] [32mBuilding CXX object gtest/CMakeFiles/gtest_main.dir/src/gtest_main.cc.o[0m
[6.830s] [  2%] [32mBuilding CXX object gmock/CMakeFiles/gmock_main.dir/src/gmock_main.cc.o[0m
[6.832s] [  2%] [32mBuilding CXX object gtest/CMakeFiles/gtest.dir/src/gtest-all.cc.o[0m
[6.839s] [  2%] [32mBuilding CXX object gmock/CMakeFiles/gmock.dir/home/pengbo/ros2_foxy/install/gtest_vendor/src/gtest_vendor/src/gtest-all.cc.o[0m
[7.090s] [  2%] [34m[1mExpanding interface_traits.hpp.em into node_graph_interface_traits.hpp[0m
[7.092s] [  3%] [34m[1mExpanding get_interface.hpp.em into get_/home/pengbo/rclcpp_cbg/ros2_rclcpp/rclcpp/include/rclcpp/node_interfaces/node_graph_interface.hpp.hpp[0m
[7.093s] [  3%] [34m[1mExpanding interface_traits.hpp.em into node_logging_interface_traits.hpp[0m
[7.097s] [  3%] [34m[1mExpanding interface_traits.hpp.em into node_parameters_interface_traits.hpp[0m
[7.112s] [  4%] [34m[1mExpanding get_interface.hpp.em into get_/home/pengbo/rclcpp_cbg/ros2_rclcpp/rclcpp/include/rclcpp/node_interfaces/node_logging_interface.hpp.hpp[0m
[7.372s] [  5%] [34m[1mExpanding get_interface.hpp.em into get_/home/pengbo/rclcpp_cbg/ros2_rclcpp/rclcpp/include/rclcpp/node_interfaces/node_parameters_interface.hpp.hpp[0m
[7.410s] [  5%] [34m[1mExpanding interface_traits.hpp.em into node_services_interface_traits.hpp[0m
[7.420s] [  6%] [34m[1mExpanding get_interface.hpp.em into get_/home/pengbo/rclcpp_cbg/ros2_rclcpp/rclcpp/include/rclcpp/node_interfaces/node_services_interface.hpp.hpp[0m
[7.436s] [  6%] [34m[1mExpanding interface_traits.hpp.em into node_time_source_interface_traits.hpp[0m
[7.442s] [  6%] [34m[1mExpanding get_interface.hpp.em into get_/home/pengbo/rclcpp_cbg/ros2_rclcpp/rclcpp/include/rclcpp/node_interfaces/node_time_source_interface.hpp.hpp[0m
[7.491s] [  7%] [34m[1mExpanding interface_traits.hpp.em into node_timers_interface_traits.hpp[0m
[7.596s] [  7%] Built target rclcpp_test_msgs__cpp
[7.638s] [  8%] [32m[1mLinking CXX static library libgtest_main.a[0m
[7.670s] [  9%] [34m[1mGenerating C++ type support dispatch for ROS interfaces[0m
[7.690s] [  9%] [34m[1mExpanding get_interface.hpp.em into get_/home/pengbo/rclcpp_cbg/ros2_rclcpp/rclcpp/include/rclcpp/node_interfaces/node_timers_interface.hpp.hpp[0m
[7.736s] [35m[1mScanning dependencies of target rclcpp_test_msgs__rosidl_generator_c[0m
[7.739s] [ 10%] [34m[1mExpanding interface_traits.hpp.em into node_topics_interface_traits.hpp[0m
[7.751s] [ 10%] [34m[1mExpanding get_interface.hpp.em into get_/home/pengbo/rclcpp_cbg/ros2_rclcpp/rclcpp/include/rclcpp/node_interfaces/node_topics_interface.hpp.hpp[0m
[7.758s] [ 11%] [34m[1mExpanding interface_traits.hpp.em into node_waitables_interface_traits.hpp[0m
[7.771s] [ 12%] [32mBuilding C object CMakeFiles/rclcpp_test_msgs__rosidl_generator_c.dir/rosidl_generator_c/rclcpp/msg/detail/header__functions.c.o[0m
[7.781s] [ 12%] Built target gtest_main
[7.798s] [ 12%] [32mBuilding C object CMakeFiles/rclcpp_test_msgs__rosidl_generator_c.dir/rosidl_generator_c/rclcpp/msg/detail/message_with_header__functions.c.o[0m
[7.805s] [ 12%] [34m[1mGenerating C++ introspection for ROS interfaces[0m
[7.855s] [ 13%] [34m[1mGenerating C++ type support for eProsima Fast-RTPS[0m
[7.873s] [ 14%] [32m[1mLinking C shared library librclcpp__rosidl_generator_c.so[0m
[7.899s] [ 14%] [32mBuilding CXX object gmock/CMakeFiles/gmock.dir/src/gmock-all.cc.o[0m
[7.982s] [ 14%] Built target rclcpp_test_msgs__rosidl_generator_c
[8.017s] [ 14%] [34m[1mGenerating C type support dispatch for ROS interfaces[0m
[8.037s] [ 14%] [34m[1mGenerating C introspection for ROS interfaces[0m
[8.097s] [35m[1mScanning dependencies of target rclcpp[0m
[8.182s] [ 15%] [32m[1mLinking CXX static library libgmock_main.a[0m
[8.209s] [35m[1mScanning dependencies of target rclcpp_test_msgs__rosidl_typesupport_cpp[0m
[8.235s] [ 15%] [32mBuilding CXX object CMakeFiles/rclcpp_test_msgs__rosidl_typesupport_cpp.dir/rosidl_typesupport_cpp/rclcpp/msg/header__type_support.cpp.o[0m
[8.250s] [ 16%] [32mBuilding CXX object CMakeFiles/rclcpp_test_msgs__rosidl_typesupport_cpp.dir/rosidl_typesupport_cpp/rclcpp/msg/message_with_header__type_support.cpp.o[0m
[8.277s] [ 16%] Built target gmock_main
[8.418s] [35m[1mScanning dependencies of target rclcpp_test_msgs__rosidl_typesupport_introspection_cpp[0m
[8.449s] [ 17%] [32mBuilding CXX object CMakeFiles/rclcpp_test_msgs__rosidl_typesupport_introspection_cpp.dir/rosidl_typesupport_introspection_cpp/rclcpp/msg/detail/header__type_support.cpp.o[0m
[8.460s] [ 17%] [32mBuilding CXX object CMakeFiles/rclcpp_test_msgs__rosidl_typesupport_introspection_cpp.dir/rosidl_typesupport_introspection_cpp/rclcpp/msg/detail/message_with_header__type_support.cpp.o[0m
[8.482s] [ 17%] [32mBuilding CXX object CMakeFiles/rclcpp.dir/src/rclcpp/callback_group.cpp.o[0m
[8.498s] [ 18%] [32mBuilding CXX object CMakeFiles/rclcpp.dir/src/rclcpp/any_executable.cpp.o[0m
[8.574s] [35m[1mScanning dependencies of target rclcpp_test_msgs__rosidl_typesupport_c[0m
[8.610s] [ 19%] [32mBuilding CXX object CMakeFiles/rclcpp_test_msgs__rosidl_typesupport_c.dir/rosidl_typesupport_c/rclcpp/msg/header__type_support.cpp.o[0m
[8.614s] [ 19%] [32m[1mLinking CXX shared library librclcpp__rosidl_typesupport_cpp.so[0m
[8.622s] [ 20%] [32mBuilding CXX object CMakeFiles/rclcpp.dir/src/rclcpp/client.cpp.o[0m
[8.691s] [35m[1mScanning dependencies of target rclcpp_test_msgs__rosidl_typesupport_fastrtps_cpp[0m
[8.707s] [ 20%] [32mBuilding CXX object CMakeFiles/rclcpp_test_msgs__rosidl_typesupport_c.dir/rosidl_typesupport_c/rclcpp/msg/message_with_header__type_support.cpp.o[0m
[8.719s] [ 20%] Built target rclcpp_test_msgs__rosidl_typesupport_cpp
[8.742s] [ 20%] [32mBuilding CXX object CMakeFiles/rclcpp_test_msgs__rosidl_typesupport_fastrtps_cpp.dir/rosidl_typesupport_fastrtps_cpp/rclcpp/msg/detail/dds_fastrtps/header__type_support.cpp.o[0m
[8.743s] [35m[1mScanning dependencies of target rclcpp_test_msgs__rosidl_typesupport_introspection_c[0m
[8.782s] [ 20%] [32mBuilding CXX object CMakeFiles/rclcpp.dir/src/rclcpp/clock.cpp.o[0m
[8.786s] [ 20%] [32m[1mLinking CXX shared library librclcpp__rosidl_typesupport_c.so[0m
[8.823s] [ 21%] [32mBuilding C object CMakeFiles/rclcpp_test_msgs__rosidl_typesupport_introspection_c.dir/rosidl_typesupport_introspection_c/rclcpp/msg/detail/header__type_support.c.o[0m
[8.858s] [ 22%] [32m[1mLinking CXX shared library librclcpp__rosidl_typesupport_introspection_cpp.so[0m
[8.866s] [ 22%] [32mBuilding CXX object CMakeFiles/rclcpp_test_msgs__rosidl_typesupport_fastrtps_cpp.dir/rosidl_typesupport_fastrtps_cpp/rclcpp/msg/detail/dds_fastrtps/message_with_header__type_support.cpp.o[0m
[8.876s] [ 22%] Built target rclcpp_test_msgs__rosidl_typesupport_c
[8.898s] [ 22%] [32mBuilding CXX object CMakeFiles/rclcpp.dir/src/rclcpp/context.cpp.o[0m
[8.904s] [ 22%] [32mBuilding C object CMakeFiles/rclcpp_test_msgs__rosidl_typesupport_introspection_c.dir/rosidl_typesupport_introspection_c/rclcpp/msg/detail/message_with_header__type_support.c.o[0m
[9.001s] [ 23%] [32m[1mLinking C shared library librclcpp__rosidl_typesupport_introspection_c.so[0m
[9.047s] [ 23%] Built target rclcpp_test_msgs__rosidl_typesupport_introspection_cpp
[9.067s] [ 23%] Built target rclcpp_test_msgs__rosidl_typesupport_introspection_c
[9.094s] [ 24%] [32mBuilding CXX object CMakeFiles/rclcpp.dir/src/rclcpp/contexts/default_context.cpp.o[0m
[9.113s] [ 24%] [32mBuilding CXX object CMakeFiles/rclcpp.dir/src/rclcpp/detail/rmw_implementation_specific_payload.cpp.o[0m
[9.257s] [ 25%] [32mBuilding CXX object CMakeFiles/rclcpp.dir/src/rclcpp/detail/rmw_implementation_specific_publisher_payload.cpp.o[0m
[9.319s] [ 25%] [32mBuilding CXX object CMakeFiles/rclcpp.dir/src/rclcpp/detail/rmw_implementation_specific_subscription_payload.cpp.o[0m
[9.363s] [ 26%] [32m[1mLinking CXX shared library librclcpp__rosidl_typesupport_fastrtps_cpp.so[0m
[9.402s] [ 27%] [32mBuilding CXX object CMakeFiles/rclcpp.dir/src/rclcpp/detail/utilities.cpp.o[0m
[9.473s] [ 27%] [32mBuilding CXX object CMakeFiles/rclcpp.dir/src/rclcpp/duration.cpp.o[0m
[9.502s] [ 27%] Built target rclcpp_test_msgs__rosidl_typesupport_fastrtps_cpp
[9.539s] [ 28%] [34m[1mGenerating C type support for eProsima Fast-RTPS[0m
[9.724s] [ 29%] [32mBuilding CXX object CMakeFiles/rclcpp.dir/src/rclcpp/event.cpp.o[0m
[9.774s] [ 29%] [32mBuilding CXX object CMakeFiles/rclcpp.dir/src/rclcpp/exceptions/exceptions.cpp.o[0m
[9.854s] [ 30%] [32mBuilding CXX object CMakeFiles/rclcpp.dir/src/rclcpp/executor.cpp.o[0m
[9.896s] [ 30%] [32mBuilding CXX object CMakeFiles/rclcpp.dir/src/rclcpp/executors.cpp.o[0m
[9.924s] [ 30%] [32mBuilding CXX object CMakeFiles/rclcpp.dir/src/rclcpp/expand_topic_or_service_name.cpp.o[0m
[9.986s] [ 31%] [32mBuilding CXX object CMakeFiles/rclcpp.dir/src/rclcpp/executors/multi_threaded_executor.cpp.o[0m
[10.048s] [ 31%] [32mBuilding CXX object CMakeFiles/rclcpp.dir/src/rclcpp/executors/single_threaded_executor.cpp.o[0m
[10.179s] [35m[1mScanning dependencies of target rclcpp_test_msgs__rosidl_typesupport_fastrtps_c[0m
[10.218s] [ 31%] [32mBuilding CXX object CMakeFiles/rclcpp_test_msgs__rosidl_typesupport_fastrtps_c.dir/rosidl_typesupport_fastrtps_c/rclcpp/msg/detail/header__type_support_c.cpp.o[0m
[10.359s] [ 32%] [32mBuilding CXX object CMakeFiles/rclcpp_test_msgs__rosidl_typesupport_fastrtps_c.dir/rosidl_typesupport_fastrtps_c/rclcpp/msg/detail/message_with_header__type_support_c.cpp.o[0m
[10.398s] [ 33%] [32mBuilding CXX object CMakeFiles/rclcpp.dir/src/rclcpp/future_return_code.cpp.o[0m
[10.409s] [ 33%] [32mBuilding CXX object CMakeFiles/rclcpp.dir/src/rclcpp/graph_listener.cpp.o[0m
[10.420s] [ 34%] [32m[1mLinking CXX static library libgmock.a[0m
[10.433s] [ 35%] [32mBuilding CXX object CMakeFiles/rclcpp.dir/src/rclcpp/guard_condition.cpp.o[0m
[10.525s] [ 35%] Built target gmock
[10.548s] [ 35%] [32mBuilding CXX object CMakeFiles/rclcpp.dir/src/rclcpp/init_options.cpp.o[0m
[10.645s] [ 36%] [32mBuilding CXX object CMakeFiles/rclcpp.dir/src/rclcpp/intra_process_manager.cpp.o[0m
[10.740s] [ 36%] [32mBuilding CXX object CMakeFiles/rclcpp.dir/src/rclcpp/logger.cpp.o[0m
[10.798s] [ 36%] [32m[1mLinking CXX shared library librclcpp__rosidl_typesupport_fastrtps_c.so[0m
[10.824s] [ 37%] [32m[1mLinking CXX static library libgtest.a[0m
[10.883s] [ 38%] [32mBuilding CXX object CMakeFiles/rclcpp.dir/src/rclcpp/logging_mutex.cpp.o[0m
[10.919s] [ 38%] Built target rclcpp_test_msgs__rosidl_typesupport_fastrtps_c
[10.946s] [35m[1mScanning dependencies of target rclcpp_test_msgs[0m
[10.971s] [ 38%] Built target rclcpp_test_msgs
[10.996s] [35m[1mScanning dependencies of target rclcpp_test_msgs__py[0m
[11.029s] [ 38%] Built target gtest
[11.067s] [ 38%] [32mBuilding CXX object CMakeFiles/rclcpp.dir/src/rclcpp/memory_strategies.cpp.o[0m
[11.088s] [ 38%] [34m[1mGenerating Python code for ROS interfaces[0m
[11.272s] [ 38%] [32mBuilding CXX object CMakeFiles/rclcpp.dir/src/rclcpp/memory_strategy.cpp.o[0m
[11.336s] [01m[K/home/pengbo/rclcpp_cbg/ros2_rclcpp/rclcpp/src/rclcpp/executors/single_threaded_executor.cpp:[m[K In member function ‘[01m[Kvoid rclcpp::executors::SingleThreadedExecutor::executor_spin_one_period(uint64_t, std::string)[m[K’:
[11.336s] [01m[K/home/pengbo/rclcpp_cbg/ros2_rclcpp/rclcpp/src/rclcpp/executors/single_threaded_executor.cpp:233:22:[m[K [01;35m[Kwarning: [m[Kvariable ‘[01m[Ksleep_time2[m[K’ set but not used [[01;35m[K-Wunused-but-set-variable[m[K]
[11.336s]   233 |      struct timespec [01;35m[Ksleep_time2[m[K;
[11.336s]       |                      [01;35m[K^~~~~~~~~~~[m[K
[11.336s] [01m[K/home/pengbo/rclcpp_cbg/ros2_rclcpp/rclcpp/src/rclcpp/executors/single_threaded_executor.cpp:234:22:[m[K [01;35m[Kwarning: [m[Kunused variable ‘[01m[Krest_time[m[K’ [[01;35m[K-Wunused-variable[m[K]
[11.336s]   234 |      struct timespec [01;35m[Krest_time[m[K;
[11.337s]       |                      [01;35m[K^~~~~~~~~[m[K
[11.342s] [ 39%] [32mBuilding CXX object CMakeFiles/rclcpp.dir/src/rclcpp/message_info.cpp.o[0m
[11.376s] [ 39%] [32mBuilding CXX object CMakeFiles/rclcpp.dir/src/rclcpp/node.cpp.o[0m
[11.423s] [ 40%] [32mBuilding CXX object CMakeFiles/rclcpp.dir/src/rclcpp/node_options.cpp.o[0m
[11.464s] [35m[1mScanning dependencies of target test_function_traits[0m
[11.527s] [ 40%] [32mBuilding CXX object CMakeFiles/test_function_traits.dir/test/test_function_traits.cpp.o[0m
[11.573s] [ 40%] [32mBuilding CXX object CMakeFiles/rclcpp.dir/src/rclcpp/node_interfaces/node_base.cpp.o[0m
[11.626s] [ 41%] [32mBuilding CXX object CMakeFiles/rclcpp.dir/src/rclcpp/node_interfaces/node_clock.cpp.o[0m
[11.781s] [ 41%] [32mBuilding CXX object CMakeFiles/rclcpp.dir/src/rclcpp/node_interfaces/node_graph.cpp.o[0m
[12.006s] [ 42%] [32mBuilding CXX object CMakeFiles/rclcpp.dir/src/rclcpp/node_interfaces/node_logging.cpp.o[0m
[12.165s] [ 42%] [32mBuilding CXX object CMakeFiles/rclcpp.dir/src/rclcpp/node_interfaces/node_parameters.cpp.o[0m
[12.423s] [ 42%] Built target rclcpp_test_msgs__py
[12.439s] [ 43%] [32mBuilding CXX object CMakeFiles/rclcpp.dir/src/rclcpp/node_interfaces/node_services.cpp.o[0m
[12.503s] [35m[1mScanning dependencies of target rclcpp_test_msgs__python[0m
[12.549s] [ 44%] [32mBuilding C object CMakeFiles/rclcpp_test_msgs__python.dir/rosidl_generator_py/rclcpp/msg/_header_s.c.o[0m
[12.749s] [ 44%] [32mBuilding C object CMakeFiles/rclcpp_test_msgs__python.dir/rosidl_generator_py/rclcpp/msg/_message_with_header_s.c.o[0m
[12.805s] [ 44%] [32mBuilding CXX object CMakeFiles/rclcpp.dir/src/rclcpp/node_interfaces/node_time_source.cpp.o[0m
[12.907s] [ 44%] [32mBuilding CXX object CMakeFiles/rclcpp.dir/src/rclcpp/node_interfaces/node_timers.cpp.o[0m
[12.934s] [ 45%] [32m[1mLinking CXX executable test_function_traits[0m
[12.967s] [ 46%] [32mBuilding CXX object CMakeFiles/rclcpp.dir/src/rclcpp/node_interfaces/node_topics.cpp.o[0m
[12.974s] [ 47%] [32m[1mLinking C shared library rosidl_generator_py/rclcpp/librclcpp_test_msgs__python.so[0m
[13.109s] [ 47%] Built target rclcpp_test_msgs__python
[13.119s] [ 47%] [32mBuilding CXX object CMakeFiles/rclcpp.dir/src/rclcpp/node_interfaces/node_waitables.cpp.o[0m
[13.139s] [35m[1mScanning dependencies of target rclcpp__rosidl_typesupport_fastrtps_c__pyext[0m
[13.221s] [ 47%] [32mBuilding C object CMakeFiles/rclcpp__rosidl_typesupport_fastrtps_c__pyext.dir/rosidl_generator_py/rclcpp/_rclcpp_s.ep.rosidl_typesupport_fastrtps_c.c.o[0m
[13.222s] [ 47%] Built target test_function_traits
[13.291s] [35m[1mScanning dependencies of target rclcpp__rosidl_typesupport_c__pyext[0m
[13.343s] [35m[1mScanning dependencies of target rclcpp__rosidl_typesupport_introspection_c__pyext[0m
[13.369s] [ 47%] [32mBuilding C object CMakeFiles/rclcpp__rosidl_typesupport_c__pyext.dir/rosidl_generator_py/rclcpp/_rclcpp_s.ep.rosidl_typesupport_c.c.o[0m
[13.386s] [ 48%] [32m[1mLinking CXX shared library rosidl_generator_py/rclcpp/rclcpp_s__rosidl_typesupport_fastrtps_c.cpython-38-x86_64-linux-gnu.so[0m
[13.397s] [ 48%] [32mBuilding C object CMakeFiles/rclcpp__rosidl_typesupport_introspection_c__pyext.dir/rosidl_generator_py/rclcpp/_rclcpp_s.ep.rosidl_typesupport_introspection_c.c.o[0m
[13.528s] [ 49%] [32m[1mLinking C shared library rosidl_generator_py/rclcpp/rclcpp_s__rosidl_typesupport_introspection_c.cpython-38-x86_64-linux-gnu.so[0m
[13.558s] [ 50%] [32m[1mLinking C shared library rosidl_generator_py/rclcpp/rclcpp_s__rosidl_typesupport_c.cpython-38-x86_64-linux-gnu.so[0m
[13.570s] [ 50%] Built target rclcpp__rosidl_typesupport_fastrtps_c__pyext
[13.600s] [ 51%] [32mBuilding CXX object CMakeFiles/rclcpp.dir/src/rclcpp/parameter.cpp.o[0m
[13.602s] [ 51%] [32mBuilding CXX object CMakeFiles/rclcpp.dir/src/rclcpp/parameter_value.cpp.o[0m
[13.611s] [ 51%] Built target rclcpp__rosidl_typesupport_introspection_c__pyext
[13.636s] [ 51%] [32mBuilding CXX object CMakeFiles/rclcpp.dir/src/rclcpp/parameter_events_filter.cpp.o[0m
[13.645s] [ 52%] [32mBuilding CXX object CMakeFiles/rclcpp.dir/src/rclcpp/parameter_map.cpp.o[0m
[13.656s] [ 52%] Built target rclcpp__rosidl_typesupport_c__pyext
[13.677s] [ 53%] [32mBuilding CXX object CMakeFiles/rclcpp.dir/src/rclcpp/parameter_client.cpp.o[0m
[13.682s] [ 53%] [32mBuilding CXX object CMakeFiles/rclcpp.dir/src/rclcpp/parameter_service.cpp.o[0m
[14.059s] [ 53%] [32mBuilding CXX object CMakeFiles/rclcpp.dir/src/rclcpp/qos.cpp.o[0m
[14.076s] [ 54%] [32mBuilding CXX object CMakeFiles/rclcpp.dir/src/rclcpp/publisher_base.cpp.o[0m
[14.341s] [ 54%] [32mBuilding CXX object CMakeFiles/rclcpp.dir/src/rclcpp/qos_event.cpp.o[0m
[14.347s] [ 55%] [32mBuilding CXX object CMakeFiles/rclcpp.dir/src/rclcpp/serialization.cpp.o[0m
[14.373s] [ 55%] [32mBuilding CXX object CMakeFiles/rclcpp.dir/src/rclcpp/serialized_message.cpp.o[0m
[14.587s] [ 56%] [32mBuilding CXX object CMakeFiles/rclcpp.dir/src/rclcpp/service.cpp.o[0m
[14.605s] [ 56%] [32mBuilding CXX object CMakeFiles/rclcpp.dir/src/rclcpp/signal_handler.cpp.o[0m
[14.694s] [ 57%] [32mBuilding CXX object CMakeFiles/rclcpp.dir/src/rclcpp/subscription_base.cpp.o[0m
[14.911s] [ 57%] [32mBuilding CXX object CMakeFiles/rclcpp.dir/src/rclcpp/subscription_intra_process_base.cpp.o[0m
[14.953s] [ 57%] [32mBuilding CXX object CMakeFiles/rclcpp.dir/src/rclcpp/time_source.cpp.o[0m
[14.980s] [ 58%] [32mBuilding CXX object CMakeFiles/rclcpp.dir/src/rclcpp/time.cpp.o[0m
[15.296s] [ 59%] [32mBuilding CXX object CMakeFiles/rclcpp.dir/src/rclcpp/timer.cpp.o[0m
[15.370s] [ 59%] [32mBuilding CXX object CMakeFiles/rclcpp.dir/src/rclcpp/type_support.cpp.o[0m
[15.381s] [ 59%] [32mBuilding CXX object CMakeFiles/rclcpp.dir/src/rclcpp/utilities.cpp.o[0m
[15.590s] [ 60%] [32mBuilding CXX object CMakeFiles/rclcpp.dir/src/rclcpp/wait_set_policies/detail/write_preferring_read_write_lock.cpp.o[0m
[15.769s] [ 60%] [32mBuilding CXX object CMakeFiles/rclcpp.dir/src/rclcpp/waitable.cpp.o[0m
[20.423s] [ 61%] [32m[1mLinking CXX shared library librclcpp.so[0m
[21.047s] [ 61%] Built target rclcpp
[21.073s] [35m[1mScanning dependencies of target test_node_global_args[0m
[21.074s] [35m[1mScanning dependencies of target test_duration[0m
[21.074s] [35m[1mScanning dependencies of target test_executor[0m
[21.075s] [35m[1mScanning dependencies of target test_ring_buffer_implementation[0m
[21.075s] [35m[1mScanning dependencies of target test_create_timer[0m
[21.076s] [35m[1mScanning dependencies of target test_node_interfaces__get_node_interfaces[0m
[21.076s] [35m[1mScanning dependencies of target test_loaned_message[0m
[21.076s] [35m[1mScanning dependencies of target test_logger[0m
[21.078s] [35m[1mScanning dependencies of target test_expand_topic_or_service_name[0m
[21.081s] [35m[1mScanning dependencies of target test_subscription_options[0m
[21.092s] [35m[1mScanning dependencies of target test_subscription_topic_statistics[0m
[21.097s] [35m[1mScanning dependencies of target test_intra_process_manager[0m
[21.120s] [ 62%] [32mBuilding CXX object CMakeFiles/test_expand_topic_or_service_name.dir/test/test_expand_topic_or_service_name.cpp.o[0m
[21.133s] [ 63%] [32mBuilding CXX object CMakeFiles/test_ring_buffer_implementation.dir/test/test_ring_buffer_implementation.cpp.o[0m
[21.133s] [ 63%] [32mBuilding CXX object CMakeFiles/test_logger.dir/test/test_logger.cpp.o[0m
[21.153s] [ 63%] [32mBuilding CXX object CMakeFiles/test_node_global_args.dir/test/test_node_global_args.cpp.o[0m
[21.155s] [ 65%] [32mBuilding CXX object CMakeFiles/test_subscription_options.dir/test/test_subscription_options.cpp.o[0m
[21.155s] [ 65%] [32mBuilding CXX object CMakeFiles/test_create_timer.dir/test/test_create_timer.cpp.o[0m
[21.161s] [ 66%] [32mBuilding CXX object CMakeFiles/test_executor.dir/test/test_executor.cpp.o[0m
[21.163s] [ 67%] [32mBuilding CXX object CMakeFiles/test_loaned_message.dir/test/test_loaned_message.cpp.o[0m
[21.163s] [ 67%] [32mBuilding CXX object CMakeFiles/test_node_interfaces__get_node_interfaces.dir/test/node_interfaces/test_get_node_interfaces.cpp.o[0m
[21.165s] [ 68%] [32mBuilding CXX object CMakeFiles/test_intra_process_manager.dir/test/test_intra_process_manager.cpp.o[0m
[21.172s] [ 69%] [32mBuilding CXX object CMakeFiles/test_duration.dir/test/test_duration.cpp.o[0m
[21.183s] [ 70%] [32mBuilding CXX object CMakeFiles/test_subscription_topic_statistics.dir/test/topic_statistics/test_subscription_topic_statistics.cpp.o[0m
[22.190s] [ 70%] [32m[1mLinking CXX executable test_logger[0m
[22.247s] [ 70%] [32m[1mLinking CXX executable test_expand_topic_or_service_name[0m
[22.254s] [ 71%] [32m[1mLinking CXX executable test_ring_buffer_implementation[0m
[22.891s] [ 71%] Built target test_logger
[22.913s] [35m[1mScanning dependencies of target test_serialized_message[0m
[22.981s] [ 71%] Built target test_ring_buffer_implementation
[23.000s] [35m[1mScanning dependencies of target test_wait_set[0m
[23.016s] [ 71%] [32mBuilding CXX object CMakeFiles/test_serialized_message.dir/test/test_serialized_message.cpp.o[0m
[23.072s] [ 71%] [32mBuilding CXX object CMakeFiles/test_wait_set.dir/test/test_wait_set.cpp.o[0m
[23.152s] [ 71%] Built target test_expand_topic_or_service_name
[23.222s] [35m[1mScanning dependencies of target test_intra_process_buffer[0m
[23.326s] [ 71%] [32mBuilding CXX object CMakeFiles/test_intra_process_buffer.dir/test/test_intra_process_buffer.cpp.o[0m
[23.441s] [ 71%] [32m[1mLinking CXX executable test_subscription_options[0m
[24.107s] [ 71%] Built target test_subscription_options
[24.135s] [35m[1mScanning dependencies of target test_subscription_traits[0m
[24.218s] [ 72%] [32mBuilding CXX object CMakeFiles/test_subscription_traits.dir/test/test_subscription_traits.cpp.o[0m
[24.341s] [ 72%] [32m[1mLinking CXX executable test_intra_process_manager[0m
[24.365s] [ 72%] [32m[1mLinking CXX executable test_duration[0m
[24.438s] [ 73%] [32m[1mLinking CXX executable test_node_global_args[0m
[24.694s] [ 73%] [32m[1mLinking CXX executable test_create_timer[0m
[25.357s] [ 73%] Built target test_node_global_args
[25.378s] [ 73%] Built target test_duration
[25.394s] [ 74%] [32m[1mLinking CXX executable test_node_interfaces__get_node_interfaces[0m
[25.404s] [35m[1mScanning dependencies of target test_find_weak_nodes[0m
[25.434s] [35m[1mScanning dependencies of target test_node_options[0m
[25.471s] [ 74%] Built target test_intra_process_manager
[25.497s] [ 74%] [32mBuilding CXX object CMakeFiles/test_find_weak_nodes.dir/test/test_find_weak_nodes.cpp.o[0m
[25.498s] [ 74%] [32mBuilding CXX object CMakeFiles/test_node_options.dir/test/test_node_options.cpp.o[0m
[25.504s] [ 74%] [32m[1mLinking CXX executable test_executor[0m
[25.522s] [35m[1mScanning dependencies of target test_time_source[0m
[25.599s] [ 74%] [32mBuilding CXX object CMakeFiles/test_time_source.dir/test/test_time_source.cpp.o[0m
[25.665s] [ 74%] [32m[1mLinking CXX executable test_loaned_message[0m
[25.838s] [ 74%] Built target test_create_timer
[25.854s] [ 74%] [32m[1mLinking CXX executable test_subscription_traits[0m
[25.911s] [35m[1mScanning dependencies of target test_logging[0m
[26.046s] [ 75%] [32mBuilding CXX object CMakeFiles/test_logging.dir/test/test_logging.cpp.o[0m
[26.127s] [ 75%] Built target test_node_interfaces__get_node_interfaces
[26.168s] [35m[1mScanning dependencies of target test_parameter[0m
[26.213s] [ 75%] Built target test_subscription_traits
[26.263s] [35m[1mScanning dependencies of target test_parameter_events_filter[0m
[26.303s] [ 75%] [32mBuilding CXX object CMakeFiles/test_parameter.dir/test/test_parameter.cpp.o[0m
[26.369s] [ 76%] Built target test_executor
[26.380s] [ 76%] [32mBuilding CXX object CMakeFiles/test_parameter_events_filter.dir/test/test_parameter_events_filter.cpp.o[0m
[26.395s] [35m[1mScanning dependencies of target test_parameter_map[0m
[26.475s] [ 77%] [32mBuilding CXX object CMakeFiles/test_parameter_map.dir/test/test_parameter_map.cpp.o[0m
[26.722s] [ 77%] Built target test_loaned_message
[26.754s] [35m[1mScanning dependencies of target test_service[0m
[26.841s] [ 77%] [32mBuilding CXX object CMakeFiles/test_service.dir/test/test_service.cpp.o[0m
[26.983s] [ 78%] [32m[1mLinking CXX executable test_node_options[0m
[27.370s] [ 78%] [32m[1mLinking CXX executable test_intra_process_buffer[0m
[27.822s] [ 78%] Built target test_node_options
[27.907s] [35m[1mScanning dependencies of target test_rate[0m
[27.952s] [ 78%] [32mBuilding CXX object CMakeFiles/test_rate.dir/test/test_rate.cpp.o[0m
[28.074s] [ 78%] [32m[1mLinking CXX executable test_logging[0m
[28.117s] [ 78%] [32m[1mLinking CXX executable test_parameter_events_filter[0m
[28.224s] [ 78%] Built target test_intra_process_buffer
[28.285s] [35m[1mScanning dependencies of target test_publisher[0m
[28.402s] [ 79%] [32mBuilding CXX object CMakeFiles/test_publisher.dir/test/test_publisher.cpp.o[0m
[28.443s] [ 79%] [32m[1mLinking CXX executable test_parameter_map[0m
[28.863s] [ 79%] Built target test_logging
[28.885s] [ 79%] Built target test_parameter_events_filter
[28.948s] [35m[1mScanning dependencies of target test_publisher_subscription_count_api[0m
[28.958s] [35m[1mScanning dependencies of target test_externally_defined_services[0m
[29.108s] [ 80%] [32mBuilding CXX object CMakeFiles/test_publisher_subscription_count_api.dir/test/test_publisher_subscription_count_api.cpp.o[0m
[29.133s] [ 81%] [32mBuilding CXX object CMakeFiles/test_externally_defined_services.dir/test/test_externally_defined_services.cpp.o[0m
[29.179s] [ 82%] [32m[1mLinking CXX executable test_rate[0m
[29.306s] [ 82%] Built target test_parameter_map
[29.339s] [35m[1mScanning dependencies of target test_qos[0m
[29.421s] [ 83%] [32mBuilding CXX object CMakeFiles/test_qos.dir/test/test_qos.cpp.o[0m
[29.659s] [ 84%] [32m[1mLinking CXX executable test_find_weak_nodes[0m
[29.750s] [ 84%] Built target test_rate
[29.775s] [35m[1mScanning dependencies of target test_serialized_message_allocator[0m
[29.848s] [ 84%] [32mBuilding CXX object CMakeFiles/test_serialized_message_allocator.dir/test/test_serialized_message_allocator.cpp.o[0m
[30.406s] [ 85%] [32m[1mLinking CXX executable test_time_source[0m
[30.433s] [ 86%] [32m[1mLinking CXX executable test_serialized_message[0m
[30.472s] [ 86%] Built target test_find_weak_nodes
[30.515s] [35m[1mScanning dependencies of target test_parameter_client[0m
[30.591s] [ 86%] [32m[1mLinking CXX executable test_qos[0m
[30.628s] [ 86%] [32mBuilding CXX object CMakeFiles/test_parameter_client.dir/test/test_parameter_client.cpp.o[0m
[30.832s] [ 87%] [32m[1mLinking CXX executable test_parameter[0m
[31.239s] [ 87%] Built target test_time_source
[31.302s] [35m[1mScanning dependencies of target test_subscription[0m
[31.345s] [ 87%] [32m[1mLinking CXX executable test_service[0m
[31.404s] [ 88%] [32mBuilding CXX object CMakeFiles/test_subscription.dir/test/test_subscription.cpp.o[0m
[31.478s] [ 88%] Built target test_serialized_message
[31.515s] [35m[1mScanning dependencies of target test_time[0m
[31.640s] [ 88%] Built target test_qos
[31.644s] [ 88%] [32mBuilding CXX object CMakeFiles/test_time.dir/test/test_time.cpp.o[0m
[31.685s] [35m[1mScanning dependencies of target test_subscription_publisher_count_api[0m
[31.695s] [ 88%] Built target test_parameter
[31.722s] [35m[1mScanning dependencies of target test_timer[0m
[31.796s] [ 89%] [32mBuilding CXX object CMakeFiles/test_subscription_publisher_count_api.dir/test/test_subscription_publisher_count_api.cpp.o[0m
[31.833s] [ 89%] [32mBuilding CXX object CMakeFiles/test_timer.dir/test/test_timer.cpp.o[0m
[31.963s] [ 89%] Built target test_service
[31.998s] [35m[1mScanning dependencies of target test_utilities[0m
[32.058s] [ 89%] [32mBuilding CXX object CMakeFiles/test_utilities.dir/test/test_utilities.cpp.o[0m
[32.125s] [ 90%] [32m[1mLinking CXX executable test_wait_set[0m
[32.460s] [ 90%] [32m[1mLinking CXX executable test_externally_defined_services[0m
[33.124s] [ 90%] Built target test_wait_set
[33.130s] [ 90%] Built target test_externally_defined_services
[33.150s] [35m[1mScanning dependencies of target test_client[0m
[33.215s] [35m[1mScanning dependencies of target test_init[0m
[33.223s] [ 90%] [32mBuilding CXX object CMakeFiles/test_client.dir/test/test_client.cpp.o[0m
[33.226s] [ 90%] [32m[1mLinking CXX executable test_publisher[0m
[33.252s] [ 90%] [32m[1mLinking CXX executable test_subscription_topic_statistics[0m
[33.277s] [ 90%] [32mBuilding CXX object CMakeFiles/test_init.dir/test/test_init.cpp.o[0m
[33.483s] [ 91%] [32m[1mLinking CXX executable test_utilities[0m
[34.150s] [ 91%] Built target test_publisher
[34.178s] [35m[1mScanning dependencies of target test_qos_event[0m
[34.178s] [ 91%] Built target test_utilities
[34.239s] [35m[1mScanning dependencies of target test_interface_traits[0m
[34.268s] [ 91%] [32mBuilding CXX object CMakeFiles/test_qos_event.dir/test/test_qos_event.cpp.o[0m
[34.314s] [ 91%] [32mBuilding CXX object CMakeFiles/test_interface_traits.dir/test/test_interface_traits.cpp.o[0m
[34.499s] [ 92%] [32m[1mLinking CXX executable test_init[0m
[34.598s] [ 92%] Built target test_subscription_topic_statistics
[34.654s] [35m[1mScanning dependencies of target test_multi_threaded_executor[0m
[34.763s] [ 93%] [32mBuilding CXX object CMakeFiles/test_multi_threaded_executor.dir/test/executors/test_multi_threaded_executor.cpp.o[0m
[34.788s] [ 94%] [32m[1mLinking CXX executable test_time[0m
[35.051s] [ 95%] [32m[1mLinking CXX executable test_timer[0m
[35.129s] [ 95%] Built target test_init
[35.160s] [35m[1mScanning dependencies of target test_node[0m
[35.256s] [ 95%] [32mBuilding CXX object CMakeFiles/test_node.dir/test/test_node.cpp.o[0m
[35.705s] [ 95%] Built target test_time
[35.726s] [ 95%] Built target test_timer
[35.740s] [35m[1mScanning dependencies of target test_guard_condition[0m
[35.810s] [ 95%] [32mBuilding CXX object CMakeFiles/test_guard_condition.dir/test/test_guard_condition.cpp.o[0m
[36.268s] [ 96%] [32m[1mLinking CXX executable test_serialized_message_allocator[0m
[36.376s] [ 96%] [32m[1mLinking CXX executable test_client[0m
[36.768s] [ 97%] [32m[1mLinking CXX executable test_interface_traits[0m
[37.157s] [ 97%] Built target test_client
[37.252s] [ 97%] Built target test_serialized_message_allocator
[37.356s] [ 97%] Built target test_interface_traits
[37.510s] [ 97%] [32m[1mLinking CXX executable test_publisher_subscription_count_api[0m
[37.722s] [ 97%] [32m[1mLinking CXX executable test_multi_threaded_executor[0m
[38.028s] [ 97%] [32m[1mLinking CXX executable test_parameter_client[0m
[38.044s] [ 97%] Built target test_publisher_subscription_count_api
[38.155s] [ 97%] Built target test_multi_threaded_executor
[38.252s] [ 98%] [32m[1mLinking CXX executable test_guard_condition[0m
[38.475s] [ 98%] Built target test_parameter_client
[38.547s] [ 98%] Built target test_guard_condition
[39.289s] [ 98%] [32m[1mLinking CXX executable test_subscription_publisher_count_api[0m
[39.736s] [ 98%] Built target test_subscription_publisher_count_api
[40.160s] [ 99%] [32m[1mLinking CXX executable test_qos_event[0m
[40.215s] [ 99%] [32m[1mLinking CXX executable test_subscription[0m
[40.526s] [ 99%] Built target test_qos_event
[40.705s] [ 99%] Built target test_subscription
[44.123s] [100%] [32m[1mLinking CXX executable test_node[0m
[44.514s] [100%] Built target test_node
[44.533s] Invoked command in '/home/pengbo/rclcpp_cbg/build/rclcpp' returned '0': CMAKE_PREFIX_PATH=${CMAKE_PREFIX_PATH}:/home/pengbo/ros2_foxy/install/ros2bag:/home/pengbo/ros2_foxy/install/tracetools_launch:/home/pengbo/ros2_foxy/install/topic_monitor:/home/pengbo/ros2_foxy/install/examples_tf2_py:/home/pengbo/ros2_foxy/install/sros2:/home/pengbo/ros2_foxy/install/rqt_topic:/home/pengbo/ros2_foxy/install/rqt_reconfigure:/home/pengbo/ros2_foxy/install/rqt_action:/home/pengbo/ros2_foxy/install/rqt:/home/pengbo/ros2_foxy/install/rqt_graph:/home/pengbo/ros2_foxy/install/rqt_gui_py:/home/pengbo/ros2_foxy/install/rqt_gui:/home/pengbo/ros2_foxy/install/ros2trace:/home/pengbo/ros2_foxy/install/ros2topic:/home/pengbo/ros2_foxy/install/ros2test:/home/pengbo/ros2_foxy/install/ros2component:/home/pengbo/ros2_foxy/install/ros2param:/home/pengbo/ros2_foxy/install/ros2lifecycle:/home/pengbo/ros2_foxy/install/ros2service:/home/pengbo/ros2_foxy/install/ros2run:/home/pengbo/ros2_foxy/install/ros2launch:/home/pengbo/ros2_foxy/install/ros2pkg:/home/pengbo/ros2_foxy/install/ros2node:/home/pengbo/ros2_foxy/install/ros2multicast:/home/pengbo/ros2_foxy/install/ros2interface:/home/pengbo/ros2_foxy/install/ros2doctor:/home/pengbo/ros2_foxy/install/ros2action:/home/pengbo/ros2_foxy/install/ros2cli:/home/pengbo/ros2_foxy/install/quality_of_service_demo_py:/home/pengbo/ros2_foxy/install/opencv_tests:/home/pengbo/ros2_foxy/install/launch_testing_ros:/home/pengbo/ros2_foxy/install/launch_ros:/home/pengbo/ros2_foxy/install/examples_rclpy_minimal_subscriber:/home/pengbo/ros2_foxy/install/examples_rclpy_minimal_service:/home/pengbo/ros2_foxy/install/examples_rclpy_minimal_publisher:/home/pengbo/ros2_foxy/install/examples_rclpy_minimal_client:/home/pengbo/ros2_foxy/install/examples_rclpy_minimal_action_server:/home/pengbo/ros2_foxy/install/examples_rclpy_minimal_action_client:/home/pengbo/ros2_foxy/install/examples_rclpy_executors:/home/pengbo/ros2_foxy/install/demo_nodes_py:/home/pengbo/ros2_foxy/install/action_tutorials_py:/home/pengbo/ros2_foxy/install/ament_uncrustify:/home/pengbo/ros2_foxy/install/tracetools_trace:/home/pengbo/ros2_foxy/install/tracetools_read:/home/pengbo/ros2_foxy/install/test_launch_ros:/home/pengbo/ros2_foxy/install/rpyutils:/home/pengbo/ros2_foxy/install/rosidl_runtime_py:/home/pengbo/ros2_foxy/install/launch_yaml:/home/pengbo/ros2_foxy/install/launch_xml:/home/pengbo/ros2_foxy/install/launch_testing:/home/pengbo/ros2_foxy/install/launch:/home/pengbo/ros2_foxy/install/osrf_pycommon:/home/pengbo/ros2_foxy/install/domain_coordinator:/home/pengbo/ros2_foxy/install/ament_xmllint:/home/pengbo/ros2_foxy/install/ament_pyflakes:/home/pengbo/ros2_foxy/install/ament_pycodestyle:/home/pengbo/ros2_foxy/install/ament_pep257:/home/pengbo/ros2_foxy/install/ament_pclint:/home/pengbo/ros2_foxy/install/ament_package:/home/pengbo/ros2_foxy/install/ament_mypy:/home/pengbo/ros2_foxy/install/ament_lint_cmake:/home/pengbo/ros2_foxy/install/ament_flake8:/home/pengbo/ros2_foxy/install/ament_copyright:/home/pengbo/ros2_foxy/install/ament_lint:/home/pengbo/ros2_foxy/install/ament_index_python:/home/pengbo/ros2_foxy/install/ament_cpplint:/home/pengbo/ros2_foxy/install/ament_cppcheck:/home/pengbo/ros2_foxy/install/ament_clang_tidy:/home/pengbo/ros2_foxy/install/ament_clang_format /usr/bin/cmake --build /home/pengbo/rclcpp_cbg/build/rclcpp -- -j12 -l12
[45.386s] Invoking command in '/home/pengbo/rclcpp_cbg/build/rclcpp': CMAKE_PREFIX_PATH=${CMAKE_PREFIX_PATH}:/home/pengbo/ros2_foxy/install/ros2bag:/home/pengbo/ros2_foxy/install/tracetools_launch:/home/pengbo/ros2_foxy/install/topic_monitor:/home/pengbo/ros2_foxy/install/examples_tf2_py:/home/pengbo/ros2_foxy/install/sros2:/home/pengbo/ros2_foxy/install/rqt_topic:/home/pengbo/ros2_foxy/install/rqt_reconfigure:/home/pengbo/ros2_foxy/install/rqt_action:/home/pengbo/ros2_foxy/install/rqt:/home/pengbo/ros2_foxy/install/rqt_graph:/home/pengbo/ros2_foxy/install/rqt_gui_py:/home/pengbo/ros2_foxy/install/rqt_gui:/home/pengbo/ros2_foxy/install/ros2trace:/home/pengbo/ros2_foxy/install/ros2topic:/home/pengbo/ros2_foxy/install/ros2test:/home/pengbo/ros2_foxy/install/ros2component:/home/pengbo/ros2_foxy/install/ros2param:/home/pengbo/ros2_foxy/install/ros2lifecycle:/home/pengbo/ros2_foxy/install/ros2service:/home/pengbo/ros2_foxy/install/ros2run:/home/pengbo/ros2_foxy/install/ros2launch:/home/pengbo/ros2_foxy/install/ros2pkg:/home/pengbo/ros2_foxy/install/ros2node:/home/pengbo/ros2_foxy/install/ros2multicast:/home/pengbo/ros2_foxy/install/ros2interface:/home/pengbo/ros2_foxy/install/ros2doctor:/home/pengbo/ros2_foxy/install/ros2action:/home/pengbo/ros2_foxy/install/ros2cli:/home/pengbo/ros2_foxy/install/quality_of_service_demo_py:/home/pengbo/ros2_foxy/install/opencv_tests:/home/pengbo/ros2_foxy/install/launch_testing_ros:/home/pengbo/ros2_foxy/install/launch_ros:/home/pengbo/ros2_foxy/install/examples_rclpy_minimal_subscriber:/home/pengbo/ros2_foxy/install/examples_rclpy_minimal_service:/home/pengbo/ros2_foxy/install/examples_rclpy_minimal_publisher:/home/pengbo/ros2_foxy/install/examples_rclpy_minimal_client:/home/pengbo/ros2_foxy/install/examples_rclpy_minimal_action_server:/home/pengbo/ros2_foxy/install/examples_rclpy_minimal_action_client:/home/pengbo/ros2_foxy/install/examples_rclpy_executors:/home/pengbo/ros2_foxy/install/demo_nodes_py:/home/pengbo/ros2_foxy/install/action_tutorials_py:/home/pengbo/ros2_foxy/install/ament_uncrustify:/home/pengbo/ros2_foxy/install/tracetools_trace:/home/pengbo/ros2_foxy/install/tracetools_read:/home/pengbo/ros2_foxy/install/test_launch_ros:/home/pengbo/ros2_foxy/install/rpyutils:/home/pengbo/ros2_foxy/install/rosidl_runtime_py:/home/pengbo/ros2_foxy/install/launch_yaml:/home/pengbo/ros2_foxy/install/launch_xml:/home/pengbo/ros2_foxy/install/launch_testing:/home/pengbo/ros2_foxy/install/launch:/home/pengbo/ros2_foxy/install/osrf_pycommon:/home/pengbo/ros2_foxy/install/domain_coordinator:/home/pengbo/ros2_foxy/install/ament_xmllint:/home/pengbo/ros2_foxy/install/ament_pyflakes:/home/pengbo/ros2_foxy/install/ament_pycodestyle:/home/pengbo/ros2_foxy/install/ament_pep257:/home/pengbo/ros2_foxy/install/ament_pclint:/home/pengbo/ros2_foxy/install/ament_package:/home/pengbo/ros2_foxy/install/ament_mypy:/home/pengbo/ros2_foxy/install/ament_lint_cmake:/home/pengbo/ros2_foxy/install/ament_flake8:/home/pengbo/ros2_foxy/install/ament_copyright:/home/pengbo/ros2_foxy/install/ament_lint:/home/pengbo/ros2_foxy/install/ament_index_python:/home/pengbo/ros2_foxy/install/ament_cpplint:/home/pengbo/ros2_foxy/install/ament_cppcheck:/home/pengbo/ros2_foxy/install/ament_clang_tidy:/home/pengbo/ros2_foxy/install/ament_clang_format /usr/bin/cmake --install /home/pengbo/rclcpp_cbg/build/rclcpp
[45.402s] -- Install configuration: ""
[45.402s] -- Installing: /home/pengbo/rclcpp_cbg/install/rclcpp/lib/librclcpp.so
[45.410s] -- Set runtime path of "/home/pengbo/rclcpp_cbg/install/rclcpp/lib/librclcpp.so" to ""
[45.410s] -- Installing: /home/pengbo/rclcpp_cbg/install/rclcpp/share/rclcpp/environment/library_path.sh
[45.411s] -- Installing: /home/pengbo/rclcpp_cbg/install/rclcpp/share/rclcpp/environment/library_path.dsv
[45.411s] -- Installing: /home/pengbo/rclcpp_cbg/build/rclcpp/test/resources
[45.411s] -- Installing: /home/pengbo/rclcpp_cbg/build/rclcpp/test/resources/test_node
[45.411s] -- Installing: /home/pengbo/rclcpp_cbg/build/rclcpp/test/resources/test_node/test_parameters.yaml
[45.411s] -- Installing: /home/pengbo/rclcpp_cbg/install/rclcpp/share/ament_index/resource_index/package_run_dependencies/rclcpp
[45.411s] -- Installing: /home/pengbo/rclcpp_cbg/install/rclcpp/share/ament_index/resource_index/parent_prefix_path/rclcpp
[45.411s] -- Installing: /home/pengbo/rclcpp_cbg/install/rclcpp/share/rclcpp/environment/ament_prefix_path.sh
[45.411s] -- Installing: /home/pengbo/rclcpp_cbg/install/rclcpp/share/rclcpp/environment/ament_prefix_path.dsv
[45.412s] -- Installing: /home/pengbo/rclcpp_cbg/install/rclcpp/share/rclcpp/environment/path.sh
[45.412s] -- Installing: /home/pengbo/rclcpp_cbg/install/rclcpp/share/rclcpp/environment/path.dsv
[45.412s] -- Installing: /home/pengbo/rclcpp_cbg/install/rclcpp/share/rclcpp/local_setup.bash
[45.412s] -- Installing: /home/pengbo/rclcpp_cbg/install/rclcpp/share/rclcpp/local_setup.sh
[45.412s] -- Installing: /home/pengbo/rclcpp_cbg/install/rclcpp/share/rclcpp/local_setup.zsh
[45.412s] -- Installing: /home/pengbo/rclcpp_cbg/install/rclcpp/share/rclcpp/local_setup.dsv
[45.412s] -- Installing: /home/pengbo/rclcpp_cbg/install/rclcpp/share/rclcpp/package.dsv
[45.412s] -- Installing: /home/pengbo/rclcpp_cbg/install/rclcpp/share/ament_index/resource_index/packages/rclcpp
[45.412s] -- Installing: /home/pengbo/rclcpp_cbg/install/rclcpp/share/rclcpp/cmake/rclcppExport.cmake
[45.413s] -- Installing: /home/pengbo/rclcpp_cbg/install/rclcpp/share/rclcpp/cmake/rclcppExport-noconfig.cmake
[45.413s] -- Installing: /home/pengbo/rclcpp_cbg/install/rclcpp/share/rclcpp/cmake/ament_cmake_export_include_directories-extras.cmake
[45.413s] -- Installing: /home/pengbo/rclcpp_cbg/install/rclcpp/share/rclcpp/cmake/ament_cmake_export_libraries-extras.cmake
[45.413s] -- Installing: /home/pengbo/rclcpp_cbg/install/rclcpp/share/rclcpp/cmake/ament_cmake_export_targets-extras.cmake
[45.413s] -- Installing: /home/pengbo/rclcpp_cbg/install/rclcpp/share/rclcpp/cmake/ament_cmake_export_dependencies-extras.cmake
[45.413s] -- Installing: /home/pengbo/rclcpp_cbg/install/rclcpp/share/rclcpp/cmake/rosidl_cmake-extras.cmake
[45.413s] -- Installing: /home/pengbo/rclcpp_cbg/install/rclcpp/share/rclcpp/cmake/rclcppConfig.cmake
[45.414s] -- Installing: /home/pengbo/rclcpp_cbg/install/rclcpp/share/rclcpp/cmake/rclcppConfig-version.cmake
[45.414s] -- Installing: /home/pengbo/rclcpp_cbg/install/rclcpp/share/rclcpp/package.xml
[45.414s] -- Installing: /home/pengbo/rclcpp_cbg/install/rclcpp/include
[45.414s] -- Installing: /home/pengbo/rclcpp_cbg/install/rclcpp/include/rclcpp
[45.414s] -- Installing: /home/pengbo/rclcpp_cbg/install/rclcpp/include/rclcpp/publisher.hpp
[45.414s] -- Installing: /home/pengbo/rclcpp_cbg/install/rclcpp/include/rclcpp/visibility_control.hpp
[45.414s] -- Installing: /home/pengbo/rclcpp_cbg/install/rclcpp/include/rclcpp/allocator
[45.415s] -- Installing: /home/pengbo/rclcpp_cbg/install/rclcpp/include/rclcpp/allocator/allocator_deleter.hpp
[45.415s] -- Installing: /home/pengbo/rclcpp_cbg/install/rclcpp/include/rclcpp/allocator/allocator_common.hpp
[45.415s] -- Installing: /home/pengbo/rclcpp_cbg/install/rclcpp/include/rclcpp/graph_listener.hpp
[45.415s] -- Installing: /home/pengbo/rclcpp_cbg/install/rclcpp/include/rclcpp/wait_set_policies
[45.415s] -- Installing: /home/pengbo/rclcpp_cbg/install/rclcpp/include/rclcpp/wait_set_policies/dynamic_storage.hpp
[45.415s] -- Installing: /home/pengbo/rclcpp_cbg/install/rclcpp/include/rclcpp/wait_set_policies/detail
[45.415s] -- Installing: /home/pengbo/rclcpp_cbg/install/rclcpp/include/rclcpp/wait_set_policies/detail/storage_policy_common.hpp
[45.416s] -- Installing: /home/pengbo/rclcpp_cbg/install/rclcpp/include/rclcpp/wait_set_policies/detail/synchronization_policy_common.hpp
[45.416s] -- Installing: /home/pengbo/rclcpp_cbg/install/rclcpp/include/rclcpp/wait_set_policies/detail/write_preferring_read_write_lock.hpp
[45.416s] -- Installing: /home/pengbo/rclcpp_cbg/install/rclcpp/include/rclcpp/wait_set_policies/static_storage.hpp
[45.416s] -- Installing: /home/pengbo/rclcpp_cbg/install/rclcpp/include/rclcpp/wait_set_policies/sequential_synchronization.hpp
[45.416s] -- Installing: /home/pengbo/rclcpp_cbg/install/rclcpp/include/rclcpp/wait_set_policies/thread_safe_synchronization.hpp
[45.416s] -- Installing: /home/pengbo/rclcpp_cbg/install/rclcpp/include/rclcpp/memory_strategy.hpp
[45.416s] -- Installing: /home/pengbo/rclcpp_cbg/install/rclcpp/include/rclcpp/parameter_value.hpp
[45.416s] -- Installing: /home/pengbo/rclcpp_cbg/install/rclcpp/include/rclcpp/parameter.hpp
[45.416s] -- Installing: /home/pengbo/rclcpp_cbg/install/rclcpp/include/rclcpp/duration.hpp
[45.417s] -- Installing: /home/pengbo/rclcpp_cbg/install/rclcpp/include/rclcpp/experimental
[45.417s] -- Installing: /home/pengbo/rclcpp_cbg/install/rclcpp/include/rclcpp/experimental/subscription_intra_process.hpp
[45.417s] -- Installing: /home/pengbo/rclcpp_cbg/install/rclcpp/include/rclcpp/experimental/subscription_intra_process_base.hpp
[45.417s] -- Installing: /home/pengbo/rclcpp_cbg/install/rclcpp/include/rclcpp/experimental/create_intra_process_buffer.hpp
[45.417s] -- Installing: /home/pengbo/rclcpp_cbg/install/rclcpp/include/rclcpp/experimental/executable_list.hpp
[45.417s] -- Installing: /home/pengbo/rclcpp_cbg/install/rclcpp/include/rclcpp/experimental/README.md
[45.417s] -- Installing: /home/pengbo/rclcpp_cbg/install/rclcpp/include/rclcpp/experimental/intra_process_manager.hpp
[45.417s] -- Installing: /home/pengbo/rclcpp_cbg/install/rclcpp/include/rclcpp/experimental/buffers
[45.417s] -- Installing: /home/pengbo/rclcpp_cbg/install/rclcpp/include/rclcpp/experimental/buffers/intra_process_buffer.hpp
[45.418s] -- Installing: /home/pengbo/rclcpp_cbg/install/rclcpp/include/rclcpp/experimental/buffers/buffer_implementation_base.hpp
[45.418s] -- Installing: /home/pengbo/rclcpp_cbg/install/rclcpp/include/rclcpp/experimental/buffers/ring_buffer_implementation.hpp
[45.418s] -- Installing: /home/pengbo/rclcpp_cbg/install/rclcpp/include/rclcpp/node_interfaces
[45.418s] -- Installing: /home/pengbo/rclcpp_cbg/install/rclcpp/include/rclcpp/node_interfaces/node_topics.hpp
[45.418s] -- Installing: /home/pengbo/rclcpp_cbg/install/rclcpp/include/rclcpp/node_interfaces/node_logging_interface.hpp
[45.418s] -- Installing: /home/pengbo/rclcpp_cbg/install/rclcpp/include/rclcpp/node_interfaces/node_graph.hpp
[45.418s] -- Installing: /home/pengbo/rclcpp_cbg/install/rclcpp/include/rclcpp/node_interfaces/node_graph_interface.hpp
[45.418s] -- Installing: /home/pengbo/rclcpp_cbg/install/rclcpp/include/rclcpp/node_interfaces/node_waitables_interface.hpp
[45.418s] -- Installing: /home/pengbo/rclcpp_cbg/install/rclcpp/include/rclcpp/node_interfaces/node_time_source_interface.hpp
[45.418s] -- Installing: /home/pengbo/rclcpp_cbg/install/rclcpp/include/rclcpp/node_interfaces/node_services.hpp
[45.419s] -- Installing: /home/pengbo/rclcpp_cbg/install/rclcpp/include/rclcpp/node_interfaces/node_services_interface.hpp
[45.419s] -- Installing: /home/pengbo/rclcpp_cbg/install/rclcpp/include/rclcpp/node_interfaces/node_topics_interface.hpp
[45.419s] -- Installing: /home/pengbo/rclcpp_cbg/install/rclcpp/include/rclcpp/node_interfaces/node_base_interface.hpp
[45.419s] -- Installing: /home/pengbo/rclcpp_cbg/install/rclcpp/include/rclcpp/node_interfaces/node_clock_interface.hpp
[45.419s] -- Installing: /home/pengbo/rclcpp_cbg/install/rclcpp/include/rclcpp/node_interfaces/node_timers.hpp
[45.419s] -- Installing: /home/pengbo/rclcpp_cbg/install/rclcpp/include/rclcpp/node_interfaces/node_parameters.hpp
[45.419s] -- Installing: /home/pengbo/rclcpp_cbg/install/rclcpp/include/rclcpp/node_interfaces/node_base.hpp
[45.419s] -- Installing: /home/pengbo/rclcpp_cbg/install/rclcpp/include/rclcpp/node_interfaces/node_clock.hpp
[45.419s] -- Installing: /home/pengbo/rclcpp_cbg/install/rclcpp/include/rclcpp/node_interfaces/node_timers_interface.hpp
[45.419s] -- Installing: /home/pengbo/rclcpp_cbg/install/rclcpp/include/rclcpp/node_interfaces/node_logging.hpp
[45.420s] -- Installing: /home/pengbo/rclcpp_cbg/install/rclcpp/include/rclcpp/node_interfaces/node_time_source.hpp
[45.420s] -- Installing: /home/pengbo/rclcpp_cbg/install/rclcpp/include/rclcpp/node_interfaces/node_waitables.hpp
[45.420s] -- Installing: /home/pengbo/rclcpp_cbg/install/rclcpp/include/rclcpp/node_interfaces/node_parameters_interface.hpp
[45.420s] -- Installing: /home/pengbo/rclcpp_cbg/install/rclcpp/include/rclcpp/node.hpp
[45.420s] -- Installing: /home/pengbo/rclcpp_cbg/install/rclcpp/include/rclcpp/any_service_callback.hpp
[45.420s] -- Installing: /home/pengbo/rclcpp_cbg/install/rclcpp/include/rclcpp/exceptions
[45.420s] -- Installing: /home/pengbo/rclcpp_cbg/install/rclcpp/include/rclcpp/exceptions/exceptions.hpp
[45.420s] -- Installing: /home/pengbo/rclcpp_cbg/install/rclcpp/include/rclcpp/wait_set_template.hpp
[45.420s] -- Installing: /home/pengbo/rclcpp_cbg/install/rclcpp/include/rclcpp/subscription_options.hpp
[45.420s] -- Installing: /home/pengbo/rclcpp_cbg/install/rclcpp/include/rclcpp/node_options.hpp
[45.420s] -- Installing: /home/pengbo/rclcpp_cbg/install/rclcpp/include/rclcpp/type_support_decl.hpp
[45.421s] -- Installing: /home/pengbo/rclcpp_cbg/install/rclcpp/include/rclcpp/wait_result.hpp
[45.421s] -- Installing: /home/pengbo/rclcpp_cbg/install/rclcpp/include/rclcpp/logger.hpp
[45.421s] -- Installing: /home/pengbo/rclcpp_cbg/install/rclcpp/include/rclcpp/qos.hpp
[45.421s] -- Installing: /home/pengbo/rclcpp_cbg/install/rclcpp/include/rclcpp/strategies
[45.421s] -- Installing: /home/pengbo/rclcpp_cbg/install/rclcpp/include/rclcpp/strategies/message_pool_memory_strategy.hpp
[45.421s] -- Installing: /home/pengbo/rclcpp_cbg/install/rclcpp/include/rclcpp/strategies/allocator_memory_strategy.hpp
[45.421s] -- Installing: /home/pengbo/rclcpp_cbg/install/rclcpp/include/rclcpp/executors
[45.421s] -- Installing: /home/pengbo/rclcpp_cbg/install/rclcpp/include/rclcpp/executors/static_executor_entities_collector.hpp
[45.422s] -- Installing: /home/pengbo/rclcpp_cbg/install/rclcpp/include/rclcpp/executors/multi_threaded_executor.hpp
[45.422s] -- Installing: /home/pengbo/rclcpp_cbg/install/rclcpp/include/rclcpp/executors/single_threaded_executor.hpp
[45.422s] -- Installing: /home/pengbo/rclcpp_cbg/install/rclcpp/include/rclcpp/executors/static_single_threaded_executor.hpp
[45.422s] -- Installing: /home/pengbo/rclcpp_cbg/install/rclcpp/include/rclcpp/init_options.hpp
[45.422s] -- Installing: /home/pengbo/rclcpp_cbg/install/rclcpp/include/rclcpp/scope_exit.hpp
[45.422s] -- Installing: /home/pengbo/rclcpp_cbg/install/rclcpp/include/rclcpp/callback_group.hpp
[45.422s] -- Installing: /home/pengbo/rclcpp_cbg/install/rclcpp/include/rclcpp/any_executable.hpp
[45.422s] -- Installing: /home/pengbo/rclcpp_cbg/install/rclcpp/include/rclcpp/parameter_client.hpp
[45.422s] -- Installing: /home/pengbo/rclcpp_cbg/install/rclcpp/include/rclcpp/service.hpp
[45.422s] -- Installing: /home/pengbo/rclcpp_cbg/install/rclcpp/include/rclcpp/macros.hpp
[45.422s] -- Installing: /home/pengbo/rclcpp_cbg/install/rclcpp/include/rclcpp/loaned_message.hpp
[45.422s] -- Installing: /home/pengbo/rclcpp_cbg/install/rclcpp/include/rclcpp/future_return_code.hpp
[45.423s] -- Installing: /home/pengbo/rclcpp_cbg/install/rclcpp/include/rclcpp/detail
[45.423s] -- Installing: /home/pengbo/rclcpp_cbg/install/rclcpp/include/rclcpp/detail/rmw_implementation_specific_payload.hpp
[45.423s] -- Installing: /home/pengbo/rclcpp_cbg/install/rclcpp/include/rclcpp/detail/rmw_implementation_specific_publisher_payload.hpp
[45.423s] -- Installing: /home/pengbo/rclcpp_cbg/install/rclcpp/include/rclcpp/detail/rmw_implementation_specific_subscription_payload.hpp
[45.423s] -- Installing: /home/pengbo/rclcpp_cbg/install/rclcpp/include/rclcpp/detail/utilities.hpp
[45.423s] -- Installing: /home/pengbo/rclcpp_cbg/install/rclcpp/include/rclcpp/detail/README.md
[45.423s] -- Installing: /home/pengbo/rclcpp_cbg/install/rclcpp/include/rclcpp/detail/resolve_enable_topic_statistics.hpp
[45.423s] -- Installing: /home/pengbo/rclcpp_cbg/install/rclcpp/include/rclcpp/detail/resolve_intra_process_buffer_type.hpp
[45.423s] -- Installing: /home/pengbo/rclcpp_cbg/install/rclcpp/include/rclcpp/detail/resolve_use_intra_process.hpp
[45.423s] -- Installing: /home/pengbo/rclcpp_cbg/install/rclcpp/include/rclcpp/timer.hpp
[45.423s] -- Installing: /home/pengbo/rclcpp_cbg/install/rclcpp/include/rclcpp/serialized_message.hpp
[45.423s] -- Installing: /home/pengbo/rclcpp_cbg/install/rclcpp/include/rclcpp/rate.hpp
[45.424s] -- Installing: /home/pengbo/rclcpp_cbg/install/rclcpp/include/rclcpp/wait_set.hpp
[45.424s] -- Installing: /home/pengbo/rclcpp_cbg/install/rclcpp/include/rclcpp/subscription_traits.hpp
[45.424s] -- Installing: /home/pengbo/rclcpp_cbg/install/rclcpp/include/rclcpp/parameter_map.hpp
[45.424s] -- Installing: /home/pengbo/rclcpp_cbg/install/rclcpp/include/rclcpp/topic_statistics_state.hpp
[45.424s] -- Installing: /home/pengbo/rclcpp_cbg/install/rclcpp/include/rclcpp/time_source.hpp
[45.424s] -- Installing: /home/pengbo/rclcpp_cbg/install/rclcpp/include/rclcpp/wait_result_kind.hpp
[45.424s] -- Installing: /home/pengbo/rclcpp_cbg/install/rclcpp/include/rclcpp/serialization.hpp
[45.424s] -- Installing: /home/pengbo/rclcpp_cbg/install/rclcpp/include/rclcpp/memory_strategies.hpp
[45.425s] -- Installing: /home/pengbo/rclcpp_cbg/install/rclcpp/include/rclcpp/context.hpp
[45.425s] -- Installing: /home/pengbo/rclcpp_cbg/install/rclcpp/include/rclcpp/function_traits.hpp
[45.425s] -- Installing: /home/pengbo/rclcpp_cbg/install/rclcpp/include/rclcpp/executors.hpp
[45.425s] -- Installing: /home/pengbo/rclcpp_cbg/install/rclcpp/include/rclcpp/create_publisher.hpp
[45.425s] -- Installing: /home/pengbo/rclcpp_cbg/install/rclcpp/include/rclcpp/subscription_factory.hpp
[45.425s] -- Installing: /home/pengbo/rclcpp_cbg/install/rclcpp/include/rclcpp/executor.hpp
[45.425s] -- Installing: /home/pengbo/rclcpp_cbg/install/rclcpp/include/rclcpp/clock.hpp
[45.425s] -- Installing: /home/pengbo/rclcpp_cbg/install/rclcpp/include/rclcpp/intra_process_setting.hpp
[45.426s] -- Installing: /home/pengbo/rclcpp_cbg/install/rclcpp/include/rclcpp/utilities.hpp
[45.426s] -- Installing: /home/pengbo/rclcpp_cbg/install/rclcpp/include/rclcpp/publisher_options.hpp
[45.426s] -- Installing: /home/pengbo/rclcpp_cbg/install/rclcpp/include/rclcpp/guard_condition.hpp
[45.426s] -- Installing: /home/pengbo/rclcpp_cbg/install/rclcpp/include/rclcpp/contexts
[45.426s] -- Installing: /home/pengbo/rclcpp_cbg/install/rclcpp/include/rclcpp/contexts/default_context.hpp
[45.426s] -- Installing: /home/pengbo/rclcpp_cbg/install/rclcpp/include/rclcpp/time.hpp
[45.426s] -- Installing: /home/pengbo/rclcpp_cbg/install/rclcpp/include/rclcpp/create_timer.hpp
[45.426s] -- Installing: /home/pengbo/rclcpp_cbg/install/rclcpp/include/rclcpp/intra_process_buffer_type.hpp
[45.427s] -- Installing: /home/pengbo/rclcpp_cbg/install/rclcpp/include/rclcpp/publisher_factory.hpp
[45.427s] -- Installing: /home/pengbo/rclcpp_cbg/install/rclcpp/include/rclcpp/subscription.hpp
[45.427s] -- Installing: /home/pengbo/rclcpp_cbg/install/rclcpp/include/rclcpp/expand_topic_or_service_name.hpp
[45.427s] -- Installing: /home/pengbo/rclcpp_cbg/install/rclcpp/include/rclcpp/create_service.hpp
[45.427s] -- Installing: /home/pengbo/rclcpp_cbg/install/rclcpp/include/rclcpp/event.hpp
[45.427s] -- Installing: /home/pengbo/rclcpp_cbg/install/rclcpp/include/rclcpp/create_subscription.hpp
[45.427s] -- Installing: /home/pengbo/rclcpp_cbg/install/rclcpp/include/rclcpp/executor_options.hpp
[45.427s] -- Installing: /home/pengbo/rclcpp_cbg/install/rclcpp/include/rclcpp/publisher_base.hpp
[45.427s] -- Installing: /home/pengbo/rclcpp_cbg/install/rclcpp/include/rclcpp/message_memory_strategy.hpp
[45.427s] -- Installing: /home/pengbo/rclcpp_cbg/install/rclcpp/include/rclcpp/subscription_wait_set_mask.hpp
[45.427s] -- Installing: /home/pengbo/rclcpp_cbg/install/rclcpp/include/rclcpp/message_info.hpp
[45.427s] -- Installing: /home/pengbo/rclcpp_cbg/install/rclcpp/include/rclcpp/parameter_service.hpp
[45.427s] -- Installing: /home/pengbo/rclcpp_cbg/install/rclcpp/include/rclcpp/subscription_base.hpp
[45.427s] -- Installing: /home/pengbo/rclcpp_cbg/install/rclcpp/include/rclcpp/exceptions.hpp
[45.427s] -- Installing: /home/pengbo/rclcpp_cbg/install/rclcpp/include/rclcpp/create_client.hpp
[45.427s] -- Installing: /home/pengbo/rclcpp_cbg/install/rclcpp/include/rclcpp/any_subscription_callback.hpp
[45.427s] -- Installing: /home/pengbo/rclcpp_cbg/install/rclcpp/include/rclcpp/topic_statistics
[45.427s] -- Installing: /home/pengbo/rclcpp_cbg/install/rclcpp/include/rclcpp/topic_statistics/subscription_topic_statistics.hpp
[45.428s] -- Installing: /home/pengbo/rclcpp_cbg/install/rclcpp/include/rclcpp/waitable.hpp
[45.428s] -- Installing: /home/pengbo/rclcpp_cbg/install/rclcpp/include/rclcpp/rclcpp.hpp
[45.428s] -- Installing: /home/pengbo/rclcpp_cbg/install/rclcpp/include/rclcpp/parameter_events_filter.hpp
[45.428s] -- Installing: /home/pengbo/rclcpp_cbg/install/rclcpp/include/rclcpp/qos_event.hpp
[45.428s] -- Installing: /home/pengbo/rclcpp_cbg/install/rclcpp/include/rclcpp/node_impl.hpp
[45.428s] -- Installing: /home/pengbo/rclcpp_cbg/install/rclcpp/include/rclcpp/client.hpp
[45.428s] -- Up-to-date: /home/pengbo/rclcpp_cbg/install/rclcpp/include
[45.428s] -- Up-to-date: /home/pengbo/rclcpp_cbg/install/rclcpp/include/rclcpp
[45.428s] -- Up-to-date: /home/pengbo/rclcpp_cbg/install/rclcpp/include/rclcpp/node_interfaces
[45.428s] -- Installing: /home/pengbo/rclcpp_cbg/install/rclcpp/include/rclcpp/node_interfaces/get_node_services_interface.hpp
[45.428s] -- Installing: /home/pengbo/rclcpp_cbg/install/rclcpp/include/rclcpp/node_interfaces/node_services_interface_traits.hpp
[45.428s] -- Installing: /home/pengbo/rclcpp_cbg/install/rclcpp/include/rclcpp/node_interfaces/node_graph_interface_traits.hpp
[45.428s] -- Installing: /home/pengbo/rclcpp_cbg/install/rclcpp/include/rclcpp/node_interfaces/get_node_timers_interface.hpp
[45.428s] -- Installing: /home/pengbo/rclcpp_cbg/install/rclcpp/include/rclcpp/node_interfaces/get_node_time_source_interface.hpp
[45.429s] -- Installing: /home/pengbo/rclcpp_cbg/install/rclcpp/include/rclcpp/node_interfaces/node_waitables_interface_traits.hpp
[45.429s] -- Installing: /home/pengbo/rclcpp_cbg/install/rclcpp/include/rclcpp/node_interfaces/get_node_clock_interface.hpp
[45.429s] -- Installing: /home/pengbo/rclcpp_cbg/install/rclcpp/include/rclcpp/node_interfaces/get_node_topics_interface.hpp
[45.429s] -- Installing: /home/pengbo/rclcpp_cbg/install/rclcpp/include/rclcpp/node_interfaces/get_node_logging_interface.hpp
[45.429s] -- Installing: /home/pengbo/rclcpp_cbg/install/rclcpp/include/rclcpp/node_interfaces/get_node_parameters_interface.hpp
[45.429s] -- Installing: /home/pengbo/rclcpp_cbg/install/rclcpp/include/rclcpp/node_interfaces/node_parameters_interface_traits.hpp
[45.429s] -- Installing: /home/pengbo/rclcpp_cbg/install/rclcpp/include/rclcpp/node_interfaces/node_timers_interface_traits.hpp
[45.429s] -- Installing: /home/pengbo/rclcpp_cbg/install/rclcpp/include/rclcpp/node_interfaces/node_base_interface_traits.hpp
[45.429s] -- Installing: /home/pengbo/rclcpp_cbg/install/rclcpp/include/rclcpp/node_interfaces/get_node_graph_interface.hpp
[45.429s] -- Installing: /home/pengbo/rclcpp_cbg/install/rclcpp/include/rclcpp/node_interfaces/node_topics_interface_traits.hpp
[45.429s] -- Installing: /home/pengbo/rclcpp_cbg/install/rclcpp/include/rclcpp/node_interfaces/node_logging_interface_traits.hpp
[45.429s] -- Installing: /home/pengbo/rclcpp_cbg/install/rclcpp/include/rclcpp/node_interfaces/node_clock_interface_traits.hpp
[45.429s] -- Installing: /home/pengbo/rclcpp_cbg/install/rclcpp/include/rclcpp/node_interfaces/get_node_base_interface.hpp
[45.429s] -- Installing: /home/pengbo/rclcpp_cbg/install/rclcpp/include/rclcpp/node_interfaces/get_node_waitables_interface.hpp
[45.429s] -- Installing: /home/pengbo/rclcpp_cbg/install/rclcpp/include/rclcpp/node_interfaces/node_time_source_interface_traits.hpp
[45.429s] -- Installing: /home/pengbo/rclcpp_cbg/install/rclcpp/include/rclcpp/logging.hpp
[45.430s] Invoked command in '/home/pengbo/rclcpp_cbg/build/rclcpp' returned '0': CMAKE_PREFIX_PATH=${CMAKE_PREFIX_PATH}:/home/pengbo/ros2_foxy/install/ros2bag:/home/pengbo/ros2_foxy/install/tracetools_launch:/home/pengbo/ros2_foxy/install/topic_monitor:/home/pengbo/ros2_foxy/install/examples_tf2_py:/home/pengbo/ros2_foxy/install/sros2:/home/pengbo/ros2_foxy/install/rqt_topic:/home/pengbo/ros2_foxy/install/rqt_reconfigure:/home/pengbo/ros2_foxy/install/rqt_action:/home/pengbo/ros2_foxy/install/rqt:/home/pengbo/ros2_foxy/install/rqt_graph:/home/pengbo/ros2_foxy/install/rqt_gui_py:/home/pengbo/ros2_foxy/install/rqt_gui:/home/pengbo/ros2_foxy/install/ros2trace:/home/pengbo/ros2_foxy/install/ros2topic:/home/pengbo/ros2_foxy/install/ros2test:/home/pengbo/ros2_foxy/install/ros2component:/home/pengbo/ros2_foxy/install/ros2param:/home/pengbo/ros2_foxy/install/ros2lifecycle:/home/pengbo/ros2_foxy/install/ros2service:/home/pengbo/ros2_foxy/install/ros2run:/home/pengbo/ros2_foxy/install/ros2launch:/home/pengbo/ros2_foxy/install/ros2pkg:/home/pengbo/ros2_foxy/install/ros2node:/home/pengbo/ros2_foxy/install/ros2multicast:/home/pengbo/ros2_foxy/install/ros2interface:/home/pengbo/ros2_foxy/install/ros2doctor:/home/pengbo/ros2_foxy/install/ros2action:/home/pengbo/ros2_foxy/install/ros2cli:/home/pengbo/ros2_foxy/install/quality_of_service_demo_py:/home/pengbo/ros2_foxy/install/opencv_tests:/home/pengbo/ros2_foxy/install/launch_testing_ros:/home/pengbo/ros2_foxy/install/launch_ros:/home/pengbo/ros2_foxy/install/examples_rclpy_minimal_subscriber:/home/pengbo/ros2_foxy/install/examples_rclpy_minimal_service:/home/pengbo/ros2_foxy/install/examples_rclpy_minimal_publisher:/home/pengbo/ros2_foxy/install/examples_rclpy_minimal_client:/home/pengbo/ros2_foxy/install/examples_rclpy_minimal_action_server:/home/pengbo/ros2_foxy/install/examples_rclpy_minimal_action_client:/home/pengbo/ros2_foxy/install/examples_rclpy_executors:/home/pengbo/ros2_foxy/install/demo_nodes_py:/home/pengbo/ros2_foxy/install/action_tutorials_py:/home/pengbo/ros2_foxy/install/ament_uncrustify:/home/pengbo/ros2_foxy/install/tracetools_trace:/home/pengbo/ros2_foxy/install/tracetools_read:/home/pengbo/ros2_foxy/install/test_launch_ros:/home/pengbo/ros2_foxy/install/rpyutils:/home/pengbo/ros2_foxy/install/rosidl_runtime_py:/home/pengbo/ros2_foxy/install/launch_yaml:/home/pengbo/ros2_foxy/install/launch_xml:/home/pengbo/ros2_foxy/install/launch_testing:/home/pengbo/ros2_foxy/install/launch:/home/pengbo/ros2_foxy/install/osrf_pycommon:/home/pengbo/ros2_foxy/install/domain_coordinator:/home/pengbo/ros2_foxy/install/ament_xmllint:/home/pengbo/ros2_foxy/install/ament_pyflakes:/home/pengbo/ros2_foxy/install/ament_pycodestyle:/home/pengbo/ros2_foxy/install/ament_pep257:/home/pengbo/ros2_foxy/install/ament_pclint:/home/pengbo/ros2_foxy/install/ament_package:/home/pengbo/ros2_foxy/install/ament_mypy:/home/pengbo/ros2_foxy/install/ament_lint_cmake:/home/pengbo/ros2_foxy/install/ament_flake8:/home/pengbo/ros2_foxy/install/ament_copyright:/home/pengbo/ros2_foxy/install/ament_lint:/home/pengbo/ros2_foxy/install/ament_index_python:/home/pengbo/ros2_foxy/install/ament_cpplint:/home/pengbo/ros2_foxy/install/ament_cppcheck:/home/pengbo/ros2_foxy/install/ament_clang_tidy:/home/pengbo/ros2_foxy/install/ament_clang_format /usr/bin/cmake --install /home/pengbo/rclcpp_cbg/build/rclcpp
