[0.039s] Invoking command in '/home/pengbo/rclcpp_cbg/build/rclcpp': CMAKE_PREFIX_PATH=${CMAKE_PREFIX_PATH}:/home/pengbo/ros2_foxy/install/ros2bag:/home/pengbo/ros2_foxy/install/tracetools_launch:/home/pengbo/ros2_foxy/install/topic_monitor:/home/pengbo/ros2_foxy/install/examples_tf2_py:/home/pengbo/ros2_foxy/install/sros2:/home/pengbo/ros2_foxy/install/rqt_topic:/home/pengbo/ros2_foxy/install/rqt_reconfigure:/home/pengbo/ros2_foxy/install/rqt_action:/home/pengbo/ros2_foxy/install/rqt:/home/pengbo/ros2_foxy/install/rqt_graph:/home/pengbo/ros2_foxy/install/rqt_gui_py:/home/pengbo/ros2_foxy/install/rqt_gui:/home/pengbo/ros2_foxy/install/ros2trace:/home/pengbo/ros2_foxy/install/ros2topic:/home/pengbo/ros2_foxy/install/ros2test:/home/pengbo/ros2_foxy/install/ros2component:/home/pengbo/ros2_foxy/install/ros2param:/home/pengbo/ros2_foxy/install/ros2lifecycle:/home/pengbo/ros2_foxy/install/ros2service:/home/pengbo/ros2_foxy/install/ros2run:/home/pengbo/ros2_foxy/install/ros2launch:/home/pengbo/ros2_foxy/install/ros2pkg:/home/pengbo/ros2_foxy/install/ros2node:/home/pengbo/ros2_foxy/install/ros2multicast:/home/pengbo/ros2_foxy/install/ros2interface:/home/pengbo/ros2_foxy/install/ros2doctor:/home/pengbo/ros2_foxy/install/ros2action:/home/pengbo/ros2_foxy/install/ros2cli:/home/pengbo/ros2_foxy/install/quality_of_service_demo_py:/home/pengbo/ros2_foxy/install/opencv_tests:/home/pengbo/ros2_foxy/install/launch_testing_ros:/home/pengbo/ros2_foxy/install/launch_ros:/home/pengbo/ros2_foxy/install/examples_rclpy_minimal_subscriber:/home/pengbo/ros2_foxy/install/examples_rclpy_minimal_service:/home/pengbo/ros2_foxy/install/examples_rclpy_minimal_publisher:/home/pengbo/ros2_foxy/install/examples_rclpy_minimal_client:/home/pengbo/ros2_foxy/install/examples_rclpy_minimal_action_server:/home/pengbo/ros2_foxy/install/examples_rclpy_minimal_action_client:/home/pengbo/ros2_foxy/install/examples_rclpy_executors:/home/pengbo/ros2_foxy/install/demo_nodes_py:/home/pengbo/ros2_foxy/install/action_tutorials_py:/home/pengbo/ros2_foxy/install/ament_uncrustify:/home/pengbo/ros2_foxy/install/tracetools_trace:/home/pengbo/ros2_foxy/install/tracetools_read:/home/pengbo/ros2_foxy/install/test_launch_ros:/home/pengbo/ros2_foxy/install/rpyutils:/home/pengbo/ros2_foxy/install/rosidl_runtime_py:/home/pengbo/ros2_foxy/install/launch_yaml:/home/pengbo/ros2_foxy/install/launch_xml:/home/pengbo/ros2_foxy/install/launch_testing:/home/pengbo/ros2_foxy/install/launch:/home/pengbo/ros2_foxy/install/osrf_pycommon:/home/pengbo/ros2_foxy/install/domain_coordinator:/home/pengbo/ros2_foxy/install/ament_xmllint:/home/pengbo/ros2_foxy/install/ament_pyflakes:/home/pengbo/ros2_foxy/install/ament_pycodestyle:/home/pengbo/ros2_foxy/install/ament_pep257:/home/pengbo/ros2_foxy/install/ament_pclint:/home/pengbo/ros2_foxy/install/ament_package:/home/pengbo/ros2_foxy/install/ament_mypy:/home/pengbo/ros2_foxy/install/ament_lint_cmake:/home/pengbo/ros2_foxy/install/ament_flake8:/home/pengbo/ros2_foxy/install/ament_copyright:/home/pengbo/ros2_foxy/install/ament_lint:/home/pengbo/ros2_foxy/install/ament_index_python:/home/pengbo/ros2_foxy/install/ament_cpplint:/home/pengbo/ros2_foxy/install/ament_cppcheck:/home/pengbo/ros2_foxy/install/ament_clang_tidy:/home/pengbo/ros2_foxy/install/ament_clang_format /usr/bin/cmake --build /home/pengbo/rclcpp_cbg/build/rclcpp -- -j12 -l12
[0.154s] [  1%] Built target gmock_main
[0.160s] [  3%] Built target gtest_main
[0.161s] [  3%] Built target gtest
[0.162s] [  4%] Built target gmock
[0.164s] [  6%] Built target rclcpp_test_msgs__rosidl_generator_c
[0.173s] [35m[1mScanning dependencies of target rclcpp[0m
[0.174s] [  6%] Built target rclcpp_test_msgs__cpp
[0.225s] [  7%] Built target test_function_traits
[0.231s] [  8%] Built target rclcpp_test_msgs__rosidl_typesupport_c
[0.234s] [ 10%] Built target rclcpp_test_msgs__rosidl_typesupport_introspection_c
[0.239s] [ 12%] Built target rclcpp_test_msgs__rosidl_typesupport_cpp
[0.245s] [ 15%] Built target rclcpp_test_msgs__rosidl_typesupport_fastrtps_cpp
[0.245s] [ 16%] Built target rclcpp_test_msgs__rosidl_typesupport_introspection_cpp
[0.293s] [ 16%] [32mBuilding CXX object CMakeFiles/rclcpp.dir/src/rclcpp/executors/single_threaded_executor.cpp.o[0m
[0.299s] [ 18%] Built target rclcpp_test_msgs__rosidl_typesupport_fastrtps_c
[0.342s] [ 18%] Built target rclcpp_test_msgs
[0.384s] [ 18%] Built target rclcpp_test_msgs__py
[0.434s] [ 20%] Built target rclcpp_test_msgs__python
[0.481s] [ 22%] Built target rclcpp__rosidl_typesupport_c__pyext
[0.481s] [ 22%] Built target rclcpp__rosidl_typesupport_introspection_c__pyext
[0.487s] [ 23%] Built target rclcpp__rosidl_typesupport_fastrtps_c__pyext
[1.358s] [ 24%] [32m[1mLinking CXX shared library librclcpp.so[0m
[2.118s] [ 61%] Built target rclcpp
[2.223s] [ 61%] [32m[1mLinking CXX executable test_intra_process_manager[0m
[2.224s] [ 62%] [32m[1mLinking CXX executable test_ring_buffer_implementation[0m
[2.230s] [ 62%] [32m[1mLinking CXX executable test_logger[0m
[2.235s] [ 62%] [32m[1mLinking CXX executable test_create_timer[0m
[2.236s] [ 62%] [32m[1mLinking CXX executable test_expand_topic_or_service_name[0m
[2.236s] [ 63%] [32m[1mLinking CXX executable test_node_global_args[0m
[2.240s] [ 63%] [32m[1mLinking CXX executable test_subscription_options[0m
[2.245s] [ 63%] [32m[1mLinking CXX executable test_subscription_topic_statistics[0m
[2.248s] [ 64%] [32m[1mLinking CXX executable test_node_interfaces__get_node_interfaces[0m
[2.249s] [ 64%] [32m[1mLinking CXX executable test_loaned_message[0m
[2.260s] [ 64%] [32m[1mLinking CXX executable test_duration[0m
[2.263s] [ 64%] [32m[1mLinking CXX executable test_executor[0m
[3.734s] [ 65%] Built target test_logger
[3.767s] [ 66%] Built target test_expand_topic_or_service_name
[3.831s] [ 67%] Built target test_duration
[3.856s] [ 68%] Built target test_subscription_options
[3.862s] [ 69%] Built target test_executor
[3.862s] [ 69%] Built target test_node_interfaces__get_node_interfaces
[3.892s] [ 70%] Built target test_create_timer
[3.894s] [ 70%] Built target test_node_global_args
[3.936s] [ 71%] [32m[1mLinking CXX executable test_wait_set[0m
[3.942s] [ 72%] [32m[1mLinking CXX executable test_serialized_message[0m
[3.978s] [ 72%] [32m[1mLinking CXX executable test_intra_process_buffer[0m
[4.007s] [ 73%] [32m[1mLinking CXX executable test_find_weak_nodes[0m
[4.017s] [ 73%] [32m[1mLinking CXX executable test_subscription_traits[0m
[4.020s] [ 74%] [32m[1mLinking CXX executable test_time_source[0m
[4.022s] [ 75%] [32m[1mLinking CXX executable test_node_options[0m
[4.032s] [ 75%] [32m[1mLinking CXX executable test_logging[0m
[4.046s] [ 75%] Built target test_ring_buffer_implementation
[4.076s] [ 76%] Built target test_loaned_message
[4.087s] [ 77%] Built target test_intra_process_manager
[4.221s] [ 78%] [32m[1mLinking CXX executable test_parameter[0m
[4.278s] [ 78%] [32m[1mLinking CXX executable test_parameter_map[0m
[4.289s] [ 78%] [32m[1mLinking CXX executable test_parameter_events_filter[0m
[4.687s] [ 79%] Built target test_subscription_traits
[4.712s] [ 80%] Built target test_subscription_topic_statistics
[4.817s] [ 81%] [32m[1mLinking CXX executable test_rate[0m
[4.855s] [ 81%] [32m[1mLinking CXX executable test_service[0m
[5.495s] [ 81%] Built target test_intra_process_buffer
[5.590s] [ 81%] Built target test_node_options
[5.634s] [ 81%] Built target test_find_weak_nodes
[5.662s] [ 82%] Built target test_logging
[5.689s] [ 82%] [32m[1mLinking CXX executable test_publisher[0m
[5.698s] [ 82%] Built target test_time_source
[5.764s] [ 82%] [32m[1mLinking CXX executable test_publisher_subscription_count_api[0m
[5.783s] [ 82%] [32m[1mLinking CXX executable test_qos[0m
[5.820s] [ 82%] [32m[1mLinking CXX executable test_externally_defined_services[0m
[5.839s] [ 83%] [32m[1mLinking CXX executable test_serialized_message_allocator[0m
[5.846s] [ 84%] Built target test_parameter_events_filter
[5.892s] [ 84%] Built target test_serialized_message
[6.012s] [ 85%] [32m[1mLinking CXX executable test_parameter_client[0m
[6.012s] [ 85%] Built target test_parameter_map
[6.039s] [ 85%] Built target test_parameter
[6.070s] [ 85%] [32m[1mLinking CXX executable test_subscription[0m
[6.085s] [ 85%] Built target test_wait_set
[6.102s] [ 85%] Built target test_service
[6.154s] [ 85%] Built target test_rate
[6.212s] [ 86%] [32m[1mLinking CXX executable test_time[0m
[6.218s] [ 86%] [32m[1mLinking CXX executable test_subscription_publisher_count_api[0m
[6.246s] [ 87%] [32m[1mLinking CXX executable test_utilities[0m
[6.254s] [ 88%] [32m[1mLinking CXX executable test_timer[0m
[6.307s] [ 88%] [32m[1mLinking CXX executable test_client[0m
[7.004s] [ 89%] Built target test_qos
[7.109s] [ 90%] [32m[1mLinking CXX executable test_init[0m
[7.337s] [ 91%] Built target test_publisher
[7.389s] [ 92%] Built target test_externally_defined_services
[7.493s] [ 93%] [32m[1mLinking CXX executable test_qos_event[0m
[7.530s] [ 94%] [32m[1mLinking CXX executable test_interface_traits[0m
[7.761s] [ 94%] Built target test_utilities
[7.792s] [ 94%] Built target test_timer
[7.825s] [ 95%] Built target test_publisher_subscription_count_api
[7.838s] [ 95%] Built target test_parameter_client
[7.848s] [ 95%] Built target test_serialized_message_allocator
[7.902s] [ 95%] Built target test_time
[7.934s] [ 96%] [32m[1mLinking CXX executable test_node[0m
[7.951s] [ 96%] [32m[1mLinking CXX executable test_multi_threaded_executor[0m
[7.956s] [ 97%] [32m[1mLinking CXX executable test_guard_condition[0m
[8.075s] [ 97%] Built target test_client
[8.146s] [ 97%] Built target test_init
[8.152s] [ 98%] Built target test_subscription_publisher_count_api
[8.222s] [ 99%] Built target test_subscription
[8.417s] [ 99%] Built target test_interface_traits
[8.570s] [ 99%] Built target test_qos_event
[8.655s] [100%] Built target test_multi_threaded_executor
[8.674s] [100%] Built target test_guard_condition
[8.841s] [100%] Built target test_node
[8.861s] Invoked command in '/home/pengbo/rclcpp_cbg/build/rclcpp' returned '0': CMAKE_PREFIX_PATH=${CMAKE_PREFIX_PATH}:/home/pengbo/ros2_foxy/install/ros2bag:/home/pengbo/ros2_foxy/install/tracetools_launch:/home/pengbo/ros2_foxy/install/topic_monitor:/home/pengbo/ros2_foxy/install/examples_tf2_py:/home/pengbo/ros2_foxy/install/sros2:/home/pengbo/ros2_foxy/install/rqt_topic:/home/pengbo/ros2_foxy/install/rqt_reconfigure:/home/pengbo/ros2_foxy/install/rqt_action:/home/pengbo/ros2_foxy/install/rqt:/home/pengbo/ros2_foxy/install/rqt_graph:/home/pengbo/ros2_foxy/install/rqt_gui_py:/home/pengbo/ros2_foxy/install/rqt_gui:/home/pengbo/ros2_foxy/install/ros2trace:/home/pengbo/ros2_foxy/install/ros2topic:/home/pengbo/ros2_foxy/install/ros2test:/home/pengbo/ros2_foxy/install/ros2component:/home/pengbo/ros2_foxy/install/ros2param:/home/pengbo/ros2_foxy/install/ros2lifecycle:/home/pengbo/ros2_foxy/install/ros2service:/home/pengbo/ros2_foxy/install/ros2run:/home/pengbo/ros2_foxy/install/ros2launch:/home/pengbo/ros2_foxy/install/ros2pkg:/home/pengbo/ros2_foxy/install/ros2node:/home/pengbo/ros2_foxy/install/ros2multicast:/home/pengbo/ros2_foxy/install/ros2interface:/home/pengbo/ros2_foxy/install/ros2doctor:/home/pengbo/ros2_foxy/install/ros2action:/home/pengbo/ros2_foxy/install/ros2cli:/home/pengbo/ros2_foxy/install/quality_of_service_demo_py:/home/pengbo/ros2_foxy/install/opencv_tests:/home/pengbo/ros2_foxy/install/launch_testing_ros:/home/pengbo/ros2_foxy/install/launch_ros:/home/pengbo/ros2_foxy/install/examples_rclpy_minimal_subscriber:/home/pengbo/ros2_foxy/install/examples_rclpy_minimal_service:/home/pengbo/ros2_foxy/install/examples_rclpy_minimal_publisher:/home/pengbo/ros2_foxy/install/examples_rclpy_minimal_client:/home/pengbo/ros2_foxy/install/examples_rclpy_minimal_action_server:/home/pengbo/ros2_foxy/install/examples_rclpy_minimal_action_client:/home/pengbo/ros2_foxy/install/examples_rclpy_executors:/home/pengbo/ros2_foxy/install/demo_nodes_py:/home/pengbo/ros2_foxy/install/action_tutorials_py:/home/pengbo/ros2_foxy/install/ament_uncrustify:/home/pengbo/ros2_foxy/install/tracetools_trace:/home/pengbo/ros2_foxy/install/tracetools_read:/home/pengbo/ros2_foxy/install/test_launch_ros:/home/pengbo/ros2_foxy/install/rpyutils:/home/pengbo/ros2_foxy/install/rosidl_runtime_py:/home/pengbo/ros2_foxy/install/launch_yaml:/home/pengbo/ros2_foxy/install/launch_xml:/home/pengbo/ros2_foxy/install/launch_testing:/home/pengbo/ros2_foxy/install/launch:/home/pengbo/ros2_foxy/install/osrf_pycommon:/home/pengbo/ros2_foxy/install/domain_coordinator:/home/pengbo/ros2_foxy/install/ament_xmllint:/home/pengbo/ros2_foxy/install/ament_pyflakes:/home/pengbo/ros2_foxy/install/ament_pycodestyle:/home/pengbo/ros2_foxy/install/ament_pep257:/home/pengbo/ros2_foxy/install/ament_pclint:/home/pengbo/ros2_foxy/install/ament_package:/home/pengbo/ros2_foxy/install/ament_mypy:/home/pengbo/ros2_foxy/install/ament_lint_cmake:/home/pengbo/ros2_foxy/install/ament_flake8:/home/pengbo/ros2_foxy/install/ament_copyright:/home/pengbo/ros2_foxy/install/ament_lint:/home/pengbo/ros2_foxy/install/ament_index_python:/home/pengbo/ros2_foxy/install/ament_cpplint:/home/pengbo/ros2_foxy/install/ament_cppcheck:/home/pengbo/ros2_foxy/install/ament_clang_tidy:/home/pengbo/ros2_foxy/install/ament_clang_format /usr/bin/cmake --build /home/pengbo/rclcpp_cbg/build/rclcpp -- -j12 -l12
[9.845s] Invoking command in '/home/pengbo/rclcpp_cbg/build/rclcpp': CMAKE_PREFIX_PATH=${CMAKE_PREFIX_PATH}:/home/pengbo/ros2_foxy/install/ros2bag:/home/pengbo/ros2_foxy/install/tracetools_launch:/home/pengbo/ros2_foxy/install/topic_monitor:/home/pengbo/ros2_foxy/install/examples_tf2_py:/home/pengbo/ros2_foxy/install/sros2:/home/pengbo/ros2_foxy/install/rqt_topic:/home/pengbo/ros2_foxy/install/rqt_reconfigure:/home/pengbo/ros2_foxy/install/rqt_action:/home/pengbo/ros2_foxy/install/rqt:/home/pengbo/ros2_foxy/install/rqt_graph:/home/pengbo/ros2_foxy/install/rqt_gui_py:/home/pengbo/ros2_foxy/install/rqt_gui:/home/pengbo/ros2_foxy/install/ros2trace:/home/pengbo/ros2_foxy/install/ros2topic:/home/pengbo/ros2_foxy/install/ros2test:/home/pengbo/ros2_foxy/install/ros2component:/home/pengbo/ros2_foxy/install/ros2param:/home/pengbo/ros2_foxy/install/ros2lifecycle:/home/pengbo/ros2_foxy/install/ros2service:/home/pengbo/ros2_foxy/install/ros2run:/home/pengbo/ros2_foxy/install/ros2launch:/home/pengbo/ros2_foxy/install/ros2pkg:/home/pengbo/ros2_foxy/install/ros2node:/home/pengbo/ros2_foxy/install/ros2multicast:/home/pengbo/ros2_foxy/install/ros2interface:/home/pengbo/ros2_foxy/install/ros2doctor:/home/pengbo/ros2_foxy/install/ros2action:/home/pengbo/ros2_foxy/install/ros2cli:/home/pengbo/ros2_foxy/install/quality_of_service_demo_py:/home/pengbo/ros2_foxy/install/opencv_tests:/home/pengbo/ros2_foxy/install/launch_testing_ros:/home/pengbo/ros2_foxy/install/launch_ros:/home/pengbo/ros2_foxy/install/examples_rclpy_minimal_subscriber:/home/pengbo/ros2_foxy/install/examples_rclpy_minimal_service:/home/pengbo/ros2_foxy/install/examples_rclpy_minimal_publisher:/home/pengbo/ros2_foxy/install/examples_rclpy_minimal_client:/home/pengbo/ros2_foxy/install/examples_rclpy_minimal_action_server:/home/pengbo/ros2_foxy/install/examples_rclpy_minimal_action_client:/home/pengbo/ros2_foxy/install/examples_rclpy_executors:/home/pengbo/ros2_foxy/install/demo_nodes_py:/home/pengbo/ros2_foxy/install/action_tutorials_py:/home/pengbo/ros2_foxy/install/ament_uncrustify:/home/pengbo/ros2_foxy/install/tracetools_trace:/home/pengbo/ros2_foxy/install/tracetools_read:/home/pengbo/ros2_foxy/install/test_launch_ros:/home/pengbo/ros2_foxy/install/rpyutils:/home/pengbo/ros2_foxy/install/rosidl_runtime_py:/home/pengbo/ros2_foxy/install/launch_yaml:/home/pengbo/ros2_foxy/install/launch_xml:/home/pengbo/ros2_foxy/install/launch_testing:/home/pengbo/ros2_foxy/install/launch:/home/pengbo/ros2_foxy/install/osrf_pycommon:/home/pengbo/ros2_foxy/install/domain_coordinator:/home/pengbo/ros2_foxy/install/ament_xmllint:/home/pengbo/ros2_foxy/install/ament_pyflakes:/home/pengbo/ros2_foxy/install/ament_pycodestyle:/home/pengbo/ros2_foxy/install/ament_pep257:/home/pengbo/ros2_foxy/install/ament_pclint:/home/pengbo/ros2_foxy/install/ament_package:/home/pengbo/ros2_foxy/install/ament_mypy:/home/pengbo/ros2_foxy/install/ament_lint_cmake:/home/pengbo/ros2_foxy/install/ament_flake8:/home/pengbo/ros2_foxy/install/ament_copyright:/home/pengbo/ros2_foxy/install/ament_lint:/home/pengbo/ros2_foxy/install/ament_index_python:/home/pengbo/ros2_foxy/install/ament_cpplint:/home/pengbo/ros2_foxy/install/ament_cppcheck:/home/pengbo/ros2_foxy/install/ament_clang_tidy:/home/pengbo/ros2_foxy/install/ament_clang_format /usr/bin/cmake --install /home/pengbo/rclcpp_cbg/build/rclcpp
[9.865s] -- Install configuration: ""
[9.866s] -- Execute custom install script
[9.867s] -- Up-to-date symlink: /home/pengbo/rclcpp_cbg/install/rclcpp/share/rclcpp/environment/library_path.sh
[9.867s] -- Up-to-date symlink: /home/pengbo/rclcpp_cbg/install/rclcpp/share/rclcpp/environment/library_path.dsv
[9.868s] -- Up-to-date symlink: /home/pengbo/rclcpp_cbg/build/rclcpp/test/resources/test_node/test_parameters.yaml
[9.868s] -- Up-to-date symlink: /home/pengbo/rclcpp_cbg/install/rclcpp/share/ament_index/resource_index/package_run_dependencies/rclcpp
[9.869s] -- Up-to-date symlink: /home/pengbo/rclcpp_cbg/install/rclcpp/share/ament_index/resource_index/parent_prefix_path/rclcpp
[9.869s] -- Up-to-date symlink: /home/pengbo/rclcpp_cbg/install/rclcpp/share/rclcpp/environment/ament_prefix_path.sh
[9.870s] -- Up-to-date symlink: /home/pengbo/rclcpp_cbg/install/rclcpp/share/rclcpp/environment/ament_prefix_path.dsv
[9.870s] -- Up-to-date symlink: /home/pengbo/rclcpp_cbg/install/rclcpp/share/rclcpp/environment/path.sh
[9.870s] -- Up-to-date symlink: /home/pengbo/rclcpp_cbg/install/rclcpp/share/rclcpp/environment/path.dsv
[9.871s] -- Up-to-date symlink: /home/pengbo/rclcpp_cbg/install/rclcpp/share/rclcpp/local_setup.bash
[9.871s] -- Up-to-date symlink: /home/pengbo/rclcpp_cbg/install/rclcpp/share/rclcpp/local_setup.sh
[9.871s] -- Up-to-date symlink: /home/pengbo/rclcpp_cbg/install/rclcpp/share/rclcpp/local_setup.zsh
[9.872s] -- Up-to-date symlink: /home/pengbo/rclcpp_cbg/install/rclcpp/share/rclcpp/local_setup.dsv
[9.872s] -- Symlinking: /home/pengbo/rclcpp_cbg/install/rclcpp/share/rclcpp/package.dsv
[9.889s] -- Up-to-date symlink: /home/pengbo/rclcpp_cbg/install/rclcpp/share/ament_index/resource_index/packages/rclcpp
[9.889s] -- Up-to-date symlink: /home/pengbo/rclcpp_cbg/install/rclcpp/share/rclcpp/cmake/ament_cmake_export_include_directories-extras.cmake
[9.889s] -- Up-to-date symlink: /home/pengbo/rclcpp_cbg/install/rclcpp/share/rclcpp/cmake/ament_cmake_export_libraries-extras.cmake
[9.890s] -- Up-to-date symlink: /home/pengbo/rclcpp_cbg/install/rclcpp/share/rclcpp/cmake/ament_cmake_export_targets-extras.cmake
[9.890s] -- Up-to-date symlink: /home/pengbo/rclcpp_cbg/install/rclcpp/share/rclcpp/cmake/ament_cmake_export_dependencies-extras.cmake
[9.890s] -- Up-to-date symlink: /home/pengbo/rclcpp_cbg/install/rclcpp/share/rclcpp/cmake/rosidl_cmake-extras.cmake
[9.890s] -- Up-to-date symlink: /home/pengbo/rclcpp_cbg/install/rclcpp/share/rclcpp/cmake/rclcppConfig.cmake
[9.891s] -- Up-to-date symlink: /home/pengbo/rclcpp_cbg/install/rclcpp/share/rclcpp/cmake/rclcppConfig-version.cmake
[9.891s] -- Up-to-date symlink: /home/pengbo/rclcpp_cbg/install/rclcpp/share/rclcpp/package.xml
[9.893s] -- Up-to-date symlink: /home/pengbo/rclcpp_cbg/install/rclcpp/include/rclcpp/allocator/allocator_common.hpp
[9.893s] -- Up-to-date symlink: /home/pengbo/rclcpp_cbg/install/rclcpp/include/rclcpp/allocator/allocator_deleter.hpp
[9.893s] -- Up-to-date symlink: /home/pengbo/rclcpp_cbg/install/rclcpp/include/rclcpp/any_executable.hpp
[9.893s] -- Up-to-date symlink: /home/pengbo/rclcpp_cbg/install/rclcpp/include/rclcpp/any_service_callback.hpp
[9.893s] -- Up-to-date symlink: /home/pengbo/rclcpp_cbg/install/rclcpp/include/rclcpp/any_subscription_callback.hpp
[9.894s] -- Up-to-date symlink: /home/pengbo/rclcpp_cbg/install/rclcpp/include/rclcpp/callback_group.hpp
[9.894s] -- Up-to-date symlink: /home/pengbo/rclcpp_cbg/install/rclcpp/include/rclcpp/client.hpp
[9.894s] -- Up-to-date symlink: /home/pengbo/rclcpp_cbg/install/rclcpp/include/rclcpp/clock.hpp
[9.894s] -- Up-to-date symlink: /home/pengbo/rclcpp_cbg/install/rclcpp/include/rclcpp/context.hpp
[9.894s] -- Up-to-date symlink: /home/pengbo/rclcpp_cbg/install/rclcpp/include/rclcpp/contexts/default_context.hpp
[9.895s] -- Up-to-date symlink: /home/pengbo/rclcpp_cbg/install/rclcpp/include/rclcpp/create_client.hpp
[9.895s] -- Up-to-date symlink: /home/pengbo/rclcpp_cbg/install/rclcpp/include/rclcpp/create_publisher.hpp
[9.895s] -- Up-to-date symlink: /home/pengbo/rclcpp_cbg/install/rclcpp/include/rclcpp/create_service.hpp
[9.895s] -- Up-to-date symlink: /home/pengbo/rclcpp_cbg/install/rclcpp/include/rclcpp/create_subscription.hpp
[9.895s] -- Up-to-date symlink: /home/pengbo/rclcpp_cbg/install/rclcpp/include/rclcpp/create_timer.hpp
[9.896s] -- Up-to-date symlink: /home/pengbo/rclcpp_cbg/install/rclcpp/include/rclcpp/detail/README.md
[9.896s] -- Up-to-date symlink: /home/pengbo/rclcpp_cbg/install/rclcpp/include/rclcpp/detail/resolve_enable_topic_statistics.hpp
[9.896s] -- Up-to-date symlink: /home/pengbo/rclcpp_cbg/install/rclcpp/include/rclcpp/detail/resolve_intra_process_buffer_type.hpp
[9.896s] -- Up-to-date symlink: /home/pengbo/rclcpp_cbg/install/rclcpp/include/rclcpp/detail/resolve_use_intra_process.hpp
[9.896s] -- Up-to-date symlink: /home/pengbo/rclcpp_cbg/install/rclcpp/include/rclcpp/detail/rmw_implementation_specific_payload.hpp
[9.897s] -- Up-to-date symlink: /home/pengbo/rclcpp_cbg/install/rclcpp/include/rclcpp/detail/rmw_implementation_specific_publisher_payload.hpp
[9.897s] -- Up-to-date symlink: /home/pengbo/rclcpp_cbg/install/rclcpp/include/rclcpp/detail/rmw_implementation_specific_subscription_payload.hpp
[9.897s] -- Up-to-date symlink: /home/pengbo/rclcpp_cbg/install/rclcpp/include/rclcpp/detail/utilities.hpp
[9.897s] -- Up-to-date symlink: /home/pengbo/rclcpp_cbg/install/rclcpp/include/rclcpp/duration.hpp
[9.897s] -- Up-to-date symlink: /home/pengbo/rclcpp_cbg/install/rclcpp/include/rclcpp/event.hpp
[9.897s] -- Up-to-date symlink: /home/pengbo/rclcpp_cbg/install/rclcpp/include/rclcpp/exceptions.hpp
[9.898s] -- Up-to-date symlink: /home/pengbo/rclcpp_cbg/install/rclcpp/include/rclcpp/exceptions/exceptions.hpp
[9.898s] -- Up-to-date symlink: /home/pengbo/rclcpp_cbg/install/rclcpp/include/rclcpp/executor.hpp
[9.898s] -- Up-to-date symlink: /home/pengbo/rclcpp_cbg/install/rclcpp/include/rclcpp/executor_options.hpp
[9.898s] -- Up-to-date symlink: /home/pengbo/rclcpp_cbg/install/rclcpp/include/rclcpp/executors.hpp
[9.898s] -- Up-to-date symlink: /home/pengbo/rclcpp_cbg/install/rclcpp/include/rclcpp/executors/multi_threaded_executor.hpp
[9.898s] -- Up-to-date symlink: /home/pengbo/rclcpp_cbg/install/rclcpp/include/rclcpp/executors/single_threaded_executor.hpp
[9.898s] -- Up-to-date symlink: /home/pengbo/rclcpp_cbg/install/rclcpp/include/rclcpp/executors/static_executor_entities_collector.hpp
[9.898s] -- Up-to-date symlink: /home/pengbo/rclcpp_cbg/install/rclcpp/include/rclcpp/executors/static_single_threaded_executor.hpp
[9.899s] -- Up-to-date symlink: /home/pengbo/rclcpp_cbg/install/rclcpp/include/rclcpp/expand_topic_or_service_name.hpp
[9.899s] -- Up-to-date symlink: /home/pengbo/rclcpp_cbg/install/rclcpp/include/rclcpp/experimental/README.md
[9.899s] -- Up-to-date symlink: /home/pengbo/rclcpp_cbg/install/rclcpp/include/rclcpp/experimental/buffers/buffer_implementation_base.hpp
[9.899s] -- Up-to-date symlink: /home/pengbo/rclcpp_cbg/install/rclcpp/include/rclcpp/experimental/buffers/intra_process_buffer.hpp
[9.899s] -- Up-to-date symlink: /home/pengbo/rclcpp_cbg/install/rclcpp/include/rclcpp/experimental/buffers/ring_buffer_implementation.hpp
[9.899s] -- Up-to-date symlink: /home/pengbo/rclcpp_cbg/install/rclcpp/include/rclcpp/experimental/create_intra_process_buffer.hpp
[9.899s] -- Up-to-date symlink: /home/pengbo/rclcpp_cbg/install/rclcpp/include/rclcpp/experimental/executable_list.hpp
[9.899s] -- Up-to-date symlink: /home/pengbo/rclcpp_cbg/install/rclcpp/include/rclcpp/experimental/intra_process_manager.hpp
[9.900s] -- Up-to-date symlink: /home/pengbo/rclcpp_cbg/install/rclcpp/include/rclcpp/experimental/subscription_intra_process.hpp
[9.900s] -- Up-to-date symlink: /home/pengbo/rclcpp_cbg/install/rclcpp/include/rclcpp/experimental/subscription_intra_process_base.hpp
[9.900s] -- Up-to-date symlink: /home/pengbo/rclcpp_cbg/install/rclcpp/include/rclcpp/function_traits.hpp
[9.900s] -- Up-to-date symlink: /home/pengbo/rclcpp_cbg/install/rclcpp/include/rclcpp/future_return_code.hpp
[9.900s] -- Up-to-date symlink: /home/pengbo/rclcpp_cbg/install/rclcpp/include/rclcpp/graph_listener.hpp
[9.900s] -- Up-to-date symlink: /home/pengbo/rclcpp_cbg/install/rclcpp/include/rclcpp/guard_condition.hpp
[9.900s] -- Up-to-date symlink: /home/pengbo/rclcpp_cbg/install/rclcpp/include/rclcpp/init_options.hpp
[9.900s] -- Up-to-date symlink: /home/pengbo/rclcpp_cbg/install/rclcpp/include/rclcpp/intra_process_buffer_type.hpp
[9.901s] -- Up-to-date symlink: /home/pengbo/rclcpp_cbg/install/rclcpp/include/rclcpp/intra_process_setting.hpp
[9.901s] -- Up-to-date symlink: /home/pengbo/rclcpp_cbg/install/rclcpp/include/rclcpp/loaned_message.hpp
[9.901s] -- Up-to-date symlink: /home/pengbo/rclcpp_cbg/install/rclcpp/include/rclcpp/logger.hpp
[9.901s] -- Up-to-date symlink: /home/pengbo/rclcpp_cbg/install/rclcpp/include/rclcpp/macros.hpp
[9.901s] -- Up-to-date symlink: /home/pengbo/rclcpp_cbg/install/rclcpp/include/rclcpp/memory_strategies.hpp
[9.901s] -- Up-to-date symlink: /home/pengbo/rclcpp_cbg/install/rclcpp/include/rclcpp/memory_strategy.hpp
[9.901s] -- Up-to-date symlink: /home/pengbo/rclcpp_cbg/install/rclcpp/include/rclcpp/message_info.hpp
[9.902s] -- Up-to-date symlink: /home/pengbo/rclcpp_cbg/install/rclcpp/include/rclcpp/message_memory_strategy.hpp
[9.902s] -- Up-to-date symlink: /home/pengbo/rclcpp_cbg/install/rclcpp/include/rclcpp/node.hpp
[9.902s] -- Up-to-date symlink: /home/pengbo/rclcpp_cbg/install/rclcpp/include/rclcpp/node_impl.hpp
[9.902s] -- Up-to-date symlink: /home/pengbo/rclcpp_cbg/install/rclcpp/include/rclcpp/node_interfaces/node_base.hpp
[9.902s] -- Up-to-date symlink: /home/pengbo/rclcpp_cbg/install/rclcpp/include/rclcpp/node_interfaces/node_base_interface.hpp
[9.902s] -- Up-to-date symlink: /home/pengbo/rclcpp_cbg/install/rclcpp/include/rclcpp/node_interfaces/node_clock.hpp
[9.902s] -- Up-to-date symlink: /home/pengbo/rclcpp_cbg/install/rclcpp/include/rclcpp/node_interfaces/node_clock_interface.hpp
[9.902s] -- Up-to-date symlink: /home/pengbo/rclcpp_cbg/install/rclcpp/include/rclcpp/node_interfaces/node_graph.hpp
[9.903s] -- Up-to-date symlink: /home/pengbo/rclcpp_cbg/install/rclcpp/include/rclcpp/node_interfaces/node_graph_interface.hpp
[9.903s] -- Up-to-date symlink: /home/pengbo/rclcpp_cbg/install/rclcpp/include/rclcpp/node_interfaces/node_logging.hpp
[9.903s] -- Up-to-date symlink: /home/pengbo/rclcpp_cbg/install/rclcpp/include/rclcpp/node_interfaces/node_logging_interface.hpp
[9.903s] -- Up-to-date symlink: /home/pengbo/rclcpp_cbg/install/rclcpp/include/rclcpp/node_interfaces/node_parameters.hpp
[9.903s] -- Up-to-date symlink: /home/pengbo/rclcpp_cbg/install/rclcpp/include/rclcpp/node_interfaces/node_parameters_interface.hpp
[9.903s] -- Up-to-date symlink: /home/pengbo/rclcpp_cbg/install/rclcpp/include/rclcpp/node_interfaces/node_services.hpp
[9.903s] -- Up-to-date symlink: /home/pengbo/rclcpp_cbg/install/rclcpp/include/rclcpp/node_interfaces/node_services_interface.hpp
[9.903s] -- Up-to-date symlink: /home/pengbo/rclcpp_cbg/install/rclcpp/include/rclcpp/node_interfaces/node_time_source.hpp
[9.904s] -- Up-to-date symlink: /home/pengbo/rclcpp_cbg/install/rclcpp/include/rclcpp/node_interfaces/node_time_source_interface.hpp
[9.904s] -- Up-to-date symlink: /home/pengbo/rclcpp_cbg/install/rclcpp/include/rclcpp/node_interfaces/node_timers.hpp
[9.904s] -- Up-to-date symlink: /home/pengbo/rclcpp_cbg/install/rclcpp/include/rclcpp/node_interfaces/node_timers_interface.hpp
[9.904s] -- Up-to-date symlink: /home/pengbo/rclcpp_cbg/install/rclcpp/include/rclcpp/node_interfaces/node_topics.hpp
[9.904s] -- Up-to-date symlink: /home/pengbo/rclcpp_cbg/install/rclcpp/include/rclcpp/node_interfaces/node_topics_interface.hpp
[9.904s] -- Up-to-date symlink: /home/pengbo/rclcpp_cbg/install/rclcpp/include/rclcpp/node_interfaces/node_waitables.hpp
[9.904s] -- Up-to-date symlink: /home/pengbo/rclcpp_cbg/install/rclcpp/include/rclcpp/node_interfaces/node_waitables_interface.hpp
[9.905s] -- Up-to-date symlink: /home/pengbo/rclcpp_cbg/install/rclcpp/include/rclcpp/node_options.hpp
[9.905s] -- Up-to-date symlink: /home/pengbo/rclcpp_cbg/install/rclcpp/include/rclcpp/parameter.hpp
[9.906s] -- Up-to-date symlink: /home/pengbo/rclcpp_cbg/install/rclcpp/include/rclcpp/parameter_client.hpp
[9.906s] -- Up-to-date symlink: /home/pengbo/rclcpp_cbg/install/rclcpp/include/rclcpp/parameter_events_filter.hpp
[9.906s] -- Up-to-date symlink: /home/pengbo/rclcpp_cbg/install/rclcpp/include/rclcpp/parameter_map.hpp
[9.906s] -- Up-to-date symlink: /home/pengbo/rclcpp_cbg/install/rclcpp/include/rclcpp/parameter_service.hpp
[9.906s] -- Up-to-date symlink: /home/pengbo/rclcpp_cbg/install/rclcpp/include/rclcpp/parameter_value.hpp
[9.906s] -- Up-to-date symlink: /home/pengbo/rclcpp_cbg/install/rclcpp/include/rclcpp/publisher.hpp
[9.906s] -- Up-to-date symlink: /home/pengbo/rclcpp_cbg/install/rclcpp/include/rclcpp/publisher_base.hpp
[9.906s] -- Up-to-date symlink: /home/pengbo/rclcpp_cbg/install/rclcpp/include/rclcpp/publisher_factory.hpp
[9.906s] -- Up-to-date symlink: /home/pengbo/rclcpp_cbg/install/rclcpp/include/rclcpp/publisher_options.hpp
[9.907s] -- Up-to-date symlink: /home/pengbo/rclcpp_cbg/install/rclcpp/include/rclcpp/qos.hpp
[9.907s] -- Up-to-date symlink: /home/pengbo/rclcpp_cbg/install/rclcpp/include/rclcpp/qos_event.hpp
[9.907s] -- Up-to-date symlink: /home/pengbo/rclcpp_cbg/install/rclcpp/include/rclcpp/rate.hpp
[9.907s] -- Up-to-date symlink: /home/pengbo/rclcpp_cbg/install/rclcpp/include/rclcpp/rclcpp.hpp
[9.907s] -- Up-to-date symlink: /home/pengbo/rclcpp_cbg/install/rclcpp/include/rclcpp/scope_exit.hpp
[9.907s] -- Up-to-date symlink: /home/pengbo/rclcpp_cbg/install/rclcpp/include/rclcpp/serialization.hpp
[9.907s] -- Up-to-date symlink: /home/pengbo/rclcpp_cbg/install/rclcpp/include/rclcpp/serialized_message.hpp
[9.907s] -- Up-to-date symlink: /home/pengbo/rclcpp_cbg/install/rclcpp/include/rclcpp/service.hpp
[9.907s] -- Up-to-date symlink: /home/pengbo/rclcpp_cbg/install/rclcpp/include/rclcpp/strategies/allocator_memory_strategy.hpp
[9.907s] -- Up-to-date symlink: /home/pengbo/rclcpp_cbg/install/rclcpp/include/rclcpp/strategies/message_pool_memory_strategy.hpp
[9.907s] -- Up-to-date symlink: /home/pengbo/rclcpp_cbg/install/rclcpp/include/rclcpp/subscription.hpp
[9.908s] -- Up-to-date symlink: /home/pengbo/rclcpp_cbg/install/rclcpp/include/rclcpp/subscription_base.hpp
[9.908s] -- Up-to-date symlink: /home/pengbo/rclcpp_cbg/install/rclcpp/include/rclcpp/subscription_factory.hpp
[9.908s] -- Up-to-date symlink: /home/pengbo/rclcpp_cbg/install/rclcpp/include/rclcpp/subscription_options.hpp
[9.908s] -- Up-to-date symlink: /home/pengbo/rclcpp_cbg/install/rclcpp/include/rclcpp/subscription_traits.hpp
[9.908s] -- Up-to-date symlink: /home/pengbo/rclcpp_cbg/install/rclcpp/include/rclcpp/subscription_wait_set_mask.hpp
[9.908s] -- Up-to-date symlink: /home/pengbo/rclcpp_cbg/install/rclcpp/include/rclcpp/time.hpp
[9.908s] -- Up-to-date symlink: /home/pengbo/rclcpp_cbg/install/rclcpp/include/rclcpp/time_source.hpp
[9.908s] -- Up-to-date symlink: /home/pengbo/rclcpp_cbg/install/rclcpp/include/rclcpp/timer.hpp
[9.909s] -- Up-to-date symlink: /home/pengbo/rclcpp_cbg/install/rclcpp/include/rclcpp/topic_statistics/subscription_topic_statistics.hpp
[9.909s] -- Up-to-date symlink: /home/pengbo/rclcpp_cbg/install/rclcpp/include/rclcpp/topic_statistics_state.hpp
[9.909s] -- Up-to-date symlink: /home/pengbo/rclcpp_cbg/install/rclcpp/include/rclcpp/type_support_decl.hpp
[9.909s] -- Up-to-date symlink: /home/pengbo/rclcpp_cbg/install/rclcpp/include/rclcpp/utilities.hpp
[9.909s] -- Up-to-date symlink: /home/pengbo/rclcpp_cbg/install/rclcpp/include/rclcpp/visibility_control.hpp
[9.909s] -- Up-to-date symlink: /home/pengbo/rclcpp_cbg/install/rclcpp/include/rclcpp/wait_result.hpp
[9.909s] -- Up-to-date symlink: /home/pengbo/rclcpp_cbg/install/rclcpp/include/rclcpp/wait_result_kind.hpp
[9.909s] -- Up-to-date symlink: /home/pengbo/rclcpp_cbg/install/rclcpp/include/rclcpp/wait_set.hpp
[9.910s] -- Up-to-date symlink: /home/pengbo/rclcpp_cbg/install/rclcpp/include/rclcpp/wait_set_policies/detail/storage_policy_common.hpp
[9.910s] -- Up-to-date symlink: /home/pengbo/rclcpp_cbg/install/rclcpp/include/rclcpp/wait_set_policies/detail/synchronization_policy_common.hpp
[9.910s] -- Up-to-date symlink: /home/pengbo/rclcpp_cbg/install/rclcpp/include/rclcpp/wait_set_policies/detail/write_preferring_read_write_lock.hpp
[9.910s] -- Up-to-date symlink: /home/pengbo/rclcpp_cbg/install/rclcpp/include/rclcpp/wait_set_policies/dynamic_storage.hpp
[9.910s] -- Up-to-date symlink: /home/pengbo/rclcpp_cbg/install/rclcpp/include/rclcpp/wait_set_policies/sequential_synchronization.hpp
[9.910s] -- Up-to-date symlink: /home/pengbo/rclcpp_cbg/install/rclcpp/include/rclcpp/wait_set_policies/static_storage.hpp
[9.910s] -- Up-to-date symlink: /home/pengbo/rclcpp_cbg/install/rclcpp/include/rclcpp/wait_set_policies/thread_safe_synchronization.hpp
[9.910s] -- Up-to-date symlink: /home/pengbo/rclcpp_cbg/install/rclcpp/include/rclcpp/wait_set_template.hpp
[9.911s] -- Up-to-date symlink: /home/pengbo/rclcpp_cbg/install/rclcpp/include/rclcpp/waitable.hpp
[9.911s] -- Up-to-date symlink: /home/pengbo/rclcpp_cbg/install/rclcpp/include/rclcpp/logging.hpp
[9.911s] -- Up-to-date symlink: /home/pengbo/rclcpp_cbg/install/rclcpp/include/rclcpp/node_interfaces/get_node_base_interface.hpp
[9.911s] -- Up-to-date symlink: /home/pengbo/rclcpp_cbg/install/rclcpp/include/rclcpp/node_interfaces/get_node_clock_interface.hpp
[9.911s] -- Up-to-date symlink: /home/pengbo/rclcpp_cbg/install/rclcpp/include/rclcpp/node_interfaces/get_node_graph_interface.hpp
[9.912s] -- Up-to-date symlink: /home/pengbo/rclcpp_cbg/install/rclcpp/include/rclcpp/node_interfaces/get_node_logging_interface.hpp
[9.912s] -- Up-to-date symlink: /home/pengbo/rclcpp_cbg/install/rclcpp/include/rclcpp/node_interfaces/get_node_parameters_interface.hpp
[9.912s] -- Up-to-date symlink: /home/pengbo/rclcpp_cbg/install/rclcpp/include/rclcpp/node_interfaces/get_node_services_interface.hpp
[9.912s] -- Up-to-date symlink: /home/pengbo/rclcpp_cbg/install/rclcpp/include/rclcpp/node_interfaces/get_node_time_source_interface.hpp
[9.912s] -- Up-to-date symlink: /home/pengbo/rclcpp_cbg/install/rclcpp/include/rclcpp/node_interfaces/get_node_timers_interface.hpp
[9.912s] -- Up-to-date symlink: /home/pengbo/rclcpp_cbg/install/rclcpp/include/rclcpp/node_interfaces/get_node_topics_interface.hpp
[9.912s] -- Up-to-date symlink: /home/pengbo/rclcpp_cbg/install/rclcpp/include/rclcpp/node_interfaces/get_node_waitables_interface.hpp
[9.912s] -- Up-to-date symlink: /home/pengbo/rclcpp_cbg/install/rclcpp/include/rclcpp/node_interfaces/node_base_interface_traits.hpp
[9.913s] -- Up-to-date symlink: /home/pengbo/rclcpp_cbg/install/rclcpp/include/rclcpp/node_interfaces/node_clock_interface_traits.hpp
[9.913s] -- Up-to-date symlink: /home/pengbo/rclcpp_cbg/install/rclcpp/include/rclcpp/node_interfaces/node_graph_interface_traits.hpp
[9.913s] -- Up-to-date symlink: /home/pengbo/rclcpp_cbg/install/rclcpp/include/rclcpp/node_interfaces/node_logging_interface_traits.hpp
[9.913s] -- Up-to-date symlink: /home/pengbo/rclcpp_cbg/install/rclcpp/include/rclcpp/node_interfaces/node_parameters_interface_traits.hpp
[9.913s] -- Up-to-date symlink: /home/pengbo/rclcpp_cbg/install/rclcpp/include/rclcpp/node_interfaces/node_services_interface_traits.hpp
[9.913s] -- Up-to-date symlink: /home/pengbo/rclcpp_cbg/install/rclcpp/include/rclcpp/node_interfaces/node_time_source_interface_traits.hpp
[9.913s] -- Up-to-date symlink: /home/pengbo/rclcpp_cbg/install/rclcpp/include/rclcpp/node_interfaces/node_timers_interface_traits.hpp
[9.913s] -- Up-to-date symlink: /home/pengbo/rclcpp_cbg/install/rclcpp/include/rclcpp/node_interfaces/node_topics_interface_traits.hpp
[9.914s] -- Up-to-date symlink: /home/pengbo/rclcpp_cbg/install/rclcpp/include/rclcpp/node_interfaces/node_waitables_interface_traits.hpp
[9.914s] -- Installing: /home/pengbo/rclcpp_cbg/install/rclcpp/lib/librclcpp.so
[9.923s] -- Set runtime path of "/home/pengbo/rclcpp_cbg/install/rclcpp/lib/librclcpp.so" to ""
[9.923s] -- Up-to-date: /home/pengbo/rclcpp_cbg/install/rclcpp/share/rclcpp/cmake/rclcppExport.cmake
[9.923s] -- Up-to-date: /home/pengbo/rclcpp_cbg/install/rclcpp/share/rclcpp/cmake/rclcppExport-noconfig.cmake
[9.926s] Invoked command in '/home/pengbo/rclcpp_cbg/build/rclcpp' returned '0': CMAKE_PREFIX_PATH=${CMAKE_PREFIX_PATH}:/home/pengbo/ros2_foxy/install/ros2bag:/home/pengbo/ros2_foxy/install/tracetools_launch:/home/pengbo/ros2_foxy/install/topic_monitor:/home/pengbo/ros2_foxy/install/examples_tf2_py:/home/pengbo/ros2_foxy/install/sros2:/home/pengbo/ros2_foxy/install/rqt_topic:/home/pengbo/ros2_foxy/install/rqt_reconfigure:/home/pengbo/ros2_foxy/install/rqt_action:/home/pengbo/ros2_foxy/install/rqt:/home/pengbo/ros2_foxy/install/rqt_graph:/home/pengbo/ros2_foxy/install/rqt_gui_py:/home/pengbo/ros2_foxy/install/rqt_gui:/home/pengbo/ros2_foxy/install/ros2trace:/home/pengbo/ros2_foxy/install/ros2topic:/home/pengbo/ros2_foxy/install/ros2test:/home/pengbo/ros2_foxy/install/ros2component:/home/pengbo/ros2_foxy/install/ros2param:/home/pengbo/ros2_foxy/install/ros2lifecycle:/home/pengbo/ros2_foxy/install/ros2service:/home/pengbo/ros2_foxy/install/ros2run:/home/pengbo/ros2_foxy/install/ros2launch:/home/pengbo/ros2_foxy/install/ros2pkg:/home/pengbo/ros2_foxy/install/ros2node:/home/pengbo/ros2_foxy/install/ros2multicast:/home/pengbo/ros2_foxy/install/ros2interface:/home/pengbo/ros2_foxy/install/ros2doctor:/home/pengbo/ros2_foxy/install/ros2action:/home/pengbo/ros2_foxy/install/ros2cli:/home/pengbo/ros2_foxy/install/quality_of_service_demo_py:/home/pengbo/ros2_foxy/install/opencv_tests:/home/pengbo/ros2_foxy/install/launch_testing_ros:/home/pengbo/ros2_foxy/install/launch_ros:/home/pengbo/ros2_foxy/install/examples_rclpy_minimal_subscriber:/home/pengbo/ros2_foxy/install/examples_rclpy_minimal_service:/home/pengbo/ros2_foxy/install/examples_rclpy_minimal_publisher:/home/pengbo/ros2_foxy/install/examples_rclpy_minimal_client:/home/pengbo/ros2_foxy/install/examples_rclpy_minimal_action_server:/home/pengbo/ros2_foxy/install/examples_rclpy_minimal_action_client:/home/pengbo/ros2_foxy/install/examples_rclpy_executors:/home/pengbo/ros2_foxy/install/demo_nodes_py:/home/pengbo/ros2_foxy/install/action_tutorials_py:/home/pengbo/ros2_foxy/install/ament_uncrustify:/home/pengbo/ros2_foxy/install/tracetools_trace:/home/pengbo/ros2_foxy/install/tracetools_read:/home/pengbo/ros2_foxy/install/test_launch_ros:/home/pengbo/ros2_foxy/install/rpyutils:/home/pengbo/ros2_foxy/install/rosidl_runtime_py:/home/pengbo/ros2_foxy/install/launch_yaml:/home/pengbo/ros2_foxy/install/launch_xml:/home/pengbo/ros2_foxy/install/launch_testing:/home/pengbo/ros2_foxy/install/launch:/home/pengbo/ros2_foxy/install/osrf_pycommon:/home/pengbo/ros2_foxy/install/domain_coordinator:/home/pengbo/ros2_foxy/install/ament_xmllint:/home/pengbo/ros2_foxy/install/ament_pyflakes:/home/pengbo/ros2_foxy/install/ament_pycodestyle:/home/pengbo/ros2_foxy/install/ament_pep257:/home/pengbo/ros2_foxy/install/ament_pclint:/home/pengbo/ros2_foxy/install/ament_package:/home/pengbo/ros2_foxy/install/ament_mypy:/home/pengbo/ros2_foxy/install/ament_lint_cmake:/home/pengbo/ros2_foxy/install/ament_flake8:/home/pengbo/ros2_foxy/install/ament_copyright:/home/pengbo/ros2_foxy/install/ament_lint:/home/pengbo/ros2_foxy/install/ament_index_python:/home/pengbo/ros2_foxy/install/ament_cpplint:/home/pengbo/ros2_foxy/install/ament_cppcheck:/home/pengbo/ros2_foxy/install/ament_clang_tidy:/home/pengbo/ros2_foxy/install/ament_clang_format /usr/bin/cmake --install /home/pengbo/rclcpp_cbg/build/rclcpp
