[0.031s] Invoking command in '/home/pengbo/rclcpp_cbg/build/rclcpp': CMAKE_PREFIX_PATH=${CMAKE_PREFIX_PATH}:/home/pengbo/ros2_foxy/install/ros2bag:/home/pengbo/ros2_foxy/install/tracetools_launch:/home/pengbo/ros2_foxy/install/topic_monitor:/home/pengbo/ros2_foxy/install/examples_tf2_py:/home/pengbo/ros2_foxy/install/sros2:/home/pengbo/ros2_foxy/install/rqt_topic:/home/pengbo/ros2_foxy/install/rqt_reconfigure:/home/pengbo/ros2_foxy/install/rqt_action:/home/pengbo/ros2_foxy/install/rqt:/home/pengbo/ros2_foxy/install/rqt_graph:/home/pengbo/ros2_foxy/install/rqt_gui_py:/home/pengbo/ros2_foxy/install/rqt_gui:/home/pengbo/ros2_foxy/install/ros2trace:/home/pengbo/ros2_foxy/install/ros2topic:/home/pengbo/ros2_foxy/install/ros2test:/home/pengbo/ros2_foxy/install/ros2component:/home/pengbo/ros2_foxy/install/ros2param:/home/pengbo/ros2_foxy/install/ros2lifecycle:/home/pengbo/ros2_foxy/install/ros2service:/home/pengbo/ros2_foxy/install/ros2run:/home/pengbo/ros2_foxy/install/ros2launch:/home/pengbo/ros2_foxy/install/ros2pkg:/home/pengbo/ros2_foxy/install/ros2node:/home/pengbo/ros2_foxy/install/ros2multicast:/home/pengbo/ros2_foxy/install/ros2interface:/home/pengbo/ros2_foxy/install/ros2doctor:/home/pengbo/ros2_foxy/install/ros2action:/home/pengbo/ros2_foxy/install/ros2cli:/home/pengbo/ros2_foxy/install/quality_of_service_demo_py:/home/pengbo/ros2_foxy/install/opencv_tests:/home/pengbo/ros2_foxy/install/launch_testing_ros:/home/pengbo/ros2_foxy/install/launch_ros:/home/pengbo/ros2_foxy/install/examples_rclpy_minimal_subscriber:/home/pengbo/ros2_foxy/install/examples_rclpy_minimal_service:/home/pengbo/ros2_foxy/install/examples_rclpy_minimal_publisher:/home/pengbo/ros2_foxy/install/examples_rclpy_minimal_client:/home/pengbo/ros2_foxy/install/examples_rclpy_minimal_action_server:/home/pengbo/ros2_foxy/install/examples_rclpy_minimal_action_client:/home/pengbo/ros2_foxy/install/examples_rclpy_executors:/home/pengbo/ros2_foxy/install/demo_nodes_py:/home/pengbo/ros2_foxy/install/action_tutorials_py:/home/pengbo/ros2_foxy/install/ament_uncrustify:/home/pengbo/ros2_foxy/install/tracetools_trace:/home/pengbo/ros2_foxy/install/tracetools_read:/home/pengbo/ros2_foxy/install/test_launch_ros:/home/pengbo/ros2_foxy/install/rpyutils:/home/pengbo/ros2_foxy/install/rosidl_runtime_py:/home/pengbo/ros2_foxy/install/launch_yaml:/home/pengbo/ros2_foxy/install/launch_xml:/home/pengbo/ros2_foxy/install/launch_testing:/home/pengbo/ros2_foxy/install/launch:/home/pengbo/ros2_foxy/install/osrf_pycommon:/home/pengbo/ros2_foxy/install/domain_coordinator:/home/pengbo/ros2_foxy/install/ament_xmllint:/home/pengbo/ros2_foxy/install/ament_pyflakes:/home/pengbo/ros2_foxy/install/ament_pycodestyle:/home/pengbo/ros2_foxy/install/ament_pep257:/home/pengbo/ros2_foxy/install/ament_pclint:/home/pengbo/ros2_foxy/install/ament_package:/home/pengbo/ros2_foxy/install/ament_mypy:/home/pengbo/ros2_foxy/install/ament_lint_cmake:/home/pengbo/ros2_foxy/install/ament_flake8:/home/pengbo/ros2_foxy/install/ament_copyright:/home/pengbo/ros2_foxy/install/ament_lint:/home/pengbo/ros2_foxy/install/ament_index_python:/home/pengbo/ros2_foxy/install/ament_cpplint:/home/pengbo/ros2_foxy/install/ament_cppcheck:/home/pengbo/ros2_foxy/install/ament_clang_tidy:/home/pengbo/ros2_foxy/install/ament_clang_format /usr/bin/cmake --build /home/pengbo/rclcpp_cbg/build/rclcpp -- -j12 -l12
[0.160s] [  1%] Built target gtest_main
[0.161s] [  2%] Built target gmock
[0.162s] [  3%] Built target gmock_main
[0.163s] [35m[1mScanning dependencies of target rclcpp[0m
[0.166s] [  4%] Built target gtest
[0.169s] [  4%] Built target rclcpp_test_msgs__cpp
[0.175s] [  6%] Built target rclcpp_test_msgs__rosidl_generator_c
[0.241s] [  8%] Built target rclcpp_test_msgs__rosidl_typesupport_introspection_c
[0.242s] [ 10%] Built target rclcpp_test_msgs__rosidl_typesupport_cpp
[0.242s] [ 11%] Built target test_function_traits
[0.245s] [ 13%] Built target rclcpp_test_msgs__rosidl_typesupport_introspection_cpp
[0.246s] [ 14%] Built target rclcpp_test_msgs__rosidl_typesupport_c
[0.256s] [ 16%] Built target rclcpp_test_msgs__rosidl_typesupport_fastrtps_cpp
[0.305s] [ 18%] Built target rclcpp_test_msgs__rosidl_typesupport_fastrtps_c
[0.306s] [ 18%] [32mBuilding CXX object CMakeFiles/rclcpp.dir/src/rclcpp/executors/single_threaded_executor.cpp.o[0m
[0.350s] [ 18%] Built target rclcpp_test_msgs
[0.394s] [ 18%] Built target rclcpp_test_msgs__py
[0.443s] [ 20%] Built target rclcpp_test_msgs__python
[0.490s] [ 21%] Built target rclcpp__rosidl_typesupport_c__pyext
[0.495s] [ 22%] Built target rclcpp__rosidl_typesupport_fastrtps_c__pyext
[0.495s] [ 23%] Built target rclcpp__rosidl_typesupport_introspection_c__pyext
[1.388s] [ 24%] [32m[1mLinking CXX shared library librclcpp.so[0m
[2.046s] [ 61%] Built target rclcpp
[2.159s] [ 61%] [32m[1mLinking CXX executable test_expand_topic_or_service_name[0m
[2.161s] [ 61%] [32m[1mLinking CXX executable test_logger[0m
[2.172s] [ 62%] [32m[1mLinking CXX executable test_executor[0m
[2.173s] [ 62%] [32m[1mLinking CXX executable test_ring_buffer_implementation[0m
[2.174s] [ 62%] [32m[1mLinking CXX executable test_intra_process_manager[0m
[2.177s] [ 63%] [32m[1mLinking CXX executable test_node_interfaces__get_node_interfaces[0m
[2.178s] [ 64%] [32m[1mLinking CXX executable test_node_global_args[0m
[2.182s] [ 64%] [32m[1mLinking CXX executable test_subscription_options[0m
[2.194s] [ 64%] [32m[1mLinking CXX executable test_create_timer[0m
[2.198s] [ 64%] [32m[1mLinking CXX executable test_loaned_message[0m
[2.210s] [ 64%] [32m[1mLinking CXX executable test_subscription_topic_statistics[0m
[2.233s] [ 64%] [32m[1mLinking CXX executable test_duration[0m
[3.683s] [ 65%] Built target test_expand_topic_or_service_name
[3.707s] [ 66%] Built target test_logger
[3.734s] [ 67%] Built target test_executor
[3.754s] [ 68%] Built target test_subscription_options
[3.844s] [ 69%] [32m[1mLinking CXX executable test_wait_set[0m
[3.860s] [ 69%] Built target test_node_global_args
[3.879s] [ 69%] Built target test_ring_buffer_implementation
[3.880s] [ 70%] Built target test_duration
[3.884s] [ 70%] [32m[1mLinking CXX executable test_subscription_traits[0m
[3.892s] [ 71%] [32m[1mLinking CXX executable test_serialized_message[0m
[3.911s] [ 71%] [32m[1mLinking CXX executable test_intra_process_buffer[0m
[4.010s] [ 72%] Built target test_create_timer
[4.018s] [ 73%] [32m[1mLinking CXX executable test_node_options[0m
[4.046s] [ 74%] Built target test_intra_process_manager
[4.052s] [ 75%] Built target test_loaned_message
[4.055s] [ 75%] Built target test_node_interfaces__get_node_interfaces
[4.091s] [ 76%] [32m[1mLinking CXX executable test_find_weak_nodes[0m
[4.110s] [ 77%] [32m[1mLinking CXX executable test_time_source[0m
[4.173s] [ 77%] [32m[1mLinking CXX executable test_logging[0m
[4.229s] [ 77%] [32m[1mLinking CXX executable test_parameter_events_filter[0m
[4.249s] [ 77%] [32m[1mLinking CXX executable test_parameter_map[0m
[4.312s] [ 78%] [32m[1mLinking CXX executable test_parameter[0m
[4.507s] [ 79%] Built target test_subscription_traits
[4.709s] [ 79%] [32m[1mLinking CXX executable test_service[0m
[4.734s] [ 80%] Built target test_subscription_topic_statistics
[4.884s] [ 81%] [32m[1mLinking CXX executable test_rate[0m
[5.295s] [ 81%] Built target test_intra_process_buffer
[5.430s] [ 81%] [32m[1mLinking CXX executable test_publisher[0m
[5.647s] [ 81%] Built target test_find_weak_nodes
[5.688s] [ 81%] Built target test_node_options
[5.823s] [ 82%] Built target test_logging
[5.840s] [ 82%] [32m[1mLinking CXX executable test_publisher_subscription_count_api[0m
[5.853s] [ 83%] Built target test_parameter_events_filter
[5.855s] [ 84%] Built target test_parameter_map
[5.881s] [ 84%] [32m[1mLinking CXX executable test_externally_defined_services[0m
[5.910s] [ 84%] Built target test_parameter
[5.938s] [ 84%] Built target test_serialized_message
[5.960s] [ 84%] [32m[1mLinking CXX executable test_qos[0m
[6.030s] [ 84%] [32m[1mLinking CXX executable test_parameter_client[0m
[6.055s] [ 84%] Built target test_wait_set
[6.064s] [ 85%] [32m[1mLinking CXX executable test_serialized_message_allocator[0m
[6.088s] [ 85%] Built target test_time_source
[6.124s] [ 85%] Built target test_service
[6.125s] [ 85%] [32m[1mLinking CXX executable test_subscription[0m
[6.130s] [ 85%] Built target test_rate
[6.143s] [ 86%] [32m[1mLinking CXX executable test_time[0m
[6.268s] [ 86%] [32m[1mLinking CXX executable test_subscription_publisher_count_api[0m
[6.279s] [ 87%] [32m[1mLinking CXX executable test_utilities[0m
[6.285s] [ 88%] [32m[1mLinking CXX executable test_timer[0m
[6.285s] [ 88%] [32m[1mLinking CXX executable test_client[0m
[6.771s] [ 89%] Built target test_publisher
[6.880s] [ 90%] [32m[1mLinking CXX executable test_init[0m
[7.317s] [ 91%] Built target test_qos
[7.441s] [ 92%] [32m[1mLinking CXX executable test_qos_event[0m
[7.685s] [ 93%] Built target test_externally_defined_services
[7.825s] [ 94%] [32m[1mLinking CXX executable test_interface_traits[0m
[7.837s] [ 95%] Built target test_publisher_subscription_count_api
[7.861s] [ 95%] Built target test_time
[7.918s] [ 95%] Built target test_timer
[7.999s] [ 95%] Built target test_client
[8.039s] [ 95%] Built target test_utilities
[8.043s] [ 95%] [32m[1mLinking CXX executable test_multi_threaded_executor[0m
[8.053s] [ 95%] Built target test_serialized_message_allocator
[8.067s] [ 96%] [32m[1mLinking CXX executable test_node[0m
[8.078s] [ 96%] Built target test_parameter_client
[8.094s] [ 97%] [32m[1mLinking CXX executable test_guard_condition[0m
[8.191s] [ 97%] Built target test_init
[8.359s] [ 98%] Built target test_subscription
[8.406s] [ 99%] Built target test_subscription_publisher_count_api
[8.614s] [ 99%] Built target test_interface_traits
[8.622s] [ 99%] Built target test_qos_event
[8.742s] [100%] Built target test_multi_threaded_executor
[8.782s] [100%] Built target test_guard_condition
[8.895s] [100%] Built target test_node
[8.915s] Invoked command in '/home/pengbo/rclcpp_cbg/build/rclcpp' returned '0': CMAKE_PREFIX_PATH=${CMAKE_PREFIX_PATH}:/home/pengbo/ros2_foxy/install/ros2bag:/home/pengbo/ros2_foxy/install/tracetools_launch:/home/pengbo/ros2_foxy/install/topic_monitor:/home/pengbo/ros2_foxy/install/examples_tf2_py:/home/pengbo/ros2_foxy/install/sros2:/home/pengbo/ros2_foxy/install/rqt_topic:/home/pengbo/ros2_foxy/install/rqt_reconfigure:/home/pengbo/ros2_foxy/install/rqt_action:/home/pengbo/ros2_foxy/install/rqt:/home/pengbo/ros2_foxy/install/rqt_graph:/home/pengbo/ros2_foxy/install/rqt_gui_py:/home/pengbo/ros2_foxy/install/rqt_gui:/home/pengbo/ros2_foxy/install/ros2trace:/home/pengbo/ros2_foxy/install/ros2topic:/home/pengbo/ros2_foxy/install/ros2test:/home/pengbo/ros2_foxy/install/ros2component:/home/pengbo/ros2_foxy/install/ros2param:/home/pengbo/ros2_foxy/install/ros2lifecycle:/home/pengbo/ros2_foxy/install/ros2service:/home/pengbo/ros2_foxy/install/ros2run:/home/pengbo/ros2_foxy/install/ros2launch:/home/pengbo/ros2_foxy/install/ros2pkg:/home/pengbo/ros2_foxy/install/ros2node:/home/pengbo/ros2_foxy/install/ros2multicast:/home/pengbo/ros2_foxy/install/ros2interface:/home/pengbo/ros2_foxy/install/ros2doctor:/home/pengbo/ros2_foxy/install/ros2action:/home/pengbo/ros2_foxy/install/ros2cli:/home/pengbo/ros2_foxy/install/quality_of_service_demo_py:/home/pengbo/ros2_foxy/install/opencv_tests:/home/pengbo/ros2_foxy/install/launch_testing_ros:/home/pengbo/ros2_foxy/install/launch_ros:/home/pengbo/ros2_foxy/install/examples_rclpy_minimal_subscriber:/home/pengbo/ros2_foxy/install/examples_rclpy_minimal_service:/home/pengbo/ros2_foxy/install/examples_rclpy_minimal_publisher:/home/pengbo/ros2_foxy/install/examples_rclpy_minimal_client:/home/pengbo/ros2_foxy/install/examples_rclpy_minimal_action_server:/home/pengbo/ros2_foxy/install/examples_rclpy_minimal_action_client:/home/pengbo/ros2_foxy/install/examples_rclpy_executors:/home/pengbo/ros2_foxy/install/demo_nodes_py:/home/pengbo/ros2_foxy/install/action_tutorials_py:/home/pengbo/ros2_foxy/install/ament_uncrustify:/home/pengbo/ros2_foxy/install/tracetools_trace:/home/pengbo/ros2_foxy/install/tracetools_read:/home/pengbo/ros2_foxy/install/test_launch_ros:/home/pengbo/ros2_foxy/install/rpyutils:/home/pengbo/ros2_foxy/install/rosidl_runtime_py:/home/pengbo/ros2_foxy/install/launch_yaml:/home/pengbo/ros2_foxy/install/launch_xml:/home/pengbo/ros2_foxy/install/launch_testing:/home/pengbo/ros2_foxy/install/launch:/home/pengbo/ros2_foxy/install/osrf_pycommon:/home/pengbo/ros2_foxy/install/domain_coordinator:/home/pengbo/ros2_foxy/install/ament_xmllint:/home/pengbo/ros2_foxy/install/ament_pyflakes:/home/pengbo/ros2_foxy/install/ament_pycodestyle:/home/pengbo/ros2_foxy/install/ament_pep257:/home/pengbo/ros2_foxy/install/ament_pclint:/home/pengbo/ros2_foxy/install/ament_package:/home/pengbo/ros2_foxy/install/ament_mypy:/home/pengbo/ros2_foxy/install/ament_lint_cmake:/home/pengbo/ros2_foxy/install/ament_flake8:/home/pengbo/ros2_foxy/install/ament_copyright:/home/pengbo/ros2_foxy/install/ament_lint:/home/pengbo/ros2_foxy/install/ament_index_python:/home/pengbo/ros2_foxy/install/ament_cpplint:/home/pengbo/ros2_foxy/install/ament_cppcheck:/home/pengbo/ros2_foxy/install/ament_clang_tidy:/home/pengbo/ros2_foxy/install/ament_clang_format /usr/bin/cmake --build /home/pengbo/rclcpp_cbg/build/rclcpp -- -j12 -l12
[9.898s] Invoking command in '/home/pengbo/rclcpp_cbg/build/rclcpp': CMAKE_PREFIX_PATH=${CMAKE_PREFIX_PATH}:/home/pengbo/ros2_foxy/install/ros2bag:/home/pengbo/ros2_foxy/install/tracetools_launch:/home/pengbo/ros2_foxy/install/topic_monitor:/home/pengbo/ros2_foxy/install/examples_tf2_py:/home/pengbo/ros2_foxy/install/sros2:/home/pengbo/ros2_foxy/install/rqt_topic:/home/pengbo/ros2_foxy/install/rqt_reconfigure:/home/pengbo/ros2_foxy/install/rqt_action:/home/pengbo/ros2_foxy/install/rqt:/home/pengbo/ros2_foxy/install/rqt_graph:/home/pengbo/ros2_foxy/install/rqt_gui_py:/home/pengbo/ros2_foxy/install/rqt_gui:/home/pengbo/ros2_foxy/install/ros2trace:/home/pengbo/ros2_foxy/install/ros2topic:/home/pengbo/ros2_foxy/install/ros2test:/home/pengbo/ros2_foxy/install/ros2component:/home/pengbo/ros2_foxy/install/ros2param:/home/pengbo/ros2_foxy/install/ros2lifecycle:/home/pengbo/ros2_foxy/install/ros2service:/home/pengbo/ros2_foxy/install/ros2run:/home/pengbo/ros2_foxy/install/ros2launch:/home/pengbo/ros2_foxy/install/ros2pkg:/home/pengbo/ros2_foxy/install/ros2node:/home/pengbo/ros2_foxy/install/ros2multicast:/home/pengbo/ros2_foxy/install/ros2interface:/home/pengbo/ros2_foxy/install/ros2doctor:/home/pengbo/ros2_foxy/install/ros2action:/home/pengbo/ros2_foxy/install/ros2cli:/home/pengbo/ros2_foxy/install/quality_of_service_demo_py:/home/pengbo/ros2_foxy/install/opencv_tests:/home/pengbo/ros2_foxy/install/launch_testing_ros:/home/pengbo/ros2_foxy/install/launch_ros:/home/pengbo/ros2_foxy/install/examples_rclpy_minimal_subscriber:/home/pengbo/ros2_foxy/install/examples_rclpy_minimal_service:/home/pengbo/ros2_foxy/install/examples_rclpy_minimal_publisher:/home/pengbo/ros2_foxy/install/examples_rclpy_minimal_client:/home/pengbo/ros2_foxy/install/examples_rclpy_minimal_action_server:/home/pengbo/ros2_foxy/install/examples_rclpy_minimal_action_client:/home/pengbo/ros2_foxy/install/examples_rclpy_executors:/home/pengbo/ros2_foxy/install/demo_nodes_py:/home/pengbo/ros2_foxy/install/action_tutorials_py:/home/pengbo/ros2_foxy/install/ament_uncrustify:/home/pengbo/ros2_foxy/install/tracetools_trace:/home/pengbo/ros2_foxy/install/tracetools_read:/home/pengbo/ros2_foxy/install/test_launch_ros:/home/pengbo/ros2_foxy/install/rpyutils:/home/pengbo/ros2_foxy/install/rosidl_runtime_py:/home/pengbo/ros2_foxy/install/launch_yaml:/home/pengbo/ros2_foxy/install/launch_xml:/home/pengbo/ros2_foxy/install/launch_testing:/home/pengbo/ros2_foxy/install/launch:/home/pengbo/ros2_foxy/install/osrf_pycommon:/home/pengbo/ros2_foxy/install/domain_coordinator:/home/pengbo/ros2_foxy/install/ament_xmllint:/home/pengbo/ros2_foxy/install/ament_pyflakes:/home/pengbo/ros2_foxy/install/ament_pycodestyle:/home/pengbo/ros2_foxy/install/ament_pep257:/home/pengbo/ros2_foxy/install/ament_pclint:/home/pengbo/ros2_foxy/install/ament_package:/home/pengbo/ros2_foxy/install/ament_mypy:/home/pengbo/ros2_foxy/install/ament_lint_cmake:/home/pengbo/ros2_foxy/install/ament_flake8:/home/pengbo/ros2_foxy/install/ament_copyright:/home/pengbo/ros2_foxy/install/ament_lint:/home/pengbo/ros2_foxy/install/ament_index_python:/home/pengbo/ros2_foxy/install/ament_cpplint:/home/pengbo/ros2_foxy/install/ament_cppcheck:/home/pengbo/ros2_foxy/install/ament_clang_tidy:/home/pengbo/ros2_foxy/install/ament_clang_format /usr/bin/cmake --install /home/pengbo/rclcpp_cbg/build/rclcpp
[9.914s] -- Install configuration: ""
[9.915s] -- Execute custom install script
[9.915s] -- Up-to-date symlink: /home/pengbo/rclcpp_cbg/install/rclcpp/share/rclcpp/environment/library_path.sh
[9.916s] -- Up-to-date symlink: /home/pengbo/rclcpp_cbg/install/rclcpp/share/rclcpp/environment/library_path.dsv
[9.916s] -- Up-to-date symlink: /home/pengbo/rclcpp_cbg/build/rclcpp/test/resources/test_node/test_parameters.yaml
[9.917s] -- Up-to-date symlink: /home/pengbo/rclcpp_cbg/install/rclcpp/share/ament_index/resource_index/package_run_dependencies/rclcpp
[9.917s] -- Up-to-date symlink: /home/pengbo/rclcpp_cbg/install/rclcpp/share/ament_index/resource_index/parent_prefix_path/rclcpp
[9.917s] -- Up-to-date symlink: /home/pengbo/rclcpp_cbg/install/rclcpp/share/rclcpp/environment/ament_prefix_path.sh
[9.917s] -- Up-to-date symlink: /home/pengbo/rclcpp_cbg/install/rclcpp/share/rclcpp/environment/ament_prefix_path.dsv
[9.917s] -- Up-to-date symlink: /home/pengbo/rclcpp_cbg/install/rclcpp/share/rclcpp/environment/path.sh
[9.918s] -- Up-to-date symlink: /home/pengbo/rclcpp_cbg/install/rclcpp/share/rclcpp/environment/path.dsv
[9.918s] -- Up-to-date symlink: /home/pengbo/rclcpp_cbg/install/rclcpp/share/rclcpp/local_setup.bash
[9.918s] -- Up-to-date symlink: /home/pengbo/rclcpp_cbg/install/rclcpp/share/rclcpp/local_setup.sh
[9.918s] -- Up-to-date symlink: /home/pengbo/rclcpp_cbg/install/rclcpp/share/rclcpp/local_setup.zsh
[9.918s] -- Up-to-date symlink: /home/pengbo/rclcpp_cbg/install/rclcpp/share/rclcpp/local_setup.dsv
[9.918s] -- Symlinking: /home/pengbo/rclcpp_cbg/install/rclcpp/share/rclcpp/package.dsv
[9.937s] -- Up-to-date symlink: /home/pengbo/rclcpp_cbg/install/rclcpp/share/ament_index/resource_index/packages/rclcpp
[9.938s] -- Up-to-date symlink: /home/pengbo/rclcpp_cbg/install/rclcpp/share/rclcpp/cmake/ament_cmake_export_include_directories-extras.cmake
[9.938s] -- Up-to-date symlink: /home/pengbo/rclcpp_cbg/install/rclcpp/share/rclcpp/cmake/ament_cmake_export_libraries-extras.cmake
[9.938s] -- Up-to-date symlink: /home/pengbo/rclcpp_cbg/install/rclcpp/share/rclcpp/cmake/ament_cmake_export_targets-extras.cmake
[9.939s] -- Up-to-date symlink: /home/pengbo/rclcpp_cbg/install/rclcpp/share/rclcpp/cmake/ament_cmake_export_dependencies-extras.cmake
[9.939s] -- Up-to-date symlink: /home/pengbo/rclcpp_cbg/install/rclcpp/share/rclcpp/cmake/rosidl_cmake-extras.cmake
[9.939s] -- Up-to-date symlink: /home/pengbo/rclcpp_cbg/install/rclcpp/share/rclcpp/cmake/rclcppConfig.cmake
[9.939s] -- Up-to-date symlink: /home/pengbo/rclcpp_cbg/install/rclcpp/share/rclcpp/cmake/rclcppConfig-version.cmake
[9.940s] -- Up-to-date symlink: /home/pengbo/rclcpp_cbg/install/rclcpp/share/rclcpp/package.xml
[9.941s] -- Up-to-date symlink: /home/pengbo/rclcpp_cbg/install/rclcpp/include/rclcpp/allocator/allocator_common.hpp
[9.941s] -- Up-to-date symlink: /home/pengbo/rclcpp_cbg/install/rclcpp/include/rclcpp/allocator/allocator_deleter.hpp
[9.942s] -- Up-to-date symlink: /home/pengbo/rclcpp_cbg/install/rclcpp/include/rclcpp/any_executable.hpp
[9.942s] -- Up-to-date symlink: /home/pengbo/rclcpp_cbg/install/rclcpp/include/rclcpp/any_service_callback.hpp
[9.942s] -- Up-to-date symlink: /home/pengbo/rclcpp_cbg/install/rclcpp/include/rclcpp/any_subscription_callback.hpp
[9.942s] -- Up-to-date symlink: /home/pengbo/rclcpp_cbg/install/rclcpp/include/rclcpp/callback_group.hpp
[9.942s] -- Up-to-date symlink: /home/pengbo/rclcpp_cbg/install/rclcpp/include/rclcpp/client.hpp
[9.942s] -- Up-to-date symlink: /home/pengbo/rclcpp_cbg/install/rclcpp/include/rclcpp/clock.hpp
[9.942s] -- Up-to-date symlink: /home/pengbo/rclcpp_cbg/install/rclcpp/include/rclcpp/context.hpp
[9.943s] -- Up-to-date symlink: /home/pengbo/rclcpp_cbg/install/rclcpp/include/rclcpp/contexts/default_context.hpp
[9.943s] -- Up-to-date symlink: /home/pengbo/rclcpp_cbg/install/rclcpp/include/rclcpp/create_client.hpp
[9.943s] -- Up-to-date symlink: /home/pengbo/rclcpp_cbg/install/rclcpp/include/rclcpp/create_publisher.hpp
[9.943s] -- Up-to-date symlink: /home/pengbo/rclcpp_cbg/install/rclcpp/include/rclcpp/create_service.hpp
[9.943s] -- Up-to-date symlink: /home/pengbo/rclcpp_cbg/install/rclcpp/include/rclcpp/create_subscription.hpp
[9.943s] -- Up-to-date symlink: /home/pengbo/rclcpp_cbg/install/rclcpp/include/rclcpp/create_timer.hpp
[9.944s] -- Up-to-date symlink: /home/pengbo/rclcpp_cbg/install/rclcpp/include/rclcpp/detail/README.md
[9.944s] -- Up-to-date symlink: /home/pengbo/rclcpp_cbg/install/rclcpp/include/rclcpp/detail/resolve_enable_topic_statistics.hpp
[9.945s] -- Up-to-date symlink: /home/pengbo/rclcpp_cbg/install/rclcpp/include/rclcpp/detail/resolve_intra_process_buffer_type.hpp
[9.945s] -- Up-to-date symlink: /home/pengbo/rclcpp_cbg/install/rclcpp/include/rclcpp/detail/resolve_use_intra_process.hpp
[9.945s] -- Up-to-date symlink: /home/pengbo/rclcpp_cbg/install/rclcpp/include/rclcpp/detail/rmw_implementation_specific_payload.hpp
[9.945s] -- Up-to-date symlink: /home/pengbo/rclcpp_cbg/install/rclcpp/include/rclcpp/detail/rmw_implementation_specific_publisher_payload.hpp
[9.945s] -- Up-to-date symlink: /home/pengbo/rclcpp_cbg/install/rclcpp/include/rclcpp/detail/rmw_implementation_specific_subscription_payload.hpp
[9.945s] -- Up-to-date symlink: /home/pengbo/rclcpp_cbg/install/rclcpp/include/rclcpp/detail/utilities.hpp
[9.945s] -- Up-to-date symlink: /home/pengbo/rclcpp_cbg/install/rclcpp/include/rclcpp/duration.hpp
[9.945s] -- Up-to-date symlink: /home/pengbo/rclcpp_cbg/install/rclcpp/include/rclcpp/event.hpp
[9.945s] -- Up-to-date symlink: /home/pengbo/rclcpp_cbg/install/rclcpp/include/rclcpp/exceptions.hpp
[9.946s] -- Up-to-date symlink: /home/pengbo/rclcpp_cbg/install/rclcpp/include/rclcpp/exceptions/exceptions.hpp
[9.946s] -- Up-to-date symlink: /home/pengbo/rclcpp_cbg/install/rclcpp/include/rclcpp/executor.hpp
[9.946s] -- Up-to-date symlink: /home/pengbo/rclcpp_cbg/install/rclcpp/include/rclcpp/executor_options.hpp
[9.946s] -- Up-to-date symlink: /home/pengbo/rclcpp_cbg/install/rclcpp/include/rclcpp/executors.hpp
[9.946s] -- Up-to-date symlink: /home/pengbo/rclcpp_cbg/install/rclcpp/include/rclcpp/executors/multi_threaded_executor.hpp
[9.946s] -- Up-to-date symlink: /home/pengbo/rclcpp_cbg/install/rclcpp/include/rclcpp/executors/single_threaded_executor.hpp
[9.946s] -- Up-to-date symlink: /home/pengbo/rclcpp_cbg/install/rclcpp/include/rclcpp/executors/static_executor_entities_collector.hpp
[9.946s] -- Up-to-date symlink: /home/pengbo/rclcpp_cbg/install/rclcpp/include/rclcpp/executors/static_single_threaded_executor.hpp
[9.947s] -- Up-to-date symlink: /home/pengbo/rclcpp_cbg/install/rclcpp/include/rclcpp/expand_topic_or_service_name.hpp
[9.947s] -- Up-to-date symlink: /home/pengbo/rclcpp_cbg/install/rclcpp/include/rclcpp/experimental/README.md
[9.947s] -- Up-to-date symlink: /home/pengbo/rclcpp_cbg/install/rclcpp/include/rclcpp/experimental/buffers/buffer_implementation_base.hpp
[9.947s] -- Up-to-date symlink: /home/pengbo/rclcpp_cbg/install/rclcpp/include/rclcpp/experimental/buffers/intra_process_buffer.hpp
[9.947s] -- Up-to-date symlink: /home/pengbo/rclcpp_cbg/install/rclcpp/include/rclcpp/experimental/buffers/ring_buffer_implementation.hpp
[9.947s] -- Up-to-date symlink: /home/pengbo/rclcpp_cbg/install/rclcpp/include/rclcpp/experimental/create_intra_process_buffer.hpp
[9.947s] -- Up-to-date symlink: /home/pengbo/rclcpp_cbg/install/rclcpp/include/rclcpp/experimental/executable_list.hpp
[9.947s] -- Up-to-date symlink: /home/pengbo/rclcpp_cbg/install/rclcpp/include/rclcpp/experimental/intra_process_manager.hpp
[9.947s] -- Up-to-date symlink: /home/pengbo/rclcpp_cbg/install/rclcpp/include/rclcpp/experimental/subscription_intra_process.hpp
[9.948s] -- Up-to-date symlink: /home/pengbo/rclcpp_cbg/install/rclcpp/include/rclcpp/experimental/subscription_intra_process_base.hpp
[9.948s] -- Up-to-date symlink: /home/pengbo/rclcpp_cbg/install/rclcpp/include/rclcpp/function_traits.hpp
[9.948s] -- Up-to-date symlink: /home/pengbo/rclcpp_cbg/install/rclcpp/include/rclcpp/future_return_code.hpp
[9.948s] -- Up-to-date symlink: /home/pengbo/rclcpp_cbg/install/rclcpp/include/rclcpp/graph_listener.hpp
[9.948s] -- Up-to-date symlink: /home/pengbo/rclcpp_cbg/install/rclcpp/include/rclcpp/guard_condition.hpp
[9.948s] -- Up-to-date symlink: /home/pengbo/rclcpp_cbg/install/rclcpp/include/rclcpp/init_options.hpp
[9.948s] -- Up-to-date symlink: /home/pengbo/rclcpp_cbg/install/rclcpp/include/rclcpp/intra_process_buffer_type.hpp
[9.948s] -- Up-to-date symlink: /home/pengbo/rclcpp_cbg/install/rclcpp/include/rclcpp/intra_process_setting.hpp
[9.949s] -- Up-to-date symlink: /home/pengbo/rclcpp_cbg/install/rclcpp/include/rclcpp/loaned_message.hpp
[9.950s] -- Up-to-date symlink: /home/pengbo/rclcpp_cbg/install/rclcpp/include/rclcpp/logger.hpp
[9.950s] -- Up-to-date symlink: /home/pengbo/rclcpp_cbg/install/rclcpp/include/rclcpp/macros.hpp
[9.950s] -- Up-to-date symlink: /home/pengbo/rclcpp_cbg/install/rclcpp/include/rclcpp/memory_strategies.hpp
[9.950s] -- Up-to-date symlink: /home/pengbo/rclcpp_cbg/install/rclcpp/include/rclcpp/memory_strategy.hpp
[9.950s] -- Up-to-date symlink: /home/pengbo/rclcpp_cbg/install/rclcpp/include/rclcpp/message_info.hpp
[9.950s] -- Up-to-date symlink: /home/pengbo/rclcpp_cbg/install/rclcpp/include/rclcpp/message_memory_strategy.hpp
[9.950s] -- Up-to-date symlink: /home/pengbo/rclcpp_cbg/install/rclcpp/include/rclcpp/node.hpp
[9.951s] -- Up-to-date symlink: /home/pengbo/rclcpp_cbg/install/rclcpp/include/rclcpp/node_impl.hpp
[9.951s] -- Up-to-date symlink: /home/pengbo/rclcpp_cbg/install/rclcpp/include/rclcpp/node_interfaces/node_base.hpp
[9.951s] -- Up-to-date symlink: /home/pengbo/rclcpp_cbg/install/rclcpp/include/rclcpp/node_interfaces/node_base_interface.hpp
[9.951s] -- Up-to-date symlink: /home/pengbo/rclcpp_cbg/install/rclcpp/include/rclcpp/node_interfaces/node_clock.hpp
[9.951s] -- Up-to-date symlink: /home/pengbo/rclcpp_cbg/install/rclcpp/include/rclcpp/node_interfaces/node_clock_interface.hpp
[9.951s] -- Up-to-date symlink: /home/pengbo/rclcpp_cbg/install/rclcpp/include/rclcpp/node_interfaces/node_graph.hpp
[9.951s] -- Up-to-date symlink: /home/pengbo/rclcpp_cbg/install/rclcpp/include/rclcpp/node_interfaces/node_graph_interface.hpp
[9.951s] -- Up-to-date symlink: /home/pengbo/rclcpp_cbg/install/rclcpp/include/rclcpp/node_interfaces/node_logging.hpp
[9.951s] -- Up-to-date symlink: /home/pengbo/rclcpp_cbg/install/rclcpp/include/rclcpp/node_interfaces/node_logging_interface.hpp
[9.952s] -- Up-to-date symlink: /home/pengbo/rclcpp_cbg/install/rclcpp/include/rclcpp/node_interfaces/node_parameters.hpp
[9.952s] -- Up-to-date symlink: /home/pengbo/rclcpp_cbg/install/rclcpp/include/rclcpp/node_interfaces/node_parameters_interface.hpp
[9.952s] -- Up-to-date symlink: /home/pengbo/rclcpp_cbg/install/rclcpp/include/rclcpp/node_interfaces/node_services.hpp
[9.952s] -- Up-to-date symlink: /home/pengbo/rclcpp_cbg/install/rclcpp/include/rclcpp/node_interfaces/node_services_interface.hpp
[9.952s] -- Up-to-date symlink: /home/pengbo/rclcpp_cbg/install/rclcpp/include/rclcpp/node_interfaces/node_time_source.hpp
[9.952s] -- Up-to-date symlink: /home/pengbo/rclcpp_cbg/install/rclcpp/include/rclcpp/node_interfaces/node_time_source_interface.hpp
[9.952s] -- Up-to-date symlink: /home/pengbo/rclcpp_cbg/install/rclcpp/include/rclcpp/node_interfaces/node_timers.hpp
[9.952s] -- Up-to-date symlink: /home/pengbo/rclcpp_cbg/install/rclcpp/include/rclcpp/node_interfaces/node_timers_interface.hpp
[9.953s] -- Up-to-date symlink: /home/pengbo/rclcpp_cbg/install/rclcpp/include/rclcpp/node_interfaces/node_topics.hpp
[9.953s] -- Up-to-date symlink: /home/pengbo/rclcpp_cbg/install/rclcpp/include/rclcpp/node_interfaces/node_topics_interface.hpp
[9.953s] -- Up-to-date symlink: /home/pengbo/rclcpp_cbg/install/rclcpp/include/rclcpp/node_interfaces/node_waitables.hpp
[9.953s] -- Up-to-date symlink: /home/pengbo/rclcpp_cbg/install/rclcpp/include/rclcpp/node_interfaces/node_waitables_interface.hpp
[9.953s] -- Up-to-date symlink: /home/pengbo/rclcpp_cbg/install/rclcpp/include/rclcpp/node_options.hpp
[9.953s] -- Up-to-date symlink: /home/pengbo/rclcpp_cbg/install/rclcpp/include/rclcpp/parameter.hpp
[9.953s] -- Up-to-date symlink: /home/pengbo/rclcpp_cbg/install/rclcpp/include/rclcpp/parameter_client.hpp
[9.953s] -- Up-to-date symlink: /home/pengbo/rclcpp_cbg/install/rclcpp/include/rclcpp/parameter_events_filter.hpp
[9.954s] -- Up-to-date symlink: /home/pengbo/rclcpp_cbg/install/rclcpp/include/rclcpp/parameter_map.hpp
[9.954s] -- Up-to-date symlink: /home/pengbo/rclcpp_cbg/install/rclcpp/include/rclcpp/parameter_service.hpp
[9.954s] -- Up-to-date symlink: /home/pengbo/rclcpp_cbg/install/rclcpp/include/rclcpp/parameter_value.hpp
[9.954s] -- Up-to-date symlink: /home/pengbo/rclcpp_cbg/install/rclcpp/include/rclcpp/publisher.hpp
[9.954s] -- Up-to-date symlink: /home/pengbo/rclcpp_cbg/install/rclcpp/include/rclcpp/publisher_base.hpp
[9.954s] -- Up-to-date symlink: /home/pengbo/rclcpp_cbg/install/rclcpp/include/rclcpp/publisher_factory.hpp
[9.954s] -- Up-to-date symlink: /home/pengbo/rclcpp_cbg/install/rclcpp/include/rclcpp/publisher_options.hpp
[9.954s] -- Up-to-date symlink: /home/pengbo/rclcpp_cbg/install/rclcpp/include/rclcpp/qos.hpp
[9.954s] -- Up-to-date symlink: /home/pengbo/rclcpp_cbg/install/rclcpp/include/rclcpp/qos_event.hpp
[9.955s] -- Up-to-date symlink: /home/pengbo/rclcpp_cbg/install/rclcpp/include/rclcpp/rate.hpp
[9.955s] -- Up-to-date symlink: /home/pengbo/rclcpp_cbg/install/rclcpp/include/rclcpp/rclcpp.hpp
[9.955s] -- Up-to-date symlink: /home/pengbo/rclcpp_cbg/install/rclcpp/include/rclcpp/scope_exit.hpp
[9.955s] -- Up-to-date symlink: /home/pengbo/rclcpp_cbg/install/rclcpp/include/rclcpp/serialization.hpp
[9.955s] -- Up-to-date symlink: /home/pengbo/rclcpp_cbg/install/rclcpp/include/rclcpp/serialized_message.hpp
[9.955s] -- Up-to-date symlink: /home/pengbo/rclcpp_cbg/install/rclcpp/include/rclcpp/service.hpp
[9.955s] -- Up-to-date symlink: /home/pengbo/rclcpp_cbg/install/rclcpp/include/rclcpp/strategies/allocator_memory_strategy.hpp
[9.955s] -- Up-to-date symlink: /home/pengbo/rclcpp_cbg/install/rclcpp/include/rclcpp/strategies/message_pool_memory_strategy.hpp
[9.955s] -- Up-to-date symlink: /home/pengbo/rclcpp_cbg/install/rclcpp/include/rclcpp/subscription.hpp
[9.956s] -- Up-to-date symlink: /home/pengbo/rclcpp_cbg/install/rclcpp/include/rclcpp/subscription_base.hpp
[9.956s] -- Up-to-date symlink: /home/pengbo/rclcpp_cbg/install/rclcpp/include/rclcpp/subscription_factory.hpp
[9.956s] -- Up-to-date symlink: /home/pengbo/rclcpp_cbg/install/rclcpp/include/rclcpp/subscription_options.hpp
[9.956s] -- Up-to-date symlink: /home/pengbo/rclcpp_cbg/install/rclcpp/include/rclcpp/subscription_traits.hpp
[9.956s] -- Up-to-date symlink: /home/pengbo/rclcpp_cbg/install/rclcpp/include/rclcpp/subscription_wait_set_mask.hpp
[9.956s] -- Up-to-date symlink: /home/pengbo/rclcpp_cbg/install/rclcpp/include/rclcpp/time.hpp
[9.956s] -- Up-to-date symlink: /home/pengbo/rclcpp_cbg/install/rclcpp/include/rclcpp/time_source.hpp
[9.956s] -- Up-to-date symlink: /home/pengbo/rclcpp_cbg/install/rclcpp/include/rclcpp/timer.hpp
[9.957s] -- Up-to-date symlink: /home/pengbo/rclcpp_cbg/install/rclcpp/include/rclcpp/topic_statistics/subscription_topic_statistics.hpp
[9.957s] -- Up-to-date symlink: /home/pengbo/rclcpp_cbg/install/rclcpp/include/rclcpp/topic_statistics_state.hpp
[9.957s] -- Up-to-date symlink: /home/pengbo/rclcpp_cbg/install/rclcpp/include/rclcpp/type_support_decl.hpp
[9.957s] -- Up-to-date symlink: /home/pengbo/rclcpp_cbg/install/rclcpp/include/rclcpp/utilities.hpp
[9.957s] -- Up-to-date symlink: /home/pengbo/rclcpp_cbg/install/rclcpp/include/rclcpp/visibility_control.hpp
[9.957s] -- Up-to-date symlink: /home/pengbo/rclcpp_cbg/install/rclcpp/include/rclcpp/wait_result.hpp
[9.957s] -- Up-to-date symlink: /home/pengbo/rclcpp_cbg/install/rclcpp/include/rclcpp/wait_result_kind.hpp
[9.957s] -- Up-to-date symlink: /home/pengbo/rclcpp_cbg/install/rclcpp/include/rclcpp/wait_set.hpp
[9.957s] -- Up-to-date symlink: /home/pengbo/rclcpp_cbg/install/rclcpp/include/rclcpp/wait_set_policies/detail/storage_policy_common.hpp
[9.958s] -- Up-to-date symlink: /home/pengbo/rclcpp_cbg/install/rclcpp/include/rclcpp/wait_set_policies/detail/synchronization_policy_common.hpp
[9.958s] -- Up-to-date symlink: /home/pengbo/rclcpp_cbg/install/rclcpp/include/rclcpp/wait_set_policies/detail/write_preferring_read_write_lock.hpp
[9.958s] -- Up-to-date symlink: /home/pengbo/rclcpp_cbg/install/rclcpp/include/rclcpp/wait_set_policies/dynamic_storage.hpp
[9.958s] -- Up-to-date symlink: /home/pengbo/rclcpp_cbg/install/rclcpp/include/rclcpp/wait_set_policies/sequential_synchronization.hpp
[9.958s] -- Up-to-date symlink: /home/pengbo/rclcpp_cbg/install/rclcpp/include/rclcpp/wait_set_policies/static_storage.hpp
[9.958s] -- Up-to-date symlink: /home/pengbo/rclcpp_cbg/install/rclcpp/include/rclcpp/wait_set_policies/thread_safe_synchronization.hpp
[9.958s] -- Up-to-date symlink: /home/pengbo/rclcpp_cbg/install/rclcpp/include/rclcpp/wait_set_template.hpp
[9.958s] -- Up-to-date symlink: /home/pengbo/rclcpp_cbg/install/rclcpp/include/rclcpp/waitable.hpp
[9.959s] -- Up-to-date symlink: /home/pengbo/rclcpp_cbg/install/rclcpp/include/rclcpp/logging.hpp
[9.959s] -- Up-to-date symlink: /home/pengbo/rclcpp_cbg/install/rclcpp/include/rclcpp/node_interfaces/get_node_base_interface.hpp
[9.959s] -- Up-to-date symlink: /home/pengbo/rclcpp_cbg/install/rclcpp/include/rclcpp/node_interfaces/get_node_clock_interface.hpp
[9.959s] -- Up-to-date symlink: /home/pengbo/rclcpp_cbg/install/rclcpp/include/rclcpp/node_interfaces/get_node_graph_interface.hpp
[9.959s] -- Up-to-date symlink: /home/pengbo/rclcpp_cbg/install/rclcpp/include/rclcpp/node_interfaces/get_node_logging_interface.hpp
[9.959s] -- Up-to-date symlink: /home/pengbo/rclcpp_cbg/install/rclcpp/include/rclcpp/node_interfaces/get_node_parameters_interface.hpp
[9.960s] -- Up-to-date symlink: /home/pengbo/rclcpp_cbg/install/rclcpp/include/rclcpp/node_interfaces/get_node_services_interface.hpp
[9.960s] -- Up-to-date symlink: /home/pengbo/rclcpp_cbg/install/rclcpp/include/rclcpp/node_interfaces/get_node_time_source_interface.hpp
[9.960s] -- Up-to-date symlink: /home/pengbo/rclcpp_cbg/install/rclcpp/include/rclcpp/node_interfaces/get_node_timers_interface.hpp
[9.960s] -- Up-to-date symlink: /home/pengbo/rclcpp_cbg/install/rclcpp/include/rclcpp/node_interfaces/get_node_topics_interface.hpp
[9.960s] -- Up-to-date symlink: /home/pengbo/rclcpp_cbg/install/rclcpp/include/rclcpp/node_interfaces/get_node_waitables_interface.hpp
[9.960s] -- Up-to-date symlink: /home/pengbo/rclcpp_cbg/install/rclcpp/include/rclcpp/node_interfaces/node_base_interface_traits.hpp
[9.960s] -- Up-to-date symlink: /home/pengbo/rclcpp_cbg/install/rclcpp/include/rclcpp/node_interfaces/node_clock_interface_traits.hpp
[9.960s] -- Up-to-date symlink: /home/pengbo/rclcpp_cbg/install/rclcpp/include/rclcpp/node_interfaces/node_graph_interface_traits.hpp
[9.960s] -- Up-to-date symlink: /home/pengbo/rclcpp_cbg/install/rclcpp/include/rclcpp/node_interfaces/node_logging_interface_traits.hpp
[9.961s] -- Up-to-date symlink: /home/pengbo/rclcpp_cbg/install/rclcpp/include/rclcpp/node_interfaces/node_parameters_interface_traits.hpp
[9.961s] -- Up-to-date symlink: /home/pengbo/rclcpp_cbg/install/rclcpp/include/rclcpp/node_interfaces/node_services_interface_traits.hpp
[9.961s] -- Up-to-date symlink: /home/pengbo/rclcpp_cbg/install/rclcpp/include/rclcpp/node_interfaces/node_time_source_interface_traits.hpp
[9.961s] -- Up-to-date symlink: /home/pengbo/rclcpp_cbg/install/rclcpp/include/rclcpp/node_interfaces/node_timers_interface_traits.hpp
[9.961s] -- Up-to-date symlink: /home/pengbo/rclcpp_cbg/install/rclcpp/include/rclcpp/node_interfaces/node_topics_interface_traits.hpp
[9.961s] -- Up-to-date symlink: /home/pengbo/rclcpp_cbg/install/rclcpp/include/rclcpp/node_interfaces/node_waitables_interface_traits.hpp
[9.961s] -- Installing: /home/pengbo/rclcpp_cbg/install/rclcpp/lib/librclcpp.so
[9.973s] -- Set runtime path of "/home/pengbo/rclcpp_cbg/install/rclcpp/lib/librclcpp.so" to ""
[9.974s] -- Up-to-date: /home/pengbo/rclcpp_cbg/install/rclcpp/share/rclcpp/cmake/rclcppExport.cmake
[9.974s] -- Up-to-date: /home/pengbo/rclcpp_cbg/install/rclcpp/share/rclcpp/cmake/rclcppExport-noconfig.cmake
[9.976s] Invoked command in '/home/pengbo/rclcpp_cbg/build/rclcpp' returned '0': CMAKE_PREFIX_PATH=${CMAKE_PREFIX_PATH}:/home/pengbo/ros2_foxy/install/ros2bag:/home/pengbo/ros2_foxy/install/tracetools_launch:/home/pengbo/ros2_foxy/install/topic_monitor:/home/pengbo/ros2_foxy/install/examples_tf2_py:/home/pengbo/ros2_foxy/install/sros2:/home/pengbo/ros2_foxy/install/rqt_topic:/home/pengbo/ros2_foxy/install/rqt_reconfigure:/home/pengbo/ros2_foxy/install/rqt_action:/home/pengbo/ros2_foxy/install/rqt:/home/pengbo/ros2_foxy/install/rqt_graph:/home/pengbo/ros2_foxy/install/rqt_gui_py:/home/pengbo/ros2_foxy/install/rqt_gui:/home/pengbo/ros2_foxy/install/ros2trace:/home/pengbo/ros2_foxy/install/ros2topic:/home/pengbo/ros2_foxy/install/ros2test:/home/pengbo/ros2_foxy/install/ros2component:/home/pengbo/ros2_foxy/install/ros2param:/home/pengbo/ros2_foxy/install/ros2lifecycle:/home/pengbo/ros2_foxy/install/ros2service:/home/pengbo/ros2_foxy/install/ros2run:/home/pengbo/ros2_foxy/install/ros2launch:/home/pengbo/ros2_foxy/install/ros2pkg:/home/pengbo/ros2_foxy/install/ros2node:/home/pengbo/ros2_foxy/install/ros2multicast:/home/pengbo/ros2_foxy/install/ros2interface:/home/pengbo/ros2_foxy/install/ros2doctor:/home/pengbo/ros2_foxy/install/ros2action:/home/pengbo/ros2_foxy/install/ros2cli:/home/pengbo/ros2_foxy/install/quality_of_service_demo_py:/home/pengbo/ros2_foxy/install/opencv_tests:/home/pengbo/ros2_foxy/install/launch_testing_ros:/home/pengbo/ros2_foxy/install/launch_ros:/home/pengbo/ros2_foxy/install/examples_rclpy_minimal_subscriber:/home/pengbo/ros2_foxy/install/examples_rclpy_minimal_service:/home/pengbo/ros2_foxy/install/examples_rclpy_minimal_publisher:/home/pengbo/ros2_foxy/install/examples_rclpy_minimal_client:/home/pengbo/ros2_foxy/install/examples_rclpy_minimal_action_server:/home/pengbo/ros2_foxy/install/examples_rclpy_minimal_action_client:/home/pengbo/ros2_foxy/install/examples_rclpy_executors:/home/pengbo/ros2_foxy/install/demo_nodes_py:/home/pengbo/ros2_foxy/install/action_tutorials_py:/home/pengbo/ros2_foxy/install/ament_uncrustify:/home/pengbo/ros2_foxy/install/tracetools_trace:/home/pengbo/ros2_foxy/install/tracetools_read:/home/pengbo/ros2_foxy/install/test_launch_ros:/home/pengbo/ros2_foxy/install/rpyutils:/home/pengbo/ros2_foxy/install/rosidl_runtime_py:/home/pengbo/ros2_foxy/install/launch_yaml:/home/pengbo/ros2_foxy/install/launch_xml:/home/pengbo/ros2_foxy/install/launch_testing:/home/pengbo/ros2_foxy/install/launch:/home/pengbo/ros2_foxy/install/osrf_pycommon:/home/pengbo/ros2_foxy/install/domain_coordinator:/home/pengbo/ros2_foxy/install/ament_xmllint:/home/pengbo/ros2_foxy/install/ament_pyflakes:/home/pengbo/ros2_foxy/install/ament_pycodestyle:/home/pengbo/ros2_foxy/install/ament_pep257:/home/pengbo/ros2_foxy/install/ament_pclint:/home/pengbo/ros2_foxy/install/ament_package:/home/pengbo/ros2_foxy/install/ament_mypy:/home/pengbo/ros2_foxy/install/ament_lint_cmake:/home/pengbo/ros2_foxy/install/ament_flake8:/home/pengbo/ros2_foxy/install/ament_copyright:/home/pengbo/ros2_foxy/install/ament_lint:/home/pengbo/ros2_foxy/install/ament_index_python:/home/pengbo/ros2_foxy/install/ament_cpplint:/home/pengbo/ros2_foxy/install/ament_cppcheck:/home/pengbo/ros2_foxy/install/ament_clang_tidy:/home/pengbo/ros2_foxy/install/ament_clang_format /usr/bin/cmake --install /home/pengbo/rclcpp_cbg/build/rclcpp
