[0.010s] Invoking command in '/home/pengbo/rclcpp_cbg/ros2_rclcpp/build/rclcpp': /usr/bin/cmake --build /home/pengbo/rclcpp_cbg/ros2_rclcpp/build/rclcpp -- -j12 -l12
[0.066s] [  1%] Built target gtest
[0.069s] [  2%] Built target gtest_main
[0.070s] [  4%] Built target rclcpp_test_msgs__cpp
[0.070s] [  4%] Built target gmock_main
[0.070s] [  5%] Built target rclcpp_test_msgs__rosidl_generator_c
[0.070s] [  6%] Built target gmock
[0.080s] [35m[1mScanning dependencies of target rclcpp[0m
[0.085s] [  8%] Built target rclcpp_test_msgs__rosidl_typesupport_cpp
[0.086s] [ 11%] Built target test_function_traits
[0.086s] [ 11%] Built target rclcpp_test_msgs__rosidl_typesupport_introspection_c
[0.087s] [ 13%] Built target rclcpp_test_msgs__rosidl_typesupport_introspection_cpp
[0.087s] [ 14%] Built target rclcpp_test_msgs__rosidl_typesupport_c
[0.088s] [ 16%] Built target rclcpp_test_msgs__rosidl_typesupport_fastrtps_cpp
[0.107s] [ 18%] Built target rclcpp_test_msgs__rosidl_typesupport_fastrtps_c
[0.121s] [ 18%] Built target rclcpp_test_msgs
[0.137s] [ 18%] Built target rclcpp_test_msgs__py
[0.140s] [ 18%] [32mBuilding CXX object CMakeFiles/rclcpp.dir/src/rclcpp/executors/single_threaded_executor.cpp.o[0m
[0.158s] [ 20%] Built target rclcpp_test_msgs__python
[0.174s] [ 21%] Built target rclcpp__rosidl_typesupport_c__pyext
[0.182s] [ 22%] Built target rclcpp__rosidl_typesupport_introspection_c__pyext
[0.183s] [ 23%] Built target rclcpp__rosidl_typesupport_fastrtps_c__pyext
[0.890s] [01m[K/home/pengbo/rclcpp_cbg/ros2_rclcpp/rclcpp/src/rclcpp/executors/single_threaded_executor.cpp:[m[K In member function ‘[01m[Kvoid rclcpp::executors::SingleThreadedExecutor::executor_spin_period(uint64_t)[m[K’:
[0.891s] [01m[K/home/pengbo/rclcpp_cbg/ros2_rclcpp/rclcpp/src/rclcpp/executors/single_threaded_executor.cpp:233:19:[m[K [01;35m[Kwarning: [m[Kunused variable ‘[01m[Ktheoretical_time[m[K’ [[01;35m[K-Wunused-variable[m[K]
[0.891s]   233 |   struct timespec [01;35m[Ktheoretical_time[m[K;
[0.891s]       |                   [01;35m[K^~~~~~~~~~~~~~~~[m[K
[0.891s] [01m[K/home/pengbo/rclcpp_cbg/ros2_rclcpp/rclcpp/src/rclcpp/executors/single_threaded_executor.cpp:239:19:[m[K [01;35m[Kwarning: [m[Kvariable ‘[01m[Kupdate_period[m[K’ set but not used [[01;35m[K-Wunused-but-set-variable[m[K]
[0.891s]   239 |   struct timespec [01;35m[Kupdate_period[m[K;
[0.891s]       |                   [01;35m[K^~~~~~~~~~~~~[m[K
[0.892s] [01m[K/home/pengbo/rclcpp_cbg/ros2_rclcpp/rclcpp/src/rclcpp/executors/single_threaded_executor.cpp:[m[K In member function ‘[01m[Kstd::vector<long int, std::allocator<long int> > rclcpp::executors::SingleThreadedExecutor::spin(uint64_t)[m[K’:
[0.892s] [01m[K/home/pengbo/rclcpp_cbg/ros2_rclcpp/rclcpp/src/rclcpp/executors/single_threaded_executor.cpp:292:32:[m[K [01;35m[Kwarning: [m[Kunused variable ‘[01m[Kcurrent_time[m[K’ [[01;35m[K-Wunused-variable[m[K]
[0.892s]   292 |   struct timespec wakeup_time, [01;35m[Kcurrent_time[m[K;
[0.892s]       |                                [01;35m[K^~~~~~~~~~~~[m[K
[1.121s] [ 24%] [32m[1mLinking CXX shared library librclcpp.so[0m
[1.719s] [ 61%] Built target rclcpp
[1.747s] [ 61%] [32m[1mLinking CXX executable test_intra_process_manager[0m
[1.747s] [ 61%] [32m[1mLinking CXX executable test_expand_topic_or_service_name[0m
[1.749s] [ 61%] [32m[1mLinking CXX executable test_logger[0m
[1.749s] [ 61%] [32m[1mLinking CXX executable test_executor[0m
[1.751s] [ 62%] [32m[1mLinking CXX executable test_ring_buffer_implementation[0m
[1.753s] [ 62%] [32m[1mLinking CXX executable test_subscription_topic_statistics[0m
[1.753s] [ 62%] [32m[1mLinking CXX executable test_subscription_options[0m
[1.754s] [ 62%] [32m[1mLinking CXX executable test_duration[0m
[1.758s] [ 62%] [32m[1mLinking CXX executable test_create_timer[0m
[1.760s] [ 62%] [32m[1mLinking CXX executable test_loaned_message[0m
[1.760s] [ 63%] [32m[1mLinking CXX executable test_node_global_args[0m
[1.761s] [ 64%] [32m[1mLinking CXX executable test_node_interfaces__get_node_interfaces[0m
[3.093s] [ 65%] Built target test_logger
[3.093s] [ 66%] Built target test_expand_topic_or_service_name
[3.103s] [ 67%] Built target test_executor
[3.113s] [ 68%] Built target test_subscription_options
[3.125s] [ 69%] Built target test_duration
[3.128s] [ 69%] Built target test_ring_buffer_implementation
[3.132s] [ 70%] [32m[1mLinking CXX executable test_serialized_message[0m
[3.138s] [ 71%] [32m[1mLinking CXX executable test_wait_set[0m
[3.146s] [ 71%] [32m[1mLinking CXX executable test_subscription_traits[0m
[3.160s] [ 72%] [32m[1mLinking CXX executable test_intra_process_buffer[0m
[3.160s] [ 72%] [32m[1mLinking CXX executable test_find_weak_nodes[0m
[3.172s] [ 72%] Built target test_node_global_args
[3.187s] [ 73%] [32m[1mLinking CXX executable test_node_options[0m
[3.194s] [ 74%] Built target test_intra_process_manager
[3.236s] [ 75%] [32m[1mLinking CXX executable test_time_source[0m
[3.261s] [ 75%] [32m[1mLinking CXX executable test_logging[0m
[3.305s] [ 76%] Built target test_loaned_message
[3.371s] [ 77%] [32m[1mLinking CXX executable test_parameter[0m
[3.485s] [ 78%] Built target test_subscription_traits
[3.501s] [ 79%] Built target test_create_timer
[3.523s] [ 79%] [32m[1mLinking CXX executable test_parameter_events_filter[0m
[3.624s] [ 79%] [32m[1mLinking CXX executable test_parameter_map[0m
[3.644s] [ 79%] Built target test_node_interfaces__get_node_interfaces
[3.728s] [ 79%] [32m[1mLinking CXX executable test_service[0m
[3.828s] [ 80%] Built target test_subscription_topic_statistics
[3.932s] [ 81%] [32m[1mLinking CXX executable test_rate[0m
[4.479s] [ 81%] Built target test_intra_process_buffer
[4.480s] [ 81%] Built target test_find_weak_nodes
[4.492s] [ 81%] Built target test_node_options
[4.551s] [ 81%] [32m[1mLinking CXX executable test_externally_defined_services[0m
[4.557s] [ 81%] [32m[1mLinking CXX executable test_publisher[0m
[4.563s] [ 81%] [32m[1mLinking CXX executable test_publisher_subscription_count_api[0m
[4.644s] [ 81%] Built target test_time_source
[4.742s] [ 81%] [32m[1mLinking CXX executable test_qos[0m
[4.764s] [ 81%] Built target test_serialized_message
[4.770s] [ 81%] Built target test_parameter
[4.780s] [ 82%] Built target test_parameter_events_filter
[4.810s] [ 82%] [32m[1mLinking CXX executable test_parameter_client[0m
[4.836s] [ 82%] Built target test_wait_set
[4.849s] [ 83%] [32m[1mLinking CXX executable test_serialized_message_allocator[0m
[4.849s] [ 83%] [32m[1mLinking CXX executable test_subscription[0m
[4.882s] [ 84%] Built target test_parameter_map
[4.894s] [ 85%] [32m[1mLinking CXX executable test_time[0m
[4.922s] [ 85%] Built target test_service
[4.949s] [ 85%] [32m[1mLinking CXX executable test_subscription_publisher_count_api[0m
[5.066s] [ 86%] [32m[1mLinking CXX executable test_timer[0m
[5.195s] [ 87%] Built target test_logging
[5.276s] [ 88%] [32m[1mLinking CXX executable test_utilities[0m
[5.438s] [ 88%] Built target test_rate
[5.606s] [ 88%] [32m[1mLinking CXX executable test_client[0m
[6.010s] [ 89%] Built target test_qos
[6.031s] [ 90%] Built target test_publisher
[6.075s] [ 91%] [32m[1mLinking CXX executable test_qos_event[0m
[6.117s] [ 92%] [32m[1mLinking CXX executable test_init[0m
[6.125s] [ 93%] Built target test_externally_defined_services
[6.166s] [ 93%] Built target test_time
[6.176s] [ 94%] [32m[1mLinking CXX executable test_interface_traits[0m
[6.237s] [ 94%] [32m[1mLinking CXX executable test_multi_threaded_executor[0m
[6.322s] [ 95%] Built target test_publisher_subscription_count_api
[6.324s] [ 95%] Built target test_parameter_client
[6.437s] [ 95%] Built target test_serialized_message_allocator
[6.472s] [ 96%] [32m[1mLinking CXX executable test_node[0m
[6.472s] [ 97%] [32m[1mLinking CXX executable test_guard_condition[0m
[6.484s] [ 97%] Built target test_utilities
[6.766s] [ 98%] Built target test_subscription_publisher_count_api
[6.795s] [ 98%] Built target test_timer
[6.879s] [ 98%] Built target test_client
[7.150s] [ 99%] Built target test_subscription
[7.216s] [ 99%] Built target test_interface_traits
[7.224s] [ 99%] Built target test_init
[7.242s] [100%] Built target test_multi_threaded_executor
[7.298s] [100%] Built target test_qos_event
[7.308s] [100%] Built target test_guard_condition
[7.441s] [100%] Built target test_node
[7.453s] Invoked command in '/home/pengbo/rclcpp_cbg/ros2_rclcpp/build/rclcpp' returned '0': /usr/bin/cmake --build /home/pengbo/rclcpp_cbg/ros2_rclcpp/build/rclcpp -- -j12 -l12
[7.602s] Invoking command in '/home/pengbo/rclcpp_cbg/ros2_rclcpp/build/rclcpp': /usr/bin/cmake --install /home/pengbo/rclcpp_cbg/ros2_rclcpp/build/rclcpp
[7.611s] -- Install configuration: ""
[7.611s] -- Installing: /home/pengbo/rclcpp_cbg/ros2_rclcpp/install/rclcpp/lib/librclcpp.so
[7.622s] -- Set runtime path of "/home/pengbo/rclcpp_cbg/ros2_rclcpp/install/rclcpp/lib/librclcpp.so" to ""
[7.622s] -- Up-to-date: /home/pengbo/rclcpp_cbg/ros2_rclcpp/install/rclcpp/share/rclcpp/environment/library_path.sh
[7.622s] -- Up-to-date: /home/pengbo/rclcpp_cbg/ros2_rclcpp/install/rclcpp/share/rclcpp/environment/library_path.dsv
[7.622s] -- Up-to-date: /home/pengbo/rclcpp_cbg/ros2_rclcpp/build/rclcpp/test/resources
[7.622s] -- Up-to-date: /home/pengbo/rclcpp_cbg/ros2_rclcpp/build/rclcpp/test/resources/test_node
[7.622s] -- Up-to-date: /home/pengbo/rclcpp_cbg/ros2_rclcpp/build/rclcpp/test/resources/test_node/test_parameters.yaml
[7.622s] -- Up-to-date: /home/pengbo/rclcpp_cbg/ros2_rclcpp/install/rclcpp/share/ament_index/resource_index/package_run_dependencies/rclcpp
[7.623s] -- Up-to-date: /home/pengbo/rclcpp_cbg/ros2_rclcpp/install/rclcpp/share/ament_index/resource_index/parent_prefix_path/rclcpp
[7.623s] -- Up-to-date: /home/pengbo/rclcpp_cbg/ros2_rclcpp/install/rclcpp/share/rclcpp/environment/ament_prefix_path.dsv
[7.623s] -- Up-to-date: /home/pengbo/rclcpp_cbg/ros2_rclcpp/install/rclcpp/share/rclcpp/environment/path.dsv
[7.624s] -- Up-to-date: /home/pengbo/rclcpp_cbg/ros2_rclcpp/install/rclcpp/share/rclcpp/local_setup.bash
[7.624s] -- Up-to-date: /home/pengbo/rclcpp_cbg/ros2_rclcpp/install/rclcpp/share/rclcpp/local_setup.sh
[7.625s] -- Up-to-date: /home/pengbo/rclcpp_cbg/ros2_rclcpp/install/rclcpp/share/rclcpp/local_setup.zsh
[7.625s] -- Up-to-date: /home/pengbo/rclcpp_cbg/ros2_rclcpp/install/rclcpp/share/rclcpp/local_setup.dsv
[7.625s] -- Installing: /home/pengbo/rclcpp_cbg/ros2_rclcpp/install/rclcpp/share/rclcpp/package.dsv
[7.625s] -- Up-to-date: /home/pengbo/rclcpp_cbg/ros2_rclcpp/install/rclcpp/share/ament_index/resource_index/packages/rclcpp
[7.625s] -- Up-to-date: /home/pengbo/rclcpp_cbg/ros2_rclcpp/install/rclcpp/share/rclcpp/cmake/rclcppExport.cmake
[7.625s] -- Up-to-date: /home/pengbo/rclcpp_cbg/ros2_rclcpp/install/rclcpp/share/rclcpp/cmake/rclcppExport-noconfig.cmake
[7.625s] -- Up-to-date: /home/pengbo/rclcpp_cbg/ros2_rclcpp/install/rclcpp/share/rclcpp/cmake/ament_cmake_export_include_directories-extras.cmake
[7.625s] -- Up-to-date: /home/pengbo/rclcpp_cbg/ros2_rclcpp/install/rclcpp/share/rclcpp/cmake/ament_cmake_export_libraries-extras.cmake
[7.625s] -- Up-to-date: /home/pengbo/rclcpp_cbg/ros2_rclcpp/install/rclcpp/share/rclcpp/cmake/ament_cmake_export_targets-extras.cmake
[7.626s] -- Up-to-date: /home/pengbo/rclcpp_cbg/ros2_rclcpp/install/rclcpp/share/rclcpp/cmake/ament_cmake_export_dependencies-extras.cmake
[7.626s] -- Up-to-date: /home/pengbo/rclcpp_cbg/ros2_rclcpp/install/rclcpp/share/rclcpp/cmake/rosidl_cmake-extras.cmake
[7.627s] -- Up-to-date: /home/pengbo/rclcpp_cbg/ros2_rclcpp/install/rclcpp/share/rclcpp/cmake/rclcppConfig.cmake
[7.628s] -- Up-to-date: /home/pengbo/rclcpp_cbg/ros2_rclcpp/install/rclcpp/share/rclcpp/cmake/rclcppConfig-version.cmake
[7.628s] -- Up-to-date: /home/pengbo/rclcpp_cbg/ros2_rclcpp/install/rclcpp/share/rclcpp/package.xml
[7.628s] -- Up-to-date: /home/pengbo/rclcpp_cbg/ros2_rclcpp/install/rclcpp/include
[7.628s] -- Up-to-date: /home/pengbo/rclcpp_cbg/ros2_rclcpp/install/rclcpp/include/rclcpp
[7.628s] -- Up-to-date: /home/pengbo/rclcpp_cbg/ros2_rclcpp/install/rclcpp/include/rclcpp/publisher.hpp
[7.628s] -- Up-to-date: /home/pengbo/rclcpp_cbg/ros2_rclcpp/install/rclcpp/include/rclcpp/visibility_control.hpp
[7.628s] -- Up-to-date: /home/pengbo/rclcpp_cbg/ros2_rclcpp/install/rclcpp/include/rclcpp/allocator
[7.628s] -- Up-to-date: /home/pengbo/rclcpp_cbg/ros2_rclcpp/install/rclcpp/include/rclcpp/allocator/allocator_deleter.hpp
[7.628s] -- Up-to-date: /home/pengbo/rclcpp_cbg/ros2_rclcpp/install/rclcpp/include/rclcpp/allocator/allocator_common.hpp
[7.629s] -- Up-to-date: /home/pengbo/rclcpp_cbg/ros2_rclcpp/install/rclcpp/include/rclcpp/graph_listener.hpp
[7.629s] -- Up-to-date: /home/pengbo/rclcpp_cbg/ros2_rclcpp/install/rclcpp/include/rclcpp/wait_set_policies
[7.629s] -- Up-to-date: /home/pengbo/rclcpp_cbg/ros2_rclcpp/install/rclcpp/include/rclcpp/wait_set_policies/dynamic_storage.hpp
[7.629s] -- Up-to-date: /home/pengbo/rclcpp_cbg/ros2_rclcpp/install/rclcpp/include/rclcpp/wait_set_policies/detail
[7.629s] -- Up-to-date: /home/pengbo/rclcpp_cbg/ros2_rclcpp/install/rclcpp/include/rclcpp/wait_set_policies/detail/storage_policy_common.hpp
[7.629s] -- Up-to-date: /home/pengbo/rclcpp_cbg/ros2_rclcpp/install/rclcpp/include/rclcpp/wait_set_policies/detail/synchronization_policy_common.hpp
[7.629s] -- Up-to-date: /home/pengbo/rclcpp_cbg/ros2_rclcpp/install/rclcpp/include/rclcpp/wait_set_policies/detail/write_preferring_read_write_lock.hpp
[7.629s] -- Up-to-date: /home/pengbo/rclcpp_cbg/ros2_rclcpp/install/rclcpp/include/rclcpp/wait_set_policies/static_storage.hpp
[7.629s] -- Up-to-date: /home/pengbo/rclcpp_cbg/ros2_rclcpp/install/rclcpp/include/rclcpp/wait_set_policies/sequential_synchronization.hpp
[7.629s] -- Up-to-date: /home/pengbo/rclcpp_cbg/ros2_rclcpp/install/rclcpp/include/rclcpp/wait_set_policies/thread_safe_synchronization.hpp
[7.630s] -- Up-to-date: /home/pengbo/rclcpp_cbg/ros2_rclcpp/install/rclcpp/include/rclcpp/memory_strategy.hpp
[7.630s] -- Up-to-date: /home/pengbo/rclcpp_cbg/ros2_rclcpp/install/rclcpp/include/rclcpp/parameter_value.hpp
[7.630s] -- Up-to-date: /home/pengbo/rclcpp_cbg/ros2_rclcpp/install/rclcpp/include/rclcpp/parameter.hpp
[7.630s] -- Up-to-date: /home/pengbo/rclcpp_cbg/ros2_rclcpp/install/rclcpp/include/rclcpp/duration.hpp
[7.630s] -- Up-to-date: /home/pengbo/rclcpp_cbg/ros2_rclcpp/install/rclcpp/include/rclcpp/experimental
[7.630s] -- Up-to-date: /home/pengbo/rclcpp_cbg/ros2_rclcpp/install/rclcpp/include/rclcpp/experimental/subscription_intra_process.hpp
[7.630s] -- Up-to-date: /home/pengbo/rclcpp_cbg/ros2_rclcpp/install/rclcpp/include/rclcpp/experimental/subscription_intra_process_base.hpp
[7.631s] -- Up-to-date: /home/pengbo/rclcpp_cbg/ros2_rclcpp/install/rclcpp/include/rclcpp/experimental/create_intra_process_buffer.hpp
[7.631s] -- Up-to-date: /home/pengbo/rclcpp_cbg/ros2_rclcpp/install/rclcpp/include/rclcpp/experimental/executable_list.hpp
[7.631s] -- Up-to-date: /home/pengbo/rclcpp_cbg/ros2_rclcpp/install/rclcpp/include/rclcpp/experimental/README.md
[7.631s] -- Up-to-date: /home/pengbo/rclcpp_cbg/ros2_rclcpp/install/rclcpp/include/rclcpp/experimental/intra_process_manager.hpp
[7.631s] -- Up-to-date: /home/pengbo/rclcpp_cbg/ros2_rclcpp/install/rclcpp/include/rclcpp/experimental/buffers
[7.631s] -- Up-to-date: /home/pengbo/rclcpp_cbg/ros2_rclcpp/install/rclcpp/include/rclcpp/experimental/buffers/intra_process_buffer.hpp
[7.631s] -- Up-to-date: /home/pengbo/rclcpp_cbg/ros2_rclcpp/install/rclcpp/include/rclcpp/experimental/buffers/buffer_implementation_base.hpp
[7.631s] -- Up-to-date: /home/pengbo/rclcpp_cbg/ros2_rclcpp/install/rclcpp/include/rclcpp/experimental/buffers/ring_buffer_implementation.hpp
[7.631s] -- Up-to-date: /home/pengbo/rclcpp_cbg/ros2_rclcpp/install/rclcpp/include/rclcpp/node_interfaces
[7.632s] -- Up-to-date: /home/pengbo/rclcpp_cbg/ros2_rclcpp/install/rclcpp/include/rclcpp/node_interfaces/node_topics.hpp
[7.632s] -- Up-to-date: /home/pengbo/rclcpp_cbg/ros2_rclcpp/install/rclcpp/include/rclcpp/node_interfaces/node_logging_interface.hpp
[7.632s] -- Up-to-date: /home/pengbo/rclcpp_cbg/ros2_rclcpp/install/rclcpp/include/rclcpp/node_interfaces/node_graph.hpp
[7.632s] -- Up-to-date: /home/pengbo/rclcpp_cbg/ros2_rclcpp/install/rclcpp/include/rclcpp/node_interfaces/node_graph_interface.hpp
[7.632s] -- Up-to-date: /home/pengbo/rclcpp_cbg/ros2_rclcpp/install/rclcpp/include/rclcpp/node_interfaces/node_waitables_interface.hpp
[7.632s] -- Up-to-date: /home/pengbo/rclcpp_cbg/ros2_rclcpp/install/rclcpp/include/rclcpp/node_interfaces/node_time_source_interface.hpp
[7.632s] -- Up-to-date: /home/pengbo/rclcpp_cbg/ros2_rclcpp/install/rclcpp/include/rclcpp/node_interfaces/node_services.hpp
[7.632s] -- Up-to-date: /home/pengbo/rclcpp_cbg/ros2_rclcpp/install/rclcpp/include/rclcpp/node_interfaces/node_services_interface.hpp
[7.632s] -- Up-to-date: /home/pengbo/rclcpp_cbg/ros2_rclcpp/install/rclcpp/include/rclcpp/node_interfaces/node_topics_interface.hpp
[7.632s] -- Up-to-date: /home/pengbo/rclcpp_cbg/ros2_rclcpp/install/rclcpp/include/rclcpp/node_interfaces/node_base_interface.hpp
[7.632s] -- Up-to-date: /home/pengbo/rclcpp_cbg/ros2_rclcpp/install/rclcpp/include/rclcpp/node_interfaces/node_clock_interface.hpp
[7.632s] -- Up-to-date: /home/pengbo/rclcpp_cbg/ros2_rclcpp/install/rclcpp/include/rclcpp/node_interfaces/node_timers.hpp
[7.633s] -- Up-to-date: /home/pengbo/rclcpp_cbg/ros2_rclcpp/install/rclcpp/include/rclcpp/node_interfaces/node_parameters.hpp
[7.633s] -- Up-to-date: /home/pengbo/rclcpp_cbg/ros2_rclcpp/install/rclcpp/include/rclcpp/node_interfaces/node_base.hpp
[7.633s] -- Up-to-date: /home/pengbo/rclcpp_cbg/ros2_rclcpp/install/rclcpp/include/rclcpp/node_interfaces/node_clock.hpp
[7.633s] -- Up-to-date: /home/pengbo/rclcpp_cbg/ros2_rclcpp/install/rclcpp/include/rclcpp/node_interfaces/node_timers_interface.hpp
[7.633s] -- Up-to-date: /home/pengbo/rclcpp_cbg/ros2_rclcpp/install/rclcpp/include/rclcpp/node_interfaces/node_logging.hpp
[7.633s] -- Up-to-date: /home/pengbo/rclcpp_cbg/ros2_rclcpp/install/rclcpp/include/rclcpp/node_interfaces/node_time_source.hpp
[7.633s] -- Up-to-date: /home/pengbo/rclcpp_cbg/ros2_rclcpp/install/rclcpp/include/rclcpp/node_interfaces/node_waitables.hpp
[7.633s] -- Up-to-date: /home/pengbo/rclcpp_cbg/ros2_rclcpp/install/rclcpp/include/rclcpp/node_interfaces/node_parameters_interface.hpp
[7.633s] -- Up-to-date: /home/pengbo/rclcpp_cbg/ros2_rclcpp/install/rclcpp/include/rclcpp/node.hpp
[7.634s] -- Up-to-date: /home/pengbo/rclcpp_cbg/ros2_rclcpp/install/rclcpp/include/rclcpp/any_service_callback.hpp
[7.634s] -- Up-to-date: /home/pengbo/rclcpp_cbg/ros2_rclcpp/install/rclcpp/include/rclcpp/exceptions
[7.634s] -- Up-to-date: /home/pengbo/rclcpp_cbg/ros2_rclcpp/install/rclcpp/include/rclcpp/exceptions/exceptions.hpp
[7.634s] -- Up-to-date: /home/pengbo/rclcpp_cbg/ros2_rclcpp/install/rclcpp/include/rclcpp/wait_set_template.hpp
[7.634s] -- Up-to-date: /home/pengbo/rclcpp_cbg/ros2_rclcpp/install/rclcpp/include/rclcpp/subscription_options.hpp
[7.634s] -- Up-to-date: /home/pengbo/rclcpp_cbg/ros2_rclcpp/install/rclcpp/include/rclcpp/node_options.hpp
[7.634s] -- Up-to-date: /home/pengbo/rclcpp_cbg/ros2_rclcpp/install/rclcpp/include/rclcpp/type_support_decl.hpp
[7.634s] -- Up-to-date: /home/pengbo/rclcpp_cbg/ros2_rclcpp/install/rclcpp/include/rclcpp/wait_result.hpp
[7.634s] -- Up-to-date: /home/pengbo/rclcpp_cbg/ros2_rclcpp/install/rclcpp/include/rclcpp/logger.hpp
[7.635s] -- Up-to-date: /home/pengbo/rclcpp_cbg/ros2_rclcpp/install/rclcpp/include/rclcpp/qos.hpp
[7.635s] -- Up-to-date: /home/pengbo/rclcpp_cbg/ros2_rclcpp/install/rclcpp/include/rclcpp/strategies
[7.635s] -- Up-to-date: /home/pengbo/rclcpp_cbg/ros2_rclcpp/install/rclcpp/include/rclcpp/strategies/message_pool_memory_strategy.hpp
[7.635s] -- Up-to-date: /home/pengbo/rclcpp_cbg/ros2_rclcpp/install/rclcpp/include/rclcpp/strategies/allocator_memory_strategy.hpp
[7.635s] -- Up-to-date: /home/pengbo/rclcpp_cbg/ros2_rclcpp/install/rclcpp/include/rclcpp/executors
[7.635s] -- Up-to-date: /home/pengbo/rclcpp_cbg/ros2_rclcpp/install/rclcpp/include/rclcpp/executors/static_executor_entities_collector.hpp
[7.635s] -- Up-to-date: /home/pengbo/rclcpp_cbg/ros2_rclcpp/install/rclcpp/include/rclcpp/executors/multi_threaded_executor.hpp
[7.635s] -- Up-to-date: /home/pengbo/rclcpp_cbg/ros2_rclcpp/install/rclcpp/include/rclcpp/executors/single_threaded_executor.hpp
[7.636s] -- Up-to-date: /home/pengbo/rclcpp_cbg/ros2_rclcpp/install/rclcpp/include/rclcpp/executors/static_single_threaded_executor.hpp
[7.636s] -- Up-to-date: /home/pengbo/rclcpp_cbg/ros2_rclcpp/install/rclcpp/include/rclcpp/init_options.hpp
[7.636s] -- Up-to-date: /home/pengbo/rclcpp_cbg/ros2_rclcpp/install/rclcpp/include/rclcpp/scope_exit.hpp
[7.636s] -- Up-to-date: /home/pengbo/rclcpp_cbg/ros2_rclcpp/install/rclcpp/include/rclcpp/callback_group.hpp
[7.636s] -- Up-to-date: /home/pengbo/rclcpp_cbg/ros2_rclcpp/install/rclcpp/include/rclcpp/any_executable.hpp
[7.636s] -- Up-to-date: /home/pengbo/rclcpp_cbg/ros2_rclcpp/install/rclcpp/include/rclcpp/parameter_client.hpp
[7.636s] -- Up-to-date: /home/pengbo/rclcpp_cbg/ros2_rclcpp/install/rclcpp/include/rclcpp/service.hpp
[7.636s] -- Up-to-date: /home/pengbo/rclcpp_cbg/ros2_rclcpp/install/rclcpp/include/rclcpp/macros.hpp
[7.636s] -- Up-to-date: /home/pengbo/rclcpp_cbg/ros2_rclcpp/install/rclcpp/include/rclcpp/loaned_message.hpp
[7.636s] -- Up-to-date: /home/pengbo/rclcpp_cbg/ros2_rclcpp/install/rclcpp/include/rclcpp/future_return_code.hpp
[7.636s] -- Up-to-date: /home/pengbo/rclcpp_cbg/ros2_rclcpp/install/rclcpp/include/rclcpp/detail
[7.636s] -- Up-to-date: /home/pengbo/rclcpp_cbg/ros2_rclcpp/install/rclcpp/include/rclcpp/detail/rmw_implementation_specific_payload.hpp
[7.636s] -- Up-to-date: /home/pengbo/rclcpp_cbg/ros2_rclcpp/install/rclcpp/include/rclcpp/detail/rmw_implementation_specific_publisher_payload.hpp
[7.636s] -- Up-to-date: /home/pengbo/rclcpp_cbg/ros2_rclcpp/install/rclcpp/include/rclcpp/detail/rmw_implementation_specific_subscription_payload.hpp
[7.636s] -- Up-to-date: /home/pengbo/rclcpp_cbg/ros2_rclcpp/install/rclcpp/include/rclcpp/detail/utilities.hpp
[7.636s] -- Up-to-date: /home/pengbo/rclcpp_cbg/ros2_rclcpp/install/rclcpp/include/rclcpp/detail/README.md
[7.637s] -- Up-to-date: /home/pengbo/rclcpp_cbg/ros2_rclcpp/install/rclcpp/include/rclcpp/detail/resolve_enable_topic_statistics.hpp
[7.637s] -- Up-to-date: /home/pengbo/rclcpp_cbg/ros2_rclcpp/install/rclcpp/include/rclcpp/detail/resolve_intra_process_buffer_type.hpp
[7.637s] -- Up-to-date: /home/pengbo/rclcpp_cbg/ros2_rclcpp/install/rclcpp/include/rclcpp/detail/resolve_use_intra_process.hpp
[7.637s] -- Up-to-date: /home/pengbo/rclcpp_cbg/ros2_rclcpp/install/rclcpp/include/rclcpp/timer.hpp
[7.637s] -- Up-to-date: /home/pengbo/rclcpp_cbg/ros2_rclcpp/install/rclcpp/include/rclcpp/serialized_message.hpp
[7.637s] -- Up-to-date: /home/pengbo/rclcpp_cbg/ros2_rclcpp/install/rclcpp/include/rclcpp/rate.hpp
[7.637s] -- Up-to-date: /home/pengbo/rclcpp_cbg/ros2_rclcpp/install/rclcpp/include/rclcpp/wait_set.hpp
[7.637s] -- Up-to-date: /home/pengbo/rclcpp_cbg/ros2_rclcpp/install/rclcpp/include/rclcpp/subscription_traits.hpp
[7.637s] -- Up-to-date: /home/pengbo/rclcpp_cbg/ros2_rclcpp/install/rclcpp/include/rclcpp/parameter_map.hpp
[7.637s] -- Up-to-date: /home/pengbo/rclcpp_cbg/ros2_rclcpp/install/rclcpp/include/rclcpp/topic_statistics_state.hpp
[7.637s] -- Up-to-date: /home/pengbo/rclcpp_cbg/ros2_rclcpp/install/rclcpp/include/rclcpp/time_source.hpp
[7.637s] -- Up-to-date: /home/pengbo/rclcpp_cbg/ros2_rclcpp/install/rclcpp/include/rclcpp/wait_result_kind.hpp
[7.637s] -- Up-to-date: /home/pengbo/rclcpp_cbg/ros2_rclcpp/install/rclcpp/include/rclcpp/serialization.hpp
[7.638s] -- Up-to-date: /home/pengbo/rclcpp_cbg/ros2_rclcpp/install/rclcpp/include/rclcpp/memory_strategies.hpp
[7.638s] -- Up-to-date: /home/pengbo/rclcpp_cbg/ros2_rclcpp/install/rclcpp/include/rclcpp/context.hpp
[7.638s] -- Up-to-date: /home/pengbo/rclcpp_cbg/ros2_rclcpp/install/rclcpp/include/rclcpp/function_traits.hpp
[7.638s] -- Up-to-date: /home/pengbo/rclcpp_cbg/ros2_rclcpp/install/rclcpp/include/rclcpp/executors.hpp
[7.638s] -- Up-to-date: /home/pengbo/rclcpp_cbg/ros2_rclcpp/install/rclcpp/include/rclcpp/create_publisher.hpp
[7.639s] -- Up-to-date: /home/pengbo/rclcpp_cbg/ros2_rclcpp/install/rclcpp/include/rclcpp/subscription_factory.hpp
[7.639s] -- Up-to-date: /home/pengbo/rclcpp_cbg/ros2_rclcpp/install/rclcpp/include/rclcpp/executor.hpp
[7.639s] -- Up-to-date: /home/pengbo/rclcpp_cbg/ros2_rclcpp/install/rclcpp/include/rclcpp/clock.hpp
[7.639s] -- Up-to-date: /home/pengbo/rclcpp_cbg/ros2_rclcpp/install/rclcpp/include/rclcpp/intra_process_setting.hpp
[7.639s] -- Up-to-date: /home/pengbo/rclcpp_cbg/ros2_rclcpp/install/rclcpp/include/rclcpp/utilities.hpp
[7.639s] -- Up-to-date: /home/pengbo/rclcpp_cbg/ros2_rclcpp/install/rclcpp/include/rclcpp/publisher_options.hpp
[7.639s] -- Up-to-date: /home/pengbo/rclcpp_cbg/ros2_rclcpp/install/rclcpp/include/rclcpp/guard_condition.hpp
[7.639s] -- Up-to-date: /home/pengbo/rclcpp_cbg/ros2_rclcpp/install/rclcpp/include/rclcpp/contexts
[7.639s] -- Up-to-date: /home/pengbo/rclcpp_cbg/ros2_rclcpp/install/rclcpp/include/rclcpp/contexts/default_context.hpp
[7.640s] -- Up-to-date: /home/pengbo/rclcpp_cbg/ros2_rclcpp/install/rclcpp/include/rclcpp/time.hpp
[7.640s] -- Up-to-date: /home/pengbo/rclcpp_cbg/ros2_rclcpp/install/rclcpp/include/rclcpp/create_timer.hpp
[7.640s] -- Up-to-date: /home/pengbo/rclcpp_cbg/ros2_rclcpp/install/rclcpp/include/rclcpp/intra_process_buffer_type.hpp
[7.640s] -- Up-to-date: /home/pengbo/rclcpp_cbg/ros2_rclcpp/install/rclcpp/include/rclcpp/publisher_factory.hpp
[7.640s] -- Up-to-date: /home/pengbo/rclcpp_cbg/ros2_rclcpp/install/rclcpp/include/rclcpp/subscription.hpp
[7.640s] -- Up-to-date: /home/pengbo/rclcpp_cbg/ros2_rclcpp/install/rclcpp/include/rclcpp/expand_topic_or_service_name.hpp
[7.640s] -- Up-to-date: /home/pengbo/rclcpp_cbg/ros2_rclcpp/install/rclcpp/include/rclcpp/create_service.hpp
[7.640s] -- Up-to-date: /home/pengbo/rclcpp_cbg/ros2_rclcpp/install/rclcpp/include/rclcpp/event.hpp
[7.640s] -- Up-to-date: /home/pengbo/rclcpp_cbg/ros2_rclcpp/install/rclcpp/include/rclcpp/create_subscription.hpp
[7.640s] -- Up-to-date: /home/pengbo/rclcpp_cbg/ros2_rclcpp/install/rclcpp/include/rclcpp/executor_options.hpp
[7.640s] -- Up-to-date: /home/pengbo/rclcpp_cbg/ros2_rclcpp/install/rclcpp/include/rclcpp/publisher_base.hpp
[7.640s] -- Up-to-date: /home/pengbo/rclcpp_cbg/ros2_rclcpp/install/rclcpp/include/rclcpp/message_memory_strategy.hpp
[7.640s] -- Up-to-date: /home/pengbo/rclcpp_cbg/ros2_rclcpp/install/rclcpp/include/rclcpp/subscription_wait_set_mask.hpp
[7.640s] -- Up-to-date: /home/pengbo/rclcpp_cbg/ros2_rclcpp/install/rclcpp/include/rclcpp/message_info.hpp
[7.640s] -- Up-to-date: /home/pengbo/rclcpp_cbg/ros2_rclcpp/install/rclcpp/include/rclcpp/parameter_service.hpp
[7.640s] -- Up-to-date: /home/pengbo/rclcpp_cbg/ros2_rclcpp/install/rclcpp/include/rclcpp/subscription_base.hpp
[7.640s] -- Up-to-date: /home/pengbo/rclcpp_cbg/ros2_rclcpp/install/rclcpp/include/rclcpp/exceptions.hpp
[7.641s] -- Up-to-date: /home/pengbo/rclcpp_cbg/ros2_rclcpp/install/rclcpp/include/rclcpp/create_client.hpp
[7.641s] -- Up-to-date: /home/pengbo/rclcpp_cbg/ros2_rclcpp/install/rclcpp/include/rclcpp/any_subscription_callback.hpp
[7.641s] -- Up-to-date: /home/pengbo/rclcpp_cbg/ros2_rclcpp/install/rclcpp/include/rclcpp/topic_statistics
[7.641s] -- Up-to-date: /home/pengbo/rclcpp_cbg/ros2_rclcpp/install/rclcpp/include/rclcpp/topic_statistics/subscription_topic_statistics.hpp
[7.641s] -- Up-to-date: /home/pengbo/rclcpp_cbg/ros2_rclcpp/install/rclcpp/include/rclcpp/waitable.hpp
[7.641s] -- Up-to-date: /home/pengbo/rclcpp_cbg/ros2_rclcpp/install/rclcpp/include/rclcpp/rclcpp.hpp
[7.641s] -- Up-to-date: /home/pengbo/rclcpp_cbg/ros2_rclcpp/install/rclcpp/include/rclcpp/parameter_events_filter.hpp
[7.641s] -- Up-to-date: /home/pengbo/rclcpp_cbg/ros2_rclcpp/install/rclcpp/include/rclcpp/qos_event.hpp
[7.641s] -- Up-to-date: /home/pengbo/rclcpp_cbg/ros2_rclcpp/install/rclcpp/include/rclcpp/node_impl.hpp
[7.641s] -- Up-to-date: /home/pengbo/rclcpp_cbg/ros2_rclcpp/install/rclcpp/include/rclcpp/client.hpp
[7.641s] -- Up-to-date: /home/pengbo/rclcpp_cbg/ros2_rclcpp/install/rclcpp/include
[7.641s] -- Up-to-date: /home/pengbo/rclcpp_cbg/ros2_rclcpp/install/rclcpp/include/rclcpp
[7.641s] -- Up-to-date: /home/pengbo/rclcpp_cbg/ros2_rclcpp/install/rclcpp/include/rclcpp/node_interfaces
[7.641s] -- Up-to-date: /home/pengbo/rclcpp_cbg/ros2_rclcpp/install/rclcpp/include/rclcpp/node_interfaces/get_node_services_interface.hpp
[7.641s] -- Up-to-date: /home/pengbo/rclcpp_cbg/ros2_rclcpp/install/rclcpp/include/rclcpp/node_interfaces/node_services_interface_traits.hpp
[7.642s] -- Up-to-date: /home/pengbo/rclcpp_cbg/ros2_rclcpp/install/rclcpp/include/rclcpp/node_interfaces/node_graph_interface_traits.hpp
[7.642s] -- Up-to-date: /home/pengbo/rclcpp_cbg/ros2_rclcpp/install/rclcpp/include/rclcpp/node_interfaces/get_node_timers_interface.hpp
[7.642s] -- Up-to-date: /home/pengbo/rclcpp_cbg/ros2_rclcpp/install/rclcpp/include/rclcpp/node_interfaces/get_node_time_source_interface.hpp
[7.642s] -- Up-to-date: /home/pengbo/rclcpp_cbg/ros2_rclcpp/install/rclcpp/include/rclcpp/node_interfaces/node_waitables_interface_traits.hpp
[7.642s] -- Up-to-date: /home/pengbo/rclcpp_cbg/ros2_rclcpp/install/rclcpp/include/rclcpp/node_interfaces/get_node_clock_interface.hpp
[7.642s] -- Up-to-date: /home/pengbo/rclcpp_cbg/ros2_rclcpp/install/rclcpp/include/rclcpp/node_interfaces/get_node_topics_interface.hpp
[7.642s] -- Up-to-date: /home/pengbo/rclcpp_cbg/ros2_rclcpp/install/rclcpp/include/rclcpp/node_interfaces/get_node_logging_interface.hpp
[7.642s] -- Up-to-date: /home/pengbo/rclcpp_cbg/ros2_rclcpp/install/rclcpp/include/rclcpp/node_interfaces/get_node_parameters_interface.hpp
[7.642s] -- Up-to-date: /home/pengbo/rclcpp_cbg/ros2_rclcpp/install/rclcpp/include/rclcpp/node_interfaces/node_parameters_interface_traits.hpp
[7.642s] -- Up-to-date: /home/pengbo/rclcpp_cbg/ros2_rclcpp/install/rclcpp/include/rclcpp/node_interfaces/node_timers_interface_traits.hpp
[7.642s] -- Up-to-date: /home/pengbo/rclcpp_cbg/ros2_rclcpp/install/rclcpp/include/rclcpp/node_interfaces/node_base_interface_traits.hpp
[7.642s] -- Up-to-date: /home/pengbo/rclcpp_cbg/ros2_rclcpp/install/rclcpp/include/rclcpp/node_interfaces/get_node_graph_interface.hpp
[7.642s] -- Up-to-date: /home/pengbo/rclcpp_cbg/ros2_rclcpp/install/rclcpp/include/rclcpp/node_interfaces/node_topics_interface_traits.hpp
[7.643s] -- Up-to-date: /home/pengbo/rclcpp_cbg/ros2_rclcpp/install/rclcpp/include/rclcpp/node_interfaces/node_logging_interface_traits.hpp
[7.643s] -- Up-to-date: /home/pengbo/rclcpp_cbg/ros2_rclcpp/install/rclcpp/include/rclcpp/node_interfaces/node_clock_interface_traits.hpp
[7.643s] -- Up-to-date: /home/pengbo/rclcpp_cbg/ros2_rclcpp/install/rclcpp/include/rclcpp/node_interfaces/get_node_base_interface.hpp
[7.643s] -- Up-to-date: /home/pengbo/rclcpp_cbg/ros2_rclcpp/install/rclcpp/include/rclcpp/node_interfaces/get_node_waitables_interface.hpp
[7.643s] -- Up-to-date: /home/pengbo/rclcpp_cbg/ros2_rclcpp/install/rclcpp/include/rclcpp/node_interfaces/node_time_source_interface_traits.hpp
[7.643s] -- Up-to-date: /home/pengbo/rclcpp_cbg/ros2_rclcpp/install/rclcpp/include/rclcpp/logging.hpp
[7.643s] Invoked command in '/home/pengbo/rclcpp_cbg/ros2_rclcpp/build/rclcpp' returned '0': /usr/bin/cmake --install /home/pengbo/rclcpp_cbg/ros2_rclcpp/build/rclcpp
