[0.018s] Invoking command in '/home/pengbo/rclcpp_cbg/ros2_rclcpp/build/rclcpp_components': AMENT_PREFIX_PATH=/home/pengbo/rclcpp_cbg/ros2_rclcpp/install/rclcpp CMAKE_PREFIX_PATH=/home/pengbo/rclcpp_cbg/ros2_rclcpp/install/rclcpp LD_LIBRARY_PATH=/home/pengbo/rclcpp_cbg/ros2_rclcpp/install/rclcpp/lib /usr/bin/cmake --build /home/pengbo/rclcpp_cbg/ros2_rclcpp/build/rclcpp_components -- -j12 -l12
[0.063s] [ 12%] Built target gtest
[0.064s] [ 25%] Built target gtest_main
[0.072s] [ 31%] [32m[1mLinking CXX shared library libtest_component.so[0m
[0.075s] [ 37%] [32m[1mLinking CXX shared library libcomponent_manager.so[0m
[0.466s] [ 43%] Built target test_component
[0.787s] [ 50%] Built target component_manager
[0.894s] [ 56%] [32m[1mLinking CXX executable component_container[0m
[0.898s] [ 62%] [32m[1mLinking CXX executable test_component_manager[0m
[0.941s] [ 68%] [32m[1mLinking CXX executable component_container_mt[0m
[0.964s] [ 75%] [32m[1mLinking CXX executable test_component_manager_api[0m
[2.258s] [ 81%] Built target test_component_manager
[2.263s] [ 87%] Built target component_container
[2.282s] [ 93%] Built target component_container_mt
[2.427s] [100%] Built target test_component_manager_api
[2.448s] Invoked command in '/home/pengbo/rclcpp_cbg/ros2_rclcpp/build/rclcpp_components' returned '0': AMENT_PREFIX_PATH=/home/pengbo/rclcpp_cbg/ros2_rclcpp/install/rclcpp CMAKE_PREFIX_PATH=/home/pengbo/rclcpp_cbg/ros2_rclcpp/install/rclcpp LD_LIBRARY_PATH=/home/pengbo/rclcpp_cbg/ros2_rclcpp/install/rclcpp/lib /usr/bin/cmake --build /home/pengbo/rclcpp_cbg/ros2_rclcpp/build/rclcpp_components -- -j12 -l12
[2.472s] Invoking command in '/home/pengbo/rclcpp_cbg/ros2_rclcpp/build/rclcpp_components': AMENT_PREFIX_PATH=/home/pengbo/rclcpp_cbg/ros2_rclcpp/install/rclcpp CMAKE_PREFIX_PATH=/home/pengbo/rclcpp_cbg/ros2_rclcpp/install/rclcpp LD_LIBRARY_PATH=/home/pengbo/rclcpp_cbg/ros2_rclcpp/install/rclcpp/lib /usr/bin/cmake --install /home/pengbo/rclcpp_cbg/ros2_rclcpp/build/rclcpp_components
[2.483s] -- Install configuration: ""
[2.483s] -- Up-to-date: /home/pengbo/rclcpp_cbg/ros2_rclcpp/install/rclcpp_components/share/rclcpp_components/node_main.cpp.in
[2.483s] -- Installing: /home/pengbo/rclcpp_cbg/ros2_rclcpp/install/rclcpp_components/lib/libcomponent_manager.so
[2.484s] -- Set runtime path of "/home/pengbo/rclcpp_cbg/ros2_rclcpp/install/rclcpp_components/lib/libcomponent_manager.so" to ""
[2.484s] -- Installing: /home/pengbo/rclcpp_cbg/ros2_rclcpp/install/rclcpp_components/lib/rclcpp_components/component_container
[2.484s] -- Set runtime path of "/home/pengbo/rclcpp_cbg/ros2_rclcpp/install/rclcpp_components/lib/rclcpp_components/component_container" to ""
[2.484s] -- Installing: /home/pengbo/rclcpp_cbg/ros2_rclcpp/install/rclcpp_components/lib/rclcpp_components/component_container_mt
[2.484s] -- Set runtime path of "/home/pengbo/rclcpp_cbg/ros2_rclcpp/install/rclcpp_components/lib/rclcpp_components/component_container_mt" to ""
[2.484s] -- Up-to-date: /home/pengbo/rclcpp_cbg/ros2_rclcpp/install/rclcpp_components/include
[2.484s] -- Up-to-date: /home/pengbo/rclcpp_cbg/ros2_rclcpp/install/rclcpp_components/include/rclcpp_components
[2.484s] -- Up-to-date: /home/pengbo/rclcpp_cbg/ros2_rclcpp/install/rclcpp_components/include/rclcpp_components/visibility_control.hpp
[2.484s] -- Up-to-date: /home/pengbo/rclcpp_cbg/ros2_rclcpp/install/rclcpp_components/include/rclcpp_components/node_instance_wrapper.hpp
[2.484s] -- Up-to-date: /home/pengbo/rclcpp_cbg/ros2_rclcpp/install/rclcpp_components/include/rclcpp_components/register_node_macro.hpp
[2.484s] -- Up-to-date: /home/pengbo/rclcpp_cbg/ros2_rclcpp/install/rclcpp_components/include/rclcpp_components/component_manager.hpp
[2.485s] -- Up-to-date: /home/pengbo/rclcpp_cbg/ros2_rclcpp/install/rclcpp_components/include/rclcpp_components/node_factory.hpp
[2.485s] -- Up-to-date: /home/pengbo/rclcpp_cbg/ros2_rclcpp/install/rclcpp_components/include/rclcpp_components/node_factory_template.hpp
[2.485s] -- Up-to-date: /home/pengbo/rclcpp_cbg/ros2_rclcpp/install/rclcpp_components/share/rclcpp_components/cmake
[2.485s] -- Up-to-date: /home/pengbo/rclcpp_cbg/ros2_rclcpp/install/rclcpp_components/share/rclcpp_components/cmake/rclcpp_components_package_hook.cmake
[2.485s] -- Up-to-date: /home/pengbo/rclcpp_cbg/ros2_rclcpp/install/rclcpp_components/share/rclcpp_components/cmake/rclcpp_components_register_node.cmake
[2.485s] -- Up-to-date: /home/pengbo/rclcpp_cbg/ros2_rclcpp/install/rclcpp_components/share/rclcpp_components/cmake/rclcpp_components_register_nodes.cmake
[2.485s] -- Up-to-date: /home/pengbo/rclcpp_cbg/ros2_rclcpp/install/rclcpp_components/share/rclcpp_components/environment/library_path.sh
[2.485s] -- Up-to-date: /home/pengbo/rclcpp_cbg/ros2_rclcpp/install/rclcpp_components/share/rclcpp_components/environment/library_path.dsv
[2.485s] -- Up-to-date: /home/pengbo/rclcpp_cbg/ros2_rclcpp/install/rclcpp_components/share/ament_index/resource_index/package_run_dependencies/rclcpp_components
[2.485s] -- Up-to-date: /home/pengbo/rclcpp_cbg/ros2_rclcpp/install/rclcpp_components/share/ament_index/resource_index/parent_prefix_path/rclcpp_components
[2.485s] -- Up-to-date: /home/pengbo/rclcpp_cbg/ros2_rclcpp/install/rclcpp_components/share/rclcpp_components/environment/ament_prefix_path.dsv
[2.485s] -- Up-to-date: /home/pengbo/rclcpp_cbg/ros2_rclcpp/install/rclcpp_components/share/rclcpp_components/environment/path.dsv
[2.486s] -- Up-to-date: /home/pengbo/rclcpp_cbg/ros2_rclcpp/install/rclcpp_components/share/rclcpp_components/local_setup.bash
[2.486s] -- Up-to-date: /home/pengbo/rclcpp_cbg/ros2_rclcpp/install/rclcpp_components/share/rclcpp_components/local_setup.sh
[2.486s] -- Up-to-date: /home/pengbo/rclcpp_cbg/ros2_rclcpp/install/rclcpp_components/share/rclcpp_components/local_setup.zsh
[2.486s] -- Up-to-date: /home/pengbo/rclcpp_cbg/ros2_rclcpp/install/rclcpp_components/share/rclcpp_components/local_setup.dsv
[2.486s] -- Installing: /home/pengbo/rclcpp_cbg/ros2_rclcpp/install/rclcpp_components/share/rclcpp_components/package.dsv
[2.486s] -- Up-to-date: /home/pengbo/rclcpp_cbg/ros2_rclcpp/install/rclcpp_components/share/ament_index/resource_index/packages/rclcpp_components
[2.486s] -- Up-to-date: /home/pengbo/rclcpp_cbg/ros2_rclcpp/install/rclcpp_components/share/rclcpp_components/cmake/component_managerExport.cmake
[2.488s] -- Up-to-date: /home/pengbo/rclcpp_cbg/ros2_rclcpp/install/rclcpp_components/share/rclcpp_components/cmake/component_managerExport-noconfig.cmake
[2.488s] -- Up-to-date: /home/pengbo/rclcpp_cbg/ros2_rclcpp/install/rclcpp_components/share/rclcpp_components/cmake/rclcpp_components-extras.cmake
[2.488s] -- Up-to-date: /home/pengbo/rclcpp_cbg/ros2_rclcpp/install/rclcpp_components/share/rclcpp_components/cmake/ament_cmake_export_include_directories-extras.cmake
[2.488s] -- Up-to-date: /home/pengbo/rclcpp_cbg/ros2_rclcpp/install/rclcpp_components/share/rclcpp_components/cmake/ament_cmake_export_libraries-extras.cmake
[2.488s] -- Up-to-date: /home/pengbo/rclcpp_cbg/ros2_rclcpp/install/rclcpp_components/share/rclcpp_components/cmake/ament_cmake_export_targets-extras.cmake
[2.488s] -- Up-to-date: /home/pengbo/rclcpp_cbg/ros2_rclcpp/install/rclcpp_components/share/rclcpp_components/cmake/ament_cmake_export_dependencies-extras.cmake
[2.488s] -- Up-to-date: /home/pengbo/rclcpp_cbg/ros2_rclcpp/install/rclcpp_components/share/rclcpp_components/cmake/rclcpp_componentsConfig.cmake
[2.488s] -- Up-to-date: /home/pengbo/rclcpp_cbg/ros2_rclcpp/install/rclcpp_components/share/rclcpp_components/cmake/rclcpp_componentsConfig-version.cmake
[2.489s] -- Up-to-date: /home/pengbo/rclcpp_cbg/ros2_rclcpp/install/rclcpp_components/share/rclcpp_components/package.xml
[2.489s] Invoked command in '/home/pengbo/rclcpp_cbg/ros2_rclcpp/build/rclcpp_components' returned '0': AMENT_PREFIX_PATH=/home/pengbo/rclcpp_cbg/ros2_rclcpp/install/rclcpp CMAKE_PREFIX_PATH=/home/pengbo/rclcpp_cbg/ros2_rclcpp/install/rclcpp LD_LIBRARY_PATH=/home/pengbo/rclcpp_cbg/ros2_rclcpp/install/rclcpp/lib /usr/bin/cmake --install /home/pengbo/rclcpp_cbg/ros2_rclcpp/build/rclcpp_components
