[  1%] Built target gtest_main
[  2%] Built target gmock
[  3%] Built target gtest
[  4%] Built target gmock_main
[  4%] Built target rclcpp_test_msgs__cpp
[  6%] Built target rclcpp_test_msgs__rosidl_generator_c
[  7%] Built target test_function_traits
[  8%] Built target rclcpp_test_msgs__rosidl_typesupport_c
[ 10%] Built target rclcpp_test_msgs__rosidl_typesupport_cpp
[ 12%] Built target rclcpp_test_msgs__rosidl_typesupport_introspection_c
[ 14%] Built target rclcpp_test_msgs__rosidl_typesupport_introspection_cpp
[ 16%] Built target rclcpp_test_msgs__rosidl_typesupport_fastrtps_cpp
[35m[1mScanning dependencies of target rclcpp[0m
[ 18%] Built target rclcpp_test_msgs__rosidl_typesupport_fastrtps_c
[ 18%] Built target rclcpp_test_msgs
[ 18%] Built target rclcpp_test_msgs__py
[ 20%] Built target rclcpp_test_msgs__python
[ 21%] Built target rclcpp__rosidl_typesupport_c__pyext
[ 22%] Built target rclcpp__rosidl_typesupport_fastrtps_c__pyext
[ 23%] Built target rclcpp__rosidl_typesupport_introspection_c__pyext
[ 23%] [32mBuilding CXX object CMakeFiles/rclcpp.dir/src/rclcpp/executors.cpp.o[0m
[ 23%] [32mBuilding CXX object CMakeFiles/rclcpp.dir/src/rclcpp/executors/single_threaded_executor.cpp.o[0m
[ 23%] [32mBuilding CXX object CMakeFiles/rclcpp.dir/src/rclcpp/node_interfaces/node_parameters.cpp.o[0m
[ 24%] [32mBuilding CXX object CMakeFiles/rclcpp.dir/src/rclcpp/parameter.cpp.o[0m
[ 24%] [32mBuilding CXX object CMakeFiles/rclcpp.dir/src/rclcpp/parameter_service.cpp.o[0m
[ 25%] [32mBuilding CXX object CMakeFiles/rclcpp.dir/src/rclcpp/parameter_client.cpp.o[0m
[ 25%] [32mBuilding CXX object CMakeFiles/rclcpp.dir/src/rclcpp/node.cpp.o[0m
[ 25%] [32mBuilding CXX object CMakeFiles/rclcpp.dir/src/rclcpp/time_source.cpp.o[0m
