[0.010s] Invoking command in '/home/pengbo/rclcpp_cbg/ros2_rclcpp/build/rclcpp': /usr/bin/cmake --build /home/pengbo/rclcpp_cbg/ros2_rclcpp/build/rclcpp -- -j12 -l12
[0.054s] [  1%] Built target gmock_main
[0.054s] [  1%] Built target rclcpp_test_msgs__cpp
[0.054s] [  2%] Built target gtest_main
[0.056s] [  3%] Built target gtest
[0.056s] [  5%] Built target rclcpp_test_msgs__rosidl_generator_c
[0.057s] [  6%] Built target gmock
[0.068s] [35m[1mScanning dependencies of target rclcpp[0m
[0.069s] [  8%] Built target rclcpp_test_msgs__rosidl_typesupport_introspection_cpp
[0.069s] [ 10%] Built target rclcpp_test_msgs__rosidl_typesupport_cpp
[0.072s] [ 12%] Built target rclcpp_test_msgs__rosidl_typesupport_c
[0.072s] [ 12%] Built target test_function_traits
[0.073s] [ 14%] Built target rclcpp_test_msgs__rosidl_typesupport_introspection_c
[0.074s] [ 16%] Built target rclcpp_test_msgs__rosidl_typesupport_fastrtps_cpp
[0.092s] [ 18%] Built target rclcpp_test_msgs__rosidl_typesupport_fastrtps_c
[0.108s] [ 18%] Built target rclcpp_test_msgs
[0.122s] [ 18%] Built target rclcpp_test_msgs__py
[0.125s] [ 18%] [32mBuilding CXX object CMakeFiles/rclcpp.dir/src/rclcpp/executors/single_threaded_executor.cpp.o[0m
[0.145s] [ 20%] Built target rclcpp_test_msgs__python
[0.165s] [ 21%] Built target rclcpp__rosidl_typesupport_c__pyext
[0.166s] [ 22%] Built target rclcpp__rosidl_typesupport_fastrtps_c__pyext
[0.168s] [ 23%] Built target rclcpp__rosidl_typesupport_introspection_c__pyext
[1.115s] [ 24%] [32m[1mLinking CXX shared library librclcpp.so[0m
[1.733s] [ 61%] Built target rclcpp
[1.758s] [ 61%] [32m[1mLinking CXX executable test_expand_topic_or_service_name[0m
[1.759s] [ 61%] [32m[1mLinking CXX executable test_intra_process_manager[0m
[1.761s] [ 62%] [32m[1mLinking CXX executable test_ring_buffer_implementation[0m
[1.761s] [ 62%] [32m[1mLinking CXX executable test_logger[0m
[1.762s] [ 62%] [32m[1mLinking CXX executable test_subscription_options[0m
[1.765s] [ 62%] [32m[1mLinking CXX executable test_executor[0m
[1.765s] [ 62%] [32m[1mLinking CXX executable test_subscription_topic_statistics[0m
[1.767s] [ 63%] [32m[1mLinking CXX executable test_duration[0m
[1.767s] [ 63%] [32m[1mLinking CXX executable test_node_global_args[0m
[1.768s] [ 64%] [32m[1mLinking CXX executable test_node_interfaces__get_node_interfaces[0m
[1.770s] [ 64%] [32m[1mLinking CXX executable test_create_timer[0m
[1.772s] [ 64%] [32m[1mLinking CXX executable test_loaned_message[0m
[3.090s] [ 65%] Built target test_logger
[3.098s] [ 66%] Built target test_executor
[3.098s] [ 67%] Built target test_create_timer
[3.104s] [ 67%] Built target test_ring_buffer_implementation
[3.130s] [ 68%] [32m[1mLinking CXX executable test_serialized_message[0m
[3.132s] [ 68%] Built target test_node_global_args
[3.138s] [ 69%] [32m[1mLinking CXX executable test_subscription_traits[0m
[3.138s] [ 69%] [32m[1mLinking CXX executable test_wait_set[0m
[3.145s] [ 69%] [32m[1mLinking CXX executable test_intra_process_buffer[0m
[3.158s] [ 70%] Built target test_duration
[3.163s] [ 71%] Built target test_subscription_options
[3.182s] [ 72%] [32m[1mLinking CXX executable test_find_weak_nodes[0m
[3.198s] [ 72%] Built target test_node_interfaces__get_node_interfaces
[3.202s] [ 73%] [32m[1mLinking CXX executable test_node_options[0m
[3.210s] [ 74%] Built target test_intra_process_manager
[3.210s] [ 75%] [32m[1mLinking CXX executable test_time_source[0m
[3.234s] [ 75%] [32m[1mLinking CXX executable test_logging[0m
[3.260s] [ 76%] [32m[1mLinking CXX executable test_parameter[0m
[3.327s] [ 77%] Built target test_loaned_message
[3.366s] [ 77%] [32m[1mLinking CXX executable test_parameter_events_filter[0m
[3.487s] [ 78%] Built target test_expand_topic_or_service_name
[3.503s] [ 79%] Built target test_subscription_traits
[3.548s] [ 79%] [32m[1mLinking CXX executable test_service[0m
[3.561s] [ 79%] [32m[1mLinking CXX executable test_parameter_map[0m
[4.479s] [ 79%] Built target test_intra_process_buffer
[4.505s] [ 80%] Built target test_subscription_topic_statistics
[4.530s] [ 81%] [32m[1mLinking CXX executable test_rate[0m
[4.574s] [ 81%] Built target test_find_weak_nodes
[4.585s] [ 81%] Built target test_node_options
[4.594s] [ 81%] [32m[1mLinking CXX executable test_publisher[0m
[4.618s] [ 81%] [32m[1mLinking CXX executable test_externally_defined_services[0m
[4.643s] [ 82%] Built target test_logging
[4.676s] [ 82%] [32m[1mLinking CXX executable test_publisher_subscription_count_api[0m
[4.684s] [ 82%] [32m[1mLinking CXX executable test_qos[0m
[4.685s] [ 82%] Built target test_time_source
[4.707s] [ 82%] Built target test_parameter
[4.743s] [ 83%] [32m[1mLinking CXX executable test_serialized_message_allocator[0m
[4.762s] [ 83%] [32m[1mLinking CXX executable test_parameter_client[0m
[4.806s] [ 84%] Built target test_parameter_events_filter
[4.832s] [ 84%] Built target test_service
[4.849s] [ 85%] Built target test_parameter_map
[4.862s] [ 85%] Built target test_serialized_message
[4.889s] [ 85%] [32m[1mLinking CXX executable test_subscription[0m
[4.900s] [ 86%] [32m[1mLinking CXX executable test_time[0m
[4.936s] [ 86%] [32m[1mLinking CXX executable test_subscription_publisher_count_api[0m
[4.949s] [ 87%] [32m[1mLinking CXX executable test_timer[0m
[5.167s] [ 87%] Built target test_wait_set
[5.226s] [ 88%] [32m[1mLinking CXX executable test_utilities[0m
[5.955s] [ 88%] Built target test_rate
[6.084s] [ 88%] [32m[1mLinking CXX executable test_client[0m
[6.094s] [ 89%] Built target test_externally_defined_services
[6.101s] [ 90%] Built target test_publisher
[6.111s] [ 91%] Built target test_qos
[6.182s] [ 92%] [32m[1mLinking CXX executable test_qos_event[0m
[6.204s] [ 93%] [32m[1mLinking CXX executable test_init[0m
[6.225s] [ 94%] [32m[1mLinking CXX executable test_interface_traits[0m
[6.256s] [ 94%] Built target test_timer
[6.319s] [ 94%] [32m[1mLinking CXX executable test_multi_threaded_executor[0m
[6.332s] [ 94%] Built target test_time
[6.359s] [ 94%] Built target test_serialized_message_allocator
[6.407s] [ 95%] [32m[1mLinking CXX executable test_node[0m
[6.437s] [ 96%] [32m[1mLinking CXX executable test_guard_condition[0m
[6.482s] [ 97%] Built target test_publisher_subscription_count_api
[6.669s] [ 97%] Built target test_utilities
[6.705s] [ 97%] Built target test_parameter_client
[6.728s] [ 98%] Built target test_subscription_publisher_count_api
[6.795s] [ 99%] Built target test_subscription
[7.042s] [ 99%] Built target test_client
[7.167s] [ 99%] Built target test_init
[7.231s] [100%] Built target test_multi_threaded_executor
[7.273s] [100%] Built target test_interface_traits
[7.304s] [100%] Built target test_guard_condition
[7.367s] [100%] Built target test_qos_event
[7.418s] [100%] Built target test_node
[7.429s] Invoked command in '/home/pengbo/rclcpp_cbg/ros2_rclcpp/build/rclcpp' returned '0': /usr/bin/cmake --build /home/pengbo/rclcpp_cbg/ros2_rclcpp/build/rclcpp -- -j12 -l12
[7.609s] Invoking command in '/home/pengbo/rclcpp_cbg/ros2_rclcpp/build/rclcpp': /usr/bin/cmake --install /home/pengbo/rclcpp_cbg/ros2_rclcpp/build/rclcpp
[7.622s] -- Install configuration: ""
[7.623s] -- Installing: /home/pengbo/rclcpp_cbg/ros2_rclcpp/install/rclcpp/lib/librclcpp.so
[7.632s] -- Set runtime path of "/home/pengbo/rclcpp_cbg/ros2_rclcpp/install/rclcpp/lib/librclcpp.so" to ""
[7.632s] -- Up-to-date: /home/pengbo/rclcpp_cbg/ros2_rclcpp/install/rclcpp/share/rclcpp/environment/library_path.sh
[7.633s] -- Up-to-date: /home/pengbo/rclcpp_cbg/ros2_rclcpp/install/rclcpp/share/rclcpp/environment/library_path.dsv
[7.633s] -- Up-to-date: /home/pengbo/rclcpp_cbg/ros2_rclcpp/build/rclcpp/test/resources
[7.633s] -- Up-to-date: /home/pengbo/rclcpp_cbg/ros2_rclcpp/build/rclcpp/test/resources/test_node
[7.633s] -- Up-to-date: /home/pengbo/rclcpp_cbg/ros2_rclcpp/build/rclcpp/test/resources/test_node/test_parameters.yaml
[7.633s] -- Up-to-date: /home/pengbo/rclcpp_cbg/ros2_rclcpp/install/rclcpp/share/ament_index/resource_index/package_run_dependencies/rclcpp
[7.633s] -- Up-to-date: /home/pengbo/rclcpp_cbg/ros2_rclcpp/install/rclcpp/share/ament_index/resource_index/parent_prefix_path/rclcpp
[7.634s] -- Up-to-date: /home/pengbo/rclcpp_cbg/ros2_rclcpp/install/rclcpp/share/rclcpp/environment/ament_prefix_path.dsv
[7.634s] -- Up-to-date: /home/pengbo/rclcpp_cbg/ros2_rclcpp/install/rclcpp/share/rclcpp/environment/path.dsv
[7.635s] -- Up-to-date: /home/pengbo/rclcpp_cbg/ros2_rclcpp/install/rclcpp/share/rclcpp/local_setup.bash
[7.635s] -- Up-to-date: /home/pengbo/rclcpp_cbg/ros2_rclcpp/install/rclcpp/share/rclcpp/local_setup.sh
[7.635s] -- Up-to-date: /home/pengbo/rclcpp_cbg/ros2_rclcpp/install/rclcpp/share/rclcpp/local_setup.zsh
[7.636s] -- Up-to-date: /home/pengbo/rclcpp_cbg/ros2_rclcpp/install/rclcpp/share/rclcpp/local_setup.dsv
[7.636s] -- Installing: /home/pengbo/rclcpp_cbg/ros2_rclcpp/install/rclcpp/share/rclcpp/package.dsv
[7.636s] -- Up-to-date: /home/pengbo/rclcpp_cbg/ros2_rclcpp/install/rclcpp/share/ament_index/resource_index/packages/rclcpp
[7.636s] -- Up-to-date: /home/pengbo/rclcpp_cbg/ros2_rclcpp/install/rclcpp/share/rclcpp/cmake/rclcppExport.cmake
[7.636s] -- Up-to-date: /home/pengbo/rclcpp_cbg/ros2_rclcpp/install/rclcpp/share/rclcpp/cmake/rclcppExport-noconfig.cmake
[7.636s] -- Up-to-date: /home/pengbo/rclcpp_cbg/ros2_rclcpp/install/rclcpp/share/rclcpp/cmake/ament_cmake_export_include_directories-extras.cmake
[7.636s] -- Up-to-date: /home/pengbo/rclcpp_cbg/ros2_rclcpp/install/rclcpp/share/rclcpp/cmake/ament_cmake_export_libraries-extras.cmake
[7.637s] -- Up-to-date: /home/pengbo/rclcpp_cbg/ros2_rclcpp/install/rclcpp/share/rclcpp/cmake/ament_cmake_export_targets-extras.cmake
[7.638s] -- Up-to-date: /home/pengbo/rclcpp_cbg/ros2_rclcpp/install/rclcpp/share/rclcpp/cmake/ament_cmake_export_dependencies-extras.cmake
[7.638s] -- Up-to-date: /home/pengbo/rclcpp_cbg/ros2_rclcpp/install/rclcpp/share/rclcpp/cmake/rosidl_cmake-extras.cmake
[7.638s] -- Up-to-date: /home/pengbo/rclcpp_cbg/ros2_rclcpp/install/rclcpp/share/rclcpp/cmake/rclcppConfig.cmake
[7.639s] -- Up-to-date: /home/pengbo/rclcpp_cbg/ros2_rclcpp/install/rclcpp/share/rclcpp/cmake/rclcppConfig-version.cmake
[7.639s] -- Up-to-date: /home/pengbo/rclcpp_cbg/ros2_rclcpp/install/rclcpp/share/rclcpp/package.xml
[7.639s] -- Up-to-date: /home/pengbo/rclcpp_cbg/ros2_rclcpp/install/rclcpp/include
[7.639s] -- Up-to-date: /home/pengbo/rclcpp_cbg/ros2_rclcpp/install/rclcpp/include/rclcpp
[7.639s] -- Up-to-date: /home/pengbo/rclcpp_cbg/ros2_rclcpp/install/rclcpp/include/rclcpp/publisher.hpp
[7.640s] -- Up-to-date: /home/pengbo/rclcpp_cbg/ros2_rclcpp/install/rclcpp/include/rclcpp/visibility_control.hpp
[7.640s] -- Up-to-date: /home/pengbo/rclcpp_cbg/ros2_rclcpp/install/rclcpp/include/rclcpp/allocator
[7.640s] -- Up-to-date: /home/pengbo/rclcpp_cbg/ros2_rclcpp/install/rclcpp/include/rclcpp/allocator/allocator_deleter.hpp
[7.640s] -- Up-to-date: /home/pengbo/rclcpp_cbg/ros2_rclcpp/install/rclcpp/include/rclcpp/allocator/allocator_common.hpp
[7.640s] -- Up-to-date: /home/pengbo/rclcpp_cbg/ros2_rclcpp/install/rclcpp/include/rclcpp/graph_listener.hpp
[7.641s] -- Up-to-date: /home/pengbo/rclcpp_cbg/ros2_rclcpp/install/rclcpp/include/rclcpp/wait_set_policies
[7.641s] -- Up-to-date: /home/pengbo/rclcpp_cbg/ros2_rclcpp/install/rclcpp/include/rclcpp/wait_set_policies/dynamic_storage.hpp
[7.641s] -- Up-to-date: /home/pengbo/rclcpp_cbg/ros2_rclcpp/install/rclcpp/include/rclcpp/wait_set_policies/detail
[7.641s] -- Up-to-date: /home/pengbo/rclcpp_cbg/ros2_rclcpp/install/rclcpp/include/rclcpp/wait_set_policies/detail/storage_policy_common.hpp
[7.641s] -- Up-to-date: /home/pengbo/rclcpp_cbg/ros2_rclcpp/install/rclcpp/include/rclcpp/wait_set_policies/detail/synchronization_policy_common.hpp
[7.641s] -- Up-to-date: /home/pengbo/rclcpp_cbg/ros2_rclcpp/install/rclcpp/include/rclcpp/wait_set_policies/detail/write_preferring_read_write_lock.hpp
[7.641s] -- Up-to-date: /home/pengbo/rclcpp_cbg/ros2_rclcpp/install/rclcpp/include/rclcpp/wait_set_policies/static_storage.hpp
[7.642s] -- Up-to-date: /home/pengbo/rclcpp_cbg/ros2_rclcpp/install/rclcpp/include/rclcpp/wait_set_policies/sequential_synchronization.hpp
[7.642s] -- Up-to-date: /home/pengbo/rclcpp_cbg/ros2_rclcpp/install/rclcpp/include/rclcpp/wait_set_policies/thread_safe_synchronization.hpp
[7.642s] -- Up-to-date: /home/pengbo/rclcpp_cbg/ros2_rclcpp/install/rclcpp/include/rclcpp/memory_strategy.hpp
[7.642s] -- Up-to-date: /home/pengbo/rclcpp_cbg/ros2_rclcpp/install/rclcpp/include/rclcpp/parameter_value.hpp
[7.643s] -- Up-to-date: /home/pengbo/rclcpp_cbg/ros2_rclcpp/install/rclcpp/include/rclcpp/parameter.hpp
[7.643s] -- Up-to-date: /home/pengbo/rclcpp_cbg/ros2_rclcpp/install/rclcpp/include/rclcpp/duration.hpp
[7.643s] -- Up-to-date: /home/pengbo/rclcpp_cbg/ros2_rclcpp/install/rclcpp/include/rclcpp/experimental
[7.643s] -- Up-to-date: /home/pengbo/rclcpp_cbg/ros2_rclcpp/install/rclcpp/include/rclcpp/experimental/subscription_intra_process.hpp
[7.643s] -- Up-to-date: /home/pengbo/rclcpp_cbg/ros2_rclcpp/install/rclcpp/include/rclcpp/experimental/subscription_intra_process_base.hpp
[7.644s] -- Up-to-date: /home/pengbo/rclcpp_cbg/ros2_rclcpp/install/rclcpp/include/rclcpp/experimental/create_intra_process_buffer.hpp
[7.644s] -- Up-to-date: /home/pengbo/rclcpp_cbg/ros2_rclcpp/install/rclcpp/include/rclcpp/experimental/executable_list.hpp
[7.645s] -- Up-to-date: /home/pengbo/rclcpp_cbg/ros2_rclcpp/install/rclcpp/include/rclcpp/experimental/README.md
[7.645s] -- Up-to-date: /home/pengbo/rclcpp_cbg/ros2_rclcpp/install/rclcpp/include/rclcpp/experimental/intra_process_manager.hpp
[7.645s] -- Up-to-date: /home/pengbo/rclcpp_cbg/ros2_rclcpp/install/rclcpp/include/rclcpp/experimental/buffers
[7.645s] -- Up-to-date: /home/pengbo/rclcpp_cbg/ros2_rclcpp/install/rclcpp/include/rclcpp/experimental/buffers/intra_process_buffer.hpp
[7.645s] -- Up-to-date: /home/pengbo/rclcpp_cbg/ros2_rclcpp/install/rclcpp/include/rclcpp/experimental/buffers/buffer_implementation_base.hpp
[7.645s] -- Up-to-date: /home/pengbo/rclcpp_cbg/ros2_rclcpp/install/rclcpp/include/rclcpp/experimental/buffers/ring_buffer_implementation.hpp
[7.645s] -- Up-to-date: /home/pengbo/rclcpp_cbg/ros2_rclcpp/install/rclcpp/include/rclcpp/node_interfaces
[7.646s] -- Up-to-date: /home/pengbo/rclcpp_cbg/ros2_rclcpp/install/rclcpp/include/rclcpp/node_interfaces/node_topics.hpp
[7.646s] -- Up-to-date: /home/pengbo/rclcpp_cbg/ros2_rclcpp/install/rclcpp/include/rclcpp/node_interfaces/node_logging_interface.hpp
[7.646s] -- Up-to-date: /home/pengbo/rclcpp_cbg/ros2_rclcpp/install/rclcpp/include/rclcpp/node_interfaces/node_graph.hpp
[7.646s] -- Up-to-date: /home/pengbo/rclcpp_cbg/ros2_rclcpp/install/rclcpp/include/rclcpp/node_interfaces/node_graph_interface.hpp
[7.646s] -- Up-to-date: /home/pengbo/rclcpp_cbg/ros2_rclcpp/install/rclcpp/include/rclcpp/node_interfaces/node_waitables_interface.hpp
[7.646s] -- Up-to-date: /home/pengbo/rclcpp_cbg/ros2_rclcpp/install/rclcpp/include/rclcpp/node_interfaces/node_time_source_interface.hpp
[7.646s] -- Up-to-date: /home/pengbo/rclcpp_cbg/ros2_rclcpp/install/rclcpp/include/rclcpp/node_interfaces/node_services.hpp
[7.647s] -- Up-to-date: /home/pengbo/rclcpp_cbg/ros2_rclcpp/install/rclcpp/include/rclcpp/node_interfaces/node_services_interface.hpp
[7.647s] -- Up-to-date: /home/pengbo/rclcpp_cbg/ros2_rclcpp/install/rclcpp/include/rclcpp/node_interfaces/node_topics_interface.hpp
[7.647s] -- Up-to-date: /home/pengbo/rclcpp_cbg/ros2_rclcpp/install/rclcpp/include/rclcpp/node_interfaces/node_base_interface.hpp
[7.647s] -- Up-to-date: /home/pengbo/rclcpp_cbg/ros2_rclcpp/install/rclcpp/include/rclcpp/node_interfaces/node_clock_interface.hpp
[7.648s] -- Up-to-date: /home/pengbo/rclcpp_cbg/ros2_rclcpp/install/rclcpp/include/rclcpp/node_interfaces/node_timers.hpp
[7.648s] -- Up-to-date: /home/pengbo/rclcpp_cbg/ros2_rclcpp/install/rclcpp/include/rclcpp/node_interfaces/node_parameters.hpp
[7.648s] -- Up-to-date: /home/pengbo/rclcpp_cbg/ros2_rclcpp/install/rclcpp/include/rclcpp/node_interfaces/node_base.hpp
[7.648s] -- Up-to-date: /home/pengbo/rclcpp_cbg/ros2_rclcpp/install/rclcpp/include/rclcpp/node_interfaces/node_clock.hpp
[7.649s] -- Up-to-date: /home/pengbo/rclcpp_cbg/ros2_rclcpp/install/rclcpp/include/rclcpp/node_interfaces/node_timers_interface.hpp
[7.649s] -- Up-to-date: /home/pengbo/rclcpp_cbg/ros2_rclcpp/install/rclcpp/include/rclcpp/node_interfaces/node_logging.hpp
[7.649s] -- Up-to-date: /home/pengbo/rclcpp_cbg/ros2_rclcpp/install/rclcpp/include/rclcpp/node_interfaces/node_time_source.hpp
[7.649s] -- Up-to-date: /home/pengbo/rclcpp_cbg/ros2_rclcpp/install/rclcpp/include/rclcpp/node_interfaces/node_waitables.hpp
[7.650s] -- Up-to-date: /home/pengbo/rclcpp_cbg/ros2_rclcpp/install/rclcpp/include/rclcpp/node_interfaces/node_parameters_interface.hpp
[7.650s] -- Up-to-date: /home/pengbo/rclcpp_cbg/ros2_rclcpp/install/rclcpp/include/rclcpp/node.hpp
[7.650s] -- Up-to-date: /home/pengbo/rclcpp_cbg/ros2_rclcpp/install/rclcpp/include/rclcpp/any_service_callback.hpp
[7.651s] -- Up-to-date: /home/pengbo/rclcpp_cbg/ros2_rclcpp/install/rclcpp/include/rclcpp/exceptions
[7.651s] -- Up-to-date: /home/pengbo/rclcpp_cbg/ros2_rclcpp/install/rclcpp/include/rclcpp/exceptions/exceptions.hpp
[7.651s] -- Up-to-date: /home/pengbo/rclcpp_cbg/ros2_rclcpp/install/rclcpp/include/rclcpp/wait_set_template.hpp
[7.652s] -- Up-to-date: /home/pengbo/rclcpp_cbg/ros2_rclcpp/install/rclcpp/include/rclcpp/subscription_options.hpp
[7.652s] -- Up-to-date: /home/pengbo/rclcpp_cbg/ros2_rclcpp/install/rclcpp/include/rclcpp/node_options.hpp
[7.652s] -- Up-to-date: /home/pengbo/rclcpp_cbg/ros2_rclcpp/install/rclcpp/include/rclcpp/type_support_decl.hpp
[7.652s] -- Up-to-date: /home/pengbo/rclcpp_cbg/ros2_rclcpp/install/rclcpp/include/rclcpp/wait_result.hpp
[7.652s] -- Up-to-date: /home/pengbo/rclcpp_cbg/ros2_rclcpp/install/rclcpp/include/rclcpp/logger.hpp
[7.652s] -- Up-to-date: /home/pengbo/rclcpp_cbg/ros2_rclcpp/install/rclcpp/include/rclcpp/qos.hpp
[7.653s] -- Up-to-date: /home/pengbo/rclcpp_cbg/ros2_rclcpp/install/rclcpp/include/rclcpp/strategies
[7.653s] -- Up-to-date: /home/pengbo/rclcpp_cbg/ros2_rclcpp/install/rclcpp/include/rclcpp/strategies/message_pool_memory_strategy.hpp
[7.653s] -- Up-to-date: /home/pengbo/rclcpp_cbg/ros2_rclcpp/install/rclcpp/include/rclcpp/strategies/allocator_memory_strategy.hpp
[7.653s] -- Up-to-date: /home/pengbo/rclcpp_cbg/ros2_rclcpp/install/rclcpp/include/rclcpp/executors
[7.653s] -- Up-to-date: /home/pengbo/rclcpp_cbg/ros2_rclcpp/install/rclcpp/include/rclcpp/executors/static_executor_entities_collector.hpp
[7.654s] -- Up-to-date: /home/pengbo/rclcpp_cbg/ros2_rclcpp/install/rclcpp/include/rclcpp/executors/multi_threaded_executor.hpp
[7.654s] -- Up-to-date: /home/pengbo/rclcpp_cbg/ros2_rclcpp/install/rclcpp/include/rclcpp/executors/single_threaded_executor.hpp
[7.655s] -- Up-to-date: /home/pengbo/rclcpp_cbg/ros2_rclcpp/install/rclcpp/include/rclcpp/executors/static_single_threaded_executor.hpp
[7.655s] -- Up-to-date: /home/pengbo/rclcpp_cbg/ros2_rclcpp/install/rclcpp/include/rclcpp/init_options.hpp
[7.656s] -- Up-to-date: /home/pengbo/rclcpp_cbg/ros2_rclcpp/install/rclcpp/include/rclcpp/scope_exit.hpp
[7.656s] -- Up-to-date: /home/pengbo/rclcpp_cbg/ros2_rclcpp/install/rclcpp/include/rclcpp/callback_group.hpp
[7.656s] -- Up-to-date: /home/pengbo/rclcpp_cbg/ros2_rclcpp/install/rclcpp/include/rclcpp/any_executable.hpp
[7.656s] -- Up-to-date: /home/pengbo/rclcpp_cbg/ros2_rclcpp/install/rclcpp/include/rclcpp/parameter_client.hpp
[7.657s] -- Up-to-date: /home/pengbo/rclcpp_cbg/ros2_rclcpp/install/rclcpp/include/rclcpp/service.hpp
[7.657s] -- Up-to-date: /home/pengbo/rclcpp_cbg/ros2_rclcpp/install/rclcpp/include/rclcpp/macros.hpp
[7.658s] -- Up-to-date: /home/pengbo/rclcpp_cbg/ros2_rclcpp/install/rclcpp/include/rclcpp/loaned_message.hpp
[7.658s] -- Up-to-date: /home/pengbo/rclcpp_cbg/ros2_rclcpp/install/rclcpp/include/rclcpp/future_return_code.hpp
[7.658s] -- Up-to-date: /home/pengbo/rclcpp_cbg/ros2_rclcpp/install/rclcpp/include/rclcpp/detail
[7.659s] -- Up-to-date: /home/pengbo/rclcpp_cbg/ros2_rclcpp/install/rclcpp/include/rclcpp/detail/rmw_implementation_specific_payload.hpp
[7.659s] -- Up-to-date: /home/pengbo/rclcpp_cbg/ros2_rclcpp/install/rclcpp/include/rclcpp/detail/rmw_implementation_specific_publisher_payload.hpp
[7.659s] -- Up-to-date: /home/pengbo/rclcpp_cbg/ros2_rclcpp/install/rclcpp/include/rclcpp/detail/rmw_implementation_specific_subscription_payload.hpp
[7.660s] -- Up-to-date: /home/pengbo/rclcpp_cbg/ros2_rclcpp/install/rclcpp/include/rclcpp/detail/utilities.hpp
[7.660s] -- Up-to-date: /home/pengbo/rclcpp_cbg/ros2_rclcpp/install/rclcpp/include/rclcpp/detail/README.md
[7.660s] -- Up-to-date: /home/pengbo/rclcpp_cbg/ros2_rclcpp/install/rclcpp/include/rclcpp/detail/resolve_enable_topic_statistics.hpp
[7.661s] -- Up-to-date: /home/pengbo/rclcpp_cbg/ros2_rclcpp/install/rclcpp/include/rclcpp/detail/resolve_intra_process_buffer_type.hpp
[7.661s] -- Up-to-date: /home/pengbo/rclcpp_cbg/ros2_rclcpp/install/rclcpp/include/rclcpp/detail/resolve_use_intra_process.hpp
[7.662s] -- Up-to-date: /home/pengbo/rclcpp_cbg/ros2_rclcpp/install/rclcpp/include/rclcpp/timer.hpp
[7.662s] -- Up-to-date: /home/pengbo/rclcpp_cbg/ros2_rclcpp/install/rclcpp/include/rclcpp/serialized_message.hpp
[7.662s] -- Up-to-date: /home/pengbo/rclcpp_cbg/ros2_rclcpp/install/rclcpp/include/rclcpp/rate.hpp
[7.662s] -- Up-to-date: /home/pengbo/rclcpp_cbg/ros2_rclcpp/install/rclcpp/include/rclcpp/wait_set.hpp
[7.663s] -- Up-to-date: /home/pengbo/rclcpp_cbg/ros2_rclcpp/install/rclcpp/include/rclcpp/subscription_traits.hpp
[7.663s] -- Up-to-date: /home/pengbo/rclcpp_cbg/ros2_rclcpp/install/rclcpp/include/rclcpp/parameter_map.hpp
[7.663s] -- Up-to-date: /home/pengbo/rclcpp_cbg/ros2_rclcpp/install/rclcpp/include/rclcpp/topic_statistics_state.hpp
[7.663s] -- Up-to-date: /home/pengbo/rclcpp_cbg/ros2_rclcpp/install/rclcpp/include/rclcpp/time_source.hpp
[7.663s] -- Up-to-date: /home/pengbo/rclcpp_cbg/ros2_rclcpp/install/rclcpp/include/rclcpp/wait_result_kind.hpp
[7.663s] -- Up-to-date: /home/pengbo/rclcpp_cbg/ros2_rclcpp/install/rclcpp/include/rclcpp/serialization.hpp
[7.663s] -- Up-to-date: /home/pengbo/rclcpp_cbg/ros2_rclcpp/install/rclcpp/include/rclcpp/memory_strategies.hpp
[7.663s] -- Up-to-date: /home/pengbo/rclcpp_cbg/ros2_rclcpp/install/rclcpp/include/rclcpp/context.hpp
[7.663s] -- Up-to-date: /home/pengbo/rclcpp_cbg/ros2_rclcpp/install/rclcpp/include/rclcpp/function_traits.hpp
[7.663s] -- Up-to-date: /home/pengbo/rclcpp_cbg/ros2_rclcpp/install/rclcpp/include/rclcpp/executors.hpp
[7.663s] -- Up-to-date: /home/pengbo/rclcpp_cbg/ros2_rclcpp/install/rclcpp/include/rclcpp/create_publisher.hpp
[7.664s] -- Up-to-date: /home/pengbo/rclcpp_cbg/ros2_rclcpp/install/rclcpp/include/rclcpp/subscription_factory.hpp
[7.664s] -- Up-to-date: /home/pengbo/rclcpp_cbg/ros2_rclcpp/install/rclcpp/include/rclcpp/executor.hpp
[7.664s] -- Up-to-date: /home/pengbo/rclcpp_cbg/ros2_rclcpp/install/rclcpp/include/rclcpp/clock.hpp
[7.664s] -- Up-to-date: /home/pengbo/rclcpp_cbg/ros2_rclcpp/install/rclcpp/include/rclcpp/intra_process_setting.hpp
[7.664s] -- Up-to-date: /home/pengbo/rclcpp_cbg/ros2_rclcpp/install/rclcpp/include/rclcpp/utilities.hpp
[7.664s] -- Up-to-date: /home/pengbo/rclcpp_cbg/ros2_rclcpp/install/rclcpp/include/rclcpp/publisher_options.hpp
[7.664s] -- Up-to-date: /home/pengbo/rclcpp_cbg/ros2_rclcpp/install/rclcpp/include/rclcpp/guard_condition.hpp
[7.664s] -- Up-to-date: /home/pengbo/rclcpp_cbg/ros2_rclcpp/install/rclcpp/include/rclcpp/contexts
[7.664s] -- Up-to-date: /home/pengbo/rclcpp_cbg/ros2_rclcpp/install/rclcpp/include/rclcpp/contexts/default_context.hpp
[7.664s] -- Up-to-date: /home/pengbo/rclcpp_cbg/ros2_rclcpp/install/rclcpp/include/rclcpp/time.hpp
[7.665s] -- Up-to-date: /home/pengbo/rclcpp_cbg/ros2_rclcpp/install/rclcpp/include/rclcpp/create_timer.hpp
[7.665s] -- Up-to-date: /home/pengbo/rclcpp_cbg/ros2_rclcpp/install/rclcpp/include/rclcpp/intra_process_buffer_type.hpp
[7.665s] -- Up-to-date: /home/pengbo/rclcpp_cbg/ros2_rclcpp/install/rclcpp/include/rclcpp/publisher_factory.hpp
[7.665s] -- Up-to-date: /home/pengbo/rclcpp_cbg/ros2_rclcpp/install/rclcpp/include/rclcpp/subscription.hpp
[7.665s] -- Up-to-date: /home/pengbo/rclcpp_cbg/ros2_rclcpp/install/rclcpp/include/rclcpp/expand_topic_or_service_name.hpp
[7.665s] -- Up-to-date: /home/pengbo/rclcpp_cbg/ros2_rclcpp/install/rclcpp/include/rclcpp/create_service.hpp
[7.665s] -- Up-to-date: /home/pengbo/rclcpp_cbg/ros2_rclcpp/install/rclcpp/include/rclcpp/event.hpp
[7.665s] -- Up-to-date: /home/pengbo/rclcpp_cbg/ros2_rclcpp/install/rclcpp/include/rclcpp/create_subscription.hpp
[7.665s] -- Up-to-date: /home/pengbo/rclcpp_cbg/ros2_rclcpp/install/rclcpp/include/rclcpp/executor_options.hpp
[7.665s] -- Up-to-date: /home/pengbo/rclcpp_cbg/ros2_rclcpp/install/rclcpp/include/rclcpp/publisher_base.hpp
[7.665s] -- Up-to-date: /home/pengbo/rclcpp_cbg/ros2_rclcpp/install/rclcpp/include/rclcpp/message_memory_strategy.hpp
[7.666s] -- Up-to-date: /home/pengbo/rclcpp_cbg/ros2_rclcpp/install/rclcpp/include/rclcpp/subscription_wait_set_mask.hpp
[7.666s] -- Up-to-date: /home/pengbo/rclcpp_cbg/ros2_rclcpp/install/rclcpp/include/rclcpp/message_info.hpp
[7.666s] -- Up-to-date: /home/pengbo/rclcpp_cbg/ros2_rclcpp/install/rclcpp/include/rclcpp/parameter_service.hpp
[7.666s] -- Up-to-date: /home/pengbo/rclcpp_cbg/ros2_rclcpp/install/rclcpp/include/rclcpp/subscription_base.hpp
[7.666s] -- Up-to-date: /home/pengbo/rclcpp_cbg/ros2_rclcpp/install/rclcpp/include/rclcpp/exceptions.hpp
[7.666s] -- Up-to-date: /home/pengbo/rclcpp_cbg/ros2_rclcpp/install/rclcpp/include/rclcpp/create_client.hpp
[7.666s] -- Up-to-date: /home/pengbo/rclcpp_cbg/ros2_rclcpp/install/rclcpp/include/rclcpp/any_subscription_callback.hpp
[7.666s] -- Up-to-date: /home/pengbo/rclcpp_cbg/ros2_rclcpp/install/rclcpp/include/rclcpp/topic_statistics
[7.666s] -- Up-to-date: /home/pengbo/rclcpp_cbg/ros2_rclcpp/install/rclcpp/include/rclcpp/topic_statistics/subscription_topic_statistics.hpp
[7.666s] -- Up-to-date: /home/pengbo/rclcpp_cbg/ros2_rclcpp/install/rclcpp/include/rclcpp/waitable.hpp
[7.666s] -- Up-to-date: /home/pengbo/rclcpp_cbg/ros2_rclcpp/install/rclcpp/include/rclcpp/rclcpp.hpp
[7.667s] -- Up-to-date: /home/pengbo/rclcpp_cbg/ros2_rclcpp/install/rclcpp/include/rclcpp/parameter_events_filter.hpp
[7.667s] -- Up-to-date: /home/pengbo/rclcpp_cbg/ros2_rclcpp/install/rclcpp/include/rclcpp/qos_event.hpp
[7.667s] -- Up-to-date: /home/pengbo/rclcpp_cbg/ros2_rclcpp/install/rclcpp/include/rclcpp/node_impl.hpp
[7.667s] -- Up-to-date: /home/pengbo/rclcpp_cbg/ros2_rclcpp/install/rclcpp/include/rclcpp/client.hpp
[7.667s] -- Up-to-date: /home/pengbo/rclcpp_cbg/ros2_rclcpp/install/rclcpp/include
[7.667s] -- Up-to-date: /home/pengbo/rclcpp_cbg/ros2_rclcpp/install/rclcpp/include/rclcpp
[7.667s] -- Up-to-date: /home/pengbo/rclcpp_cbg/ros2_rclcpp/install/rclcpp/include/rclcpp/node_interfaces
[7.667s] -- Up-to-date: /home/pengbo/rclcpp_cbg/ros2_rclcpp/install/rclcpp/include/rclcpp/node_interfaces/get_node_services_interface.hpp
[7.667s] -- Up-to-date: /home/pengbo/rclcpp_cbg/ros2_rclcpp/install/rclcpp/include/rclcpp/node_interfaces/node_services_interface_traits.hpp
[7.667s] -- Up-to-date: /home/pengbo/rclcpp_cbg/ros2_rclcpp/install/rclcpp/include/rclcpp/node_interfaces/node_graph_interface_traits.hpp
[7.667s] -- Up-to-date: /home/pengbo/rclcpp_cbg/ros2_rclcpp/install/rclcpp/include/rclcpp/node_interfaces/get_node_timers_interface.hpp
[7.668s] -- Up-to-date: /home/pengbo/rclcpp_cbg/ros2_rclcpp/install/rclcpp/include/rclcpp/node_interfaces/get_node_time_source_interface.hpp
[7.668s] -- Up-to-date: /home/pengbo/rclcpp_cbg/ros2_rclcpp/install/rclcpp/include/rclcpp/node_interfaces/node_waitables_interface_traits.hpp
[7.668s] -- Up-to-date: /home/pengbo/rclcpp_cbg/ros2_rclcpp/install/rclcpp/include/rclcpp/node_interfaces/get_node_clock_interface.hpp
[7.668s] -- Up-to-date: /home/pengbo/rclcpp_cbg/ros2_rclcpp/install/rclcpp/include/rclcpp/node_interfaces/get_node_topics_interface.hpp
[7.668s] -- Up-to-date: /home/pengbo/rclcpp_cbg/ros2_rclcpp/install/rclcpp/include/rclcpp/node_interfaces/get_node_logging_interface.hpp
[7.668s] -- Up-to-date: /home/pengbo/rclcpp_cbg/ros2_rclcpp/install/rclcpp/include/rclcpp/node_interfaces/get_node_parameters_interface.hpp
[7.668s] -- Up-to-date: /home/pengbo/rclcpp_cbg/ros2_rclcpp/install/rclcpp/include/rclcpp/node_interfaces/node_parameters_interface_traits.hpp
[7.668s] -- Up-to-date: /home/pengbo/rclcpp_cbg/ros2_rclcpp/install/rclcpp/include/rclcpp/node_interfaces/node_timers_interface_traits.hpp
[7.668s] -- Up-to-date: /home/pengbo/rclcpp_cbg/ros2_rclcpp/install/rclcpp/include/rclcpp/node_interfaces/node_base_interface_traits.hpp
[7.668s] -- Up-to-date: /home/pengbo/rclcpp_cbg/ros2_rclcpp/install/rclcpp/include/rclcpp/node_interfaces/get_node_graph_interface.hpp
[7.668s] -- Up-to-date: /home/pengbo/rclcpp_cbg/ros2_rclcpp/install/rclcpp/include/rclcpp/node_interfaces/node_topics_interface_traits.hpp
[7.669s] -- Up-to-date: /home/pengbo/rclcpp_cbg/ros2_rclcpp/install/rclcpp/include/rclcpp/node_interfaces/node_logging_interface_traits.hpp
[7.669s] -- Up-to-date: /home/pengbo/rclcpp_cbg/ros2_rclcpp/install/rclcpp/include/rclcpp/node_interfaces/node_clock_interface_traits.hpp
[7.669s] -- Up-to-date: /home/pengbo/rclcpp_cbg/ros2_rclcpp/install/rclcpp/include/rclcpp/node_interfaces/get_node_base_interface.hpp
[7.669s] -- Up-to-date: /home/pengbo/rclcpp_cbg/ros2_rclcpp/install/rclcpp/include/rclcpp/node_interfaces/get_node_waitables_interface.hpp
[7.669s] -- Up-to-date: /home/pengbo/rclcpp_cbg/ros2_rclcpp/install/rclcpp/include/rclcpp/node_interfaces/node_time_source_interface_traits.hpp
[7.669s] -- Up-to-date: /home/pengbo/rclcpp_cbg/ros2_rclcpp/install/rclcpp/include/rclcpp/logging.hpp
[7.669s] Invoked command in '/home/pengbo/rclcpp_cbg/ros2_rclcpp/build/rclcpp' returned '0': /usr/bin/cmake --install /home/pengbo/rclcpp_cbg/ros2_rclcpp/build/rclcpp
