-- The C compiler identification is GNU 9.3.0
-- The CXX compiler identification is GNU 9.3.0
-- Check for working C compiler: /usr/bin/cc
-- Check for working C compiler: /usr/bin/cc -- works
-- Detecting C compiler ABI info
-- Detecting C compiler ABI info - done
-- Detecting C compile features
-- Detecting C compile features - done
-- Check for working CXX compiler: /usr/bin/c++
-- Check for working CXX compiler: /usr/bin/c++ -- works
-- Detecting CXX compiler ABI info
-- Detecting CXX compiler ABI info - done
-- Detecting CXX compile features
-- Detecting CXX compile features - done
-- Found ament_cmake_ros: 0.9.0 (/home/pengbo/ros2_foxy/install/ament_cmake_ros/share/ament_cmake_ros/cmake)
-- Found PythonInterp: /usr/bin/python3 (found suitable version "3.8.5", minimum required is "3") 
-- Using PYTHON_EXECUTABLE: /usr/bin/python3
-- Found builtin_interfaces: 1.0.0 (/home/pengbo/ros2_foxy/install/builtin_interfaces/share/builtin_interfaces/cmake)
-- Using all available rosidl_typesupport_c: rosidl_typesupport_introspection_c;rosidl_typesupport_fastrtps_c
-- Found rosidl_adapter: 1.1.0 (/home/pengbo/ros2_foxy/install/rosidl_adapter/share/rosidl_adapter/cmake)
-- Found FastRTPS: /home/pengbo/ros2_foxy/install/fastrtps/include  
-- Using all available rosidl_typesupport_cpp: rosidl_typesupport_introspection_cpp;rosidl_typesupport_fastrtps_cpp
-- Found libstatistics_collector: 1.0.1 (/home/pengbo/ros2_foxy/install/libstatistics_collector/share/libstatistics_collector/cmake)
-- Found rmw_implementation_cmake: 1.0.2 (/home/pengbo/ros2_foxy/install/rmw_implementation_cmake/share/rmw_implementation_cmake/cmake)
-- Using RMW implementation 'rmw_fastrtps_cpp' as default
-- Looking for pthread.h
-- Looking for pthread.h - found
-- Performing Test CMAKE_HAVE_LIBC_PTHREAD
-- Performing Test CMAKE_HAVE_LIBC_PTHREAD - Failed
-- Looking for pthread_create in pthreads
-- Looking for pthread_create in pthreads - not found
-- Looking for pthread_create in pthread
-- Looking for pthread_create in pthread - found
-- Found Threads: TRUE  
-- Found rosgraph_msgs: 1.0.0 (/home/pengbo/ros2_foxy/install/rosgraph_msgs/share/rosgraph_msgs/cmake)
-- Found ament_lint_auto: 0.9.5 (/home/pengbo/ros2_foxy/install/ament_lint_auto/share/ament_lint_auto/cmake)
-- Found PythonInterp: /usr/bin/python3 (found version "3.8.5") 
-- Using all available rosidl_typesupport_c: rosidl_typesupport_introspection_c;rosidl_typesupport_fastrtps_c
-- Using all available rosidl_typesupport_cpp: rosidl_typesupport_introspection_cpp;rosidl_typesupport_fastrtps_cpp
-- Found PythonInterp: /usr/bin/python3 (found suitable version "3.8.5", minimum required is "3.5") 
-- Found python_cmake_module: 0.8.0 (/home/pengbo/ros2_foxy/install/python_cmake_module/share/python_cmake_module/cmake)
-- Found PythonLibs: /usr/lib/x86_64-linux-gnu/libpython3.8.so (found suitable version "3.8.5", minimum required is "3.5") 
-- Using PYTHON_EXECUTABLE: /usr/bin/python3
-- Using PYTHON_INCLUDE_DIRS: /usr/include/python3.8
-- Using PYTHON_LIBRARIES: /usr/lib/x86_64-linux-gnu/libpython3.8.so
-- Found PythonExtra: .so  
-- Found gtest sources under '/home/pengbo/ros2_foxy/install/gtest_vendor/src/gtest_vendor': C++ tests using 'Google Test' will be built
-- Check if compiler accepts -pthread
-- Check if compiler accepts -pthread - yes
-- Found gmock sources under '/home/pengbo/ros2_foxy/install/gmock_vendor/src/gmock_vendor': C++ tests using 'Google Mock' will be built
-- Added test 'copyright' to check source files copyright and LICENSE
-- Added test 'cppcheck' to perform static code analysis on C / C++ code
-- Configured cppcheck include dirs: $<BUILD_INTERFACE:/home/pengbo/rclcpp_cbg/ros2_rclcpp/rclcpp/include>;/home/pengbo/rclcpp_cbg/ros2_rclcpp/rclcpp/test/;/home/pengbo/rclcpp_cbg/ros2_rclcpp/rclcpp/include
-- Configured cppcheck exclude dirs and/or files: 
-- Added test 'cpplint' to check C / C++ code against the Google style
-- Configured cpplint exclude dirs and/or files: 
-- Added test 'flake8' to check Python code syntax and style conventions
-- Added test 'lint_cmake' to check CMake code style
-- Added test 'pep257' to check Python code against some of the style conventions in PEP 257
-- Added test 'uncrustify' to check C / C++ code style
-- Configured uncrustify additional arguments: 
-- Added test 'xmllint' to check XML markup files
-- Configuring done
-- Generating done
-- Build files have been written to: /home/pengbo/rclcpp_cbg/ros2_rclcpp/build/rclcpp
[35m[1mScanning dependencies of target rclcpp_test_msgs__rosidl_generator_c[0m
[35m[1mScanning dependencies of target rclcpp_test_msgs__cpp[0m
[35m[1mScanning dependencies of target rclcpp[0m
[  0%] Built target rclcpp_test_msgs__cpp
[  1%] Built target gtest_main
[  2%] Built target gmock_main
[  4%] Built target rclcpp_test_msgs__rosidl_generator_c
[  5%] Built target gtest
[  6%] Built target gmock
[35m[1mScanning dependencies of target rclcpp_test_msgs__rosidl_typesupport_cpp[0m
[35m[1mScanning dependencies of target rclcpp_test_msgs__rosidl_typesupport_introspection_cpp[0m
[35m[1mScanning dependencies of target rclcpp_test_msgs__rosidl_typesupport_c[0m
[35m[1mScanning dependencies of target rclcpp_test_msgs__rosidl_typesupport_fastrtps_cpp[0m
[35m[1mScanning dependencies of target test_function_traits[0m
[35m[1mScanning dependencies of target rclcpp_test_msgs__rosidl_typesupport_introspection_c[0m
[  8%] Built target rclcpp_test_msgs__rosidl_typesupport_cpp
[ 10%] Built target rclcpp_test_msgs__rosidl_typesupport_introspection_cpp
[ 11%] Built target rclcpp_test_msgs__rosidl_typesupport_c
[ 12%] Built target test_function_traits
[ 14%] Built target rclcpp_test_msgs__rosidl_typesupport_fastrtps_cpp
[ 16%] Built target rclcpp_test_msgs__rosidl_typesupport_introspection_c
[35m[1mScanning dependencies of target rclcpp_test_msgs__rosidl_typesupport_fastrtps_c[0m
[ 18%] Built target rclcpp_test_msgs__rosidl_typesupport_fastrtps_c
[35m[1mScanning dependencies of target rclcpp_test_msgs[0m
[ 18%] Built target rclcpp_test_msgs
[ 18%] [32mBuilding CXX object CMakeFiles/rclcpp.dir/src/rclcpp/executors.cpp.o[0m
[ 18%] [32mBuilding CXX object CMakeFiles/rclcpp.dir/src/rclcpp/parameter_events_filter.cpp.o[0m
[ 18%] [32mBuilding CXX object CMakeFiles/rclcpp.dir/src/rclcpp/executors/single_threaded_executor.cpp.o[0m
[ 19%] [32mBuilding CXX object CMakeFiles/rclcpp.dir/src/rclcpp/parameter_service.cpp.o[0m
[ 19%] [32mBuilding CXX object CMakeFiles/rclcpp.dir/src/rclcpp/node_interfaces/node_parameters.cpp.o[0m
[ 19%] [32mBuilding CXX object CMakeFiles/rclcpp.dir/src/rclcpp/parameter.cpp.o[0m
[ 20%] [32mBuilding CXX object CMakeFiles/rclcpp.dir/src/rclcpp/parameter_map.cpp.o[0m
[ 21%] [32mBuilding CXX object CMakeFiles/rclcpp.dir/src/rclcpp/parameter_client.cpp.o[0m
[ 21%] [32mBuilding CXX object CMakeFiles/rclcpp.dir/src/rclcpp/node.cpp.o[0m
[ 21%] [32mBuilding CXX object CMakeFiles/rclcpp.dir/src/rclcpp/qos.cpp.o[0m
[ 22%] [32mBuilding CXX object CMakeFiles/rclcpp.dir/src/rclcpp/publisher_base.cpp.o[0m
[ 22%] [32mBuilding CXX object CMakeFiles/rclcpp.dir/src/rclcpp/qos_event.cpp.o[0m
[ 23%] [32mBuilding CXX object CMakeFiles/rclcpp.dir/src/rclcpp/serialization.cpp.o[0m
[ 23%] [32mBuilding CXX object CMakeFiles/rclcpp.dir/src/rclcpp/serialized_message.cpp.o[0m
[ 24%] [32mBuilding CXX object CMakeFiles/rclcpp.dir/src/rclcpp/service.cpp.o[0m
[ 24%] [32mBuilding CXX object CMakeFiles/rclcpp.dir/src/rclcpp/signal_handler.cpp.o[0m
[ 25%] [32mBuilding CXX object CMakeFiles/rclcpp.dir/src/rclcpp/subscription_base.cpp.o[0m
[ 25%] [32mBuilding CXX object CMakeFiles/rclcpp.dir/src/rclcpp/subscription_intra_process_base.cpp.o[0m
[ 26%] [32mBuilding CXX object CMakeFiles/rclcpp.dir/src/rclcpp/time.cpp.o[0m
[ 26%] [32mBuilding CXX object CMakeFiles/rclcpp.dir/src/rclcpp/time_source.cpp.o[0m
[ 27%] [32mBuilding CXX object CMakeFiles/rclcpp.dir/src/rclcpp/timer.cpp.o[0m
[ 27%] [32mBuilding CXX object CMakeFiles/rclcpp.dir/src/rclcpp/type_support.cpp.o[0m
[ 28%] [32mBuilding CXX object CMakeFiles/rclcpp.dir/src/rclcpp/wait_set_policies/detail/write_preferring_read_write_lock.cpp.o[0m
[ 28%] [32mBuilding CXX object CMakeFiles/rclcpp.dir/src/rclcpp/utilities.cpp.o[0m
[ 28%] [32mBuilding CXX object CMakeFiles/rclcpp.dir/src/rclcpp/waitable.cpp.o[0m
[ 28%] Built target rclcpp_test_msgs__py
[35m[1mScanning dependencies of target rclcpp_test_msgs__python[0m
[ 30%] Built target rclcpp_test_msgs__python
[35m[1mScanning dependencies of target rclcpp__rosidl_typesupport_fastrtps_c__pyext[0m
[35m[1mScanning dependencies of target rclcpp__rosidl_typesupport_c__pyext[0m
[35m[1mScanning dependencies of target rclcpp__rosidl_typesupport_introspection_c__pyext[0m
[ 31%] Built target rclcpp__rosidl_typesupport_c__pyext
[ 32%] Built target rclcpp__rosidl_typesupport_introspection_c__pyext
[ 33%] Built target rclcpp__rosidl_typesupport_fastrtps_c__pyext
[ 34%] [32m[1mLinking CXX shared library librclcpp.so[0m
[ 61%] Built target rclcpp
[35m[1mScanning dependencies of target test_ring_buffer_implementation[0m
[35m[1mScanning dependencies of target test_subscription_topic_statistics[0m
[35m[1mScanning dependencies of target test_expand_topic_or_service_name[0m
[35m[1mScanning dependencies of target test_subscription_options[0m
[35m[1mScanning dependencies of target test_create_timer[0m
[35m[1mScanning dependencies of target test_executor[0m
[35m[1mScanning dependencies of target test_intra_process_manager[0m
[35m[1mScanning dependencies of target test_node_interfaces__get_node_interfaces[0m
[35m[1mScanning dependencies of target test_node_global_args[0m
[35m[1mScanning dependencies of target test_logger[0m
[35m[1mScanning dependencies of target test_duration[0m
[35m[1mScanning dependencies of target test_loaned_message[0m
[ 62%] [32mBuilding CXX object CMakeFiles/test_expand_topic_or_service_name.dir/test/test_expand_topic_or_service_name.cpp.o[0m
[ 62%] [32mBuilding CXX object CMakeFiles/test_ring_buffer_implementation.dir/test/test_ring_buffer_implementation.cpp.o[0m
[ 63%] [32mBuilding CXX object CMakeFiles/test_logger.dir/test/test_logger.cpp.o[0m
[ 64%] [32mBuilding CXX object CMakeFiles/test_intra_process_manager.dir/test/test_intra_process_manager.cpp.o[0m
[ 65%] [32mBuilding CXX object CMakeFiles/test_subscription_options.dir/test/test_subscription_options.cpp.o[0m
[ 66%] [32mBuilding CXX object CMakeFiles/test_executor.dir/test/test_executor.cpp.o[0m
[ 67%] [32mBuilding CXX object CMakeFiles/test_create_timer.dir/test/test_create_timer.cpp.o[0m
[ 67%] [32mBuilding CXX object CMakeFiles/test_node_interfaces__get_node_interfaces.dir/test/node_interfaces/test_get_node_interfaces.cpp.o[0m
[ 67%] [32mBuilding CXX object CMakeFiles/test_node_global_args.dir/test/test_node_global_args.cpp.o[0m
[ 68%] [32mBuilding CXX object CMakeFiles/test_duration.dir/test/test_duration.cpp.o[0m
[ 69%] [32mBuilding CXX object CMakeFiles/test_subscription_topic_statistics.dir/test/topic_statistics/test_subscription_topic_statistics.cpp.o[0m
[ 70%] [32mBuilding CXX object CMakeFiles/test_loaned_message.dir/test/test_loaned_message.cpp.o[0m
[ 70%] [32m[1mLinking CXX executable test_expand_topic_or_service_name[0m
[ 71%] [32m[1mLinking CXX executable test_ring_buffer_implementation[0m
[ 71%] [32m[1mLinking CXX executable test_logger[0m
[ 71%] Built target test_expand_topic_or_service_name
[35m[1mScanning dependencies of target test_serialized_message[0m
[ 71%] [32mBuilding CXX object CMakeFiles/test_serialized_message.dir/test/test_serialized_message.cpp.o[0m
[ 71%] Built target test_ring_buffer_implementation
[35m[1mScanning dependencies of target test_wait_set[0m
[ 71%] Built target test_logger
[35m[1mScanning dependencies of target test_intra_process_buffer[0m
[ 71%] [32mBuilding CXX object CMakeFiles/test_wait_set.dir/test/test_wait_set.cpp.o[0m
[ 71%] [32m[1mLinking CXX executable test_subscription_options[0m
[ 71%] [32mBuilding CXX object CMakeFiles/test_intra_process_buffer.dir/test/test_intra_process_buffer.cpp.o[0m
[ 71%] Built target test_subscription_options
[35m[1mScanning dependencies of target test_subscription_traits[0m
[ 72%] [32mBuilding CXX object CMakeFiles/test_subscription_traits.dir/test/test_subscription_traits.cpp.o[0m
[ 72%] [32m[1mLinking CXX executable test_duration[0m
[ 73%] [32m[1mLinking CXX executable test_node_interfaces__get_node_interfaces[0m
[ 73%] [32m[1mLinking CXX executable test_intra_process_manager[0m
[ 74%] [32m[1mLinking CXX executable test_node_global_args[0m
[ 74%] [32m[1mLinking CXX executable test_create_timer[0m
[ 74%] Built target test_node_interfaces__get_node_interfaces
[ 74%] Built target test_intra_process_manager
[ 74%] Built target test_node_global_args
[ 74%] Built target test_create_timer
[ 74%] Built target test_duration
[ 74%] [32m[1mLinking CXX executable test_loaned_message[0m
[ 74%] [32m[1mLinking CXX executable test_subscription_traits[0m
[ 74%] Built target test_loaned_message
[ 74%] Built target test_subscription_traits
[ 74%] [32m[1mLinking CXX executable test_intra_process_buffer[0m
[ 74%] Built target test_intra_process_buffer
[ 75%] [32m[1mLinking CXX executable test_serialized_message[0m
[ 75%] Built target test_serialized_message
[ 76%] [32m[1mLinking CXX executable test_wait_set[0m
[ 76%] [32m[1mLinking CXX executable test_subscription_topic_statistics[0m
[ 76%] Built target test_wait_set
[ 76%] Built target test_subscription_topic_statistics
