[0.010s] Invoking command in '/home/pengbo/rclcpp_cbg/ros2_rclcpp/build/rclcpp': /usr/bin/cmake --build /home/pengbo/rclcpp_cbg/ros2_rclcpp/build/rclcpp -- -j12 -l12
[0.060s] [  3%] Built target rclcpp_test_msgs__rosidl_generator_c
[0.060s] [  3%] Built target gtest_main
[0.061s] [  5%] Built target gmock_main
[0.061s] [  5%] Built target gtest
[0.062s] [  6%] Built target gmock
[0.063s] [  6%] Built target rclcpp_test_msgs__cpp
[0.075s] [  8%] Built target rclcpp_test_msgs__rosidl_typesupport_introspection_c
[0.077s] [  9%] Built target rclcpp_test_msgs__rosidl_typesupport_c
[0.078s] [ 10%] Built target test_function_traits
[0.079s] [ 12%] Built target rclcpp_test_msgs__rosidl_typesupport_introspection_cpp
[0.079s] [35m[1mScanning dependencies of target rclcpp[0m
[0.079s] [ 16%] Built target rclcpp_test_msgs__rosidl_typesupport_cpp
[0.080s] [ 16%] Built target rclcpp_test_msgs__rosidl_typesupport_fastrtps_cpp
[0.096s] [ 18%] Built target rclcpp_test_msgs__rosidl_typesupport_fastrtps_c
[0.113s] [ 18%] Built target rclcpp_test_msgs
[0.128s] [ 18%] Built target rclcpp_test_msgs__py
[0.136s] [ 18%] [32mBuilding CXX object CMakeFiles/rclcpp.dir/src/rclcpp/executors/single_threaded_executor.cpp.o[0m
[0.149s] [ 20%] Built target rclcpp_test_msgs__python
[0.169s] [ 21%] Built target rclcpp__rosidl_typesupport_fastrtps_c__pyext
[0.170s] [ 22%] Built target rclcpp__rosidl_typesupport_introspection_c__pyext
[0.172s] [ 23%] Built target rclcpp__rosidl_typesupport_c__pyext
[1.122s] [ 24%] [32m[1mLinking CXX shared library librclcpp.so[0m
[1.905s] [ 61%] Built target rclcpp
[1.920s] [35m[1mScanning dependencies of target test_node_global_args[0m
[1.920s] [35m[1mScanning dependencies of target test_executor[0m
[1.921s] [35m[1mScanning dependencies of target test_create_timer[0m
[1.921s] [35m[1mScanning dependencies of target test_node_interfaces__get_node_interfaces[0m
[1.926s] [35m[1mScanning dependencies of target test_duration[0m
[1.927s] [35m[1mScanning dependencies of target test_subscription_topic_statistics[0m
[1.927s] [35m[1mScanning dependencies of target test_loaned_message[0m
[1.931s] [ 61%] [32m[1mLinking CXX executable test_expand_topic_or_service_name[0m
[1.933s] [ 61%] [32m[1mLinking CXX executable test_intra_process_manager[0m
[1.933s] [ 61%] [32m[1mLinking CXX executable test_logger[0m
[1.935s] [ 62%] [32m[1mLinking CXX executable test_ring_buffer_implementation[0m
[1.937s] [ 62%] [32m[1mLinking CXX executable test_subscription_options[0m
[1.962s] [ 63%] [32mBuilding CXX object CMakeFiles/test_executor.dir/test/test_executor.cpp.o[0m
[1.964s] [ 64%] [32mBuilding CXX object CMakeFiles/test_node_global_args.dir/test/test_node_global_args.cpp.o[0m
[1.965s] [ 64%] [32mBuilding CXX object CMakeFiles/test_duration.dir/test/test_duration.cpp.o[0m
[1.966s] [ 64%] [32mBuilding CXX object CMakeFiles/test_node_interfaces__get_node_interfaces.dir/test/node_interfaces/test_get_node_interfaces.cpp.o[0m
[1.970s] [ 65%] [32mBuilding CXX object CMakeFiles/test_loaned_message.dir/test/test_loaned_message.cpp.o[0m
[1.972s] [ 66%] [32mBuilding CXX object CMakeFiles/test_create_timer.dir/test/test_create_timer.cpp.o[0m
[1.976s] [ 67%] [32mBuilding CXX object CMakeFiles/test_subscription_topic_statistics.dir/test/topic_statistics/test_subscription_topic_statistics.cpp.o[0m
[2.726s] [ 68%] Built target test_logger
[2.749s] [35m[1mScanning dependencies of target test_serialized_message[0m
[2.759s] [ 68%] Built target test_ring_buffer_implementation
[2.780s] [35m[1mScanning dependencies of target test_wait_set[0m
[2.798s] [ 68%] [32mBuilding CXX object CMakeFiles/test_serialized_message.dir/test/test_serialized_message.cpp.o[0m
[2.829s] [ 68%] [32mBuilding CXX object CMakeFiles/test_wait_set.dir/test/test_wait_set.cpp.o[0m
[2.908s] [ 69%] Built target test_expand_topic_or_service_name
[2.909s] [ 70%] Built target test_subscription_options
[2.922s] [35m[1mScanning dependencies of target test_intra_process_buffer[0m
[2.977s] [ 70%] [32mBuilding CXX object CMakeFiles/test_intra_process_buffer.dir/test/test_intra_process_buffer.cpp.o[0m
[3.032s] [ 70%] [32m[1mLinking CXX executable test_subscription_traits[0m
[3.214s] [ 71%] Built target test_intra_process_manager
[3.267s] [35m[1mScanning dependencies of target test_find_weak_nodes[0m
[3.380s] [ 72%] Built target test_subscription_traits
[3.392s] [ 72%] [32mBuilding CXX object CMakeFiles/test_find_weak_nodes.dir/test/test_find_weak_nodes.cpp.o[0m
[3.412s] [ 73%] [32m[1mLinking CXX executable test_node_options[0m
[4.424s] [ 73%] Built target test_node_options
[4.443s] [35m[1mScanning dependencies of target test_time_source[0m
[4.560s] [ 73%] [32mBuilding CXX object CMakeFiles/test_time_source.dir/test/test_time_source.cpp.o[0m
[4.828s] [ 73%] [32m[1mLinking CXX executable test_executor[0m
[4.833s] [ 73%] [32m[1mLinking CXX executable test_duration[0m
[4.911s] [ 74%] [32m[1mLinking CXX executable test_node_global_args[0m
[4.991s] [ 75%] [32m[1mLinking CXX executable test_node_interfaces__get_node_interfaces[0m
[5.076s] [ 75%] [32m[1mLinking CXX executable test_create_timer[0m
[5.633s] [ 75%] Built target test_executor
[5.717s] [ 75%] Built target test_duration
[5.721s] [ 75%] [32m[1mLinking CXX executable test_logging[0m
[5.743s] [35m[1mScanning dependencies of target test_parameter[0m
[5.794s] [ 75%] [32mBuilding CXX object CMakeFiles/test_parameter.dir/test/test_parameter.cpp.o[0m
[5.805s] [ 75%] Built target test_node_global_args
[5.833s] [ 75%] Built target test_node_interfaces__get_node_interfaces
[5.874s] [ 75%] [32m[1mLinking CXX executable test_parameter_events_filter[0m
[5.893s] [ 75%] [32m[1mLinking CXX executable test_parameter_map[0m
[5.997s] [ 75%] [32m[1mLinking CXX executable test_loaned_message[0m
[6.331s] [ 75%] Built target test_create_timer
[6.388s] [35m[1mScanning dependencies of target test_service[0m
[6.484s] [ 75%] [32mBuilding CXX object CMakeFiles/test_service.dir/test/test_service.cpp.o[0m
[6.608s] [ 76%] Built target test_logging
[6.627s] [ 76%] [32m[1mLinking CXX executable test_intra_process_buffer[0m
[6.695s] [ 77%] [32m[1mLinking CXX executable test_rate[0m
[6.727s] [ 78%] Built target test_parameter_map
[6.781s] [35m[1mScanning dependencies of target test_publisher[0m
[6.844s] [ 79%] Built target test_parameter_events_filter
[6.853s] [ 80%] [32mBuilding CXX object CMakeFiles/test_publisher.dir/test/test_publisher.cpp.o[0m
[6.900s] [35m[1mScanning dependencies of target test_publisher_subscription_count_api[0m
[6.908s] [ 80%] Built target test_loaned_message
[6.969s] [ 81%] [32mBuilding CXX object CMakeFiles/test_publisher_subscription_count_api.dir/test/test_publisher_subscription_count_api.cpp.o[0m
[7.005s] [35m[1mScanning dependencies of target test_externally_defined_services[0m
[7.094s] [ 82%] [32mBuilding CXX object CMakeFiles/test_externally_defined_services.dir/test/test_externally_defined_services.cpp.o[0m
[7.319s] [ 82%] Built target test_intra_process_buffer
[7.320s] [ 82%] Built target test_rate
[7.335s] [35m[1mScanning dependencies of target test_serialized_message_allocator[0m
[7.388s] [ 82%] [32m[1mLinking CXX executable test_qos[0m
[7.397s] [ 82%] [32mBuilding CXX object CMakeFiles/test_serialized_message_allocator.dir/test/test_serialized_message_allocator.cpp.o[0m
[7.435s] [ 83%] [32m[1mLinking CXX executable test_find_weak_nodes[0m
[8.096s] [ 84%] Built target test_qos
[8.118s] [35m[1mScanning dependencies of target test_parameter_client[0m
[8.226s] [ 84%] [32mBuilding CXX object CMakeFiles/test_parameter_client.dir/test/test_parameter_client.cpp.o[0m
[8.270s] [ 84%] Built target test_find_weak_nodes
[8.334s] [35m[1mScanning dependencies of target test_subscription[0m
[8.452s] [ 85%] [32mBuilding CXX object CMakeFiles/test_subscription.dir/test/test_subscription.cpp.o[0m
[9.205s] [ 86%] [32m[1mLinking CXX executable test_serialized_message[0m
[9.360s] [ 87%] [32m[1mLinking CXX executable test_time_source[0m
[9.733s] [ 87%] [32m[1mLinking CXX executable test_service[0m
[10.079s] [ 88%] [32m[1mLinking CXX executable test_parameter[0m
[10.319s] [ 88%] Built target test_serialized_message
[10.366s] [35m[1mScanning dependencies of target test_time[0m
[10.520s] [ 88%] [32mBuilding CXX object CMakeFiles/test_time.dir/test/test_time.cpp.o[0m
[10.520s] [ 88%] Built target test_time_source
[10.552s] [35m[1mScanning dependencies of target test_subscription_publisher_count_api[0m
[10.594s] [ 88%] Built target test_service
[10.604s] [ 89%] [32mBuilding CXX object CMakeFiles/test_subscription_publisher_count_api.dir/test/test_subscription_publisher_count_api.cpp.o[0m
[10.671s] [35m[1mScanning dependencies of target test_timer[0m
[10.753s] [ 89%] [32mBuilding CXX object CMakeFiles/test_timer.dir/test/test_timer.cpp.o[0m
[10.767s] [ 89%] [32m[1mLinking CXX executable test_externally_defined_services[0m
[10.775s] [ 89%] Built target test_parameter
[10.873s] [ 90%] [32m[1mLinking CXX executable test_utilities[0m
[11.400s] [ 90%] [32m[1mLinking CXX executable test_publisher[0m
[11.444s] [ 90%] Built target test_externally_defined_services
[11.498s] [35m[1mScanning dependencies of target test_client[0m
[11.604s] [ 90%] [32mBuilding CXX object CMakeFiles/test_client.dir/test/test_client.cpp.o[0m
[11.953s] [ 90%] Built target test_utilities
[11.997s] [ 91%] [32m[1mLinking CXX executable test_init[0m
[12.158s] [ 91%] Built target test_publisher
[12.187s] [35m[1mScanning dependencies of target test_qos_event[0m
[12.309s] [ 91%] [32mBuilding CXX object CMakeFiles/test_qos_event.dir/test/test_qos_event.cpp.o[0m
[12.540s] [ 92%] [32m[1mLinking CXX executable test_wait_set[0m
[12.609s] [ 92%] Built target test_init
[12.661s] [ 93%] [32m[1mLinking CXX executable test_interface_traits[0m
[13.396s] [ 93%] Built target test_interface_traits
[13.457s] [35m[1mScanning dependencies of target test_multi_threaded_executor[0m
[13.525s] [ 94%] [32mBuilding CXX object CMakeFiles/test_multi_threaded_executor.dir/test/executors/test_multi_threaded_executor.cpp.o[0m
[13.750s] [ 95%] [32m[1mLinking CXX executable test_time[0m
[13.827s] [ 96%] [32m[1mLinking CXX executable test_serialized_message_allocator[0m
[13.840s] [ 96%] Built target test_wait_set
[13.884s] [35m[1mScanning dependencies of target test_node[0m
[13.935s] [ 97%] [32m[1mLinking CXX executable test_timer[0m
[13.945s] [ 97%] [32mBuilding CXX object CMakeFiles/test_node.dir/test/test_node.cpp.o[0m
[14.450s] [ 97%] Built target test_time
[14.517s] [35m[1mScanning dependencies of target test_guard_condition[0m
[14.609s] [ 97%] [32mBuilding CXX object CMakeFiles/test_guard_condition.dir/test/test_guard_condition.cpp.o[0m
[14.765s] [ 97%] Built target test_timer
[14.802s] [ 97%] Built target test_serialized_message_allocator
[14.942s] [ 97%] [32m[1mLinking CXX executable test_client[0m
[15.294s] [ 97%] Built target test_client
[15.665s] [ 97%] [32m[1mLinking CXX executable test_parameter_client[0m
[15.670s] [ 97%] [32m[1mLinking CXX executable test_subscription_topic_statistics[0m
[15.891s] [ 97%] [32m[1mLinking CXX executable test_publisher_subscription_count_api[0m
[16.538s] [ 97%] Built target test_parameter_client
[16.607s] [ 97%] Built target test_subscription_topic_statistics
[16.633s] [ 97%] [32m[1mLinking CXX executable test_multi_threaded_executor[0m
[16.799s] [ 97%] Built target test_publisher_subscription_count_api
[16.946s] [ 97%] Built target test_multi_threaded_executor
[17.364s] [ 98%] [32m[1mLinking CXX executable test_guard_condition[0m
[17.560s] [ 98%] [32m[1mLinking CXX executable test_subscription_publisher_count_api[0m
[17.765s] [ 98%] Built target test_guard_condition
[17.957s] [ 99%] [32m[1mLinking CXX executable test_qos_event[0m
[17.989s] [ 99%] Built target test_subscription_publisher_count_api
[18.266s] [ 99%] [32m[1mLinking CXX executable test_subscription[0m
[18.325s] [ 99%] Built target test_qos_event
[18.729s] [ 99%] Built target test_subscription
[22.142s] [100%] [32m[1mLinking CXX executable test_node[0m
[22.501s] [100%] Built target test_node
[22.512s] Invoked command in '/home/pengbo/rclcpp_cbg/ros2_rclcpp/build/rclcpp' returned '0': /usr/bin/cmake --build /home/pengbo/rclcpp_cbg/ros2_rclcpp/build/rclcpp -- -j12 -l12
[22.705s] Invoking command in '/home/pengbo/rclcpp_cbg/ros2_rclcpp/build/rclcpp': /usr/bin/cmake --install /home/pengbo/rclcpp_cbg/ros2_rclcpp/build/rclcpp
[22.714s] -- Install configuration: ""
[22.715s] -- Installing: /home/pengbo/rclcpp_cbg/ros2_rclcpp/install/rclcpp/lib/librclcpp.so
[22.729s] -- Set runtime path of "/home/pengbo/rclcpp_cbg/ros2_rclcpp/install/rclcpp/lib/librclcpp.so" to ""
[22.729s] -- Up-to-date: /home/pengbo/rclcpp_cbg/ros2_rclcpp/install/rclcpp/share/rclcpp/environment/library_path.sh
[22.729s] -- Up-to-date: /home/pengbo/rclcpp_cbg/ros2_rclcpp/install/rclcpp/share/rclcpp/environment/library_path.dsv
[22.730s] -- Up-to-date: /home/pengbo/rclcpp_cbg/ros2_rclcpp/build/rclcpp/test/resources
[22.730s] -- Up-to-date: /home/pengbo/rclcpp_cbg/ros2_rclcpp/build/rclcpp/test/resources/test_node
[22.730s] -- Up-to-date: /home/pengbo/rclcpp_cbg/ros2_rclcpp/build/rclcpp/test/resources/test_node/test_parameters.yaml
[22.730s] -- Up-to-date: /home/pengbo/rclcpp_cbg/ros2_rclcpp/install/rclcpp/share/ament_index/resource_index/package_run_dependencies/rclcpp
[22.730s] -- Up-to-date: /home/pengbo/rclcpp_cbg/ros2_rclcpp/install/rclcpp/share/ament_index/resource_index/parent_prefix_path/rclcpp
[22.730s] -- Up-to-date: /home/pengbo/rclcpp_cbg/ros2_rclcpp/install/rclcpp/share/rclcpp/environment/ament_prefix_path.dsv
[22.730s] -- Up-to-date: /home/pengbo/rclcpp_cbg/ros2_rclcpp/install/rclcpp/share/rclcpp/environment/path.dsv
[22.730s] -- Up-to-date: /home/pengbo/rclcpp_cbg/ros2_rclcpp/install/rclcpp/share/rclcpp/local_setup.bash
[22.730s] -- Up-to-date: /home/pengbo/rclcpp_cbg/ros2_rclcpp/install/rclcpp/share/rclcpp/local_setup.sh
[22.730s] -- Up-to-date: /home/pengbo/rclcpp_cbg/ros2_rclcpp/install/rclcpp/share/rclcpp/local_setup.zsh
[22.731s] -- Up-to-date: /home/pengbo/rclcpp_cbg/ros2_rclcpp/install/rclcpp/share/rclcpp/local_setup.dsv
[22.731s] -- Installing: /home/pengbo/rclcpp_cbg/ros2_rclcpp/install/rclcpp/share/rclcpp/package.dsv
[22.731s] -- Up-to-date: /home/pengbo/rclcpp_cbg/ros2_rclcpp/install/rclcpp/share/ament_index/resource_index/packages/rclcpp
[22.731s] -- Up-to-date: /home/pengbo/rclcpp_cbg/ros2_rclcpp/install/rclcpp/share/rclcpp/cmake/rclcppExport.cmake
[22.731s] -- Up-to-date: /home/pengbo/rclcpp_cbg/ros2_rclcpp/install/rclcpp/share/rclcpp/cmake/rclcppExport-noconfig.cmake
[22.731s] -- Up-to-date: /home/pengbo/rclcpp_cbg/ros2_rclcpp/install/rclcpp/share/rclcpp/cmake/ament_cmake_export_include_directories-extras.cmake
[22.731s] -- Up-to-date: /home/pengbo/rclcpp_cbg/ros2_rclcpp/install/rclcpp/share/rclcpp/cmake/ament_cmake_export_libraries-extras.cmake
[22.731s] -- Up-to-date: /home/pengbo/rclcpp_cbg/ros2_rclcpp/install/rclcpp/share/rclcpp/cmake/ament_cmake_export_targets-extras.cmake
[22.732s] -- Up-to-date: /home/pengbo/rclcpp_cbg/ros2_rclcpp/install/rclcpp/share/rclcpp/cmake/ament_cmake_export_dependencies-extras.cmake
[22.732s] -- Up-to-date: /home/pengbo/rclcpp_cbg/ros2_rclcpp/install/rclcpp/share/rclcpp/cmake/rosidl_cmake-extras.cmake
[22.732s] -- Up-to-date: /home/pengbo/rclcpp_cbg/ros2_rclcpp/install/rclcpp/share/rclcpp/cmake/rclcppConfig.cmake
[22.732s] -- Up-to-date: /home/pengbo/rclcpp_cbg/ros2_rclcpp/install/rclcpp/share/rclcpp/cmake/rclcppConfig-version.cmake
[22.732s] -- Up-to-date: /home/pengbo/rclcpp_cbg/ros2_rclcpp/install/rclcpp/share/rclcpp/package.xml
[22.732s] -- Up-to-date: /home/pengbo/rclcpp_cbg/ros2_rclcpp/install/rclcpp/include
[22.732s] -- Up-to-date: /home/pengbo/rclcpp_cbg/ros2_rclcpp/install/rclcpp/include/rclcpp
[22.733s] -- Up-to-date: /home/pengbo/rclcpp_cbg/ros2_rclcpp/install/rclcpp/include/rclcpp/publisher.hpp
[22.733s] -- Up-to-date: /home/pengbo/rclcpp_cbg/ros2_rclcpp/install/rclcpp/include/rclcpp/visibility_control.hpp
[22.733s] -- Up-to-date: /home/pengbo/rclcpp_cbg/ros2_rclcpp/install/rclcpp/include/rclcpp/allocator
[22.733s] -- Up-to-date: /home/pengbo/rclcpp_cbg/ros2_rclcpp/install/rclcpp/include/rclcpp/allocator/allocator_deleter.hpp
[22.733s] -- Up-to-date: /home/pengbo/rclcpp_cbg/ros2_rclcpp/install/rclcpp/include/rclcpp/allocator/allocator_common.hpp
[22.733s] -- Up-to-date: /home/pengbo/rclcpp_cbg/ros2_rclcpp/install/rclcpp/include/rclcpp/graph_listener.hpp
[22.733s] -- Up-to-date: /home/pengbo/rclcpp_cbg/ros2_rclcpp/install/rclcpp/include/rclcpp/wait_set_policies
[22.733s] -- Up-to-date: /home/pengbo/rclcpp_cbg/ros2_rclcpp/install/rclcpp/include/rclcpp/wait_set_policies/dynamic_storage.hpp
[22.733s] -- Up-to-date: /home/pengbo/rclcpp_cbg/ros2_rclcpp/install/rclcpp/include/rclcpp/wait_set_policies/detail
[22.734s] -- Up-to-date: /home/pengbo/rclcpp_cbg/ros2_rclcpp/install/rclcpp/include/rclcpp/wait_set_policies/detail/storage_policy_common.hpp
[22.734s] -- Up-to-date: /home/pengbo/rclcpp_cbg/ros2_rclcpp/install/rclcpp/include/rclcpp/wait_set_policies/detail/synchronization_policy_common.hpp
[22.734s] -- Up-to-date: /home/pengbo/rclcpp_cbg/ros2_rclcpp/install/rclcpp/include/rclcpp/wait_set_policies/detail/write_preferring_read_write_lock.hpp
[22.734s] -- Up-to-date: /home/pengbo/rclcpp_cbg/ros2_rclcpp/install/rclcpp/include/rclcpp/wait_set_policies/static_storage.hpp
[22.734s] -- Up-to-date: /home/pengbo/rclcpp_cbg/ros2_rclcpp/install/rclcpp/include/rclcpp/wait_set_policies/sequential_synchronization.hpp
[22.734s] -- Up-to-date: /home/pengbo/rclcpp_cbg/ros2_rclcpp/install/rclcpp/include/rclcpp/wait_set_policies/thread_safe_synchronization.hpp
[22.734s] -- Up-to-date: /home/pengbo/rclcpp_cbg/ros2_rclcpp/install/rclcpp/include/rclcpp/memory_strategy.hpp
[22.734s] -- Up-to-date: /home/pengbo/rclcpp_cbg/ros2_rclcpp/install/rclcpp/include/rclcpp/parameter_value.hpp
[22.734s] -- Up-to-date: /home/pengbo/rclcpp_cbg/ros2_rclcpp/install/rclcpp/include/rclcpp/parameter.hpp
[22.735s] -- Up-to-date: /home/pengbo/rclcpp_cbg/ros2_rclcpp/install/rclcpp/include/rclcpp/duration.hpp
[22.735s] -- Up-to-date: /home/pengbo/rclcpp_cbg/ros2_rclcpp/install/rclcpp/include/rclcpp/experimental
[22.735s] -- Up-to-date: /home/pengbo/rclcpp_cbg/ros2_rclcpp/install/rclcpp/include/rclcpp/experimental/subscription_intra_process.hpp
[22.735s] -- Up-to-date: /home/pengbo/rclcpp_cbg/ros2_rclcpp/install/rclcpp/include/rclcpp/experimental/subscription_intra_process_base.hpp
[22.735s] -- Up-to-date: /home/pengbo/rclcpp_cbg/ros2_rclcpp/install/rclcpp/include/rclcpp/experimental/create_intra_process_buffer.hpp
[22.735s] -- Up-to-date: /home/pengbo/rclcpp_cbg/ros2_rclcpp/install/rclcpp/include/rclcpp/experimental/executable_list.hpp
[22.735s] -- Up-to-date: /home/pengbo/rclcpp_cbg/ros2_rclcpp/install/rclcpp/include/rclcpp/experimental/README.md
[22.735s] -- Up-to-date: /home/pengbo/rclcpp_cbg/ros2_rclcpp/install/rclcpp/include/rclcpp/experimental/intra_process_manager.hpp
[22.735s] -- Up-to-date: /home/pengbo/rclcpp_cbg/ros2_rclcpp/install/rclcpp/include/rclcpp/experimental/buffers
[22.735s] -- Up-to-date: /home/pengbo/rclcpp_cbg/ros2_rclcpp/install/rclcpp/include/rclcpp/experimental/buffers/intra_process_buffer.hpp
[22.735s] -- Up-to-date: /home/pengbo/rclcpp_cbg/ros2_rclcpp/install/rclcpp/include/rclcpp/experimental/buffers/buffer_implementation_base.hpp
[22.735s] -- Up-to-date: /home/pengbo/rclcpp_cbg/ros2_rclcpp/install/rclcpp/include/rclcpp/experimental/buffers/ring_buffer_implementation.hpp
[22.735s] -- Up-to-date: /home/pengbo/rclcpp_cbg/ros2_rclcpp/install/rclcpp/include/rclcpp/node_interfaces
[22.735s] -- Up-to-date: /home/pengbo/rclcpp_cbg/ros2_rclcpp/install/rclcpp/include/rclcpp/node_interfaces/node_topics.hpp
[22.736s] -- Up-to-date: /home/pengbo/rclcpp_cbg/ros2_rclcpp/install/rclcpp/include/rclcpp/node_interfaces/node_logging_interface.hpp
[22.736s] -- Up-to-date: /home/pengbo/rclcpp_cbg/ros2_rclcpp/install/rclcpp/include/rclcpp/node_interfaces/node_graph.hpp
[22.737s] -- Up-to-date: /home/pengbo/rclcpp_cbg/ros2_rclcpp/install/rclcpp/include/rclcpp/node_interfaces/node_graph_interface.hpp
[22.737s] -- Up-to-date: /home/pengbo/rclcpp_cbg/ros2_rclcpp/install/rclcpp/include/rclcpp/node_interfaces/node_waitables_interface.hpp
[22.737s] -- Up-to-date: /home/pengbo/rclcpp_cbg/ros2_rclcpp/install/rclcpp/include/rclcpp/node_interfaces/node_time_source_interface.hpp
[22.737s] -- Up-to-date: /home/pengbo/rclcpp_cbg/ros2_rclcpp/install/rclcpp/include/rclcpp/node_interfaces/node_services.hpp
[22.738s] -- Up-to-date: /home/pengbo/rclcpp_cbg/ros2_rclcpp/install/rclcpp/include/rclcpp/node_interfaces/node_services_interface.hpp
[22.738s] -- Up-to-date: /home/pengbo/rclcpp_cbg/ros2_rclcpp/install/rclcpp/include/rclcpp/node_interfaces/node_topics_interface.hpp
[22.738s] -- Up-to-date: /home/pengbo/rclcpp_cbg/ros2_rclcpp/install/rclcpp/include/rclcpp/node_interfaces/node_base_interface.hpp
[22.738s] -- Up-to-date: /home/pengbo/rclcpp_cbg/ros2_rclcpp/install/rclcpp/include/rclcpp/node_interfaces/node_clock_interface.hpp
[22.738s] -- Up-to-date: /home/pengbo/rclcpp_cbg/ros2_rclcpp/install/rclcpp/include/rclcpp/node_interfaces/node_timers.hpp
[22.738s] -- Up-to-date: /home/pengbo/rclcpp_cbg/ros2_rclcpp/install/rclcpp/include/rclcpp/node_interfaces/node_parameters.hpp
[22.738s] -- Up-to-date: /home/pengbo/rclcpp_cbg/ros2_rclcpp/install/rclcpp/include/rclcpp/node_interfaces/node_base.hpp
[22.739s] -- Up-to-date: /home/pengbo/rclcpp_cbg/ros2_rclcpp/install/rclcpp/include/rclcpp/node_interfaces/node_clock.hpp
[22.739s] -- Up-to-date: /home/pengbo/rclcpp_cbg/ros2_rclcpp/install/rclcpp/include/rclcpp/node_interfaces/node_timers_interface.hpp
[22.739s] -- Up-to-date: /home/pengbo/rclcpp_cbg/ros2_rclcpp/install/rclcpp/include/rclcpp/node_interfaces/node_logging.hpp
[22.739s] -- Up-to-date: /home/pengbo/rclcpp_cbg/ros2_rclcpp/install/rclcpp/include/rclcpp/node_interfaces/node_time_source.hpp
[22.739s] -- Up-to-date: /home/pengbo/rclcpp_cbg/ros2_rclcpp/install/rclcpp/include/rclcpp/node_interfaces/node_waitables.hpp
[22.739s] -- Up-to-date: /home/pengbo/rclcpp_cbg/ros2_rclcpp/install/rclcpp/include/rclcpp/node_interfaces/node_parameters_interface.hpp
[22.740s] -- Up-to-date: /home/pengbo/rclcpp_cbg/ros2_rclcpp/install/rclcpp/include/rclcpp/node.hpp
[22.740s] -- Up-to-date: /home/pengbo/rclcpp_cbg/ros2_rclcpp/install/rclcpp/include/rclcpp/any_service_callback.hpp
[22.740s] -- Up-to-date: /home/pengbo/rclcpp_cbg/ros2_rclcpp/install/rclcpp/include/rclcpp/exceptions
[22.740s] -- Up-to-date: /home/pengbo/rclcpp_cbg/ros2_rclcpp/install/rclcpp/include/rclcpp/exceptions/exceptions.hpp
[22.740s] -- Up-to-date: /home/pengbo/rclcpp_cbg/ros2_rclcpp/install/rclcpp/include/rclcpp/wait_set_template.hpp
[22.740s] -- Up-to-date: /home/pengbo/rclcpp_cbg/ros2_rclcpp/install/rclcpp/include/rclcpp/subscription_options.hpp
[22.740s] -- Up-to-date: /home/pengbo/rclcpp_cbg/ros2_rclcpp/install/rclcpp/include/rclcpp/node_options.hpp
[22.741s] -- Up-to-date: /home/pengbo/rclcpp_cbg/ros2_rclcpp/install/rclcpp/include/rclcpp/type_support_decl.hpp
[22.741s] -- Up-to-date: /home/pengbo/rclcpp_cbg/ros2_rclcpp/install/rclcpp/include/rclcpp/wait_result.hpp
[22.741s] -- Up-to-date: /home/pengbo/rclcpp_cbg/ros2_rclcpp/install/rclcpp/include/rclcpp/logger.hpp
[22.741s] -- Up-to-date: /home/pengbo/rclcpp_cbg/ros2_rclcpp/install/rclcpp/include/rclcpp/qos.hpp
[22.742s] -- Up-to-date: /home/pengbo/rclcpp_cbg/ros2_rclcpp/install/rclcpp/include/rclcpp/strategies
[22.742s] -- Up-to-date: /home/pengbo/rclcpp_cbg/ros2_rclcpp/install/rclcpp/include/rclcpp/strategies/message_pool_memory_strategy.hpp
[22.742s] -- Up-to-date: /home/pengbo/rclcpp_cbg/ros2_rclcpp/install/rclcpp/include/rclcpp/strategies/allocator_memory_strategy.hpp
[22.742s] -- Up-to-date: /home/pengbo/rclcpp_cbg/ros2_rclcpp/install/rclcpp/include/rclcpp/executors
[22.742s] -- Up-to-date: /home/pengbo/rclcpp_cbg/ros2_rclcpp/install/rclcpp/include/rclcpp/executors/static_executor_entities_collector.hpp
[22.742s] -- Up-to-date: /home/pengbo/rclcpp_cbg/ros2_rclcpp/install/rclcpp/include/rclcpp/executors/multi_threaded_executor.hpp
[22.743s] -- Installing: /home/pengbo/rclcpp_cbg/ros2_rclcpp/install/rclcpp/include/rclcpp/executors/single_threaded_executor.hpp
[22.743s] -- Up-to-date: /home/pengbo/rclcpp_cbg/ros2_rclcpp/install/rclcpp/include/rclcpp/executors/static_single_threaded_executor.hpp
[22.744s] -- Up-to-date: /home/pengbo/rclcpp_cbg/ros2_rclcpp/install/rclcpp/include/rclcpp/init_options.hpp
[22.744s] -- Up-to-date: /home/pengbo/rclcpp_cbg/ros2_rclcpp/install/rclcpp/include/rclcpp/scope_exit.hpp
[22.744s] -- Up-to-date: /home/pengbo/rclcpp_cbg/ros2_rclcpp/install/rclcpp/include/rclcpp/callback_group.hpp
[22.744s] -- Up-to-date: /home/pengbo/rclcpp_cbg/ros2_rclcpp/install/rclcpp/include/rclcpp/any_executable.hpp
[22.744s] -- Up-to-date: /home/pengbo/rclcpp_cbg/ros2_rclcpp/install/rclcpp/include/rclcpp/parameter_client.hpp
[22.744s] -- Up-to-date: /home/pengbo/rclcpp_cbg/ros2_rclcpp/install/rclcpp/include/rclcpp/service.hpp
[22.745s] -- Up-to-date: /home/pengbo/rclcpp_cbg/ros2_rclcpp/install/rclcpp/include/rclcpp/macros.hpp
[22.745s] -- Up-to-date: /home/pengbo/rclcpp_cbg/ros2_rclcpp/install/rclcpp/include/rclcpp/loaned_message.hpp
[22.745s] -- Up-to-date: /home/pengbo/rclcpp_cbg/ros2_rclcpp/install/rclcpp/include/rclcpp/future_return_code.hpp
[22.745s] -- Up-to-date: /home/pengbo/rclcpp_cbg/ros2_rclcpp/install/rclcpp/include/rclcpp/detail
[22.745s] -- Up-to-date: /home/pengbo/rclcpp_cbg/ros2_rclcpp/install/rclcpp/include/rclcpp/detail/rmw_implementation_specific_payload.hpp
[22.745s] -- Up-to-date: /home/pengbo/rclcpp_cbg/ros2_rclcpp/install/rclcpp/include/rclcpp/detail/rmw_implementation_specific_publisher_payload.hpp
[22.745s] -- Up-to-date: /home/pengbo/rclcpp_cbg/ros2_rclcpp/install/rclcpp/include/rclcpp/detail/rmw_implementation_specific_subscription_payload.hpp
[22.745s] -- Up-to-date: /home/pengbo/rclcpp_cbg/ros2_rclcpp/install/rclcpp/include/rclcpp/detail/utilities.hpp
[22.746s] -- Up-to-date: /home/pengbo/rclcpp_cbg/ros2_rclcpp/install/rclcpp/include/rclcpp/detail/README.md
[22.746s] -- Up-to-date: /home/pengbo/rclcpp_cbg/ros2_rclcpp/install/rclcpp/include/rclcpp/detail/resolve_enable_topic_statistics.hpp
[22.746s] -- Up-to-date: /home/pengbo/rclcpp_cbg/ros2_rclcpp/install/rclcpp/include/rclcpp/detail/resolve_intra_process_buffer_type.hpp
[22.746s] -- Up-to-date: /home/pengbo/rclcpp_cbg/ros2_rclcpp/install/rclcpp/include/rclcpp/detail/resolve_use_intra_process.hpp
[22.747s] -- Up-to-date: /home/pengbo/rclcpp_cbg/ros2_rclcpp/install/rclcpp/include/rclcpp/timer.hpp
[22.747s] -- Up-to-date: /home/pengbo/rclcpp_cbg/ros2_rclcpp/install/rclcpp/include/rclcpp/serialized_message.hpp
[22.747s] -- Up-to-date: /home/pengbo/rclcpp_cbg/ros2_rclcpp/install/rclcpp/include/rclcpp/rate.hpp
[22.748s] -- Up-to-date: /home/pengbo/rclcpp_cbg/ros2_rclcpp/install/rclcpp/include/rclcpp/wait_set.hpp
[22.748s] -- Up-to-date: /home/pengbo/rclcpp_cbg/ros2_rclcpp/install/rclcpp/include/rclcpp/subscription_traits.hpp
[22.748s] -- Up-to-date: /home/pengbo/rclcpp_cbg/ros2_rclcpp/install/rclcpp/include/rclcpp/parameter_map.hpp
[22.748s] -- Up-to-date: /home/pengbo/rclcpp_cbg/ros2_rclcpp/install/rclcpp/include/rclcpp/topic_statistics_state.hpp
[22.748s] -- Up-to-date: /home/pengbo/rclcpp_cbg/ros2_rclcpp/install/rclcpp/include/rclcpp/time_source.hpp
[22.748s] -- Up-to-date: /home/pengbo/rclcpp_cbg/ros2_rclcpp/install/rclcpp/include/rclcpp/wait_result_kind.hpp
[22.749s] -- Up-to-date: /home/pengbo/rclcpp_cbg/ros2_rclcpp/install/rclcpp/include/rclcpp/serialization.hpp
[22.749s] -- Up-to-date: /home/pengbo/rclcpp_cbg/ros2_rclcpp/install/rclcpp/include/rclcpp/memory_strategies.hpp
[22.749s] -- Up-to-date: /home/pengbo/rclcpp_cbg/ros2_rclcpp/install/rclcpp/include/rclcpp/context.hpp
[22.750s] -- Up-to-date: /home/pengbo/rclcpp_cbg/ros2_rclcpp/install/rclcpp/include/rclcpp/function_traits.hpp
[22.750s] -- Up-to-date: /home/pengbo/rclcpp_cbg/ros2_rclcpp/install/rclcpp/include/rclcpp/executors.hpp
[22.750s] -- Up-to-date: /home/pengbo/rclcpp_cbg/ros2_rclcpp/install/rclcpp/include/rclcpp/create_publisher.hpp
[22.751s] -- Up-to-date: /home/pengbo/rclcpp_cbg/ros2_rclcpp/install/rclcpp/include/rclcpp/subscription_factory.hpp
[22.751s] -- Up-to-date: /home/pengbo/rclcpp_cbg/ros2_rclcpp/install/rclcpp/include/rclcpp/executor.hpp
[22.751s] -- Up-to-date: /home/pengbo/rclcpp_cbg/ros2_rclcpp/install/rclcpp/include/rclcpp/clock.hpp
[22.751s] -- Up-to-date: /home/pengbo/rclcpp_cbg/ros2_rclcpp/install/rclcpp/include/rclcpp/intra_process_setting.hpp
[22.751s] -- Up-to-date: /home/pengbo/rclcpp_cbg/ros2_rclcpp/install/rclcpp/include/rclcpp/utilities.hpp
[22.752s] -- Up-to-date: /home/pengbo/rclcpp_cbg/ros2_rclcpp/install/rclcpp/include/rclcpp/publisher_options.hpp
[22.752s] -- Up-to-date: /home/pengbo/rclcpp_cbg/ros2_rclcpp/install/rclcpp/include/rclcpp/guard_condition.hpp
[22.752s] -- Up-to-date: /home/pengbo/rclcpp_cbg/ros2_rclcpp/install/rclcpp/include/rclcpp/contexts
[22.753s] -- Up-to-date: /home/pengbo/rclcpp_cbg/ros2_rclcpp/install/rclcpp/include/rclcpp/contexts/default_context.hpp
[22.753s] -- Up-to-date: /home/pengbo/rclcpp_cbg/ros2_rclcpp/install/rclcpp/include/rclcpp/time.hpp
[22.753s] -- Up-to-date: /home/pengbo/rclcpp_cbg/ros2_rclcpp/install/rclcpp/include/rclcpp/create_timer.hpp
[22.753s] -- Up-to-date: /home/pengbo/rclcpp_cbg/ros2_rclcpp/install/rclcpp/include/rclcpp/intra_process_buffer_type.hpp
[22.754s] -- Up-to-date: /home/pengbo/rclcpp_cbg/ros2_rclcpp/install/rclcpp/include/rclcpp/publisher_factory.hpp
[22.754s] -- Up-to-date: /home/pengbo/rclcpp_cbg/ros2_rclcpp/install/rclcpp/include/rclcpp/subscription.hpp
[22.754s] -- Up-to-date: /home/pengbo/rclcpp_cbg/ros2_rclcpp/install/rclcpp/include/rclcpp/expand_topic_or_service_name.hpp
[22.754s] -- Up-to-date: /home/pengbo/rclcpp_cbg/ros2_rclcpp/install/rclcpp/include/rclcpp/create_service.hpp
[22.755s] -- Up-to-date: /home/pengbo/rclcpp_cbg/ros2_rclcpp/install/rclcpp/include/rclcpp/event.hpp
[22.755s] -- Up-to-date: /home/pengbo/rclcpp_cbg/ros2_rclcpp/install/rclcpp/include/rclcpp/create_subscription.hpp
[22.755s] -- Up-to-date: /home/pengbo/rclcpp_cbg/ros2_rclcpp/install/rclcpp/include/rclcpp/executor_options.hpp
[22.756s] -- Up-to-date: /home/pengbo/rclcpp_cbg/ros2_rclcpp/install/rclcpp/include/rclcpp/publisher_base.hpp
[22.756s] -- Up-to-date: /home/pengbo/rclcpp_cbg/ros2_rclcpp/install/rclcpp/include/rclcpp/message_memory_strategy.hpp
[22.756s] -- Up-to-date: /home/pengbo/rclcpp_cbg/ros2_rclcpp/install/rclcpp/include/rclcpp/subscription_wait_set_mask.hpp
[22.756s] -- Up-to-date: /home/pengbo/rclcpp_cbg/ros2_rclcpp/install/rclcpp/include/rclcpp/message_info.hpp
[22.757s] -- Up-to-date: /home/pengbo/rclcpp_cbg/ros2_rclcpp/install/rclcpp/include/rclcpp/parameter_service.hpp
[22.757s] -- Up-to-date: /home/pengbo/rclcpp_cbg/ros2_rclcpp/install/rclcpp/include/rclcpp/subscription_base.hpp
[22.757s] -- Up-to-date: /home/pengbo/rclcpp_cbg/ros2_rclcpp/install/rclcpp/include/rclcpp/exceptions.hpp
[22.758s] -- Up-to-date: /home/pengbo/rclcpp_cbg/ros2_rclcpp/install/rclcpp/include/rclcpp/create_client.hpp
[22.758s] -- Up-to-date: /home/pengbo/rclcpp_cbg/ros2_rclcpp/install/rclcpp/include/rclcpp/any_subscription_callback.hpp
[22.758s] -- Up-to-date: /home/pengbo/rclcpp_cbg/ros2_rclcpp/install/rclcpp/include/rclcpp/topic_statistics
[22.758s] -- Up-to-date: /home/pengbo/rclcpp_cbg/ros2_rclcpp/install/rclcpp/include/rclcpp/topic_statistics/subscription_topic_statistics.hpp
[22.758s] -- Up-to-date: /home/pengbo/rclcpp_cbg/ros2_rclcpp/install/rclcpp/include/rclcpp/waitable.hpp
[22.758s] -- Up-to-date: /home/pengbo/rclcpp_cbg/ros2_rclcpp/install/rclcpp/include/rclcpp/rclcpp.hpp
[22.759s] -- Up-to-date: /home/pengbo/rclcpp_cbg/ros2_rclcpp/install/rclcpp/include/rclcpp/parameter_events_filter.hpp
[22.759s] -- Up-to-date: /home/pengbo/rclcpp_cbg/ros2_rclcpp/install/rclcpp/include/rclcpp/qos_event.hpp
[22.759s] -- Up-to-date: /home/pengbo/rclcpp_cbg/ros2_rclcpp/install/rclcpp/include/rclcpp/node_impl.hpp
[22.759s] -- Up-to-date: /home/pengbo/rclcpp_cbg/ros2_rclcpp/install/rclcpp/include/rclcpp/client.hpp
[22.759s] -- Up-to-date: /home/pengbo/rclcpp_cbg/ros2_rclcpp/install/rclcpp/include
[22.759s] -- Up-to-date: /home/pengbo/rclcpp_cbg/ros2_rclcpp/install/rclcpp/include/rclcpp
[22.759s] -- Up-to-date: /home/pengbo/rclcpp_cbg/ros2_rclcpp/install/rclcpp/include/rclcpp/node_interfaces
[22.759s] -- Up-to-date: /home/pengbo/rclcpp_cbg/ros2_rclcpp/install/rclcpp/include/rclcpp/node_interfaces/get_node_services_interface.hpp
[22.760s] -- Up-to-date: /home/pengbo/rclcpp_cbg/ros2_rclcpp/install/rclcpp/include/rclcpp/node_interfaces/node_services_interface_traits.hpp
[22.760s] -- Up-to-date: /home/pengbo/rclcpp_cbg/ros2_rclcpp/install/rclcpp/include/rclcpp/node_interfaces/node_graph_interface_traits.hpp
[22.760s] -- Up-to-date: /home/pengbo/rclcpp_cbg/ros2_rclcpp/install/rclcpp/include/rclcpp/node_interfaces/get_node_timers_interface.hpp
[22.760s] -- Up-to-date: /home/pengbo/rclcpp_cbg/ros2_rclcpp/install/rclcpp/include/rclcpp/node_interfaces/get_node_time_source_interface.hpp
[22.760s] -- Up-to-date: /home/pengbo/rclcpp_cbg/ros2_rclcpp/install/rclcpp/include/rclcpp/node_interfaces/node_waitables_interface_traits.hpp
[22.760s] -- Up-to-date: /home/pengbo/rclcpp_cbg/ros2_rclcpp/install/rclcpp/include/rclcpp/node_interfaces/get_node_clock_interface.hpp
[22.760s] -- Up-to-date: /home/pengbo/rclcpp_cbg/ros2_rclcpp/install/rclcpp/include/rclcpp/node_interfaces/get_node_topics_interface.hpp
[22.760s] -- Up-to-date: /home/pengbo/rclcpp_cbg/ros2_rclcpp/install/rclcpp/include/rclcpp/node_interfaces/get_node_logging_interface.hpp
[22.760s] -- Up-to-date: /home/pengbo/rclcpp_cbg/ros2_rclcpp/install/rclcpp/include/rclcpp/node_interfaces/get_node_parameters_interface.hpp
[22.760s] -- Up-to-date: /home/pengbo/rclcpp_cbg/ros2_rclcpp/install/rclcpp/include/rclcpp/node_interfaces/node_parameters_interface_traits.hpp
[22.760s] -- Up-to-date: /home/pengbo/rclcpp_cbg/ros2_rclcpp/install/rclcpp/include/rclcpp/node_interfaces/node_timers_interface_traits.hpp
[22.760s] -- Up-to-date: /home/pengbo/rclcpp_cbg/ros2_rclcpp/install/rclcpp/include/rclcpp/node_interfaces/node_base_interface_traits.hpp
[22.760s] -- Up-to-date: /home/pengbo/rclcpp_cbg/ros2_rclcpp/install/rclcpp/include/rclcpp/node_interfaces/get_node_graph_interface.hpp
[22.760s] -- Up-to-date: /home/pengbo/rclcpp_cbg/ros2_rclcpp/install/rclcpp/include/rclcpp/node_interfaces/node_topics_interface_traits.hpp
[22.761s] -- Up-to-date: /home/pengbo/rclcpp_cbg/ros2_rclcpp/install/rclcpp/include/rclcpp/node_interfaces/node_logging_interface_traits.hpp
[22.761s] -- Up-to-date: /home/pengbo/rclcpp_cbg/ros2_rclcpp/install/rclcpp/include/rclcpp/node_interfaces/node_clock_interface_traits.hpp
[22.761s] -- Up-to-date: /home/pengbo/rclcpp_cbg/ros2_rclcpp/install/rclcpp/include/rclcpp/node_interfaces/get_node_base_interface.hpp
[22.761s] -- Up-to-date: /home/pengbo/rclcpp_cbg/ros2_rclcpp/install/rclcpp/include/rclcpp/node_interfaces/get_node_waitables_interface.hpp
[22.761s] -- Up-to-date: /home/pengbo/rclcpp_cbg/ros2_rclcpp/install/rclcpp/include/rclcpp/node_interfaces/node_time_source_interface_traits.hpp
[22.761s] -- Up-to-date: /home/pengbo/rclcpp_cbg/ros2_rclcpp/install/rclcpp/include/rclcpp/logging.hpp
[22.761s] Invoked command in '/home/pengbo/rclcpp_cbg/ros2_rclcpp/build/rclcpp' returned '0': /usr/bin/cmake --install /home/pengbo/rclcpp_cbg/ros2_rclcpp/build/rclcpp
