-- The C compiler identification is GNU 9.3.0
-- The CXX compiler identification is GNU 9.3.0
-- Check for working C compiler: /usr/bin/cc
-- Check for working C compiler: /usr/bin/cc -- works
-- Detecting C compiler ABI info
-- Detecting C compiler ABI info - done
-- Detecting C compile features
-- Detecting C compile features - done
-- Check for working CXX compiler: /usr/bin/c++
-- Check for working CXX compiler: /usr/bin/c++ -- works
-- Detecting CXX compiler ABI info
-- Detecting CXX compiler ABI info - done
-- Detecting CXX compile features
-- Detecting CXX compile features - done
-- Found ament_cmake_ros: 0.9.0 (/home/pengbo/ros2_foxy/install/ament_cmake_ros/share/ament_cmake_ros/cmake)
-- Found PythonInterp: /usr/bin/python3 (found suitable version "3.8.5", minimum required is "3") 
-- Using PYTHON_EXECUTABLE: /usr/bin/python3
-- Found builtin_interfaces: 1.0.0 (/home/pengbo/ros2_foxy/install/builtin_interfaces/share/builtin_interfaces/cmake)
-- Using all available rosidl_typesupport_c: rosidl_typesupport_introspection_c;rosidl_typesupport_fastrtps_c
-- Found rosidl_adapter: 1.1.0 (/home/pengbo/ros2_foxy/install/rosidl_adapter/share/rosidl_adapter/cmake)
-- Found FastRTPS: /home/pengbo/ros2_foxy/install/fastrtps/include  
-- Using all available rosidl_typesupport_cpp: rosidl_typesupport_introspection_cpp;rosidl_typesupport_fastrtps_cpp
-- Found libstatistics_collector: 1.0.1 (/home/pengbo/ros2_foxy/install/libstatistics_collector/share/libstatistics_collector/cmake)
-- Found rmw_implementation_cmake: 1.0.2 (/home/pengbo/ros2_foxy/install/rmw_implementation_cmake/share/rmw_implementation_cmake/cmake)
-- Using RMW implementation 'rmw_fastrtps_cpp' as default
-- Looking for pthread.h
-- Looking for pthread.h - found
-- Performing Test CMAKE_HAVE_LIBC_PTHREAD
-- Performing Test CMAKE_HAVE_LIBC_PTHREAD - Failed
-- Looking for pthread_create in pthreads
-- Looking for pthread_create in pthreads - not found
-- Looking for pthread_create in pthread
-- Looking for pthread_create in pthread - found
-- Found Threads: TRUE  
-- Found rosgraph_msgs: 1.0.0 (/home/pengbo/ros2_foxy/install/rosgraph_msgs/share/rosgraph_msgs/cmake)
-- Found ament_lint_auto: 0.9.5 (/home/pengbo/ros2_foxy/install/ament_lint_auto/share/ament_lint_auto/cmake)
-- Found PythonInterp: /usr/bin/python3 (found version "3.8.5") 
-- Using all available rosidl_typesupport_c: rosidl_typesupport_introspection_c;rosidl_typesupport_fastrtps_c
-- Using all available rosidl_typesupport_cpp: rosidl_typesupport_introspection_cpp;rosidl_typesupport_fastrtps_cpp
-- Found PythonInterp: /usr/bin/python3 (found suitable version "3.8.5", minimum required is "3.5") 
-- Found python_cmake_module: 0.8.0 (/home/pengbo/ros2_foxy/install/python_cmake_module/share/python_cmake_module/cmake)
-- Found PythonLibs: /usr/lib/x86_64-linux-gnu/libpython3.8.so (found suitable version "3.8.5", minimum required is "3.5") 
-- Using PYTHON_EXECUTABLE: /usr/bin/python3
-- Using PYTHON_INCLUDE_DIRS: /usr/include/python3.8
-- Using PYTHON_LIBRARIES: /usr/lib/x86_64-linux-gnu/libpython3.8.so
-- Found PythonExtra: .so  
-- Found gtest sources under '/home/pengbo/ros2_foxy/install/gtest_vendor/src/gtest_vendor': C++ tests using 'Google Test' will be built
-- Check if compiler accepts -pthread
-- Check if compiler accepts -pthread - yes
-- Found gmock sources under '/home/pengbo/ros2_foxy/install/gmock_vendor/src/gmock_vendor': C++ tests using 'Google Mock' will be built
-- Added test 'copyright' to check source files copyright and LICENSE
-- Added test 'cppcheck' to perform static code analysis on C / C++ code
-- Configured cppcheck include dirs: $<BUILD_INTERFACE:/home/pengbo/rclcpp_cbg/ros2_rclcpp/rclcpp/include>;/home/pengbo/rclcpp_cbg/ros2_rclcpp/rclcpp/test/;/home/pengbo/rclcpp_cbg/ros2_rclcpp/rclcpp/include
-- Configured cppcheck exclude dirs and/or files: 
-- Added test 'cpplint' to check C / C++ code against the Google style
-- Configured cpplint exclude dirs and/or files: 
-- Added test 'flake8' to check Python code syntax and style conventions
-- Added test 'lint_cmake' to check CMake code style
-- Added test 'pep257' to check Python code against some of the style conventions in PEP 257
-- Added test 'uncrustify' to check C / C++ code style
-- Configured uncrustify additional arguments: 
-- Added test 'xmllint' to check XML markup files
-- Configuring done
-- Generating done
-- Build files have been written to: /home/pengbo/rclcpp_cbg/ros2_rclcpp/build/rclcpp
[35m[1mScanning dependencies of target rclcpp_test_msgs__cpp[0m
[35m[1mScanning dependencies of target gtest_main[0m
[35m[1mScanning dependencies of target gmock_main[0m
[35m[1mScanning dependencies of target gmock[0m
[35m[1mScanning dependencies of target gtest[0m
[  0%] [34m[1mGenerating C code for ROS interfaces[0m
[  0%] [34m[1mExpanding get_interface.hpp.em into get_/home/pengbo/rclcpp_cbg/ros2_rclcpp/rclcpp/include/rclcpp/node_interfaces/node_waitables_interface.hpp.hpp[0m
[  0%] [34m[1mExpanding logging.hpp.em[0m
[  0%] [34m[1mExpanding interface_traits.hpp.em into node_clock_interface_traits.hpp[0m
[  0%] [34m[1mExpanding get_interface.hpp.em into get_/home/pengbo/rclcpp_cbg/ros2_rclcpp/rclcpp/include/rclcpp/node_interfaces/node_base_interface.hpp.hpp[0m
[  1%] [34m[1mExpanding interface_traits.hpp.em into node_base_interface_traits.hpp[0m
[  2%] [34m[1mExpanding get_interface.hpp.em into get_/home/pengbo/rclcpp_cbg/ros2_rclcpp/rclcpp/include/rclcpp/node_interfaces/node_clock_interface.hpp.hpp[0m
[  2%] [34m[1mGenerating C++ code for ROS interfaces[0m
[  2%] [32mBuilding CXX object gtest/CMakeFiles/gtest.dir/src/gtest-all.cc.o[0m
[  2%] [32mBuilding CXX object gtest/CMakeFiles/gtest_main.dir/src/gtest_main.cc.o[0m
[  2%] [32mBuilding CXX object gmock/CMakeFiles/gmock.dir/home/pengbo/ros2_foxy/install/gtest_vendor/src/gtest_vendor/src/gtest-all.cc.o[0m
[  2%] [32mBuilding CXX object gmock/CMakeFiles/gmock_main.dir/src/gmock_main.cc.o[0m
[  2%] [34m[1mExpanding interface_traits.hpp.em into node_graph_interface_traits.hpp[0m
[  2%] [34m[1mExpanding interface_traits.hpp.em into node_logging_interface_traits.hpp[0m
[  3%] [34m[1mExpanding get_interface.hpp.em into get_/home/pengbo/rclcpp_cbg/ros2_rclcpp/rclcpp/include/rclcpp/node_interfaces/node_logging_interface.hpp.hpp[0m
[  4%] [34m[1mExpanding get_interface.hpp.em into get_/home/pengbo/rclcpp_cbg/ros2_rclcpp/rclcpp/include/rclcpp/node_interfaces/node_graph_interface.hpp.hpp[0m
[  4%] [34m[1mExpanding interface_traits.hpp.em into node_parameters_interface_traits.hpp[0m
[  5%] [34m[1mExpanding get_interface.hpp.em into get_/home/pengbo/rclcpp_cbg/ros2_rclcpp/rclcpp/include/rclcpp/node_interfaces/node_parameters_interface.hpp.hpp[0m
[  5%] [34m[1mExpanding interface_traits.hpp.em into node_services_interface_traits.hpp[0m
[  6%] [34m[1mExpanding get_interface.hpp.em into get_/home/pengbo/rclcpp_cbg/ros2_rclcpp/rclcpp/include/rclcpp/node_interfaces/node_services_interface.hpp.hpp[0m
[  6%] [34m[1mExpanding interface_traits.hpp.em into node_time_source_interface_traits.hpp[0m
[  6%] [34m[1mExpanding get_interface.hpp.em into get_/home/pengbo/rclcpp_cbg/ros2_rclcpp/rclcpp/include/rclcpp/node_interfaces/node_time_source_interface.hpp.hpp[0m
[  6%] [32mBuilding CXX object gmock/CMakeFiles/gmock.dir/src/gmock-all.cc.o[0m
[35m[1mScanning dependencies of target rclcpp_test_msgs__rosidl_generator_c[0m
[  7%] [34m[1mExpanding interface_traits.hpp.em into node_timers_interface_traits.hpp[0m
[  7%] Built target rclcpp_test_msgs__cpp
[  7%] [34m[1mExpanding get_interface.hpp.em into get_/home/pengbo/rclcpp_cbg/ros2_rclcpp/rclcpp/include/rclcpp/node_interfaces/node_timers_interface.hpp.hpp[0m
[  8%] [34m[1mExpanding interface_traits.hpp.em into node_topics_interface_traits.hpp[0m
[  9%] [34m[1mGenerating C++ type support dispatch for ROS interfaces[0m
[ 10%] [32mBuilding C object CMakeFiles/rclcpp_test_msgs__rosidl_generator_c.dir/rosidl_generator_c/rclcpp/msg/detail/header__functions.c.o[0m
[ 10%] [34m[1mExpanding get_interface.hpp.em into get_/home/pengbo/rclcpp_cbg/ros2_rclcpp/rclcpp/include/rclcpp/node_interfaces/node_topics_interface.hpp.hpp[0m
[ 11%] [34m[1mExpanding interface_traits.hpp.em into node_waitables_interface_traits.hpp[0m
[ 12%] [32m[1mLinking CXX static library libgtest_main.a[0m
[ 12%] [32mBuilding C object CMakeFiles/rclcpp_test_msgs__rosidl_generator_c.dir/rosidl_generator_c/rclcpp/msg/detail/message_with_header__functions.c.o[0m
[ 13%] [32m[1mLinking CXX static library libgmock_main.a[0m
[ 13%] [34m[1mGenerating C++ introspection for ROS interfaces[0m
[ 14%] [34m[1mGenerating C++ type support for eProsima Fast-RTPS[0m
[ 15%] [32m[1mLinking C shared library librclcpp__rosidl_generator_c.so[0m
[ 15%] Built target gtest_main
[ 15%] Built target gmock_main
[ 15%] Built target rclcpp_test_msgs__rosidl_generator_c
[35m[1mScanning dependencies of target rclcpp[0m
[ 15%] [34m[1mGenerating C introspection for ROS interfaces[0m
[ 15%] [34m[1mGenerating C type support dispatch for ROS interfaces[0m
[35m[1mScanning dependencies of target rclcpp_test_msgs__rosidl_typesupport_cpp[0m
[ 15%] [32mBuilding CXX object CMakeFiles/rclcpp_test_msgs__rosidl_typesupport_cpp.dir/rosidl_typesupport_cpp/rclcpp/msg/header__type_support.cpp.o[0m
[ 16%] [32mBuilding CXX object CMakeFiles/rclcpp_test_msgs__rosidl_typesupport_cpp.dir/rosidl_typesupport_cpp/rclcpp/msg/message_with_header__type_support.cpp.o[0m
[ 17%] [32mBuilding CXX object CMakeFiles/rclcpp.dir/src/rclcpp/client.cpp.o[0m
[ 18%] [32mBuilding CXX object CMakeFiles/rclcpp.dir/src/rclcpp/any_executable.cpp.o[0m
[ 18%] [32mBuilding CXX object CMakeFiles/rclcpp.dir/src/rclcpp/callback_group.cpp.o[0m
[ 18%] [32mBuilding CXX object CMakeFiles/rclcpp.dir/src/rclcpp/clock.cpp.o[0m
[35m[1mScanning dependencies of target rclcpp_test_msgs__rosidl_typesupport_fastrtps_cpp[0m
[ 18%] [32m[1mLinking CXX shared library librclcpp__rosidl_typesupport_cpp.so[0m
[35m[1mScanning dependencies of target rclcpp_test_msgs__rosidl_typesupport_c[0m
[35m[1mScanning dependencies of target rclcpp_test_msgs__rosidl_typesupport_introspection_cpp[0m
[ 18%] [32mBuilding CXX object CMakeFiles/rclcpp_test_msgs__rosidl_typesupport_fastrtps_cpp.dir/rosidl_typesupport_fastrtps_cpp/rclcpp/msg/detail/dds_fastrtps/header__type_support.cpp.o[0m
[ 19%] [32mBuilding CXX object CMakeFiles/rclcpp_test_msgs__rosidl_typesupport_c.dir/rosidl_typesupport_c/rclcpp/msg/header__type_support.cpp.o[0m
[ 20%] [32mBuilding CXX object CMakeFiles/rclcpp_test_msgs__rosidl_typesupport_introspection_cpp.dir/rosidl_typesupport_introspection_cpp/rclcpp/msg/detail/header__type_support.cpp.o[0m
[ 20%] Built target rclcpp_test_msgs__rosidl_typesupport_cpp
[ 20%] [32mBuilding CXX object CMakeFiles/rclcpp_test_msgs__rosidl_typesupport_c.dir/rosidl_typesupport_c/rclcpp/msg/message_with_header__type_support.cpp.o[0m
[ 20%] [32mBuilding CXX object CMakeFiles/rclcpp.dir/src/rclcpp/context.cpp.o[0m
[ 20%] [32m[1mLinking CXX shared library librclcpp__rosidl_typesupport_c.so[0m
[35m[1mScanning dependencies of target rclcpp_test_msgs__rosidl_typesupport_introspection_c[0m
[ 20%] Built target rclcpp_test_msgs__rosidl_typesupport_c
[ 21%] [32mBuilding C object CMakeFiles/rclcpp_test_msgs__rosidl_typesupport_introspection_c.dir/rosidl_typesupport_introspection_c/rclcpp/msg/detail/header__type_support.c.o[0m
[ 21%] [32mBuilding CXX object CMakeFiles/rclcpp_test_msgs__rosidl_typesupport_fastrtps_cpp.dir/rosidl_typesupport_fastrtps_cpp/rclcpp/msg/detail/dds_fastrtps/message_with_header__type_support.cpp.o[0m
[ 21%] [32mBuilding CXX object CMakeFiles/rclcpp_test_msgs__rosidl_typesupport_introspection_cpp.dir/rosidl_typesupport_introspection_cpp/rclcpp/msg/detail/message_with_header__type_support.cpp.o[0m
[ 21%] [32mBuilding C object CMakeFiles/rclcpp_test_msgs__rosidl_typesupport_introspection_c.dir/rosidl_typesupport_introspection_c/rclcpp/msg/detail/message_with_header__type_support.c.o[0m
[ 22%] [32mBuilding CXX object CMakeFiles/rclcpp.dir/src/rclcpp/contexts/default_context.cpp.o[0m
[ 23%] [32m[1mLinking C shared library librclcpp__rosidl_typesupport_introspection_c.so[0m
[ 23%] [32mBuilding CXX object CMakeFiles/rclcpp.dir/src/rclcpp/detail/rmw_implementation_specific_payload.cpp.o[0m
[ 24%] [32mBuilding CXX object CMakeFiles/rclcpp.dir/src/rclcpp/detail/rmw_implementation_specific_publisher_payload.cpp.o[0m
[ 24%] Built target rclcpp_test_msgs__rosidl_typesupport_introspection_c
[ 24%] [32mBuilding CXX object CMakeFiles/rclcpp.dir/src/rclcpp/detail/rmw_implementation_specific_subscription_payload.cpp.o[0m
[ 25%] [32mBuilding CXX object CMakeFiles/rclcpp.dir/src/rclcpp/detail/utilities.cpp.o[0m
[ 25%] [32mBuilding CXX object CMakeFiles/rclcpp.dir/src/rclcpp/duration.cpp.o[0m
[ 26%] [32m[1mLinking CXX shared library librclcpp__rosidl_typesupport_introspection_cpp.so[0m
[ 27%] [32mBuilding CXX object CMakeFiles/rclcpp.dir/src/rclcpp/event.cpp.o[0m
[ 28%] [32m[1mLinking CXX shared library librclcpp__rosidl_typesupport_fastrtps_cpp.so[0m
[ 28%] [32mBuilding CXX object CMakeFiles/rclcpp.dir/src/rclcpp/exceptions/exceptions.cpp.o[0m
[ 28%] Built target rclcpp_test_msgs__rosidl_typesupport_introspection_cpp
[ 29%] [32mBuilding CXX object CMakeFiles/rclcpp.dir/src/rclcpp/executor.cpp.o[0m
[ 29%] Built target rclcpp_test_msgs__rosidl_typesupport_fastrtps_cpp
[ 29%] [32mBuilding CXX object CMakeFiles/rclcpp.dir/src/rclcpp/executors.cpp.o[0m
[ 29%] [32mBuilding CXX object CMakeFiles/rclcpp.dir/src/rclcpp/expand_topic_or_service_name.cpp.o[0m
[ 30%] [34m[1mGenerating C type support for eProsima Fast-RTPS[0m
[ 31%] [32mBuilding CXX object CMakeFiles/rclcpp.dir/src/rclcpp/executors/multi_threaded_executor.cpp.o[0m
[ 31%] [32mBuilding CXX object CMakeFiles/rclcpp.dir/src/rclcpp/executors/single_threaded_executor.cpp.o[0m
[ 32%] [32mBuilding CXX object CMakeFiles/rclcpp.dir/src/rclcpp/future_return_code.cpp.o[0m
[ 32%] [32mBuilding CXX object CMakeFiles/rclcpp.dir/src/rclcpp/graph_listener.cpp.o[0m
[ 33%] [32mBuilding CXX object CMakeFiles/rclcpp.dir/src/rclcpp/guard_condition.cpp.o[0m
[ 34%] [32m[1mLinking CXX static library libgtest.a[0m
[ 34%] [32mBuilding CXX object CMakeFiles/rclcpp.dir/src/rclcpp/init_options.cpp.o[0m
[ 35%] [32m[1mLinking CXX static library libgmock.a[0m
[ 36%] [32mBuilding CXX object CMakeFiles/rclcpp.dir/src/rclcpp/intra_process_manager.cpp.o[0m
[ 36%] Built target gtest
[35m[1mScanning dependencies of target test_function_traits[0m
[ 36%] [32mBuilding CXX object CMakeFiles/test_function_traits.dir/test/test_function_traits.cpp.o[0m
[35m[1mScanning dependencies of target rclcpp_test_msgs__rosidl_typesupport_fastrtps_c[0m
[ 36%] Built target gmock
[ 36%] [32mBuilding CXX object CMakeFiles/rclcpp.dir/src/rclcpp/logger.cpp.o[0m
[ 36%] [32mBuilding CXX object CMakeFiles/rclcpp_test_msgs__rosidl_typesupport_fastrtps_c.dir/rosidl_typesupport_fastrtps_c/rclcpp/msg/detail/header__type_support_c.cpp.o[0m
[ 37%] [32mBuilding CXX object CMakeFiles/rclcpp.dir/src/rclcpp/logging_mutex.cpp.o[0m
[ 37%] [32mBuilding CXX object CMakeFiles/rclcpp.dir/src/rclcpp/memory_strategies.cpp.o[0m
[ 37%] [32mBuilding CXX object CMakeFiles/rclcpp.dir/src/rclcpp/memory_strategy.cpp.o[0m
[ 38%] [32mBuilding CXX object CMakeFiles/rclcpp_test_msgs__rosidl_typesupport_fastrtps_c.dir/rosidl_typesupport_fastrtps_c/rclcpp/msg/detail/message_with_header__type_support_c.cpp.o[0m
[ 39%] [32mBuilding CXX object CMakeFiles/rclcpp.dir/src/rclcpp/message_info.cpp.o[0m
[ 40%] [32m[1mLinking CXX executable test_function_traits[0m
[ 40%] [32m[1mLinking CXX shared library librclcpp__rosidl_typesupport_fastrtps_c.so[0m
[ 40%] Built target rclcpp_test_msgs__rosidl_typesupport_fastrtps_c
[ 40%] Built target test_function_traits
[35m[1mScanning dependencies of target rclcpp_test_msgs[0m
[ 40%] Built target rclcpp_test_msgs
[35m[1mScanning dependencies of target rclcpp_test_msgs__py[0m
[ 40%] [34m[1mGenerating Python code for ROS interfaces[0m
[ 40%] Built target rclcpp_test_msgs__py
[35m[1mScanning dependencies of target rclcpp_test_msgs__python[0m
[ 41%] [32mBuilding C object CMakeFiles/rclcpp_test_msgs__python.dir/rosidl_generator_py/rclcpp/msg/_header_s.c.o[0m
[ 41%] [32mBuilding C object CMakeFiles/rclcpp_test_msgs__python.dir/rosidl_generator_py/rclcpp/msg/_message_with_header_s.c.o[0m
[ 42%] [32m[1mLinking C shared library rosidl_generator_py/rclcpp/librclcpp_test_msgs__python.so[0m
[ 42%] Built target rclcpp_test_msgs__python
