[  1%] Built target gtest
[  3%] Built target gmock_main
[  3%] Built target gtest_main
[  4%] Built target gmock
[  6%] Built target rclcpp_test_msgs__rosidl_generator_c
[  6%] Built target rclcpp_test_msgs__cpp
[35m[1mScanning dependencies of target rclcpp[0m
[  7%] Built target test_function_traits
[  9%] Built target rclcpp_test_msgs__rosidl_typesupport_introspection_c
[ 10%] Built target rclcpp_test_msgs__rosidl_typesupport_c
[ 12%] Built target rclcpp_test_msgs__rosidl_typesupport_introspection_cpp
[ 14%] Built target rclcpp_test_msgs__rosidl_typesupport_cpp
[ 16%] Built target rclcpp_test_msgs__rosidl_typesupport_fastrtps_cpp
[ 18%] Built target rclcpp_test_msgs__rosidl_typesupport_fastrtps_c
[ 18%] Built target rclcpp_test_msgs
[ 18%] [32mBuilding CXX object CMakeFiles/rclcpp.dir/src/rclcpp/executors/single_threaded_executor.cpp.o[0m
[ 18%] Built target rclcpp_test_msgs__py
[ 20%] Built target rclcpp_test_msgs__python
[ 21%] Built target rclcpp__rosidl_typesupport_fastrtps_c__pyext
[ 22%] Built target rclcpp__rosidl_typesupport_introspection_c__pyext
[ 23%] Built target rclcpp__rosidl_typesupport_c__pyext
[01m[K/home/pengbo/rclcpp_cbg/ros2_rclcpp/rclcpp/src/rclcpp/executors/single_threaded_executor.cpp:[m[K In function ‘[01m[Kint record_jitter(const timespec*, const timespec*, size_t)[m[K’:
[01m[K/home/pengbo/rclcpp_cbg/ros2_rclcpp/rclcpp/src/rclcpp/executors/single_threaded_executor.cpp:107:10:[m[K [01;35m[Kwarning: [m[Kunused variable ‘[01m[Ki[m[K’ [[01;35m[K-Wunused-variable[m[K]
  107 |   size_t [01;35m[Ki[m[K = iteration;
      |          [01;35m[K^[m[K
[01m[K/home/pengbo/rclcpp_cbg/ros2_rclcpp/rclcpp/src/rclcpp/executors/single_threaded_executor.cpp:[m[K In member function ‘[01m[Kvoid rclcpp::executors::SingleThreadedExecutor::executor_spin_one_period(uint64_t)[m[K’:
[01m[K/home/pengbo/rclcpp_cbg/ros2_rclcpp/rclcpp/src/rclcpp/executors/single_threaded_executor.cpp:172:35:[m[K [01;31m[Kerror: [m[K‘[01m[Kstart_time_period[m[K’ was not declared in this scope
  172 |   clock_gettime(CLOCK_MONOTONIC, &[01;31m[Kstart_time_period[m[K);
      |                                   [01;31m[K^~~~~~~~~~~~~~~~~[m[K
[01m[K/home/pengbo/rclcpp_cbg/ros2_rclcpp/rclcpp/src/rclcpp/executors/single_threaded_executor.cpp:175:36:[m[K [01;31m[Kerror: [m[K‘[01m[Kend_time_period[m[K’ was not declared in this scope
  175 |    clock_gettime(CLOCK_MONOTONIC, &[01;31m[Kend_time_period[m[K);
      |                                    [01;31m[K^~~~~~~~~~~~~~~[m[K
[01m[K/home/pengbo/rclcpp_cbg/ros2_rclcpp/rclcpp/src/rclcpp/executors/single_threaded_executor.cpp:166:33:[m[K [01;35m[Kwarning: [m[Kunused variable ‘[01m[Kcurrent_time[m[K’ [[01;35m[K-Wunused-variable[m[K]
  166 |    struct timespec wakeup_time, [01;35m[Kcurrent_time[m[K;
      |                                 [01;35m[K^~~~~~~~~~~~[m[K
[01m[K/home/pengbo/rclcpp_cbg/ros2_rclcpp/rclcpp/src/rclcpp/executors/single_threaded_executor.cpp:[m[K In member function ‘[01m[Kvoid rclcpp::executors::SingleThreadedExecutor::executor_spin_period(uint64_t)[m[K’:
[01m[K/home/pengbo/rclcpp_cbg/ros2_rclcpp/rclcpp/src/rclcpp/executors/single_threaded_executor.cpp:205:22:[m[K [01;35m[Kwarning: [m[Kunused variable ‘[01m[Kstart_time_period[m[K’ [[01;35m[K-Wunused-variable[m[K]
  205 |      struct timespec [01;35m[Kstart_time_period[m[K;
      |                      [01;35m[K^~~~~~~~~~~~~~~~~[m[K
[01m[K/home/pengbo/rclcpp_cbg/ros2_rclcpp/rclcpp/src/rclcpp/executors/single_threaded_executor.cpp:206:22:[m[K [01;35m[Kwarning: [m[Kunused variable ‘[01m[Kend_time_period[m[K’ [[01;35m[K-Wunused-variable[m[K]
  206 |      struct timespec [01;35m[Kend_time_period[m[K;
      |                      [01;35m[K^~~~~~~~~~~~~~~[m[K
[01m[K/home/pengbo/rclcpp_cbg/ros2_rclcpp/rclcpp/src/rclcpp/executors/single_threaded_executor.cpp:195:19:[m[K [01;35m[Kwarning: [m[Kunused variable ‘[01m[Kwakeup_time[m[K’ [[01;35m[K-Wunused-variable[m[K]
  195 |   struct timespec [01;35m[Kwakeup_time[m[K, current_time;
      |                   [01;35m[K^~~~~~~~~~~[m[K
[01m[K/home/pengbo/rclcpp_cbg/ros2_rclcpp/rclcpp/src/rclcpp/executors/single_threaded_executor.cpp:195:32:[m[K [01;35m[Kwarning: [m[Kunused variable ‘[01m[Kcurrent_time[m[K’ [[01;35m[K-Wunused-variable[m[K]
  195 |   struct timespec wakeup_time, [01;35m[Kcurrent_time[m[K;
      |                                [01;35m[K^~~~~~~~~~~~[m[K
[01m[K/home/pengbo/rclcpp_cbg/ros2_rclcpp/rclcpp/src/rclcpp/executors/single_threaded_executor.cpp:196:24:[m[K [01;35m[Kwarning: [m[Kunused variable ‘[01m[Kupdate_period[m[K’ [[01;35m[K-Wunused-variable[m[K]
  196 |        struct timespec [01;35m[Kupdate_period[m[K;
      |                        [01;35m[K^~~~~~~~~~~~~[m[K
make[2]: *** [CMakeFiles/rclcpp.dir/build.make:389: CMakeFiles/rclcpp.dir/src/rclcpp/executors/single_threaded_executor.cpp.o] Error 1
make[1]: *** [CMakeFiles/Makefile2:1129: CMakeFiles/rclcpp.dir/all] Error 2
make: *** [Makefile:141: all] Error 2
