[0.010s] Invoking command in '/home/pengbo/rclcpp_cbg/ros2_rclcpp/build/rclcpp': /usr/bin/cmake --build /home/pengbo/rclcpp_cbg/ros2_rclcpp/build/rclcpp -- -j12 -l12
[0.065s] [  1%] Built target gtest
[0.069s] [  3%] Built target gmock_main
[0.069s] [  3%] Built target gtest_main
[0.070s] [  4%] Built target gmock
[0.071s] [  6%] Built target rclcpp_test_msgs__rosidl_generator_c
[0.072s] [  6%] Built target rclcpp_test_msgs__cpp
[0.081s] [35m[1mScanning dependencies of target rclcpp[0m
[0.085s] [  7%] Built target test_function_traits
[0.085s] [  9%] Built target rclcpp_test_msgs__rosidl_typesupport_introspection_c
[0.085s] [ 10%] Built target rclcpp_test_msgs__rosidl_typesupport_c
[0.090s] [ 12%] Built target rclcpp_test_msgs__rosidl_typesupport_introspection_cpp
[0.091s] [ 14%] Built target rclcpp_test_msgs__rosidl_typesupport_cpp
[0.093s] [ 16%] Built target rclcpp_test_msgs__rosidl_typesupport_fastrtps_cpp
[0.117s] [ 18%] Built target rclcpp_test_msgs__rosidl_typesupport_fastrtps_c
[0.131s] [ 18%] Built target rclcpp_test_msgs
[0.137s] [ 18%] [32mBuilding CXX object CMakeFiles/rclcpp.dir/src/rclcpp/executors/single_threaded_executor.cpp.o[0m
[0.148s] [ 18%] Built target rclcpp_test_msgs__py
[0.174s] [ 20%] Built target rclcpp_test_msgs__python
[0.193s] [ 21%] Built target rclcpp__rosidl_typesupport_fastrtps_c__pyext
[0.193s] [ 22%] Built target rclcpp__rosidl_typesupport_introspection_c__pyext
[0.199s] [ 23%] Built target rclcpp__rosidl_typesupport_c__pyext
[0.870s] [01m[K/home/pengbo/rclcpp_cbg/ros2_rclcpp/rclcpp/src/rclcpp/executors/single_threaded_executor.cpp:[m[K In function ‘[01m[Kint record_jitter(const timespec*, const timespec*, size_t)[m[K’:
[0.870s] [01m[K/home/pengbo/rclcpp_cbg/ros2_rclcpp/rclcpp/src/rclcpp/executors/single_threaded_executor.cpp:107:10:[m[K [01;35m[Kwarning: [m[Kunused variable ‘[01m[Ki[m[K’ [[01;35m[K-Wunused-variable[m[K]
[0.870s]   107 |   size_t [01;35m[Ki[m[K = iteration;
[0.870s]       |          [01;35m[K^[m[K
[0.875s] [01m[K/home/pengbo/rclcpp_cbg/ros2_rclcpp/rclcpp/src/rclcpp/executors/single_threaded_executor.cpp:[m[K In member function ‘[01m[Kvoid rclcpp::executors::SingleThreadedExecutor::executor_spin_one_period(uint64_t)[m[K’:
[0.876s] [01m[K/home/pengbo/rclcpp_cbg/ros2_rclcpp/rclcpp/src/rclcpp/executors/single_threaded_executor.cpp:172:35:[m[K [01;31m[Kerror: [m[K‘[01m[Kstart_time_period[m[K’ was not declared in this scope
[0.876s]   172 |   clock_gettime(CLOCK_MONOTONIC, &[01;31m[Kstart_time_period[m[K);
[0.876s]       |                                   [01;31m[K^~~~~~~~~~~~~~~~~[m[K
[0.877s] [01m[K/home/pengbo/rclcpp_cbg/ros2_rclcpp/rclcpp/src/rclcpp/executors/single_threaded_executor.cpp:175:36:[m[K [01;31m[Kerror: [m[K‘[01m[Kend_time_period[m[K’ was not declared in this scope
[0.877s]   175 |    clock_gettime(CLOCK_MONOTONIC, &[01;31m[Kend_time_period[m[K);
[0.877s]       |                                    [01;31m[K^~~~~~~~~~~~~~~[m[K
[0.880s] [01m[K/home/pengbo/rclcpp_cbg/ros2_rclcpp/rclcpp/src/rclcpp/executors/single_threaded_executor.cpp:166:33:[m[K [01;35m[Kwarning: [m[Kunused variable ‘[01m[Kcurrent_time[m[K’ [[01;35m[K-Wunused-variable[m[K]
[0.880s]   166 |    struct timespec wakeup_time, [01;35m[Kcurrent_time[m[K;
[0.880s]       |                                 [01;35m[K^~~~~~~~~~~~[m[K
[0.880s] [01m[K/home/pengbo/rclcpp_cbg/ros2_rclcpp/rclcpp/src/rclcpp/executors/single_threaded_executor.cpp:[m[K In member function ‘[01m[Kvoid rclcpp::executors::SingleThreadedExecutor::executor_spin_period(uint64_t)[m[K’:
[0.880s] [01m[K/home/pengbo/rclcpp_cbg/ros2_rclcpp/rclcpp/src/rclcpp/executors/single_threaded_executor.cpp:205:22:[m[K [01;35m[Kwarning: [m[Kunused variable ‘[01m[Kstart_time_period[m[K’ [[01;35m[K-Wunused-variable[m[K]
[0.880s]   205 |      struct timespec [01;35m[Kstart_time_period[m[K;
[0.881s]       |                      [01;35m[K^~~~~~~~~~~~~~~~~[m[K
[0.881s] [01m[K/home/pengbo/rclcpp_cbg/ros2_rclcpp/rclcpp/src/rclcpp/executors/single_threaded_executor.cpp:206:22:[m[K [01;35m[Kwarning: [m[Kunused variable ‘[01m[Kend_time_period[m[K’ [[01;35m[K-Wunused-variable[m[K]
[0.881s]   206 |      struct timespec [01;35m[Kend_time_period[m[K;
[0.881s]       |                      [01;35m[K^~~~~~~~~~~~~~~[m[K
[0.881s] [01m[K/home/pengbo/rclcpp_cbg/ros2_rclcpp/rclcpp/src/rclcpp/executors/single_threaded_executor.cpp:195:19:[m[K [01;35m[Kwarning: [m[Kunused variable ‘[01m[Kwakeup_time[m[K’ [[01;35m[K-Wunused-variable[m[K]
[0.881s]   195 |   struct timespec [01;35m[Kwakeup_time[m[K, current_time;
[0.881s]       |                   [01;35m[K^~~~~~~~~~~[m[K
[0.881s] [01m[K/home/pengbo/rclcpp_cbg/ros2_rclcpp/rclcpp/src/rclcpp/executors/single_threaded_executor.cpp:195:32:[m[K [01;35m[Kwarning: [m[Kunused variable ‘[01m[Kcurrent_time[m[K’ [[01;35m[K-Wunused-variable[m[K]
[0.881s]   195 |   struct timespec wakeup_time, [01;35m[Kcurrent_time[m[K;
[0.881s]       |                                [01;35m[K^~~~~~~~~~~~[m[K
[0.881s] [01m[K/home/pengbo/rclcpp_cbg/ros2_rclcpp/rclcpp/src/rclcpp/executors/single_threaded_executor.cpp:196:24:[m[K [01;35m[Kwarning: [m[Kunused variable ‘[01m[Kupdate_period[m[K’ [[01;35m[K-Wunused-variable[m[K]
[0.881s]   196 |        struct timespec [01;35m[Kupdate_period[m[K;
[0.882s]       |                        [01;35m[K^~~~~~~~~~~~~[m[K
[1.012s] make[2]: *** [CMakeFiles/rclcpp.dir/build.make:389: CMakeFiles/rclcpp.dir/src/rclcpp/executors/single_threaded_executor.cpp.o] Error 1
[1.013s] make[1]: *** [CMakeFiles/Makefile2:1129: CMakeFiles/rclcpp.dir/all] Error 2
[1.013s] make: *** [Makefile:141: all] Error 2
[1.015s] Invoked command in '/home/pengbo/rclcpp_cbg/ros2_rclcpp/build/rclcpp' returned '2': /usr/bin/cmake --build /home/pengbo/rclcpp_cbg/ros2_rclcpp/build/rclcpp -- -j12 -l12
