[0.031s] Invoking command in '/home/pengbo/rclcpp_cbg/build/rclcpp': CMAKE_PREFIX_PATH=${CMAKE_PREFIX_PATH}:/home/pengbo/ros2_foxy/install/ros2bag:/home/pengbo/ros2_foxy/install/tracetools_launch:/home/pengbo/ros2_foxy/install/topic_monitor:/home/pengbo/ros2_foxy/install/examples_tf2_py:/home/pengbo/ros2_foxy/install/sros2:/home/pengbo/ros2_foxy/install/rqt_topic:/home/pengbo/ros2_foxy/install/rqt_reconfigure:/home/pengbo/ros2_foxy/install/rqt_action:/home/pengbo/ros2_foxy/install/rqt:/home/pengbo/ros2_foxy/install/rqt_graph:/home/pengbo/ros2_foxy/install/rqt_gui_py:/home/pengbo/ros2_foxy/install/rqt_gui:/home/pengbo/ros2_foxy/install/ros2trace:/home/pengbo/ros2_foxy/install/ros2topic:/home/pengbo/ros2_foxy/install/ros2test:/home/pengbo/ros2_foxy/install/ros2component:/home/pengbo/ros2_foxy/install/ros2param:/home/pengbo/ros2_foxy/install/ros2lifecycle:/home/pengbo/ros2_foxy/install/ros2service:/home/pengbo/ros2_foxy/install/ros2run:/home/pengbo/ros2_foxy/install/ros2launch:/home/pengbo/ros2_foxy/install/ros2pkg:/home/pengbo/ros2_foxy/install/ros2node:/home/pengbo/ros2_foxy/install/ros2multicast:/home/pengbo/ros2_foxy/install/ros2interface:/home/pengbo/ros2_foxy/install/ros2doctor:/home/pengbo/ros2_foxy/install/ros2action:/home/pengbo/ros2_foxy/install/ros2cli:/home/pengbo/ros2_foxy/install/quality_of_service_demo_py:/home/pengbo/ros2_foxy/install/opencv_tests:/home/pengbo/ros2_foxy/install/launch_testing_ros:/home/pengbo/ros2_foxy/install/launch_ros:/home/pengbo/ros2_foxy/install/examples_rclpy_minimal_subscriber:/home/pengbo/ros2_foxy/install/examples_rclpy_minimal_service:/home/pengbo/ros2_foxy/install/examples_rclpy_minimal_publisher:/home/pengbo/ros2_foxy/install/examples_rclpy_minimal_client:/home/pengbo/ros2_foxy/install/examples_rclpy_minimal_action_server:/home/pengbo/ros2_foxy/install/examples_rclpy_minimal_action_client:/home/pengbo/ros2_foxy/install/examples_rclpy_executors:/home/pengbo/ros2_foxy/install/demo_nodes_py:/home/pengbo/ros2_foxy/install/action_tutorials_py:/home/pengbo/ros2_foxy/install/ament_uncrustify:/home/pengbo/ros2_foxy/install/tracetools_trace:/home/pengbo/ros2_foxy/install/tracetools_read:/home/pengbo/ros2_foxy/install/test_launch_ros:/home/pengbo/ros2_foxy/install/rpyutils:/home/pengbo/ros2_foxy/install/rosidl_runtime_py:/home/pengbo/ros2_foxy/install/launch_yaml:/home/pengbo/ros2_foxy/install/launch_xml:/home/pengbo/ros2_foxy/install/launch_testing:/home/pengbo/ros2_foxy/install/launch:/home/pengbo/ros2_foxy/install/osrf_pycommon:/home/pengbo/ros2_foxy/install/domain_coordinator:/home/pengbo/ros2_foxy/install/ament_xmllint:/home/pengbo/ros2_foxy/install/ament_pyflakes:/home/pengbo/ros2_foxy/install/ament_pycodestyle:/home/pengbo/ros2_foxy/install/ament_pep257:/home/pengbo/ros2_foxy/install/ament_pclint:/home/pengbo/ros2_foxy/install/ament_package:/home/pengbo/ros2_foxy/install/ament_mypy:/home/pengbo/ros2_foxy/install/ament_lint_cmake:/home/pengbo/ros2_foxy/install/ament_flake8:/home/pengbo/ros2_foxy/install/ament_copyright:/home/pengbo/ros2_foxy/install/ament_lint:/home/pengbo/ros2_foxy/install/ament_index_python:/home/pengbo/ros2_foxy/install/ament_cpplint:/home/pengbo/ros2_foxy/install/ament_cppcheck:/home/pengbo/ros2_foxy/install/ament_clang_tidy:/home/pengbo/ros2_foxy/install/ament_clang_format /usr/bin/cmake /home/pengbo/rclcpp_cbg/ros2_rclcpp/rclcpp -DCMAKE_INSTALL_PREFIX=/home/pengbo/rclcpp_cbg/install/rclcpp
[0.120s] -- The C compiler identification is GNU 9.3.0
[0.210s] -- The CXX compiler identification is GNU 9.3.0
[0.231s] -- Check for working C compiler: /usr/bin/cc
[0.326s] -- Check for working C compiler: /usr/bin/cc -- works
[0.328s] -- Detecting C compiler ABI info
[0.432s] -- Detecting C compiler ABI info - done
[0.445s] -- Detecting C compile features
[0.445s] -- Detecting C compile features - done
[0.447s] -- Check for working CXX compiler: /usr/bin/c++
[0.563s] -- Check for working CXX compiler: /usr/bin/c++ -- works
[0.564s] -- Detecting CXX compiler ABI info
[0.686s] -- Detecting CXX compiler ABI info - done
[0.695s] -- Detecting CXX compile features
[0.696s] -- Detecting CXX compile features - done
[0.705s] -- Found ament_cmake_ros: 0.9.0 (/home/pengbo/ros2_foxy/install/ament_cmake_ros/share/ament_cmake_ros/cmake)
[0.912s] -- Found PythonInterp: /usr/bin/python3 (found suitable version "3.8.5", minimum required is "3") 
[0.912s] -- Using PYTHON_EXECUTABLE: /usr/bin/python3
[1.342s] -- Found builtin_interfaces: 1.0.0 (/home/pengbo/ros2_foxy/install/builtin_interfaces/share/builtin_interfaces/cmake)
[1.448s] -- Using all available rosidl_typesupport_c: rosidl_typesupport_introspection_c;rosidl_typesupport_fastrtps_c
[1.472s] -- Found rosidl_adapter: 1.1.0 (/home/pengbo/ros2_foxy/install/rosidl_adapter/share/rosidl_adapter/cmake)
[1.582s] -- Found FastRTPS: /home/pengbo/ros2_foxy/install/fastrtps/include  
[1.700s] -- Using all available rosidl_typesupport_cpp: rosidl_typesupport_introspection_cpp;rosidl_typesupport_fastrtps_cpp
[1.737s] -- Found libstatistics_collector: 1.0.1 (/home/pengbo/ros2_foxy/install/libstatistics_collector/share/libstatistics_collector/cmake)
[1.810s] -- Found rmw_implementation_cmake: 1.0.2 (/home/pengbo/ros2_foxy/install/rmw_implementation_cmake/share/rmw_implementation_cmake/cmake)
[1.834s] -- Using RMW implementation 'rmw_fastrtps_cpp' as default
[1.835s] -- Looking for pthread.h
[1.939s] -- Looking for pthread.h - found
[1.940s] -- Performing Test CMAKE_HAVE_LIBC_PTHREAD
[2.047s] -- Performing Test CMAKE_HAVE_LIBC_PTHREAD - Failed
[2.047s] -- Looking for pthread_create in pthreads
[2.145s] -- Looking for pthread_create in pthreads - not found
[2.145s] -- Looking for pthread_create in pthread
[2.238s] -- Looking for pthread_create in pthread - found
[2.238s] -- Found Threads: TRUE  
[2.354s] -- Found rosgraph_msgs: 1.0.0 (/home/pengbo/ros2_foxy/install/rosgraph_msgs/share/rosgraph_msgs/cmake)
[2.507s] -- Found ament_lint_auto: 0.9.5 (/home/pengbo/ros2_foxy/install/ament_lint_auto/share/ament_lint_auto/cmake)
[3.089s] -- Found PythonInterp: /usr/bin/python3 (found version "3.8.5") 
[3.657s] -- Using all available rosidl_typesupport_c: rosidl_typesupport_introspection_c;rosidl_typesupport_fastrtps_c
[3.796s] -- Using all available rosidl_typesupport_cpp: rosidl_typesupport_introspection_cpp;rosidl_typesupport_fastrtps_cpp
[4.009s] -- Found PythonInterp: /usr/bin/python3 (found suitable version "3.8.5", minimum required is "3.5") 
[4.022s] -- Found python_cmake_module: 0.8.0 (/home/pengbo/ros2_foxy/install/python_cmake_module/share/python_cmake_module/cmake)
[4.185s] -- Found PythonLibs: /usr/lib/x86_64-linux-gnu/libpython3.8.so (found suitable version "3.8.5", minimum required is "3.5") 
[4.185s] -- Using PYTHON_EXECUTABLE: /usr/bin/python3
[4.185s] -- Using PYTHON_INCLUDE_DIRS: /usr/include/python3.8
[4.185s] -- Using PYTHON_LIBRARIES: /usr/lib/x86_64-linux-gnu/libpython3.8.so
[4.329s] -- Found PythonExtra: .so  
[4.706s] -- Found gtest sources under '/home/pengbo/ros2_foxy/install/gtest_vendor/src/gtest_vendor': C++ tests using 'Google Test' will be built
[4.707s] -- Check if compiler accepts -pthread
[4.815s] -- Check if compiler accepts -pthread - yes
[5.052s] -- Found gmock sources under '/home/pengbo/ros2_foxy/install/gmock_vendor/src/gmock_vendor': C++ tests using 'Google Mock' will be built
[6.132s] -- Added test 'copyright' to check source files copyright and LICENSE
[6.169s] -- Added test 'cppcheck' to perform static code analysis on C / C++ code
[6.172s] -- Configured cppcheck include dirs: $<BUILD_INTERFACE:/home/pengbo/rclcpp_cbg/ros2_rclcpp/rclcpp/include>;/home/pengbo/rclcpp_cbg/ros2_rclcpp/rclcpp/test/;/home/pengbo/rclcpp_cbg/ros2_rclcpp/rclcpp/include
[6.173s] -- Configured cppcheck exclude dirs and/or files: 
[6.209s] -- Added test 'cpplint' to check C / C++ code against the Google style
[6.209s] -- Configured cpplint exclude dirs and/or files: 
[6.215s] -- Added test 'flake8' to check Python code syntax and style conventions
[6.227s] -- Added test 'lint_cmake' to check CMake code style
[6.233s] -- Added test 'pep257' to check Python code against some of the style conventions in PEP 257
[6.269s] -- Added test 'uncrustify' to check C / C++ code style
[6.269s] -- Configured uncrustify additional arguments: 
[6.276s] -- Added test 'xmllint' to check XML markup files
[6.285s] -- Configuring done
[6.506s] -- Generating done
[6.512s] -- Build files have been written to: /home/pengbo/rclcpp_cbg/build/rclcpp
[6.522s] Invoked command in '/home/pengbo/rclcpp_cbg/build/rclcpp' returned '0': CMAKE_PREFIX_PATH=${CMAKE_PREFIX_PATH}:/home/pengbo/ros2_foxy/install/ros2bag:/home/pengbo/ros2_foxy/install/tracetools_launch:/home/pengbo/ros2_foxy/install/topic_monitor:/home/pengbo/ros2_foxy/install/examples_tf2_py:/home/pengbo/ros2_foxy/install/sros2:/home/pengbo/ros2_foxy/install/rqt_topic:/home/pengbo/ros2_foxy/install/rqt_reconfigure:/home/pengbo/ros2_foxy/install/rqt_action:/home/pengbo/ros2_foxy/install/rqt:/home/pengbo/ros2_foxy/install/rqt_graph:/home/pengbo/ros2_foxy/install/rqt_gui_py:/home/pengbo/ros2_foxy/install/rqt_gui:/home/pengbo/ros2_foxy/install/ros2trace:/home/pengbo/ros2_foxy/install/ros2topic:/home/pengbo/ros2_foxy/install/ros2test:/home/pengbo/ros2_foxy/install/ros2component:/home/pengbo/ros2_foxy/install/ros2param:/home/pengbo/ros2_foxy/install/ros2lifecycle:/home/pengbo/ros2_foxy/install/ros2service:/home/pengbo/ros2_foxy/install/ros2run:/home/pengbo/ros2_foxy/install/ros2launch:/home/pengbo/ros2_foxy/install/ros2pkg:/home/pengbo/ros2_foxy/install/ros2node:/home/pengbo/ros2_foxy/install/ros2multicast:/home/pengbo/ros2_foxy/install/ros2interface:/home/pengbo/ros2_foxy/install/ros2doctor:/home/pengbo/ros2_foxy/install/ros2action:/home/pengbo/ros2_foxy/install/ros2cli:/home/pengbo/ros2_foxy/install/quality_of_service_demo_py:/home/pengbo/ros2_foxy/install/opencv_tests:/home/pengbo/ros2_foxy/install/launch_testing_ros:/home/pengbo/ros2_foxy/install/launch_ros:/home/pengbo/ros2_foxy/install/examples_rclpy_minimal_subscriber:/home/pengbo/ros2_foxy/install/examples_rclpy_minimal_service:/home/pengbo/ros2_foxy/install/examples_rclpy_minimal_publisher:/home/pengbo/ros2_foxy/install/examples_rclpy_minimal_client:/home/pengbo/ros2_foxy/install/examples_rclpy_minimal_action_server:/home/pengbo/ros2_foxy/install/examples_rclpy_minimal_action_client:/home/pengbo/ros2_foxy/install/examples_rclpy_executors:/home/pengbo/ros2_foxy/install/demo_nodes_py:/home/pengbo/ros2_foxy/install/action_tutorials_py:/home/pengbo/ros2_foxy/install/ament_uncrustify:/home/pengbo/ros2_foxy/install/tracetools_trace:/home/pengbo/ros2_foxy/install/tracetools_read:/home/pengbo/ros2_foxy/install/test_launch_ros:/home/pengbo/ros2_foxy/install/rpyutils:/home/pengbo/ros2_foxy/install/rosidl_runtime_py:/home/pengbo/ros2_foxy/install/launch_yaml:/home/pengbo/ros2_foxy/install/launch_xml:/home/pengbo/ros2_foxy/install/launch_testing:/home/pengbo/ros2_foxy/install/launch:/home/pengbo/ros2_foxy/install/osrf_pycommon:/home/pengbo/ros2_foxy/install/domain_coordinator:/home/pengbo/ros2_foxy/install/ament_xmllint:/home/pengbo/ros2_foxy/install/ament_pyflakes:/home/pengbo/ros2_foxy/install/ament_pycodestyle:/home/pengbo/ros2_foxy/install/ament_pep257:/home/pengbo/ros2_foxy/install/ament_pclint:/home/pengbo/ros2_foxy/install/ament_package:/home/pengbo/ros2_foxy/install/ament_mypy:/home/pengbo/ros2_foxy/install/ament_lint_cmake:/home/pengbo/ros2_foxy/install/ament_flake8:/home/pengbo/ros2_foxy/install/ament_copyright:/home/pengbo/ros2_foxy/install/ament_lint:/home/pengbo/ros2_foxy/install/ament_index_python:/home/pengbo/ros2_foxy/install/ament_cpplint:/home/pengbo/ros2_foxy/install/ament_cppcheck:/home/pengbo/ros2_foxy/install/ament_clang_tidy:/home/pengbo/ros2_foxy/install/ament_clang_format /usr/bin/cmake /home/pengbo/rclcpp_cbg/ros2_rclcpp/rclcpp -DCMAKE_INSTALL_PREFIX=/home/pengbo/rclcpp_cbg/install/rclcpp
[6.525s] Invoking command in '/home/pengbo/rclcpp_cbg/build/rclcpp': CMAKE_PREFIX_PATH=${CMAKE_PREFIX_PATH}:/home/pengbo/ros2_foxy/install/ros2bag:/home/pengbo/ros2_foxy/install/tracetools_launch:/home/pengbo/ros2_foxy/install/topic_monitor:/home/pengbo/ros2_foxy/install/examples_tf2_py:/home/pengbo/ros2_foxy/install/sros2:/home/pengbo/ros2_foxy/install/rqt_topic:/home/pengbo/ros2_foxy/install/rqt_reconfigure:/home/pengbo/ros2_foxy/install/rqt_action:/home/pengbo/ros2_foxy/install/rqt:/home/pengbo/ros2_foxy/install/rqt_graph:/home/pengbo/ros2_foxy/install/rqt_gui_py:/home/pengbo/ros2_foxy/install/rqt_gui:/home/pengbo/ros2_foxy/install/ros2trace:/home/pengbo/ros2_foxy/install/ros2topic:/home/pengbo/ros2_foxy/install/ros2test:/home/pengbo/ros2_foxy/install/ros2component:/home/pengbo/ros2_foxy/install/ros2param:/home/pengbo/ros2_foxy/install/ros2lifecycle:/home/pengbo/ros2_foxy/install/ros2service:/home/pengbo/ros2_foxy/install/ros2run:/home/pengbo/ros2_foxy/install/ros2launch:/home/pengbo/ros2_foxy/install/ros2pkg:/home/pengbo/ros2_foxy/install/ros2node:/home/pengbo/ros2_foxy/install/ros2multicast:/home/pengbo/ros2_foxy/install/ros2interface:/home/pengbo/ros2_foxy/install/ros2doctor:/home/pengbo/ros2_foxy/install/ros2action:/home/pengbo/ros2_foxy/install/ros2cli:/home/pengbo/ros2_foxy/install/quality_of_service_demo_py:/home/pengbo/ros2_foxy/install/opencv_tests:/home/pengbo/ros2_foxy/install/launch_testing_ros:/home/pengbo/ros2_foxy/install/launch_ros:/home/pengbo/ros2_foxy/install/examples_rclpy_minimal_subscriber:/home/pengbo/ros2_foxy/install/examples_rclpy_minimal_service:/home/pengbo/ros2_foxy/install/examples_rclpy_minimal_publisher:/home/pengbo/ros2_foxy/install/examples_rclpy_minimal_client:/home/pengbo/ros2_foxy/install/examples_rclpy_minimal_action_server:/home/pengbo/ros2_foxy/install/examples_rclpy_minimal_action_client:/home/pengbo/ros2_foxy/install/examples_rclpy_executors:/home/pengbo/ros2_foxy/install/demo_nodes_py:/home/pengbo/ros2_foxy/install/action_tutorials_py:/home/pengbo/ros2_foxy/install/ament_uncrustify:/home/pengbo/ros2_foxy/install/tracetools_trace:/home/pengbo/ros2_foxy/install/tracetools_read:/home/pengbo/ros2_foxy/install/test_launch_ros:/home/pengbo/ros2_foxy/install/rpyutils:/home/pengbo/ros2_foxy/install/rosidl_runtime_py:/home/pengbo/ros2_foxy/install/launch_yaml:/home/pengbo/ros2_foxy/install/launch_xml:/home/pengbo/ros2_foxy/install/launch_testing:/home/pengbo/ros2_foxy/install/launch:/home/pengbo/ros2_foxy/install/osrf_pycommon:/home/pengbo/ros2_foxy/install/domain_coordinator:/home/pengbo/ros2_foxy/install/ament_xmllint:/home/pengbo/ros2_foxy/install/ament_pyflakes:/home/pengbo/ros2_foxy/install/ament_pycodestyle:/home/pengbo/ros2_foxy/install/ament_pep257:/home/pengbo/ros2_foxy/install/ament_pclint:/home/pengbo/ros2_foxy/install/ament_package:/home/pengbo/ros2_foxy/install/ament_mypy:/home/pengbo/ros2_foxy/install/ament_lint_cmake:/home/pengbo/ros2_foxy/install/ament_flake8:/home/pengbo/ros2_foxy/install/ament_copyright:/home/pengbo/ros2_foxy/install/ament_lint:/home/pengbo/ros2_foxy/install/ament_index_python:/home/pengbo/ros2_foxy/install/ament_cpplint:/home/pengbo/ros2_foxy/install/ament_cppcheck:/home/pengbo/ros2_foxy/install/ament_clang_tidy:/home/pengbo/ros2_foxy/install/ament_clang_format /usr/bin/cmake --build /home/pengbo/rclcpp_cbg/build/rclcpp -- -j12 -l12
[6.611s] [35m[1mScanning dependencies of target rclcpp_test_msgs__rosidl_generator_c[0m
[6.616s] [35m[1mScanning dependencies of target rclcpp_test_msgs__cpp[0m
[6.631s] [  1%] Built target gtest
[6.631s] [35m[1mScanning dependencies of target rclcpp[0m
[6.632s] [  2%] Built target gmock
[6.632s] [  3%] Built target gtest_main
[6.634s] [  5%] Built target rclcpp_test_msgs__rosidl_generator_c
[6.637s] [  5%] Built target rclcpp_test_msgs__cpp
[6.637s] [  6%] Built target gmock_main
[6.652s] [35m[1mScanning dependencies of target test_function_traits[0m
[6.657s] [35m[1mScanning dependencies of target rclcpp_test_msgs__rosidl_typesupport_c[0m
[6.658s] [35m[1mScanning dependencies of target rclcpp_test_msgs__rosidl_typesupport_introspection_c[0m
[6.658s] [35m[1mScanning dependencies of target rclcpp_test_msgs__rosidl_typesupport_cpp[0m
[6.660s] [35m[1mScanning dependencies of target rclcpp_test_msgs__rosidl_typesupport_fastrtps_cpp[0m
[6.660s] [35m[1mScanning dependencies of target rclcpp_test_msgs__rosidl_typesupport_introspection_cpp[0m
[6.678s] [  7%] Built target test_function_traits
[6.680s] [  9%] Built target rclcpp_test_msgs__rosidl_typesupport_introspection_c
[6.681s] [ 11%] Built target rclcpp_test_msgs__rosidl_typesupport_introspection_cpp
[6.682s] [ 12%] Built target rclcpp_test_msgs__rosidl_typesupport_c
[6.684s] [ 14%] Built target rclcpp_test_msgs__rosidl_typesupport_cpp
[6.689s] [ 16%] Built target rclcpp_test_msgs__rosidl_typesupport_fastrtps_cpp
[6.710s] [35m[1mScanning dependencies of target rclcpp_test_msgs__rosidl_typesupport_fastrtps_c[0m
[6.736s] [ 18%] Built target rclcpp_test_msgs__rosidl_typesupport_fastrtps_c
[6.758s] [35m[1mScanning dependencies of target rclcpp_test_msgs[0m
[6.779s] [ 18%] Built target rclcpp_test_msgs
[6.797s] [ 18%] [32mBuilding CXX object CMakeFiles/rclcpp.dir/src/rclcpp/executors/single_threaded_executor.cpp.o[0m
[6.819s] [ 18%] Built target rclcpp_test_msgs__py
[6.845s] [35m[1mScanning dependencies of target rclcpp_test_msgs__python[0m
[6.875s] [ 20%] Built target rclcpp_test_msgs__python
[6.896s] [35m[1mScanning dependencies of target rclcpp__rosidl_typesupport_fastrtps_c__pyext[0m
[6.901s] [35m[1mScanning dependencies of target rclcpp__rosidl_typesupport_c__pyext[0m
[6.904s] [35m[1mScanning dependencies of target rclcpp__rosidl_typesupport_introspection_c__pyext[0m
[6.927s] [ 21%] Built target rclcpp__rosidl_typesupport_fastrtps_c__pyext
[6.929s] [ 22%] Built target rclcpp__rosidl_typesupport_introspection_c__pyext
[6.934s] [ 23%] Built target rclcpp__rosidl_typesupport_c__pyext
[7.553s] [01m[K/home/pengbo/rclcpp_cbg/ros2_rclcpp/rclcpp/src/rclcpp/executors/single_threaded_executor.cpp:[m[K In member function ‘[01m[Kvoid rclcpp::executors::SingleThreadedExecutor::executor_spin_one_period(uint64_t, std::string)[m[K’:
[7.553s] [01m[K/home/pengbo/rclcpp_cbg/ros2_rclcpp/rclcpp/src/rclcpp/executors/single_threaded_executor.cpp:232:22:[m[K [01;35m[Kwarning: [m[Kvariable ‘[01m[Ksleep_time2[m[K’ set but not used [[01;35m[K-Wunused-but-set-variable[m[K]
[7.554s]   232 |      struct timespec [01;35m[Ksleep_time2[m[K;
[7.554s]       |                      [01;35m[K^~~~~~~~~~~[m[K
[7.554s] [01m[K/home/pengbo/rclcpp_cbg/ros2_rclcpp/rclcpp/src/rclcpp/executors/single_threaded_executor.cpp:233:22:[m[K [01;35m[Kwarning: [m[Kunused variable ‘[01m[Krest_time[m[K’ [[01;35m[K-Wunused-variable[m[K]
[7.554s]   233 |      struct timespec [01;35m[Krest_time[m[K;
[7.554s]       |                      [01;35m[K^~~~~~~~~[m[K
[7.798s] [ 24%] [32m[1mLinking CXX shared library librclcpp.so[0m
[8.399s] [ 61%] Built target rclcpp
[8.424s] [35m[1mScanning dependencies of target test_ring_buffer_implementation[0m
[8.424s] [35m[1mScanning dependencies of target test_logger[0m
[8.425s] [35m[1mScanning dependencies of target test_subscription_options[0m
[8.427s] [35m[1mScanning dependencies of target test_intra_process_manager[0m
[8.428s] [35m[1mScanning dependencies of target test_node_global_args[0m
[8.428s] [35m[1mScanning dependencies of target test_node_interfaces__get_node_interfaces[0m
[8.428s] [35m[1mScanning dependencies of target test_create_timer[0m
[8.428s] [35m[1mScanning dependencies of target test_subscription_topic_statistics[0m
[8.429s] [35m[1mScanning dependencies of target test_expand_topic_or_service_name[0m
[8.430s] [35m[1mScanning dependencies of target test_executor[0m
[8.431s] [35m[1mScanning dependencies of target test_duration[0m
[8.445s] [35m[1mScanning dependencies of target test_loaned_message[0m
[8.467s] [ 61%] [32m[1mLinking CXX executable test_expand_topic_or_service_name[0m
[8.469s] [ 61%] [32m[1mLinking CXX executable test_logger[0m
[8.470s] [ 61%] [32m[1mLinking CXX executable test_intra_process_manager[0m
[8.475s] [ 62%] [32m[1mLinking CXX executable test_ring_buffer_implementation[0m
[8.477s] [ 62%] [32m[1mLinking CXX executable test_subscription_options[0m
[8.484s] [ 63%] [32m[1mLinking CXX executable test_node_interfaces__get_node_interfaces[0m
[8.487s] [ 63%] [32m[1mLinking CXX executable test_create_timer[0m
[8.487s] [ 63%] [32m[1mLinking CXX executable test_executor[0m
[8.492s] [ 64%] [32m[1mLinking CXX executable test_node_global_args[0m
[8.494s] [ 64%] [32m[1mLinking CXX executable test_subscription_topic_statistics[0m
[8.504s] [ 64%] [32m[1mLinking CXX executable test_loaned_message[0m
[8.505s] [ 64%] [32m[1mLinking CXX executable test_duration[0m
[9.871s] [ 65%] Built target test_logger
[9.893s] [ 66%] Built target test_expand_topic_or_service_name
[9.899s] [ 67%] Built target test_executor
[9.910s] [35m[1mScanning dependencies of target test_serialized_message[0m
[9.928s] [ 67%] Built target test_node_interfaces__get_node_interfaces
[9.931s] [35m[1mScanning dependencies of target test_wait_set[0m
[9.945s] [35m[1mScanning dependencies of target test_intra_process_buffer[0m
[9.954s] [ 68%] Built target test_create_timer
[9.954s] [35m[1mScanning dependencies of target test_subscription_traits[0m
[9.970s] [ 69%] Built target test_subscription_options
[9.974s] [ 70%] [32m[1mLinking CXX executable test_serialized_message[0m
[9.982s] [35m[1mScanning dependencies of target test_find_weak_nodes[0m
[9.989s] [ 71%] Built target test_intra_process_manager
[9.990s] [ 71%] Built target test_ring_buffer_implementation
[10.004s] [ 72%] [32m[1mLinking CXX executable test_wait_set[0m
[10.004s] [35m[1mScanning dependencies of target test_node_options[0m
[10.006s] [ 72%] [32m[1mLinking CXX executable test_subscription_traits[0m
[10.008s] [ 73%] Built target test_duration
[10.009s] [ 73%] [32m[1mLinking CXX executable test_intra_process_buffer[0m
[10.023s] [35m[1mScanning dependencies of target test_time_source[0m
[10.030s] [35m[1mScanning dependencies of target test_logging[0m
[10.039s] [35m[1mScanning dependencies of target test_parameter[0m
[10.041s] [ 75%] [32m[1mLinking CXX executable test_node_options[0m
[10.042s] [ 75%] [32m[1mLinking CXX executable test_find_weak_nodes[0m
[10.085s] [ 76%] [32m[1mLinking CXX executable test_time_source[0m
[10.101s] [ 77%] Built target test_loaned_message
[10.105s] [ 77%] [32m[1mLinking CXX executable test_logging[0m
[10.118s] [ 77%] Built target test_node_global_args
[10.129s] [ 78%] [32m[1mLinking CXX executable test_parameter[0m
[10.155s] [35m[1mScanning dependencies of target test_parameter_events_filter[0m
[10.169s] [35m[1mScanning dependencies of target test_parameter_map[0m
[10.203s] [ 78%] [32m[1mLinking CXX executable test_parameter_events_filter[0m
[10.222s] [ 78%] [32m[1mLinking CXX executable test_parameter_map[0m
[10.455s] [ 79%] Built target test_subscription_traits
[10.520s] [35m[1mScanning dependencies of target test_service[0m
[10.530s] [ 80%] Built target test_subscription_topic_statistics
[10.590s] [35m[1mScanning dependencies of target test_rate[0m
[10.642s] [ 81%] [32m[1mLinking CXX executable test_rate[0m
[10.650s] [ 81%] [32m[1mLinking CXX executable test_service[0m
[11.416s] [ 81%] Built target test_node_options
[11.438s] [ 81%] Built target test_intra_process_buffer
[11.443s] [35m[1mScanning dependencies of target test_publisher[0m
[11.467s] [35m[1mScanning dependencies of target test_publisher_subscription_count_api[0m
[11.479s] [ 81%] Built target test_find_weak_nodes
[11.505s] [ 81%] [32m[1mLinking CXX executable test_publisher[0m
[11.523s] [35m[1mScanning dependencies of target test_externally_defined_services[0m
[11.525s] [ 81%] [32m[1mLinking CXX executable test_publisher_subscription_count_api[0m
[11.541s] [ 81%] Built target test_time_source
[11.566s] [35m[1mScanning dependencies of target test_qos[0m
[11.580s] [ 81%] [32m[1mLinking CXX executable test_externally_defined_services[0m
[11.583s] [ 82%] Built target test_parameter_map
[11.597s] [ 82%] Built target test_parameter
[11.607s] [ 82%] Built target test_serialized_message
[11.610s] [ 83%] Built target test_logging
[11.617s] [ 83%] [32m[1mLinking CXX executable test_qos[0m
[11.622s] [35m[1mScanning dependencies of target test_serialized_message_allocator[0m
[11.629s] [35m[1mScanning dependencies of target test_parameter_client[0m
[11.639s] [35m[1mScanning dependencies of target test_time[0m
[11.649s] [35m[1mScanning dependencies of target test_subscription[0m
[11.690s] [ 84%] [32m[1mLinking CXX executable test_time[0m
[11.694s] [ 84%] [32m[1mLinking CXX executable test_parameter_client[0m
[11.703s] [ 85%] [32m[1mLinking CXX executable test_serialized_message_allocator[0m
[11.734s] [ 85%] [32m[1mLinking CXX executable test_subscription[0m
[11.807s] [ 86%] Built target test_parameter_events_filter
[11.850s] [35m[1mScanning dependencies of target test_subscription_publisher_count_api[0m
[11.874s] [ 86%] Built target test_rate
[11.888s] [ 86%] Built target test_wait_set
[11.921s] [35m[1mScanning dependencies of target test_timer[0m
[11.928s] [35m[1mScanning dependencies of target test_utilities[0m
[11.964s] [ 86%] [32m[1mLinking CXX executable test_subscription_publisher_count_api[0m
[11.974s] [ 86%] Built target test_service
[11.998s] [ 87%] [32m[1mLinking CXX executable test_timer[0m
[12.014s] [35m[1mScanning dependencies of target test_client[0m
[12.018s] [ 88%] [32m[1mLinking CXX executable test_utilities[0m
[12.094s] [ 88%] [32m[1mLinking CXX executable test_client[0m
[12.992s] [ 89%] Built target test_qos
[13.019s] [ 90%] Built target test_publisher
[13.037s] [35m[1mScanning dependencies of target test_init[0m
[13.051s] [35m[1mScanning dependencies of target test_qos_event[0m
[13.113s] [ 91%] [32m[1mLinking CXX executable test_init[0m
[13.116s] [ 92%] Built target test_externally_defined_services
[13.123s] [ 92%] Built target test_time
[13.141s] [ 93%] [32m[1mLinking CXX executable test_qos_event[0m
[13.154s] [35m[1mScanning dependencies of target test_interface_traits[0m
[13.161s] [ 94%] Built target test_publisher_subscription_count_api
[13.188s] [35m[1mScanning dependencies of target test_node[0m
[13.195s] [35m[1mScanning dependencies of target test_multi_threaded_executor[0m
[13.212s] [ 95%] [32m[1mLinking CXX executable test_interface_traits[0m
[13.247s] [ 96%] [32m[1mLinking CXX executable test_node[0m
[13.295s] [ 96%] [32m[1mLinking CXX executable test_multi_threaded_executor[0m
[13.364s] [ 96%] Built target test_parameter_client
[13.418s] [ 96%] Built target test_serialized_message_allocator
[13.418s] [ 96%] Built target test_utilities
[13.418s] [35m[1mScanning dependencies of target test_guard_condition[0m
[13.419s] [ 96%] Built target test_timer
[13.477s] [ 97%] [32m[1mLinking CXX executable test_guard_condition[0m
[13.494s] [ 97%] Built target test_client
[13.642s] [ 98%] Built target test_subscription
[13.784s] [ 99%] Built target test_subscription_publisher_count_api
[14.008s] [ 99%] Built target test_init
[14.088s] [ 99%] Built target test_interface_traits
[14.158s] [100%] Built target test_multi_threaded_executor
[14.158s] [100%] Built target test_guard_condition
[14.190s] [100%] Built target test_qos_event
[14.263s] [100%] Built target test_node
[14.282s] Invoked command in '/home/pengbo/rclcpp_cbg/build/rclcpp' returned '0': CMAKE_PREFIX_PATH=${CMAKE_PREFIX_PATH}:/home/pengbo/ros2_foxy/install/ros2bag:/home/pengbo/ros2_foxy/install/tracetools_launch:/home/pengbo/ros2_foxy/install/topic_monitor:/home/pengbo/ros2_foxy/install/examples_tf2_py:/home/pengbo/ros2_foxy/install/sros2:/home/pengbo/ros2_foxy/install/rqt_topic:/home/pengbo/ros2_foxy/install/rqt_reconfigure:/home/pengbo/ros2_foxy/install/rqt_action:/home/pengbo/ros2_foxy/install/rqt:/home/pengbo/ros2_foxy/install/rqt_graph:/home/pengbo/ros2_foxy/install/rqt_gui_py:/home/pengbo/ros2_foxy/install/rqt_gui:/home/pengbo/ros2_foxy/install/ros2trace:/home/pengbo/ros2_foxy/install/ros2topic:/home/pengbo/ros2_foxy/install/ros2test:/home/pengbo/ros2_foxy/install/ros2component:/home/pengbo/ros2_foxy/install/ros2param:/home/pengbo/ros2_foxy/install/ros2lifecycle:/home/pengbo/ros2_foxy/install/ros2service:/home/pengbo/ros2_foxy/install/ros2run:/home/pengbo/ros2_foxy/install/ros2launch:/home/pengbo/ros2_foxy/install/ros2pkg:/home/pengbo/ros2_foxy/install/ros2node:/home/pengbo/ros2_foxy/install/ros2multicast:/home/pengbo/ros2_foxy/install/ros2interface:/home/pengbo/ros2_foxy/install/ros2doctor:/home/pengbo/ros2_foxy/install/ros2action:/home/pengbo/ros2_foxy/install/ros2cli:/home/pengbo/ros2_foxy/install/quality_of_service_demo_py:/home/pengbo/ros2_foxy/install/opencv_tests:/home/pengbo/ros2_foxy/install/launch_testing_ros:/home/pengbo/ros2_foxy/install/launch_ros:/home/pengbo/ros2_foxy/install/examples_rclpy_minimal_subscriber:/home/pengbo/ros2_foxy/install/examples_rclpy_minimal_service:/home/pengbo/ros2_foxy/install/examples_rclpy_minimal_publisher:/home/pengbo/ros2_foxy/install/examples_rclpy_minimal_client:/home/pengbo/ros2_foxy/install/examples_rclpy_minimal_action_server:/home/pengbo/ros2_foxy/install/examples_rclpy_minimal_action_client:/home/pengbo/ros2_foxy/install/examples_rclpy_executors:/home/pengbo/ros2_foxy/install/demo_nodes_py:/home/pengbo/ros2_foxy/install/action_tutorials_py:/home/pengbo/ros2_foxy/install/ament_uncrustify:/home/pengbo/ros2_foxy/install/tracetools_trace:/home/pengbo/ros2_foxy/install/tracetools_read:/home/pengbo/ros2_foxy/install/test_launch_ros:/home/pengbo/ros2_foxy/install/rpyutils:/home/pengbo/ros2_foxy/install/rosidl_runtime_py:/home/pengbo/ros2_foxy/install/launch_yaml:/home/pengbo/ros2_foxy/install/launch_xml:/home/pengbo/ros2_foxy/install/launch_testing:/home/pengbo/ros2_foxy/install/launch:/home/pengbo/ros2_foxy/install/osrf_pycommon:/home/pengbo/ros2_foxy/install/domain_coordinator:/home/pengbo/ros2_foxy/install/ament_xmllint:/home/pengbo/ros2_foxy/install/ament_pyflakes:/home/pengbo/ros2_foxy/install/ament_pycodestyle:/home/pengbo/ros2_foxy/install/ament_pep257:/home/pengbo/ros2_foxy/install/ament_pclint:/home/pengbo/ros2_foxy/install/ament_package:/home/pengbo/ros2_foxy/install/ament_mypy:/home/pengbo/ros2_foxy/install/ament_lint_cmake:/home/pengbo/ros2_foxy/install/ament_flake8:/home/pengbo/ros2_foxy/install/ament_copyright:/home/pengbo/ros2_foxy/install/ament_lint:/home/pengbo/ros2_foxy/install/ament_index_python:/home/pengbo/ros2_foxy/install/ament_cpplint:/home/pengbo/ros2_foxy/install/ament_cppcheck:/home/pengbo/ros2_foxy/install/ament_clang_tidy:/home/pengbo/ros2_foxy/install/ament_clang_format /usr/bin/cmake --build /home/pengbo/rclcpp_cbg/build/rclcpp -- -j12 -l12
[15.237s] Invoking command in '/home/pengbo/rclcpp_cbg/build/rclcpp': CMAKE_PREFIX_PATH=${CMAKE_PREFIX_PATH}:/home/pengbo/ros2_foxy/install/ros2bag:/home/pengbo/ros2_foxy/install/tracetools_launch:/home/pengbo/ros2_foxy/install/topic_monitor:/home/pengbo/ros2_foxy/install/examples_tf2_py:/home/pengbo/ros2_foxy/install/sros2:/home/pengbo/ros2_foxy/install/rqt_topic:/home/pengbo/ros2_foxy/install/rqt_reconfigure:/home/pengbo/ros2_foxy/install/rqt_action:/home/pengbo/ros2_foxy/install/rqt:/home/pengbo/ros2_foxy/install/rqt_graph:/home/pengbo/ros2_foxy/install/rqt_gui_py:/home/pengbo/ros2_foxy/install/rqt_gui:/home/pengbo/ros2_foxy/install/ros2trace:/home/pengbo/ros2_foxy/install/ros2topic:/home/pengbo/ros2_foxy/install/ros2test:/home/pengbo/ros2_foxy/install/ros2component:/home/pengbo/ros2_foxy/install/ros2param:/home/pengbo/ros2_foxy/install/ros2lifecycle:/home/pengbo/ros2_foxy/install/ros2service:/home/pengbo/ros2_foxy/install/ros2run:/home/pengbo/ros2_foxy/install/ros2launch:/home/pengbo/ros2_foxy/install/ros2pkg:/home/pengbo/ros2_foxy/install/ros2node:/home/pengbo/ros2_foxy/install/ros2multicast:/home/pengbo/ros2_foxy/install/ros2interface:/home/pengbo/ros2_foxy/install/ros2doctor:/home/pengbo/ros2_foxy/install/ros2action:/home/pengbo/ros2_foxy/install/ros2cli:/home/pengbo/ros2_foxy/install/quality_of_service_demo_py:/home/pengbo/ros2_foxy/install/opencv_tests:/home/pengbo/ros2_foxy/install/launch_testing_ros:/home/pengbo/ros2_foxy/install/launch_ros:/home/pengbo/ros2_foxy/install/examples_rclpy_minimal_subscriber:/home/pengbo/ros2_foxy/install/examples_rclpy_minimal_service:/home/pengbo/ros2_foxy/install/examples_rclpy_minimal_publisher:/home/pengbo/ros2_foxy/install/examples_rclpy_minimal_client:/home/pengbo/ros2_foxy/install/examples_rclpy_minimal_action_server:/home/pengbo/ros2_foxy/install/examples_rclpy_minimal_action_client:/home/pengbo/ros2_foxy/install/examples_rclpy_executors:/home/pengbo/ros2_foxy/install/demo_nodes_py:/home/pengbo/ros2_foxy/install/action_tutorials_py:/home/pengbo/ros2_foxy/install/ament_uncrustify:/home/pengbo/ros2_foxy/install/tracetools_trace:/home/pengbo/ros2_foxy/install/tracetools_read:/home/pengbo/ros2_foxy/install/test_launch_ros:/home/pengbo/ros2_foxy/install/rpyutils:/home/pengbo/ros2_foxy/install/rosidl_runtime_py:/home/pengbo/ros2_foxy/install/launch_yaml:/home/pengbo/ros2_foxy/install/launch_xml:/home/pengbo/ros2_foxy/install/launch_testing:/home/pengbo/ros2_foxy/install/launch:/home/pengbo/ros2_foxy/install/osrf_pycommon:/home/pengbo/ros2_foxy/install/domain_coordinator:/home/pengbo/ros2_foxy/install/ament_xmllint:/home/pengbo/ros2_foxy/install/ament_pyflakes:/home/pengbo/ros2_foxy/install/ament_pycodestyle:/home/pengbo/ros2_foxy/install/ament_pep257:/home/pengbo/ros2_foxy/install/ament_pclint:/home/pengbo/ros2_foxy/install/ament_package:/home/pengbo/ros2_foxy/install/ament_mypy:/home/pengbo/ros2_foxy/install/ament_lint_cmake:/home/pengbo/ros2_foxy/install/ament_flake8:/home/pengbo/ros2_foxy/install/ament_copyright:/home/pengbo/ros2_foxy/install/ament_lint:/home/pengbo/ros2_foxy/install/ament_index_python:/home/pengbo/ros2_foxy/install/ament_cpplint:/home/pengbo/ros2_foxy/install/ament_cppcheck:/home/pengbo/ros2_foxy/install/ament_clang_tidy:/home/pengbo/ros2_foxy/install/ament_clang_format /usr/bin/cmake --install /home/pengbo/rclcpp_cbg/build/rclcpp
[15.253s] -- Install configuration: ""
[15.253s] -- Installing: /home/pengbo/rclcpp_cbg/install/rclcpp/lib/librclcpp.so
[15.262s] -- Set runtime path of "/home/pengbo/rclcpp_cbg/install/rclcpp/lib/librclcpp.so" to ""
[15.262s] -- Up-to-date: /home/pengbo/rclcpp_cbg/install/rclcpp/share/rclcpp/environment/library_path.sh
[15.263s] -- Installing: /home/pengbo/rclcpp_cbg/install/rclcpp/share/rclcpp/environment/library_path.dsv
[15.263s] -- Up-to-date: /home/pengbo/rclcpp_cbg/build/rclcpp/test/resources
[15.263s] -- Up-to-date: /home/pengbo/rclcpp_cbg/build/rclcpp/test/resources/test_node
[15.263s] -- Up-to-date: /home/pengbo/rclcpp_cbg/build/rclcpp/test/resources/test_node/test_parameters.yaml
[15.265s] -- Up-to-date: /home/pengbo/rclcpp_cbg/install/rclcpp/share/ament_index/resource_index/package_run_dependencies/rclcpp
[15.265s] -- Up-to-date: /home/pengbo/rclcpp_cbg/install/rclcpp/share/ament_index/resource_index/parent_prefix_path/rclcpp
[15.265s] -- Installing: /home/pengbo/rclcpp_cbg/install/rclcpp/share/rclcpp/environment/ament_prefix_path.dsv
[15.265s] -- Installing: /home/pengbo/rclcpp_cbg/install/rclcpp/share/rclcpp/environment/path.dsv
[15.266s] -- Up-to-date: /home/pengbo/rclcpp_cbg/install/rclcpp/share/rclcpp/local_setup.bash
[15.266s] -- Up-to-date: /home/pengbo/rclcpp_cbg/install/rclcpp/share/rclcpp/local_setup.sh
[15.266s] -- Up-to-date: /home/pengbo/rclcpp_cbg/install/rclcpp/share/rclcpp/local_setup.zsh
[15.266s] -- Installing: /home/pengbo/rclcpp_cbg/install/rclcpp/share/rclcpp/local_setup.dsv
[15.266s] -- Installing: /home/pengbo/rclcpp_cbg/install/rclcpp/share/rclcpp/package.dsv
[15.266s] -- Up-to-date: /home/pengbo/rclcpp_cbg/install/rclcpp/share/ament_index/resource_index/packages/rclcpp
[15.267s] -- Up-to-date: /home/pengbo/rclcpp_cbg/install/rclcpp/share/rclcpp/cmake/rclcppExport.cmake
[15.268s] -- Installing: /home/pengbo/rclcpp_cbg/install/rclcpp/share/rclcpp/cmake/rclcppExport-noconfig.cmake
[15.268s] -- Up-to-date: /home/pengbo/rclcpp_cbg/install/rclcpp/share/rclcpp/cmake/ament_cmake_export_include_directories-extras.cmake
[15.268s] -- Up-to-date: /home/pengbo/rclcpp_cbg/install/rclcpp/share/rclcpp/cmake/ament_cmake_export_libraries-extras.cmake
[15.269s] -- Up-to-date: /home/pengbo/rclcpp_cbg/install/rclcpp/share/rclcpp/cmake/ament_cmake_export_targets-extras.cmake
[15.269s] -- Up-to-date: /home/pengbo/rclcpp_cbg/install/rclcpp/share/rclcpp/cmake/ament_cmake_export_dependencies-extras.cmake
[15.269s] -- Up-to-date: /home/pengbo/rclcpp_cbg/install/rclcpp/share/rclcpp/cmake/rosidl_cmake-extras.cmake
[15.269s] -- Up-to-date: /home/pengbo/rclcpp_cbg/install/rclcpp/share/rclcpp/cmake/rclcppConfig.cmake
[15.269s] -- Up-to-date: /home/pengbo/rclcpp_cbg/install/rclcpp/share/rclcpp/cmake/rclcppConfig-version.cmake
[15.269s] -- Up-to-date: /home/pengbo/rclcpp_cbg/install/rclcpp/share/rclcpp/package.xml
[15.269s] -- Up-to-date: /home/pengbo/rclcpp_cbg/install/rclcpp/include
[15.270s] -- Up-to-date: /home/pengbo/rclcpp_cbg/install/rclcpp/include/rclcpp
[15.270s] -- Up-to-date: /home/pengbo/rclcpp_cbg/install/rclcpp/include/rclcpp/publisher.hpp
[15.270s] -- Up-to-date: /home/pengbo/rclcpp_cbg/install/rclcpp/include/rclcpp/visibility_control.hpp
[15.270s] -- Up-to-date: /home/pengbo/rclcpp_cbg/install/rclcpp/include/rclcpp/allocator
[15.270s] -- Up-to-date: /home/pengbo/rclcpp_cbg/install/rclcpp/include/rclcpp/allocator/allocator_deleter.hpp
[15.270s] -- Up-to-date: /home/pengbo/rclcpp_cbg/install/rclcpp/include/rclcpp/allocator/allocator_common.hpp
[15.270s] -- Up-to-date: /home/pengbo/rclcpp_cbg/install/rclcpp/include/rclcpp/graph_listener.hpp
[15.271s] -- Up-to-date: /home/pengbo/rclcpp_cbg/install/rclcpp/include/rclcpp/wait_set_policies
[15.271s] -- Up-to-date: /home/pengbo/rclcpp_cbg/install/rclcpp/include/rclcpp/wait_set_policies/dynamic_storage.hpp
[15.271s] -- Up-to-date: /home/pengbo/rclcpp_cbg/install/rclcpp/include/rclcpp/wait_set_policies/detail
[15.271s] -- Up-to-date: /home/pengbo/rclcpp_cbg/install/rclcpp/include/rclcpp/wait_set_policies/detail/storage_policy_common.hpp
[15.271s] -- Up-to-date: /home/pengbo/rclcpp_cbg/install/rclcpp/include/rclcpp/wait_set_policies/detail/synchronization_policy_common.hpp
[15.271s] -- Up-to-date: /home/pengbo/rclcpp_cbg/install/rclcpp/include/rclcpp/wait_set_policies/detail/write_preferring_read_write_lock.hpp
[15.271s] -- Up-to-date: /home/pengbo/rclcpp_cbg/install/rclcpp/include/rclcpp/wait_set_policies/static_storage.hpp
[15.272s] -- Up-to-date: /home/pengbo/rclcpp_cbg/install/rclcpp/include/rclcpp/wait_set_policies/sequential_synchronization.hpp
[15.272s] -- Up-to-date: /home/pengbo/rclcpp_cbg/install/rclcpp/include/rclcpp/wait_set_policies/thread_safe_synchronization.hpp
[15.272s] -- Up-to-date: /home/pengbo/rclcpp_cbg/install/rclcpp/include/rclcpp/memory_strategy.hpp
[15.272s] -- Up-to-date: /home/pengbo/rclcpp_cbg/install/rclcpp/include/rclcpp/parameter_value.hpp
[15.272s] -- Up-to-date: /home/pengbo/rclcpp_cbg/install/rclcpp/include/rclcpp/parameter.hpp
[15.272s] -- Up-to-date: /home/pengbo/rclcpp_cbg/install/rclcpp/include/rclcpp/duration.hpp
[15.272s] -- Up-to-date: /home/pengbo/rclcpp_cbg/install/rclcpp/include/rclcpp/experimental
[15.273s] -- Up-to-date: /home/pengbo/rclcpp_cbg/install/rclcpp/include/rclcpp/experimental/subscription_intra_process.hpp
[15.273s] -- Up-to-date: /home/pengbo/rclcpp_cbg/install/rclcpp/include/rclcpp/experimental/subscription_intra_process_base.hpp
[15.273s] -- Up-to-date: /home/pengbo/rclcpp_cbg/install/rclcpp/include/rclcpp/experimental/create_intra_process_buffer.hpp
[15.273s] -- Up-to-date: /home/pengbo/rclcpp_cbg/install/rclcpp/include/rclcpp/experimental/executable_list.hpp
[15.273s] -- Up-to-date: /home/pengbo/rclcpp_cbg/install/rclcpp/include/rclcpp/experimental/README.md
[15.273s] -- Up-to-date: /home/pengbo/rclcpp_cbg/install/rclcpp/include/rclcpp/experimental/intra_process_manager.hpp
[15.274s] -- Up-to-date: /home/pengbo/rclcpp_cbg/install/rclcpp/include/rclcpp/experimental/buffers
[15.274s] -- Up-to-date: /home/pengbo/rclcpp_cbg/install/rclcpp/include/rclcpp/experimental/buffers/intra_process_buffer.hpp
[15.274s] -- Up-to-date: /home/pengbo/rclcpp_cbg/install/rclcpp/include/rclcpp/experimental/buffers/buffer_implementation_base.hpp
[15.274s] -- Up-to-date: /home/pengbo/rclcpp_cbg/install/rclcpp/include/rclcpp/experimental/buffers/ring_buffer_implementation.hpp
[15.274s] -- Up-to-date: /home/pengbo/rclcpp_cbg/install/rclcpp/include/rclcpp/node_interfaces
[15.274s] -- Up-to-date: /home/pengbo/rclcpp_cbg/install/rclcpp/include/rclcpp/node_interfaces/node_topics.hpp
[15.275s] -- Up-to-date: /home/pengbo/rclcpp_cbg/install/rclcpp/include/rclcpp/node_interfaces/node_logging_interface.hpp
[15.275s] -- Up-to-date: /home/pengbo/rclcpp_cbg/install/rclcpp/include/rclcpp/node_interfaces/node_graph.hpp
[15.275s] -- Up-to-date: /home/pengbo/rclcpp_cbg/install/rclcpp/include/rclcpp/node_interfaces/node_graph_interface.hpp
[15.275s] -- Up-to-date: /home/pengbo/rclcpp_cbg/install/rclcpp/include/rclcpp/node_interfaces/node_waitables_interface.hpp
[15.276s] -- Up-to-date: /home/pengbo/rclcpp_cbg/install/rclcpp/include/rclcpp/node_interfaces/node_time_source_interface.hpp
[15.276s] -- Up-to-date: /home/pengbo/rclcpp_cbg/install/rclcpp/include/rclcpp/node_interfaces/node_services.hpp
[15.276s] -- Up-to-date: /home/pengbo/rclcpp_cbg/install/rclcpp/include/rclcpp/node_interfaces/node_services_interface.hpp
[15.276s] -- Up-to-date: /home/pengbo/rclcpp_cbg/install/rclcpp/include/rclcpp/node_interfaces/node_topics_interface.hpp
[15.277s] -- Up-to-date: /home/pengbo/rclcpp_cbg/install/rclcpp/include/rclcpp/node_interfaces/node_base_interface.hpp
[15.277s] -- Up-to-date: /home/pengbo/rclcpp_cbg/install/rclcpp/include/rclcpp/node_interfaces/node_clock_interface.hpp
[15.277s] -- Up-to-date: /home/pengbo/rclcpp_cbg/install/rclcpp/include/rclcpp/node_interfaces/node_timers.hpp
[15.277s] -- Up-to-date: /home/pengbo/rclcpp_cbg/install/rclcpp/include/rclcpp/node_interfaces/node_parameters.hpp
[15.277s] -- Up-to-date: /home/pengbo/rclcpp_cbg/install/rclcpp/include/rclcpp/node_interfaces/node_base.hpp
[15.278s] -- Up-to-date: /home/pengbo/rclcpp_cbg/install/rclcpp/include/rclcpp/node_interfaces/node_clock.hpp
[15.278s] -- Up-to-date: /home/pengbo/rclcpp_cbg/install/rclcpp/include/rclcpp/node_interfaces/node_timers_interface.hpp
[15.278s] -- Up-to-date: /home/pengbo/rclcpp_cbg/install/rclcpp/include/rclcpp/node_interfaces/node_logging.hpp
[15.279s] -- Up-to-date: /home/pengbo/rclcpp_cbg/install/rclcpp/include/rclcpp/node_interfaces/node_time_source.hpp
[15.279s] -- Up-to-date: /home/pengbo/rclcpp_cbg/install/rclcpp/include/rclcpp/node_interfaces/node_waitables.hpp
[15.279s] -- Up-to-date: /home/pengbo/rclcpp_cbg/install/rclcpp/include/rclcpp/node_interfaces/node_parameters_interface.hpp
[15.280s] -- Up-to-date: /home/pengbo/rclcpp_cbg/install/rclcpp/include/rclcpp/node.hpp
[15.280s] -- Up-to-date: /home/pengbo/rclcpp_cbg/install/rclcpp/include/rclcpp/any_service_callback.hpp
[15.280s] -- Up-to-date: /home/pengbo/rclcpp_cbg/install/rclcpp/include/rclcpp/exceptions
[15.280s] -- Up-to-date: /home/pengbo/rclcpp_cbg/install/rclcpp/include/rclcpp/exceptions/exceptions.hpp
[15.281s] -- Up-to-date: /home/pengbo/rclcpp_cbg/install/rclcpp/include/rclcpp/wait_set_template.hpp
[15.281s] -- Up-to-date: /home/pengbo/rclcpp_cbg/install/rclcpp/include/rclcpp/subscription_options.hpp
[15.281s] -- Up-to-date: /home/pengbo/rclcpp_cbg/install/rclcpp/include/rclcpp/node_options.hpp
[15.281s] -- Up-to-date: /home/pengbo/rclcpp_cbg/install/rclcpp/include/rclcpp/type_support_decl.hpp
[15.281s] -- Up-to-date: /home/pengbo/rclcpp_cbg/install/rclcpp/include/rclcpp/wait_result.hpp
[15.282s] -- Up-to-date: /home/pengbo/rclcpp_cbg/install/rclcpp/include/rclcpp/logger.hpp
[15.282s] -- Up-to-date: /home/pengbo/rclcpp_cbg/install/rclcpp/include/rclcpp/qos.hpp
[15.283s] -- Up-to-date: /home/pengbo/rclcpp_cbg/install/rclcpp/include/rclcpp/strategies
[15.283s] -- Up-to-date: /home/pengbo/rclcpp_cbg/install/rclcpp/include/rclcpp/strategies/message_pool_memory_strategy.hpp
[15.283s] -- Up-to-date: /home/pengbo/rclcpp_cbg/install/rclcpp/include/rclcpp/strategies/allocator_memory_strategy.hpp
[15.283s] -- Up-to-date: /home/pengbo/rclcpp_cbg/install/rclcpp/include/rclcpp/executors
[15.283s] -- Up-to-date: /home/pengbo/rclcpp_cbg/install/rclcpp/include/rclcpp/executors/static_executor_entities_collector.hpp
[15.284s] -- Up-to-date: /home/pengbo/rclcpp_cbg/install/rclcpp/include/rclcpp/executors/multi_threaded_executor.hpp
[15.284s] -- Up-to-date: /home/pengbo/rclcpp_cbg/install/rclcpp/include/rclcpp/executors/single_threaded_executor.hpp
[15.284s] -- Up-to-date: /home/pengbo/rclcpp_cbg/install/rclcpp/include/rclcpp/executors/static_single_threaded_executor.hpp
[15.285s] -- Up-to-date: /home/pengbo/rclcpp_cbg/install/rclcpp/include/rclcpp/init_options.hpp
[15.285s] -- Up-to-date: /home/pengbo/rclcpp_cbg/install/rclcpp/include/rclcpp/scope_exit.hpp
[15.286s] -- Up-to-date: /home/pengbo/rclcpp_cbg/install/rclcpp/include/rclcpp/callback_group.hpp
[15.286s] -- Up-to-date: /home/pengbo/rclcpp_cbg/install/rclcpp/include/rclcpp/any_executable.hpp
[15.286s] -- Up-to-date: /home/pengbo/rclcpp_cbg/install/rclcpp/include/rclcpp/parameter_client.hpp
[15.286s] -- Up-to-date: /home/pengbo/rclcpp_cbg/install/rclcpp/include/rclcpp/service.hpp
[15.286s] -- Up-to-date: /home/pengbo/rclcpp_cbg/install/rclcpp/include/rclcpp/macros.hpp
[15.286s] -- Up-to-date: /home/pengbo/rclcpp_cbg/install/rclcpp/include/rclcpp/loaned_message.hpp
[15.287s] -- Up-to-date: /home/pengbo/rclcpp_cbg/install/rclcpp/include/rclcpp/future_return_code.hpp
[15.287s] -- Up-to-date: /home/pengbo/rclcpp_cbg/install/rclcpp/include/rclcpp/detail
[15.287s] -- Up-to-date: /home/pengbo/rclcpp_cbg/install/rclcpp/include/rclcpp/detail/rmw_implementation_specific_payload.hpp
[15.288s] -- Up-to-date: /home/pengbo/rclcpp_cbg/install/rclcpp/include/rclcpp/detail/rmw_implementation_specific_publisher_payload.hpp
[15.288s] -- Up-to-date: /home/pengbo/rclcpp_cbg/install/rclcpp/include/rclcpp/detail/rmw_implementation_specific_subscription_payload.hpp
[15.290s] -- Up-to-date: /home/pengbo/rclcpp_cbg/install/rclcpp/include/rclcpp/detail/utilities.hpp
[15.291s] -- Up-to-date: /home/pengbo/rclcpp_cbg/install/rclcpp/include/rclcpp/detail/README.md
[15.291s] -- Up-to-date: /home/pengbo/rclcpp_cbg/install/rclcpp/include/rclcpp/detail/resolve_enable_topic_statistics.hpp
[15.292s] -- Up-to-date: /home/pengbo/rclcpp_cbg/install/rclcpp/include/rclcpp/detail/resolve_intra_process_buffer_type.hpp
[15.293s] -- Up-to-date: /home/pengbo/rclcpp_cbg/install/rclcpp/include/rclcpp/detail/resolve_use_intra_process.hpp
[15.293s] -- Up-to-date: /home/pengbo/rclcpp_cbg/install/rclcpp/include/rclcpp/timer.hpp
[15.293s] -- Up-to-date: /home/pengbo/rclcpp_cbg/install/rclcpp/include/rclcpp/serialized_message.hpp
[15.293s] -- Up-to-date: /home/pengbo/rclcpp_cbg/install/rclcpp/include/rclcpp/rate.hpp
[15.294s] -- Up-to-date: /home/pengbo/rclcpp_cbg/install/rclcpp/include/rclcpp/wait_set.hpp
[15.294s] -- Up-to-date: /home/pengbo/rclcpp_cbg/install/rclcpp/include/rclcpp/subscription_traits.hpp
[15.294s] -- Up-to-date: /home/pengbo/rclcpp_cbg/install/rclcpp/include/rclcpp/parameter_map.hpp
[15.294s] -- Up-to-date: /home/pengbo/rclcpp_cbg/install/rclcpp/include/rclcpp/topic_statistics_state.hpp
[15.294s] -- Up-to-date: /home/pengbo/rclcpp_cbg/install/rclcpp/include/rclcpp/time_source.hpp
[15.294s] -- Up-to-date: /home/pengbo/rclcpp_cbg/install/rclcpp/include/rclcpp/wait_result_kind.hpp
[15.295s] -- Up-to-date: /home/pengbo/rclcpp_cbg/install/rclcpp/include/rclcpp/serialization.hpp
[15.295s] -- Up-to-date: /home/pengbo/rclcpp_cbg/install/rclcpp/include/rclcpp/memory_strategies.hpp
[15.295s] -- Up-to-date: /home/pengbo/rclcpp_cbg/install/rclcpp/include/rclcpp/context.hpp
[15.295s] -- Up-to-date: /home/pengbo/rclcpp_cbg/install/rclcpp/include/rclcpp/function_traits.hpp
[15.295s] -- Up-to-date: /home/pengbo/rclcpp_cbg/install/rclcpp/include/rclcpp/executors.hpp
[15.296s] -- Up-to-date: /home/pengbo/rclcpp_cbg/install/rclcpp/include/rclcpp/create_publisher.hpp
[15.296s] -- Up-to-date: /home/pengbo/rclcpp_cbg/install/rclcpp/include/rclcpp/subscription_factory.hpp
[15.296s] -- Up-to-date: /home/pengbo/rclcpp_cbg/install/rclcpp/include/rclcpp/executor.hpp
[15.296s] -- Up-to-date: /home/pengbo/rclcpp_cbg/install/rclcpp/include/rclcpp/clock.hpp
[15.296s] -- Up-to-date: /home/pengbo/rclcpp_cbg/install/rclcpp/include/rclcpp/intra_process_setting.hpp
[15.296s] -- Up-to-date: /home/pengbo/rclcpp_cbg/install/rclcpp/include/rclcpp/utilities.hpp
[15.296s] -- Up-to-date: /home/pengbo/rclcpp_cbg/install/rclcpp/include/rclcpp/publisher_options.hpp
[15.296s] -- Up-to-date: /home/pengbo/rclcpp_cbg/install/rclcpp/include/rclcpp/guard_condition.hpp
[15.297s] -- Up-to-date: /home/pengbo/rclcpp_cbg/install/rclcpp/include/rclcpp/contexts
[15.297s] -- Up-to-date: /home/pengbo/rclcpp_cbg/install/rclcpp/include/rclcpp/contexts/default_context.hpp
[15.297s] -- Up-to-date: /home/pengbo/rclcpp_cbg/install/rclcpp/include/rclcpp/time.hpp
[15.297s] -- Up-to-date: /home/pengbo/rclcpp_cbg/install/rclcpp/include/rclcpp/create_timer.hpp
[15.297s] -- Up-to-date: /home/pengbo/rclcpp_cbg/install/rclcpp/include/rclcpp/intra_process_buffer_type.hpp
[15.297s] -- Up-to-date: /home/pengbo/rclcpp_cbg/install/rclcpp/include/rclcpp/publisher_factory.hpp
[15.297s] -- Up-to-date: /home/pengbo/rclcpp_cbg/install/rclcpp/include/rclcpp/subscription.hpp
[15.297s] -- Up-to-date: /home/pengbo/rclcpp_cbg/install/rclcpp/include/rclcpp/expand_topic_or_service_name.hpp
[15.297s] -- Up-to-date: /home/pengbo/rclcpp_cbg/install/rclcpp/include/rclcpp/create_service.hpp
[15.297s] -- Up-to-date: /home/pengbo/rclcpp_cbg/install/rclcpp/include/rclcpp/event.hpp
[15.298s] -- Up-to-date: /home/pengbo/rclcpp_cbg/install/rclcpp/include/rclcpp/create_subscription.hpp
[15.298s] -- Up-to-date: /home/pengbo/rclcpp_cbg/install/rclcpp/include/rclcpp/executor_options.hpp
[15.298s] -- Up-to-date: /home/pengbo/rclcpp_cbg/install/rclcpp/include/rclcpp/publisher_base.hpp
[15.298s] -- Up-to-date: /home/pengbo/rclcpp_cbg/install/rclcpp/include/rclcpp/message_memory_strategy.hpp
[15.298s] -- Up-to-date: /home/pengbo/rclcpp_cbg/install/rclcpp/include/rclcpp/subscription_wait_set_mask.hpp
[15.298s] -- Up-to-date: /home/pengbo/rclcpp_cbg/install/rclcpp/include/rclcpp/message_info.hpp
[15.298s] -- Up-to-date: /home/pengbo/rclcpp_cbg/install/rclcpp/include/rclcpp/parameter_service.hpp
[15.298s] -- Up-to-date: /home/pengbo/rclcpp_cbg/install/rclcpp/include/rclcpp/subscription_base.hpp
[15.298s] -- Up-to-date: /home/pengbo/rclcpp_cbg/install/rclcpp/include/rclcpp/exceptions.hpp
[15.298s] -- Up-to-date: /home/pengbo/rclcpp_cbg/install/rclcpp/include/rclcpp/create_client.hpp
[15.298s] -- Up-to-date: /home/pengbo/rclcpp_cbg/install/rclcpp/include/rclcpp/any_subscription_callback.hpp
[15.299s] -- Up-to-date: /home/pengbo/rclcpp_cbg/install/rclcpp/include/rclcpp/topic_statistics
[15.299s] -- Up-to-date: /home/pengbo/rclcpp_cbg/install/rclcpp/include/rclcpp/topic_statistics/subscription_topic_statistics.hpp
[15.299s] -- Up-to-date: /home/pengbo/rclcpp_cbg/install/rclcpp/include/rclcpp/waitable.hpp
[15.299s] -- Up-to-date: /home/pengbo/rclcpp_cbg/install/rclcpp/include/rclcpp/rclcpp.hpp
[15.299s] -- Up-to-date: /home/pengbo/rclcpp_cbg/install/rclcpp/include/rclcpp/parameter_events_filter.hpp
[15.299s] -- Up-to-date: /home/pengbo/rclcpp_cbg/install/rclcpp/include/rclcpp/qos_event.hpp
[15.299s] -- Up-to-date: /home/pengbo/rclcpp_cbg/install/rclcpp/include/rclcpp/node_impl.hpp
[15.299s] -- Up-to-date: /home/pengbo/rclcpp_cbg/install/rclcpp/include/rclcpp/client.hpp
[15.299s] -- Up-to-date: /home/pengbo/rclcpp_cbg/install/rclcpp/include
[15.299s] -- Up-to-date: /home/pengbo/rclcpp_cbg/install/rclcpp/include/rclcpp
[15.300s] -- Up-to-date: /home/pengbo/rclcpp_cbg/install/rclcpp/include/rclcpp/node_interfaces
[15.300s] -- Up-to-date: /home/pengbo/rclcpp_cbg/install/rclcpp/include/rclcpp/node_interfaces/get_node_services_interface.hpp
[15.300s] -- Up-to-date: /home/pengbo/rclcpp_cbg/install/rclcpp/include/rclcpp/node_interfaces/node_services_interface_traits.hpp
[15.300s] -- Up-to-date: /home/pengbo/rclcpp_cbg/install/rclcpp/include/rclcpp/node_interfaces/node_graph_interface_traits.hpp
[15.300s] -- Up-to-date: /home/pengbo/rclcpp_cbg/install/rclcpp/include/rclcpp/node_interfaces/get_node_timers_interface.hpp
[15.300s] -- Up-to-date: /home/pengbo/rclcpp_cbg/install/rclcpp/include/rclcpp/node_interfaces/get_node_time_source_interface.hpp
[15.300s] -- Up-to-date: /home/pengbo/rclcpp_cbg/install/rclcpp/include/rclcpp/node_interfaces/node_waitables_interface_traits.hpp
[15.301s] -- Up-to-date: /home/pengbo/rclcpp_cbg/install/rclcpp/include/rclcpp/node_interfaces/get_node_clock_interface.hpp
[15.302s] -- Up-to-date: /home/pengbo/rclcpp_cbg/install/rclcpp/include/rclcpp/node_interfaces/get_node_topics_interface.hpp
[15.302s] -- Up-to-date: /home/pengbo/rclcpp_cbg/install/rclcpp/include/rclcpp/node_interfaces/get_node_logging_interface.hpp
[15.302s] -- Up-to-date: /home/pengbo/rclcpp_cbg/install/rclcpp/include/rclcpp/node_interfaces/get_node_parameters_interface.hpp
[15.302s] -- Up-to-date: /home/pengbo/rclcpp_cbg/install/rclcpp/include/rclcpp/node_interfaces/node_parameters_interface_traits.hpp
[15.302s] -- Up-to-date: /home/pengbo/rclcpp_cbg/install/rclcpp/include/rclcpp/node_interfaces/node_timers_interface_traits.hpp
[15.302s] -- Up-to-date: /home/pengbo/rclcpp_cbg/install/rclcpp/include/rclcpp/node_interfaces/node_base_interface_traits.hpp
[15.302s] -- Up-to-date: /home/pengbo/rclcpp_cbg/install/rclcpp/include/rclcpp/node_interfaces/get_node_graph_interface.hpp
[15.302s] -- Up-to-date: /home/pengbo/rclcpp_cbg/install/rclcpp/include/rclcpp/node_interfaces/node_topics_interface_traits.hpp
[15.302s] -- Up-to-date: /home/pengbo/rclcpp_cbg/install/rclcpp/include/rclcpp/node_interfaces/node_logging_interface_traits.hpp
[15.302s] -- Up-to-date: /home/pengbo/rclcpp_cbg/install/rclcpp/include/rclcpp/node_interfaces/node_clock_interface_traits.hpp
[15.303s] -- Up-to-date: /home/pengbo/rclcpp_cbg/install/rclcpp/include/rclcpp/node_interfaces/get_node_base_interface.hpp
[15.303s] -- Up-to-date: /home/pengbo/rclcpp_cbg/install/rclcpp/include/rclcpp/node_interfaces/get_node_waitables_interface.hpp
[15.303s] -- Up-to-date: /home/pengbo/rclcpp_cbg/install/rclcpp/include/rclcpp/node_interfaces/node_time_source_interface_traits.hpp
[15.303s] -- Up-to-date: /home/pengbo/rclcpp_cbg/install/rclcpp/include/rclcpp/logging.hpp
[15.304s] Invoked command in '/home/pengbo/rclcpp_cbg/build/rclcpp' returned '0': CMAKE_PREFIX_PATH=${CMAKE_PREFIX_PATH}:/home/pengbo/ros2_foxy/install/ros2bag:/home/pengbo/ros2_foxy/install/tracetools_launch:/home/pengbo/ros2_foxy/install/topic_monitor:/home/pengbo/ros2_foxy/install/examples_tf2_py:/home/pengbo/ros2_foxy/install/sros2:/home/pengbo/ros2_foxy/install/rqt_topic:/home/pengbo/ros2_foxy/install/rqt_reconfigure:/home/pengbo/ros2_foxy/install/rqt_action:/home/pengbo/ros2_foxy/install/rqt:/home/pengbo/ros2_foxy/install/rqt_graph:/home/pengbo/ros2_foxy/install/rqt_gui_py:/home/pengbo/ros2_foxy/install/rqt_gui:/home/pengbo/ros2_foxy/install/ros2trace:/home/pengbo/ros2_foxy/install/ros2topic:/home/pengbo/ros2_foxy/install/ros2test:/home/pengbo/ros2_foxy/install/ros2component:/home/pengbo/ros2_foxy/install/ros2param:/home/pengbo/ros2_foxy/install/ros2lifecycle:/home/pengbo/ros2_foxy/install/ros2service:/home/pengbo/ros2_foxy/install/ros2run:/home/pengbo/ros2_foxy/install/ros2launch:/home/pengbo/ros2_foxy/install/ros2pkg:/home/pengbo/ros2_foxy/install/ros2node:/home/pengbo/ros2_foxy/install/ros2multicast:/home/pengbo/ros2_foxy/install/ros2interface:/home/pengbo/ros2_foxy/install/ros2doctor:/home/pengbo/ros2_foxy/install/ros2action:/home/pengbo/ros2_foxy/install/ros2cli:/home/pengbo/ros2_foxy/install/quality_of_service_demo_py:/home/pengbo/ros2_foxy/install/opencv_tests:/home/pengbo/ros2_foxy/install/launch_testing_ros:/home/pengbo/ros2_foxy/install/launch_ros:/home/pengbo/ros2_foxy/install/examples_rclpy_minimal_subscriber:/home/pengbo/ros2_foxy/install/examples_rclpy_minimal_service:/home/pengbo/ros2_foxy/install/examples_rclpy_minimal_publisher:/home/pengbo/ros2_foxy/install/examples_rclpy_minimal_client:/home/pengbo/ros2_foxy/install/examples_rclpy_minimal_action_server:/home/pengbo/ros2_foxy/install/examples_rclpy_minimal_action_client:/home/pengbo/ros2_foxy/install/examples_rclpy_executors:/home/pengbo/ros2_foxy/install/demo_nodes_py:/home/pengbo/ros2_foxy/install/action_tutorials_py:/home/pengbo/ros2_foxy/install/ament_uncrustify:/home/pengbo/ros2_foxy/install/tracetools_trace:/home/pengbo/ros2_foxy/install/tracetools_read:/home/pengbo/ros2_foxy/install/test_launch_ros:/home/pengbo/ros2_foxy/install/rpyutils:/home/pengbo/ros2_foxy/install/rosidl_runtime_py:/home/pengbo/ros2_foxy/install/launch_yaml:/home/pengbo/ros2_foxy/install/launch_xml:/home/pengbo/ros2_foxy/install/launch_testing:/home/pengbo/ros2_foxy/install/launch:/home/pengbo/ros2_foxy/install/osrf_pycommon:/home/pengbo/ros2_foxy/install/domain_coordinator:/home/pengbo/ros2_foxy/install/ament_xmllint:/home/pengbo/ros2_foxy/install/ament_pyflakes:/home/pengbo/ros2_foxy/install/ament_pycodestyle:/home/pengbo/ros2_foxy/install/ament_pep257:/home/pengbo/ros2_foxy/install/ament_pclint:/home/pengbo/ros2_foxy/install/ament_package:/home/pengbo/ros2_foxy/install/ament_mypy:/home/pengbo/ros2_foxy/install/ament_lint_cmake:/home/pengbo/ros2_foxy/install/ament_flake8:/home/pengbo/ros2_foxy/install/ament_copyright:/home/pengbo/ros2_foxy/install/ament_lint:/home/pengbo/ros2_foxy/install/ament_index_python:/home/pengbo/ros2_foxy/install/ament_cpplint:/home/pengbo/ros2_foxy/install/ament_cppcheck:/home/pengbo/ros2_foxy/install/ament_clang_tidy:/home/pengbo/ros2_foxy/install/ament_clang_format /usr/bin/cmake --install /home/pengbo/rclcpp_cbg/build/rclcpp
