[0.019s] Invoking command in '/home/pengbo/rclcpp_cbg/ros2_rclcpp/build/rclcpp_lifecycle': AMENT_PREFIX_PATH=/home/pengbo/rclcpp_cbg/ros2_rclcpp/install/rclcpp CMAKE_PREFIX_PATH=/home/pengbo/rclcpp_cbg/ros2_rclcpp/install/rclcpp LD_LIBRARY_PATH=/home/pengbo/rclcpp_cbg/ros2_rclcpp/install/rclcpp/lib /usr/bin/cmake --build /home/pengbo/rclcpp_cbg/ros2_rclcpp/build/rclcpp_lifecycle -- -j12 -l12
[0.067s] [  8%] Built target gtest_main
[0.071s] [ 17%] Built target gtest
[0.084s] [ 21%] [32m[1mLinking CXX shared library librclcpp_lifecycle.so[0m
[0.542s] [ 39%] Built target rclcpp_lifecycle
[0.578s] [ 47%] [32m[1mLinking CXX executable test_lifecycle_service_client[0m
[0.578s] [ 47%] [32m[1mLinking CXX executable test_state_wrapper[0m
[0.578s] [ 52%] [32m[1mLinking CXX executable test_state_machine_info[0m
[0.579s] [ 56%] [32m[1mLinking CXX executable test_register_custom_callbacks[0m
[0.580s] [ 60%] [32m[1mLinking CXX executable test_transition_wrapper[0m
[0.588s] [ 65%] [32m[1mLinking CXX executable test_callback_exceptions[0m
[0.596s] [ 69%] [32m[1mLinking CXX executable test_lifecycle_node[0m
[1.346s] [ 73%] Built target test_state_wrapper
[1.413s] [ 78%] Built target test_transition_wrapper
[2.185s] [ 82%] Built target test_state_machine_info
[2.200s] [ 86%] Built target test_register_custom_callbacks
[2.254s] [ 91%] Built target test_lifecycle_service_client
[2.258s] [ 95%] Built target test_callback_exceptions
[2.344s] [100%] Built target test_lifecycle_node
[2.356s] Invoked command in '/home/pengbo/rclcpp_cbg/ros2_rclcpp/build/rclcpp_lifecycle' returned '0': AMENT_PREFIX_PATH=/home/pengbo/rclcpp_cbg/ros2_rclcpp/install/rclcpp CMAKE_PREFIX_PATH=/home/pengbo/rclcpp_cbg/ros2_rclcpp/install/rclcpp LD_LIBRARY_PATH=/home/pengbo/rclcpp_cbg/ros2_rclcpp/install/rclcpp/lib /usr/bin/cmake --build /home/pengbo/rclcpp_cbg/ros2_rclcpp/build/rclcpp_lifecycle -- -j12 -l12
[2.390s] Invoking command in '/home/pengbo/rclcpp_cbg/ros2_rclcpp/build/rclcpp_lifecycle': AMENT_PREFIX_PATH=/home/pengbo/rclcpp_cbg/ros2_rclcpp/install/rclcpp CMAKE_PREFIX_PATH=/home/pengbo/rclcpp_cbg/ros2_rclcpp/install/rclcpp LD_LIBRARY_PATH=/home/pengbo/rclcpp_cbg/ros2_rclcpp/install/rclcpp/lib /usr/bin/cmake --install /home/pengbo/rclcpp_cbg/ros2_rclcpp/build/rclcpp_lifecycle
[2.398s] -- Install configuration: ""
[2.399s] -- Installing: /home/pengbo/rclcpp_cbg/ros2_rclcpp/install/rclcpp_lifecycle/lib/librclcpp_lifecycle.so
[2.401s] -- Set runtime path of "/home/pengbo/rclcpp_cbg/ros2_rclcpp/install/rclcpp_lifecycle/lib/librclcpp_lifecycle.so" to ""
[2.401s] -- Up-to-date: /home/pengbo/rclcpp_cbg/ros2_rclcpp/install/rclcpp_lifecycle/share/rclcpp_lifecycle/environment/library_path.sh
[2.401s] -- Up-to-date: /home/pengbo/rclcpp_cbg/ros2_rclcpp/install/rclcpp_lifecycle/share/rclcpp_lifecycle/environment/library_path.dsv
[2.402s] -- Up-to-date: /home/pengbo/rclcpp_cbg/ros2_rclcpp/install/rclcpp_lifecycle/share/ament_index/resource_index/package_run_dependencies/rclcpp_lifecycle
[2.402s] -- Up-to-date: /home/pengbo/rclcpp_cbg/ros2_rclcpp/install/rclcpp_lifecycle/share/ament_index/resource_index/parent_prefix_path/rclcpp_lifecycle
[2.402s] -- Up-to-date: /home/pengbo/rclcpp_cbg/ros2_rclcpp/install/rclcpp_lifecycle/share/rclcpp_lifecycle/environment/ament_prefix_path.dsv
[2.402s] -- Up-to-date: /home/pengbo/rclcpp_cbg/ros2_rclcpp/install/rclcpp_lifecycle/share/rclcpp_lifecycle/environment/path.dsv
[2.402s] -- Up-to-date: /home/pengbo/rclcpp_cbg/ros2_rclcpp/install/rclcpp_lifecycle/share/rclcpp_lifecycle/local_setup.bash
[2.402s] -- Up-to-date: /home/pengbo/rclcpp_cbg/ros2_rclcpp/install/rclcpp_lifecycle/share/rclcpp_lifecycle/local_setup.sh
[2.402s] -- Up-to-date: /home/pengbo/rclcpp_cbg/ros2_rclcpp/install/rclcpp_lifecycle/share/rclcpp_lifecycle/local_setup.zsh
[2.402s] -- Up-to-date: /home/pengbo/rclcpp_cbg/ros2_rclcpp/install/rclcpp_lifecycle/share/rclcpp_lifecycle/local_setup.dsv
[2.402s] -- Installing: /home/pengbo/rclcpp_cbg/ros2_rclcpp/install/rclcpp_lifecycle/share/rclcpp_lifecycle/package.dsv
[2.402s] -- Up-to-date: /home/pengbo/rclcpp_cbg/ros2_rclcpp/install/rclcpp_lifecycle/share/ament_index/resource_index/packages/rclcpp_lifecycle
[2.403s] -- Up-to-date: /home/pengbo/rclcpp_cbg/ros2_rclcpp/install/rclcpp_lifecycle/share/rclcpp_lifecycle/cmake/rclcpp_lifecycleExport.cmake
[2.403s] -- Up-to-date: /home/pengbo/rclcpp_cbg/ros2_rclcpp/install/rclcpp_lifecycle/share/rclcpp_lifecycle/cmake/rclcpp_lifecycleExport-noconfig.cmake
[2.403s] -- Up-to-date: /home/pengbo/rclcpp_cbg/ros2_rclcpp/install/rclcpp_lifecycle/share/rclcpp_lifecycle/cmake/ament_cmake_export_include_directories-extras.cmake
[2.404s] -- Up-to-date: /home/pengbo/rclcpp_cbg/ros2_rclcpp/install/rclcpp_lifecycle/share/rclcpp_lifecycle/cmake/ament_cmake_export_libraries-extras.cmake
[2.404s] -- Up-to-date: /home/pengbo/rclcpp_cbg/ros2_rclcpp/install/rclcpp_lifecycle/share/rclcpp_lifecycle/cmake/ament_cmake_export_targets-extras.cmake
[2.404s] -- Up-to-date: /home/pengbo/rclcpp_cbg/ros2_rclcpp/install/rclcpp_lifecycle/share/rclcpp_lifecycle/cmake/ament_cmake_export_dependencies-extras.cmake
[2.404s] -- Up-to-date: /home/pengbo/rclcpp_cbg/ros2_rclcpp/install/rclcpp_lifecycle/share/rclcpp_lifecycle/cmake/rclcpp_lifecycleConfig.cmake
[2.404s] -- Up-to-date: /home/pengbo/rclcpp_cbg/ros2_rclcpp/install/rclcpp_lifecycle/share/rclcpp_lifecycle/cmake/rclcpp_lifecycleConfig-version.cmake
[2.406s] -- Up-to-date: /home/pengbo/rclcpp_cbg/ros2_rclcpp/install/rclcpp_lifecycle/share/rclcpp_lifecycle/package.xml
[2.406s] -- Up-to-date: /home/pengbo/rclcpp_cbg/ros2_rclcpp/install/rclcpp_lifecycle/include
[2.407s] -- Up-to-date: /home/pengbo/rclcpp_cbg/ros2_rclcpp/install/rclcpp_lifecycle/include/rclcpp_lifecycle
[2.407s] -- Up-to-date: /home/pengbo/rclcpp_cbg/ros2_rclcpp/install/rclcpp_lifecycle/include/rclcpp_lifecycle/lifecycle_node.hpp
[2.408s] -- Up-to-date: /home/pengbo/rclcpp_cbg/ros2_rclcpp/install/rclcpp_lifecycle/include/rclcpp_lifecycle/node_interfaces
[2.408s] -- Up-to-date: /home/pengbo/rclcpp_cbg/ros2_rclcpp/install/rclcpp_lifecycle/include/rclcpp_lifecycle/node_interfaces/lifecycle_node_interface.hpp
[2.408s] -- Up-to-date: /home/pengbo/rclcpp_cbg/ros2_rclcpp/install/rclcpp_lifecycle/include/rclcpp_lifecycle/visibility_control.h
[2.408s] -- Up-to-date: /home/pengbo/rclcpp_cbg/ros2_rclcpp/install/rclcpp_lifecycle/include/rclcpp_lifecycle/lifecycle_node_impl.hpp
[2.408s] -- Up-to-date: /home/pengbo/rclcpp_cbg/ros2_rclcpp/install/rclcpp_lifecycle/include/rclcpp_lifecycle/state.hpp
[2.408s] -- Up-to-date: /home/pengbo/rclcpp_cbg/ros2_rclcpp/install/rclcpp_lifecycle/include/rclcpp_lifecycle/type_traits
[2.408s] -- Up-to-date: /home/pengbo/rclcpp_cbg/ros2_rclcpp/install/rclcpp_lifecycle/include/rclcpp_lifecycle/type_traits/is_manageable_node.hpp
[2.409s] -- Up-to-date: /home/pengbo/rclcpp_cbg/ros2_rclcpp/install/rclcpp_lifecycle/include/rclcpp_lifecycle/transition.hpp
[2.409s] -- Up-to-date: /home/pengbo/rclcpp_cbg/ros2_rclcpp/install/rclcpp_lifecycle/include/rclcpp_lifecycle/lifecycle_publisher.hpp
[2.409s] Invoked command in '/home/pengbo/rclcpp_cbg/ros2_rclcpp/build/rclcpp_lifecycle' returned '0': AMENT_PREFIX_PATH=/home/pengbo/rclcpp_cbg/ros2_rclcpp/install/rclcpp CMAKE_PREFIX_PATH=/home/pengbo/rclcpp_cbg/ros2_rclcpp/install/rclcpp LD_LIBRARY_PATH=/home/pengbo/rclcpp_cbg/ros2_rclcpp/install/rclcpp/lib /usr/bin/cmake --install /home/pengbo/rclcpp_cbg/ros2_rclcpp/build/rclcpp_lifecycle
