Performing C SOURCE FILE Test CMAKE_HAVE_LIBC_PTHREAD failed with the following output:
Change Dir: /home/pengbo/rclcpp_cbg/build/rclcpp_lifecycle/CMakeFiles/CMakeTmp

Run Build Command(s):/usr/bin/make cmTC_0751d/fast && /usr/bin/make -f CMakeFiles/cmTC_0751d.dir/build.make CMakeFiles/cmTC_0751d.dir/build
make[1]: Entering directory '/home/pengbo/rclcpp_cbg/build/rclcpp_lifecycle/CMakeFiles/CMakeTmp'
Building C object CMakeFiles/cmTC_0751d.dir/src.c.o
/usr/bin/cc   -DCMAKE_HAVE_LIBC_PTHREAD   -o CMakeFiles/cmTC_0751d.dir/src.c.o   -c /home/pengbo/rclcpp_cbg/build/rclcpp_lifecycle/CMakeFiles/CMakeTmp/src.c
Linking C executable cmTC_0751d
/usr/bin/cmake -E cmake_link_script CMakeFiles/cmTC_0751d.dir/link.txt --verbose=1
/usr/bin/cc  -DCMAKE_HAVE_LIBC_PTHREAD    CMakeFiles/cmTC_0751d.dir/src.c.o  -o cmTC_0751d 
/usr/bin/ld: CMakeFiles/cmTC_0751d.dir/src.c.o: in function `main':
src.c:(.text+0x46): undefined reference to `pthread_create'
/usr/bin/ld: src.c:(.text+0x52): undefined reference to `pthread_detach'
/usr/bin/ld: src.c:(.text+0x63): undefined reference to `pthread_join'
collect2: error: ld returned 1 exit status
make[1]: *** [CMakeFiles/cmTC_0751d.dir/build.make:87: cmTC_0751d] Error 1
make[1]: Leaving directory '/home/pengbo/rclcpp_cbg/build/rclcpp_lifecycle/CMakeFiles/CMakeTmp'
make: *** [Makefile:121: cmTC_0751d/fast] Error 2


Source file was:
#include <pthread.h>

void* test_func(void* data)
{
  return data;
}

int main(void)
{
  pthread_t thread;
  pthread_create(&thread, NULL, test_func, NULL);
  pthread_detach(thread);
  pthread_join(thread, NULL);
  pthread_atfork(NULL, NULL, NULL);
  pthread_exit(NULL);

  return 0;
}

Determining if the function pthread_create exists in the pthreads failed with the following output:
Change Dir: /home/pengbo/rclcpp_cbg/build/rclcpp_lifecycle/CMakeFiles/CMakeTmp

Run Build Command(s):/usr/bin/make cmTC_3abba/fast && /usr/bin/make -f CMakeFiles/cmTC_3abba.dir/build.make CMakeFiles/cmTC_3abba.dir/build
make[1]: Entering directory '/home/pengbo/rclcpp_cbg/build/rclcpp_lifecycle/CMakeFiles/CMakeTmp'
Building C object CMakeFiles/cmTC_3abba.dir/CheckFunctionExists.c.o
/usr/bin/cc   -DCHECK_FUNCTION_EXISTS=pthread_create   -o CMakeFiles/cmTC_3abba.dir/CheckFunctionExists.c.o   -c /usr/share/cmake-3.16/Modules/CheckFunctionExists.c
Linking C executable cmTC_3abba
/usr/bin/cmake -E cmake_link_script CMakeFiles/cmTC_3abba.dir/link.txt --verbose=1
/usr/bin/cc  -DCHECK_FUNCTION_EXISTS=pthread_create    CMakeFiles/cmTC_3abba.dir/CheckFunctionExists.c.o  -o cmTC_3abba  -lpthreads 
/usr/bin/ld: cannot find -lpthreads
collect2: error: ld returned 1 exit status
make[1]: *** [CMakeFiles/cmTC_3abba.dir/build.make:87: cmTC_3abba] Error 1
make[1]: Leaving directory '/home/pengbo/rclcpp_cbg/build/rclcpp_lifecycle/CMakeFiles/CMakeTmp'
make: *** [Makefile:121: cmTC_3abba/fast] Error 2



Performing C SOURCE FILE Test CMAKE_HAVE_LIBC_PTHREAD failed with the following output:
Change Dir: /home/pengbo/rclcpp_cbg/build/rclcpp_lifecycle/CMakeFiles/CMakeTmp

Run Build Command(s):/usr/bin/make cmTC_42a12/fast && /usr/bin/make -f CMakeFiles/cmTC_42a12.dir/build.make CMakeFiles/cmTC_42a12.dir/build
make[1]: Entering directory '/home/pengbo/rclcpp_cbg/build/rclcpp_lifecycle/CMakeFiles/CMakeTmp'
Building C object CMakeFiles/cmTC_42a12.dir/src.c.o
/usr/bin/cc   -DCMAKE_HAVE_LIBC_PTHREAD   -o CMakeFiles/cmTC_42a12.dir/src.c.o   -c /home/pengbo/rclcpp_cbg/build/rclcpp_lifecycle/CMakeFiles/CMakeTmp/src.c
Linking C executable cmTC_42a12
/usr/bin/cmake -E cmake_link_script CMakeFiles/cmTC_42a12.dir/link.txt --verbose=1
/usr/bin/cc  -DCMAKE_HAVE_LIBC_PTHREAD    CMakeFiles/cmTC_42a12.dir/src.c.o  -o cmTC_42a12 
/usr/bin/ld: CMakeFiles/cmTC_42a12.dir/src.c.o: in function `main':
src.c:(.text+0x46): undefined reference to `pthread_create'
/usr/bin/ld: src.c:(.text+0x52): undefined reference to `pthread_detach'
/usr/bin/ld: src.c:(.text+0x63): undefined reference to `pthread_join'
collect2: error: ld returned 1 exit status
make[1]: *** [CMakeFiles/cmTC_42a12.dir/build.make:87: cmTC_42a12] Error 1
make[1]: Leaving directory '/home/pengbo/rclcpp_cbg/build/rclcpp_lifecycle/CMakeFiles/CMakeTmp'
make: *** [Makefile:121: cmTC_42a12/fast] Error 2


Source file was:
#include <pthread.h>

void* test_func(void* data)
{
  return data;
}

int main(void)
{
  pthread_t thread;
  pthread_create(&thread, NULL, test_func, NULL);
  pthread_detach(thread);
  pthread_join(thread, NULL);
  pthread_atfork(NULL, NULL, NULL);
  pthread_exit(NULL);

  return 0;
}

Determining if the function pthread_create exists in the pthreads failed with the following output:
Change Dir: /home/pengbo/rclcpp_cbg/build/rclcpp_lifecycle/CMakeFiles/CMakeTmp

Run Build Command(s):/usr/bin/make cmTC_74907/fast && /usr/bin/make -f CMakeFiles/cmTC_74907.dir/build.make CMakeFiles/cmTC_74907.dir/build
make[1]: Entering directory '/home/pengbo/rclcpp_cbg/build/rclcpp_lifecycle/CMakeFiles/CMakeTmp'
Building C object CMakeFiles/cmTC_74907.dir/CheckFunctionExists.c.o
/usr/bin/cc   -DCHECK_FUNCTION_EXISTS=pthread_create   -o CMakeFiles/cmTC_74907.dir/CheckFunctionExists.c.o   -c /usr/share/cmake-3.16/Modules/CheckFunctionExists.c
Linking C executable cmTC_74907
/usr/bin/cmake -E cmake_link_script CMakeFiles/cmTC_74907.dir/link.txt --verbose=1
/usr/bin/cc  -DCHECK_FUNCTION_EXISTS=pthread_create    CMakeFiles/cmTC_74907.dir/CheckFunctionExists.c.o  -o cmTC_74907  -lpthreads 
/usr/bin/ld: cannot find -lpthreads
collect2: error: ld returned 1 exit status
make[1]: *** [CMakeFiles/cmTC_74907.dir/build.make:87: cmTC_74907] Error 1
make[1]: Leaving directory '/home/pengbo/rclcpp_cbg/build/rclcpp_lifecycle/CMakeFiles/CMakeTmp'
make: *** [Makefile:121: cmTC_74907/fast] Error 2



