[ 12%] Built target gtest_main
[ 25%] Built target gtest
[ 31%] [32m[1mLinking CXX shared library libtest_component.so[0m
[ 37%] [32m[1mLinking CXX shared library libcomponent_manager.so[0m
[ 43%] Built target test_component
[ 50%] Built target component_manager
[ 56%] [32m[1mLinking CXX executable test_component_manager[0m
[ 62%] [32m[1mLinking CXX executable component_container[0m
[ 75%] [32m[1mLinking CXX executable test_component_manager_api[0m
[ 75%] [32m[1mLinking CXX executable component_container_mt[0m
[ 81%] Built target component_container_mt
[ 87%] Built target test_component_manager
[ 93%] Built target component_container
[100%] Built target test_component_manager_api
-- Install configuration: ""
-- Execute custom install script
-- Up-to-date symlink: /home/pengbo/rclcpp_cbg/install/rclcpp_components/share/rclcpp_components/node_main.cpp.in
-- Up-to-date symlink: /home/pengbo/rclcpp_cbg/install/rclcpp_components/lib/rclcpp_components/component_container
-- Up-to-date symlink: /home/pengbo/rclcpp_cbg/install/rclcpp_components/lib/rclcpp_components/component_container_mt
-- Up-to-date symlink: /home/pengbo/rclcpp_cbg/install/rclcpp_components/include/rclcpp_components/component_manager.hpp
-- Up-to-date symlink: /home/pengbo/rclcpp_cbg/install/rclcpp_components/include/rclcpp_components/node_factory.hpp
-- Up-to-date symlink: /home/pengbo/rclcpp_cbg/install/rclcpp_components/include/rclcpp_components/node_factory_template.hpp
-- Up-to-date symlink: /home/pengbo/rclcpp_cbg/install/rclcpp_components/include/rclcpp_components/node_instance_wrapper.hpp
-- Up-to-date symlink: /home/pengbo/rclcpp_cbg/install/rclcpp_components/include/rclcpp_components/register_node_macro.hpp
-- Up-to-date symlink: /home/pengbo/rclcpp_cbg/install/rclcpp_components/include/rclcpp_components/visibility_control.hpp
-- Up-to-date symlink: /home/pengbo/rclcpp_cbg/install/rclcpp_components/share/rclcpp_components/cmake/rclcpp_components_package_hook.cmake
-- Up-to-date symlink: /home/pengbo/rclcpp_cbg/install/rclcpp_components/share/rclcpp_components/cmake/rclcpp_components_register_node.cmake
-- Up-to-date symlink: /home/pengbo/rclcpp_cbg/install/rclcpp_components/share/rclcpp_components/cmake/rclcpp_components_register_nodes.cmake
-- Up-to-date symlink: /home/pengbo/rclcpp_cbg/install/rclcpp_components/share/rclcpp_components/environment/library_path.sh
-- Up-to-date symlink: /home/pengbo/rclcpp_cbg/install/rclcpp_components/share/rclcpp_components/environment/library_path.dsv
-- Up-to-date symlink: /home/pengbo/rclcpp_cbg/install/rclcpp_components/share/ament_index/resource_index/package_run_dependencies/rclcpp_components
-- Up-to-date symlink: /home/pengbo/rclcpp_cbg/install/rclcpp_components/share/ament_index/resource_index/parent_prefix_path/rclcpp_components
-- Up-to-date symlink: /home/pengbo/rclcpp_cbg/install/rclcpp_components/share/rclcpp_components/environment/ament_prefix_path.sh
-- Up-to-date symlink: /home/pengbo/rclcpp_cbg/install/rclcpp_components/share/rclcpp_components/environment/ament_prefix_path.dsv
-- Up-to-date symlink: /home/pengbo/rclcpp_cbg/install/rclcpp_components/share/rclcpp_components/environment/path.sh
-- Up-to-date symlink: /home/pengbo/rclcpp_cbg/install/rclcpp_components/share/rclcpp_components/environment/path.dsv
-- Up-to-date symlink: /home/pengbo/rclcpp_cbg/install/rclcpp_components/share/rclcpp_components/local_setup.bash
-- Up-to-date symlink: /home/pengbo/rclcpp_cbg/install/rclcpp_components/share/rclcpp_components/local_setup.sh
-- Up-to-date symlink: /home/pengbo/rclcpp_cbg/install/rclcpp_components/share/rclcpp_components/local_setup.zsh
-- Up-to-date symlink: /home/pengbo/rclcpp_cbg/install/rclcpp_components/share/rclcpp_components/local_setup.dsv
-- Symlinking: /home/pengbo/rclcpp_cbg/install/rclcpp_components/share/rclcpp_components/package.dsv
-- Up-to-date symlink: /home/pengbo/rclcpp_cbg/install/rclcpp_components/share/ament_index/resource_index/packages/rclcpp_components
-- Up-to-date symlink: /home/pengbo/rclcpp_cbg/install/rclcpp_components/share/rclcpp_components/cmake/rclcpp_components-extras.cmake
-- Up-to-date symlink: /home/pengbo/rclcpp_cbg/install/rclcpp_components/share/rclcpp_components/cmake/ament_cmake_export_include_directories-extras.cmake
-- Up-to-date symlink: /home/pengbo/rclcpp_cbg/install/rclcpp_components/share/rclcpp_components/cmake/ament_cmake_export_libraries-extras.cmake
-- Up-to-date symlink: /home/pengbo/rclcpp_cbg/install/rclcpp_components/share/rclcpp_components/cmake/ament_cmake_export_targets-extras.cmake
-- Up-to-date symlink: /home/pengbo/rclcpp_cbg/install/rclcpp_components/share/rclcpp_components/cmake/ament_cmake_export_dependencies-extras.cmake
-- Up-to-date symlink: /home/pengbo/rclcpp_cbg/install/rclcpp_components/share/rclcpp_components/cmake/rclcpp_componentsConfig.cmake
-- Up-to-date symlink: /home/pengbo/rclcpp_cbg/install/rclcpp_components/share/rclcpp_components/cmake/rclcpp_componentsConfig-version.cmake
-- Up-to-date symlink: /home/pengbo/rclcpp_cbg/install/rclcpp_components/share/rclcpp_components/package.xml
-- Installing: /home/pengbo/rclcpp_cbg/install/rclcpp_components/lib/libcomponent_manager.so
-- Set runtime path of "/home/pengbo/rclcpp_cbg/install/rclcpp_components/lib/libcomponent_manager.so" to ""
-- Up-to-date: /home/pengbo/rclcpp_cbg/install/rclcpp_components/share/rclcpp_components/cmake/component_managerExport.cmake
-- Up-to-date: /home/pengbo/rclcpp_cbg/install/rclcpp_components/share/rclcpp_components/cmake/component_managerExport-noconfig.cmake
