[0.011s] Invoking command in '/home/pengbo/rclcpp_cbg/ros2_rclcpp/build/rclcpp_action': AMENT_PREFIX_PATH=/home/pengbo/rclcpp_cbg/ros2_rclcpp/install/rclcpp CMAKE_PREFIX_PATH=/home/pengbo/rclcpp_cbg/ros2_rclcpp/install/rclcpp LD_LIBRARY_PATH=/home/pengbo/rclcpp_cbg/ros2_rclcpp/install/rclcpp/lib /usr/bin/cmake --build /home/pengbo/rclcpp_cbg/ros2_rclcpp/build/rclcpp_action -- -j12 -l12
[0.067s] [ 11%] Built target gtest
[0.068s] [ 22%] Built target gtest_main
[0.083s] [ 27%] [32m[1mLinking CXX shared library librclcpp_action.so[0m
[0.593s] [ 55%] Built target rclcpp_action
[0.610s] [35m[1mScanning dependencies of target test_server[0m
[0.617s] [35m[1mScanning dependencies of target test_client[0m
[0.635s] [ 61%] [32m[1mLinking CXX executable test_traits[0m
[0.639s] [ 66%] [32m[1mLinking CXX executable test_types[0m
[0.691s] [ 72%] [32mBuilding CXX object CMakeFiles/test_server.dir/test/test_server.cpp.o[0m
[0.746s] [ 77%] [32mBuilding CXX object CMakeFiles/test_client.dir/test/test_client.cpp.o[0m
[1.026s] [ 83%] Built target test_traits
[1.086s] [ 88%] Built target test_types
[12.971s] [ 94%] [32m[1mLinking CXX executable test_client[0m
[13.751s] [ 94%] Built target test_client
[16.396s] [100%] [32m[1mLinking CXX executable test_server[0m
[16.858s] [100%] Built target test_server
[16.867s] Invoked command in '/home/pengbo/rclcpp_cbg/ros2_rclcpp/build/rclcpp_action' returned '0': AMENT_PREFIX_PATH=/home/pengbo/rclcpp_cbg/ros2_rclcpp/install/rclcpp CMAKE_PREFIX_PATH=/home/pengbo/rclcpp_cbg/ros2_rclcpp/install/rclcpp LD_LIBRARY_PATH=/home/pengbo/rclcpp_cbg/ros2_rclcpp/install/rclcpp/lib /usr/bin/cmake --build /home/pengbo/rclcpp_cbg/ros2_rclcpp/build/rclcpp_action -- -j12 -l12
[16.897s] Invoking command in '/home/pengbo/rclcpp_cbg/ros2_rclcpp/build/rclcpp_action': AMENT_PREFIX_PATH=/home/pengbo/rclcpp_cbg/ros2_rclcpp/install/rclcpp CMAKE_PREFIX_PATH=/home/pengbo/rclcpp_cbg/ros2_rclcpp/install/rclcpp LD_LIBRARY_PATH=/home/pengbo/rclcpp_cbg/ros2_rclcpp/install/rclcpp/lib /usr/bin/cmake --install /home/pengbo/rclcpp_cbg/ros2_rclcpp/build/rclcpp_action
[16.906s] -- Install configuration: ""
[16.906s] -- Up-to-date: /home/pengbo/rclcpp_cbg/ros2_rclcpp/install/rclcpp_action/include
[16.906s] -- Up-to-date: /home/pengbo/rclcpp_cbg/ros2_rclcpp/install/rclcpp_action/include/rclcpp_action
[16.906s] -- Up-to-date: /home/pengbo/rclcpp_cbg/ros2_rclcpp/install/rclcpp_action/include/rclcpp_action/visibility_control.hpp
[16.906s] -- Up-to-date: /home/pengbo/rclcpp_cbg/ros2_rclcpp/install/rclcpp_action/include/rclcpp_action/client_goal_handle_impl.hpp
[16.906s] -- Up-to-date: /home/pengbo/rclcpp_cbg/ros2_rclcpp/install/rclcpp_action/include/rclcpp_action/client_goal_handle.hpp
[16.906s] -- Up-to-date: /home/pengbo/rclcpp_cbg/ros2_rclcpp/install/rclcpp_action/include/rclcpp_action/qos.hpp
[16.906s] -- Up-to-date: /home/pengbo/rclcpp_cbg/ros2_rclcpp/install/rclcpp_action/include/rclcpp_action/types.hpp
[16.906s] -- Up-to-date: /home/pengbo/rclcpp_cbg/ros2_rclcpp/install/rclcpp_action/include/rclcpp_action/server_goal_handle.hpp
[16.906s] -- Up-to-date: /home/pengbo/rclcpp_cbg/ros2_rclcpp/install/rclcpp_action/include/rclcpp_action/server.hpp
[16.907s] -- Up-to-date: /home/pengbo/rclcpp_cbg/ros2_rclcpp/install/rclcpp_action/include/rclcpp_action/rclcpp_action.hpp
[16.907s] -- Up-to-date: /home/pengbo/rclcpp_cbg/ros2_rclcpp/install/rclcpp_action/include/rclcpp_action/exceptions.hpp
[16.907s] -- Up-to-date: /home/pengbo/rclcpp_cbg/ros2_rclcpp/install/rclcpp_action/include/rclcpp_action/create_client.hpp
[16.907s] -- Up-to-date: /home/pengbo/rclcpp_cbg/ros2_rclcpp/install/rclcpp_action/include/rclcpp_action/create_server.hpp
[16.907s] -- Up-to-date: /home/pengbo/rclcpp_cbg/ros2_rclcpp/install/rclcpp_action/include/rclcpp_action/client.hpp
[16.907s] -- Installing: /home/pengbo/rclcpp_cbg/ros2_rclcpp/install/rclcpp_action/lib/librclcpp_action.so
[16.907s] -- Set runtime path of "/home/pengbo/rclcpp_cbg/ros2_rclcpp/install/rclcpp_action/lib/librclcpp_action.so" to ""
[16.907s] -- Up-to-date: /home/pengbo/rclcpp_cbg/ros2_rclcpp/install/rclcpp_action/share/rclcpp_action/environment/library_path.sh
[16.907s] -- Up-to-date: /home/pengbo/rclcpp_cbg/ros2_rclcpp/install/rclcpp_action/share/rclcpp_action/environment/library_path.dsv
[16.908s] -- Up-to-date: /home/pengbo/rclcpp_cbg/ros2_rclcpp/install/rclcpp_action/share/ament_index/resource_index/package_run_dependencies/rclcpp_action
[16.908s] -- Up-to-date: /home/pengbo/rclcpp_cbg/ros2_rclcpp/install/rclcpp_action/share/ament_index/resource_index/parent_prefix_path/rclcpp_action
[16.908s] -- Up-to-date: /home/pengbo/rclcpp_cbg/ros2_rclcpp/install/rclcpp_action/share/rclcpp_action/environment/ament_prefix_path.dsv
[16.908s] -- Up-to-date: /home/pengbo/rclcpp_cbg/ros2_rclcpp/install/rclcpp_action/share/rclcpp_action/environment/path.dsv
[16.908s] -- Up-to-date: /home/pengbo/rclcpp_cbg/ros2_rclcpp/install/rclcpp_action/share/rclcpp_action/local_setup.bash
[16.908s] -- Up-to-date: /home/pengbo/rclcpp_cbg/ros2_rclcpp/install/rclcpp_action/share/rclcpp_action/local_setup.sh
[16.908s] -- Up-to-date: /home/pengbo/rclcpp_cbg/ros2_rclcpp/install/rclcpp_action/share/rclcpp_action/local_setup.zsh
[16.908s] -- Up-to-date: /home/pengbo/rclcpp_cbg/ros2_rclcpp/install/rclcpp_action/share/rclcpp_action/local_setup.dsv
[16.909s] -- Installing: /home/pengbo/rclcpp_cbg/ros2_rclcpp/install/rclcpp_action/share/rclcpp_action/package.dsv
[16.909s] -- Up-to-date: /home/pengbo/rclcpp_cbg/ros2_rclcpp/install/rclcpp_action/share/ament_index/resource_index/packages/rclcpp_action
[16.909s] -- Up-to-date: /home/pengbo/rclcpp_cbg/ros2_rclcpp/install/rclcpp_action/share/rclcpp_action/cmake/rclcpp_actionExport.cmake
[16.909s] -- Up-to-date: /home/pengbo/rclcpp_cbg/ros2_rclcpp/install/rclcpp_action/share/rclcpp_action/cmake/rclcpp_actionExport-noconfig.cmake
[16.909s] -- Up-to-date: /home/pengbo/rclcpp_cbg/ros2_rclcpp/install/rclcpp_action/share/rclcpp_action/cmake/ament_cmake_export_include_directories-extras.cmake
[16.909s] -- Up-to-date: /home/pengbo/rclcpp_cbg/ros2_rclcpp/install/rclcpp_action/share/rclcpp_action/cmake/ament_cmake_export_libraries-extras.cmake
[16.909s] -- Up-to-date: /home/pengbo/rclcpp_cbg/ros2_rclcpp/install/rclcpp_action/share/rclcpp_action/cmake/ament_cmake_export_targets-extras.cmake
[16.909s] -- Up-to-date: /home/pengbo/rclcpp_cbg/ros2_rclcpp/install/rclcpp_action/share/rclcpp_action/cmake/ament_cmake_export_dependencies-extras.cmake
[16.910s] -- Up-to-date: /home/pengbo/rclcpp_cbg/ros2_rclcpp/install/rclcpp_action/share/rclcpp_action/cmake/rclcpp_actionConfig.cmake
[16.910s] -- Up-to-date: /home/pengbo/rclcpp_cbg/ros2_rclcpp/install/rclcpp_action/share/rclcpp_action/cmake/rclcpp_actionConfig-version.cmake
[16.912s] -- Up-to-date: /home/pengbo/rclcpp_cbg/ros2_rclcpp/install/rclcpp_action/share/rclcpp_action/package.xml
[16.912s] Invoked command in '/home/pengbo/rclcpp_cbg/ros2_rclcpp/build/rclcpp_action' returned '0': AMENT_PREFIX_PATH=/home/pengbo/rclcpp_cbg/ros2_rclcpp/install/rclcpp CMAKE_PREFIX_PATH=/home/pengbo/rclcpp_cbg/ros2_rclcpp/install/rclcpp LD_LIBRARY_PATH=/home/pengbo/rclcpp_cbg/ros2_rclcpp/install/rclcpp/lib /usr/bin/cmake --install /home/pengbo/rclcpp_cbg/ros2_rclcpp/build/rclcpp_action
