[0.012s] Invoking command in '/home/pengbo/rclcpp_cbg/ros2_rclcpp/build/rclcpp_components': AMENT_PREFIX_PATH=/home/pengbo/rclcpp_cbg/ros2_rclcpp/install/rclcpp CMAKE_PREFIX_PATH=/home/pengbo/rclcpp_cbg/ros2_rclcpp/install/rclcpp LD_LIBRARY_PATH=/home/pengbo/rclcpp_cbg/ros2_rclcpp/install/rclcpp/lib /usr/bin/cmake --build /home/pengbo/rclcpp_cbg/ros2_rclcpp/build/rclcpp_components -- -j12 -l12
[0.051s] [ 12%] Built target gtest
[0.054s] [ 25%] Built target gtest_main
[0.059s] [ 31%] [32m[1mLinking CXX shared library libtest_component.so[0m
[0.062s] [ 37%] [32m[1mLinking CXX shared library libcomponent_manager.so[0m
[0.397s] [ 43%] Built target test_component
[0.445s] [ 50%] Built target component_manager
[0.471s] [ 56%] [32m[1mLinking CXX executable component_container_mt[0m
[0.473s] [ 62%] [32m[1mLinking CXX executable test_component_manager[0m
[0.474s] [ 68%] [32m[1mLinking CXX executable component_container[0m
[0.478s] [ 75%] [32m[1mLinking CXX executable test_component_manager_api[0m
[1.818s] [ 81%] Built target component_container_mt
[1.846s] [ 87%] Built target test_component_manager
[2.005s] [ 93%] Built target test_component_manager_api
[2.044s] [100%] Built target component_container
[2.054s] Invoked command in '/home/pengbo/rclcpp_cbg/ros2_rclcpp/build/rclcpp_components' returned '0': AMENT_PREFIX_PATH=/home/pengbo/rclcpp_cbg/ros2_rclcpp/install/rclcpp CMAKE_PREFIX_PATH=/home/pengbo/rclcpp_cbg/ros2_rclcpp/install/rclcpp LD_LIBRARY_PATH=/home/pengbo/rclcpp_cbg/ros2_rclcpp/install/rclcpp/lib /usr/bin/cmake --build /home/pengbo/rclcpp_cbg/ros2_rclcpp/build/rclcpp_components -- -j12 -l12
[2.079s] Invoking command in '/home/pengbo/rclcpp_cbg/ros2_rclcpp/build/rclcpp_components': AMENT_PREFIX_PATH=/home/pengbo/rclcpp_cbg/ros2_rclcpp/install/rclcpp CMAKE_PREFIX_PATH=/home/pengbo/rclcpp_cbg/ros2_rclcpp/install/rclcpp LD_LIBRARY_PATH=/home/pengbo/rclcpp_cbg/ros2_rclcpp/install/rclcpp/lib /usr/bin/cmake --install /home/pengbo/rclcpp_cbg/ros2_rclcpp/build/rclcpp_components
[2.087s] -- Install configuration: ""
[2.088s] -- Up-to-date: /home/pengbo/rclcpp_cbg/ros2_rclcpp/install/rclcpp_components/share/rclcpp_components/node_main.cpp.in
[2.088s] -- Installing: /home/pengbo/rclcpp_cbg/ros2_rclcpp/install/rclcpp_components/lib/libcomponent_manager.so
[2.089s] -- Set runtime path of "/home/pengbo/rclcpp_cbg/ros2_rclcpp/install/rclcpp_components/lib/libcomponent_manager.so" to ""
[2.090s] -- Installing: /home/pengbo/rclcpp_cbg/ros2_rclcpp/install/rclcpp_components/lib/rclcpp_components/component_container
[2.090s] -- Set runtime path of "/home/pengbo/rclcpp_cbg/ros2_rclcpp/install/rclcpp_components/lib/rclcpp_components/component_container" to ""
[2.090s] -- Installing: /home/pengbo/rclcpp_cbg/ros2_rclcpp/install/rclcpp_components/lib/rclcpp_components/component_container_mt
[2.091s] -- Set runtime path of "/home/pengbo/rclcpp_cbg/ros2_rclcpp/install/rclcpp_components/lib/rclcpp_components/component_container_mt" to ""
[2.091s] -- Up-to-date: /home/pengbo/rclcpp_cbg/ros2_rclcpp/install/rclcpp_components/include
[2.091s] -- Up-to-date: /home/pengbo/rclcpp_cbg/ros2_rclcpp/install/rclcpp_components/include/rclcpp_components
[2.092s] -- Up-to-date: /home/pengbo/rclcpp_cbg/ros2_rclcpp/install/rclcpp_components/include/rclcpp_components/visibility_control.hpp
[2.092s] -- Up-to-date: /home/pengbo/rclcpp_cbg/ros2_rclcpp/install/rclcpp_components/include/rclcpp_components/node_instance_wrapper.hpp
[2.092s] -- Up-to-date: /home/pengbo/rclcpp_cbg/ros2_rclcpp/install/rclcpp_components/include/rclcpp_components/register_node_macro.hpp
[2.092s] -- Up-to-date: /home/pengbo/rclcpp_cbg/ros2_rclcpp/install/rclcpp_components/include/rclcpp_components/component_manager.hpp
[2.092s] -- Up-to-date: /home/pengbo/rclcpp_cbg/ros2_rclcpp/install/rclcpp_components/include/rclcpp_components/node_factory.hpp
[2.092s] -- Up-to-date: /home/pengbo/rclcpp_cbg/ros2_rclcpp/install/rclcpp_components/include/rclcpp_components/node_factory_template.hpp
[2.092s] -- Up-to-date: /home/pengbo/rclcpp_cbg/ros2_rclcpp/install/rclcpp_components/share/rclcpp_components/cmake
[2.092s] -- Up-to-date: /home/pengbo/rclcpp_cbg/ros2_rclcpp/install/rclcpp_components/share/rclcpp_components/cmake/rclcpp_components_package_hook.cmake
[2.092s] -- Up-to-date: /home/pengbo/rclcpp_cbg/ros2_rclcpp/install/rclcpp_components/share/rclcpp_components/cmake/rclcpp_components_register_node.cmake
[2.093s] -- Up-to-date: /home/pengbo/rclcpp_cbg/ros2_rclcpp/install/rclcpp_components/share/rclcpp_components/cmake/rclcpp_components_register_nodes.cmake
[2.093s] -- Up-to-date: /home/pengbo/rclcpp_cbg/ros2_rclcpp/install/rclcpp_components/share/rclcpp_components/environment/library_path.sh
[2.093s] -- Up-to-date: /home/pengbo/rclcpp_cbg/ros2_rclcpp/install/rclcpp_components/share/rclcpp_components/environment/library_path.dsv
[2.093s] -- Up-to-date: /home/pengbo/rclcpp_cbg/ros2_rclcpp/install/rclcpp_components/share/ament_index/resource_index/package_run_dependencies/rclcpp_components
[2.093s] -- Up-to-date: /home/pengbo/rclcpp_cbg/ros2_rclcpp/install/rclcpp_components/share/ament_index/resource_index/parent_prefix_path/rclcpp_components
[2.093s] -- Up-to-date: /home/pengbo/rclcpp_cbg/ros2_rclcpp/install/rclcpp_components/share/rclcpp_components/environment/ament_prefix_path.dsv
[2.093s] -- Up-to-date: /home/pengbo/rclcpp_cbg/ros2_rclcpp/install/rclcpp_components/share/rclcpp_components/environment/path.dsv
[2.093s] -- Up-to-date: /home/pengbo/rclcpp_cbg/ros2_rclcpp/install/rclcpp_components/share/rclcpp_components/local_setup.bash
[2.093s] -- Up-to-date: /home/pengbo/rclcpp_cbg/ros2_rclcpp/install/rclcpp_components/share/rclcpp_components/local_setup.sh
[2.093s] -- Up-to-date: /home/pengbo/rclcpp_cbg/ros2_rclcpp/install/rclcpp_components/share/rclcpp_components/local_setup.zsh
[2.093s] -- Up-to-date: /home/pengbo/rclcpp_cbg/ros2_rclcpp/install/rclcpp_components/share/rclcpp_components/local_setup.dsv
[2.093s] -- Installing: /home/pengbo/rclcpp_cbg/ros2_rclcpp/install/rclcpp_components/share/rclcpp_components/package.dsv
[2.093s] -- Up-to-date: /home/pengbo/rclcpp_cbg/ros2_rclcpp/install/rclcpp_components/share/ament_index/resource_index/packages/rclcpp_components
[2.094s] -- Up-to-date: /home/pengbo/rclcpp_cbg/ros2_rclcpp/install/rclcpp_components/share/rclcpp_components/cmake/component_managerExport.cmake
[2.094s] -- Up-to-date: /home/pengbo/rclcpp_cbg/ros2_rclcpp/install/rclcpp_components/share/rclcpp_components/cmake/component_managerExport-noconfig.cmake
[2.094s] -- Up-to-date: /home/pengbo/rclcpp_cbg/ros2_rclcpp/install/rclcpp_components/share/rclcpp_components/cmake/rclcpp_components-extras.cmake
[2.094s] -- Up-to-date: /home/pengbo/rclcpp_cbg/ros2_rclcpp/install/rclcpp_components/share/rclcpp_components/cmake/ament_cmake_export_include_directories-extras.cmake
[2.094s] -- Up-to-date: /home/pengbo/rclcpp_cbg/ros2_rclcpp/install/rclcpp_components/share/rclcpp_components/cmake/ament_cmake_export_libraries-extras.cmake
[2.094s] -- Up-to-date: /home/pengbo/rclcpp_cbg/ros2_rclcpp/install/rclcpp_components/share/rclcpp_components/cmake/ament_cmake_export_targets-extras.cmake
[2.095s] -- Up-to-date: /home/pengbo/rclcpp_cbg/ros2_rclcpp/install/rclcpp_components/share/rclcpp_components/cmake/ament_cmake_export_dependencies-extras.cmake
[2.097s] -- Up-to-date: /home/pengbo/rclcpp_cbg/ros2_rclcpp/install/rclcpp_components/share/rclcpp_components/cmake/rclcpp_componentsConfig.cmake
[2.097s] -- Up-to-date: /home/pengbo/rclcpp_cbg/ros2_rclcpp/install/rclcpp_components/share/rclcpp_components/cmake/rclcpp_componentsConfig-version.cmake
[2.097s] -- Up-to-date: /home/pengbo/rclcpp_cbg/ros2_rclcpp/install/rclcpp_components/share/rclcpp_components/package.xml
[2.097s] Invoked command in '/home/pengbo/rclcpp_cbg/ros2_rclcpp/build/rclcpp_components' returned '0': AMENT_PREFIX_PATH=/home/pengbo/rclcpp_cbg/ros2_rclcpp/install/rclcpp CMAKE_PREFIX_PATH=/home/pengbo/rclcpp_cbg/ros2_rclcpp/install/rclcpp LD_LIBRARY_PATH=/home/pengbo/rclcpp_cbg/ros2_rclcpp/install/rclcpp/lib /usr/bin/cmake --install /home/pengbo/rclcpp_cbg/ros2_rclcpp/build/rclcpp_components
