[0.014s] Invoking command in '/home/pengbo/rclcpp_cbg/ros2_rclcpp/build/rclcpp': /usr/bin/cmake --build /home/pengbo/rclcpp_cbg/ros2_rclcpp/build/rclcpp -- -j12 -l12
[0.392s] [  1%] Built target gtest_main
[0.392s] [  2%] Built target gtest
[0.393s] [  3%] Built target gmock
[0.395s] [  4%] Built target gmock_main
[0.397s] [  4%] Built target rclcpp_test_msgs__cpp
[0.404s] [  6%] Built target rclcpp_test_msgs__rosidl_generator_c
[0.409s] [  7%] Built target test_function_traits
[0.421s] [  9%] Built target rclcpp_test_msgs__rosidl_typesupport_cpp
[0.421s] [ 11%] Built target rclcpp_test_msgs__rosidl_typesupport_introspection_cpp
[0.424s] [ 13%] Built target rclcpp_test_msgs__rosidl_typesupport_introspection_c
[0.425s] [ 15%] Built target rclcpp_test_msgs__rosidl_typesupport_fastrtps_cpp
[0.425s] [ 16%] Built target rclcpp_test_msgs__rosidl_typesupport_c
[0.446s] [35m[1mScanning dependencies of target rclcpp[0m
[0.453s] [ 18%] Built target rclcpp_test_msgs__rosidl_typesupport_fastrtps_c
[0.471s] [ 18%] Built target rclcpp_test_msgs
[0.490s] [ 18%] Built target rclcpp_test_msgs__py
[0.515s] [ 20%] Built target rclcpp_test_msgs__python
[0.519s] [ 20%] [32mBuilding CXX object CMakeFiles/rclcpp.dir/src/rclcpp/executors/single_threaded_executor.cpp.o[0m
[0.536s] [ 21%] Built target rclcpp__rosidl_typesupport_fastrtps_c__pyext
[0.537s] [ 22%] Built target rclcpp__rosidl_typesupport_c__pyext
[0.540s] [ 23%] Built target rclcpp__rosidl_typesupport_introspection_c__pyext
[1.546s] [01m[K/home/pengbo/rclcpp_cbg/ros2_rclcpp/rclcpp/src/rclcpp/executors/single_threaded_executor.cpp:[m[K In member function ‘[01m[Kvoid rclcpp::executors::SingleThreadedExecutor::executor_spin_one_period(uint64_t, std::string)[m[K’:
[1.546s] [01m[K/home/pengbo/rclcpp_cbg/ros2_rclcpp/rclcpp/src/rclcpp/executors/single_threaded_executor.cpp:257:62:[m[K [01;31m[Kerror: [m[Kno match for call to ‘[01m[K(timespec) (timespec*, timespec*)[m[K’
[1.546s]   257 |   sleep_time1=sleep_time(&end_spin_some,&theoretical_end_time[01;31m[K)[m[K;
[1.546s]       |                                                              [01;31m[K^[m[K
[1.546s] [01m[K/home/pengbo/rclcpp_cbg/ros2_rclcpp/rclcpp/src/rclcpp/executors/single_threaded_executor.cpp:271:18:[m[K [01;31m[Kerror: [m[Kcannot convert ‘[01m[Ktimespec[m[K’ to ‘[01m[Kconst timespec*[m[K’
[1.546s]   271 |        nanosleep([01;31m[Ksleep_time[m[K);
[1.547s]       |                  [01;31m[K^~~~~~~~~~[m[K
[1.547s]       |                  [01;31m[K|[m[K
[1.547s]       |                  [01;31m[Ktimespec[m[K
[1.547s] In file included from [01m[K/usr/include/pthread.h:23[m[K,
[1.547s]                  from [01m[K/usr/include/x86_64-linux-gnu/c++/9/bits/gthr-default.h:35[m[K,
[1.547s]                  from [01m[K/usr/include/x86_64-linux-gnu/c++/9/bits/gthr.h:148[m[K,
[1.547s]                  from [01m[K/usr/include/c++/9/ext/atomicity.h:35[m[K,
[1.547s]                  from [01m[K/usr/include/c++/9/memory:73[m[K,
[1.547s]                  from [01m[K/home/pengbo/rclcpp_cbg/ros2_rclcpp/rclcpp/include/rclcpp/executors/single_threaded_executor.hpp:22[m[K,
[1.547s]                  from [01m[K/home/pengbo/rclcpp_cbg/ros2_rclcpp/rclcpp/src/rclcpp/executors/single_threaded_executor.cpp:15[m[K:
[1.547s] [01m[K/usr/include/time.h:205:46:[m[K [01;36m[Knote: [m[K  initializing argument 1 of ‘[01m[Kint nanosleep(const timespec*, timespec*)[m[K’
[1.548s]   205 | extern int nanosleep ([01;36m[Kconst struct timespec *__requested_time[m[K,
[1.548s]       |                       [01;36m[K~~~~~~~~~~~~~~~~~~~~~~~^~~~~~~~~~~~~~~~[m[K
[1.719s] make[2]: *** [CMakeFiles/rclcpp.dir/build.make:389: CMakeFiles/rclcpp.dir/src/rclcpp/executors/single_threaded_executor.cpp.o] Error 1
[1.719s] make[1]: *** [CMakeFiles/Makefile2:1129: CMakeFiles/rclcpp.dir/all] Error 2
[1.720s] make: *** [Makefile:141: all] Error 2
[1.722s] Invoked command in '/home/pengbo/rclcpp_cbg/ros2_rclcpp/build/rclcpp' returned '2': /usr/bin/cmake --build /home/pengbo/rclcpp_cbg/ros2_rclcpp/build/rclcpp -- -j12 -l12
