[0.038s] Invoking command in '/home/pengbo/rclcpp_cbg/build/rclcpp': CMAKE_PREFIX_PATH=${CMAKE_PREFIX_PATH}:/home/pengbo/ros2_foxy/install/ros2bag:/home/pengbo/ros2_foxy/install/tracetools_launch:/home/pengbo/ros2_foxy/install/topic_monitor:/home/pengbo/ros2_foxy/install/examples_tf2_py:/home/pengbo/ros2_foxy/install/sros2:/home/pengbo/ros2_foxy/install/rqt_topic:/home/pengbo/ros2_foxy/install/rqt_reconfigure:/home/pengbo/ros2_foxy/install/rqt_action:/home/pengbo/ros2_foxy/install/rqt:/home/pengbo/ros2_foxy/install/rqt_graph:/home/pengbo/ros2_foxy/install/rqt_gui_py:/home/pengbo/ros2_foxy/install/rqt_gui:/home/pengbo/ros2_foxy/install/ros2trace:/home/pengbo/ros2_foxy/install/ros2topic:/home/pengbo/ros2_foxy/install/ros2test:/home/pengbo/ros2_foxy/install/ros2component:/home/pengbo/ros2_foxy/install/ros2param:/home/pengbo/ros2_foxy/install/ros2lifecycle:/home/pengbo/ros2_foxy/install/ros2service:/home/pengbo/ros2_foxy/install/ros2run:/home/pengbo/ros2_foxy/install/ros2launch:/home/pengbo/ros2_foxy/install/ros2pkg:/home/pengbo/ros2_foxy/install/ros2node:/home/pengbo/ros2_foxy/install/ros2multicast:/home/pengbo/ros2_foxy/install/ros2interface:/home/pengbo/ros2_foxy/install/ros2doctor:/home/pengbo/ros2_foxy/install/ros2action:/home/pengbo/ros2_foxy/install/ros2cli:/home/pengbo/ros2_foxy/install/quality_of_service_demo_py:/home/pengbo/ros2_foxy/install/opencv_tests:/home/pengbo/ros2_foxy/install/launch_testing_ros:/home/pengbo/ros2_foxy/install/launch_ros:/home/pengbo/ros2_foxy/install/examples_rclpy_minimal_subscriber:/home/pengbo/ros2_foxy/install/examples_rclpy_minimal_service:/home/pengbo/ros2_foxy/install/examples_rclpy_minimal_publisher:/home/pengbo/ros2_foxy/install/examples_rclpy_minimal_client:/home/pengbo/ros2_foxy/install/examples_rclpy_minimal_action_server:/home/pengbo/ros2_foxy/install/examples_rclpy_minimal_action_client:/home/pengbo/ros2_foxy/install/examples_rclpy_executors:/home/pengbo/ros2_foxy/install/demo_nodes_py:/home/pengbo/ros2_foxy/install/action_tutorials_py:/home/pengbo/ros2_foxy/install/ament_uncrustify:/home/pengbo/ros2_foxy/install/tracetools_trace:/home/pengbo/ros2_foxy/install/tracetools_read:/home/pengbo/ros2_foxy/install/test_launch_ros:/home/pengbo/ros2_foxy/install/rpyutils:/home/pengbo/ros2_foxy/install/rosidl_runtime_py:/home/pengbo/ros2_foxy/install/launch_yaml:/home/pengbo/ros2_foxy/install/launch_xml:/home/pengbo/ros2_foxy/install/launch_testing:/home/pengbo/ros2_foxy/install/launch:/home/pengbo/ros2_foxy/install/osrf_pycommon:/home/pengbo/ros2_foxy/install/domain_coordinator:/home/pengbo/ros2_foxy/install/ament_xmllint:/home/pengbo/ros2_foxy/install/ament_pyflakes:/home/pengbo/ros2_foxy/install/ament_pycodestyle:/home/pengbo/ros2_foxy/install/ament_pep257:/home/pengbo/ros2_foxy/install/ament_pclint:/home/pengbo/ros2_foxy/install/ament_package:/home/pengbo/ros2_foxy/install/ament_mypy:/home/pengbo/ros2_foxy/install/ament_lint_cmake:/home/pengbo/ros2_foxy/install/ament_flake8:/home/pengbo/ros2_foxy/install/ament_copyright:/home/pengbo/ros2_foxy/install/ament_lint:/home/pengbo/ros2_foxy/install/ament_index_python:/home/pengbo/ros2_foxy/install/ament_cpplint:/home/pengbo/ros2_foxy/install/ament_cppcheck:/home/pengbo/ros2_foxy/install/ament_clang_tidy:/home/pengbo/ros2_foxy/install/ament_clang_format /usr/bin/cmake --build /home/pengbo/rclcpp_cbg/build/rclcpp -- -j12 -l12
[0.157s] [  1%] Built target gmock
[0.158s] [  2%] Built target gmock_main
[0.160s] [35m[1mScanning dependencies of target rclcpp[0m
[0.164s] [  3%] Built target gtest_main
[0.166s] [  3%] Built target rclcpp_test_msgs__cpp
[0.169s] [  5%] Built target rclcpp_test_msgs__rosidl_generator_c
[0.173s] [  6%] Built target gtest
[0.237s] [  9%] Built target test_function_traits
[0.238s] [  9%] Built target rclcpp_test_msgs__rosidl_typesupport_introspection_c
[0.242s] [ 13%] Built target rclcpp_test_msgs__rosidl_typesupport_introspection_cpp
[0.242s] [ 13%] Built target rclcpp_test_msgs__rosidl_typesupport_fastrtps_cpp
[0.246s] [ 15%] Built target rclcpp_test_msgs__rosidl_typesupport_cpp
[0.252s] [ 16%] Built target rclcpp_test_msgs__rosidl_typesupport_c
[0.288s] [ 16%] [32mBuilding CXX object CMakeFiles/rclcpp.dir/src/rclcpp/executors/single_threaded_executor.cpp.o[0m
[0.291s] [ 18%] Built target rclcpp_test_msgs__rosidl_typesupport_fastrtps_c
[0.331s] [ 18%] Built target rclcpp_test_msgs
[0.375s] [ 18%] Built target rclcpp_test_msgs__py
[0.427s] [ 20%] Built target rclcpp_test_msgs__python
[0.474s] [ 21%] Built target rclcpp__rosidl_typesupport_c__pyext
[0.476s] [ 22%] Built target rclcpp__rosidl_typesupport_introspection_c__pyext
[0.479s] [ 23%] Built target rclcpp__rosidl_typesupport_fastrtps_c__pyext
[1.379s] [ 24%] [32m[1mLinking CXX shared library librclcpp.so[0m
[2.013s] [ 61%] Built target rclcpp
[2.128s] [ 61%] [32m[1mLinking CXX executable test_subscription_options[0m
[2.130s] [ 61%] [32m[1mLinking CXX executable test_logger[0m
[2.132s] [ 61%] [32m[1mLinking CXX executable test_expand_topic_or_service_name[0m
[2.138s] [ 61%] [32m[1mLinking CXX executable test_executor[0m
[2.138s] [ 61%] [32m[1mLinking CXX executable test_create_timer[0m
[2.143s] [ 62%] [32m[1mLinking CXX executable test_intra_process_manager[0m
[2.144s] [ 62%] [32m[1mLinking CXX executable test_node_global_args[0m
[2.144s] [ 63%] [32m[1mLinking CXX executable test_ring_buffer_implementation[0m
[2.147s] [ 62%] [32m[1mLinking CXX executable test_subscription_topic_statistics[0m
[2.147s] [ 64%] [32m[1mLinking CXX executable test_node_interfaces__get_node_interfaces[0m
[2.150s] [ 64%] [32m[1mLinking CXX executable test_duration[0m
[2.193s] [ 64%] [32m[1mLinking CXX executable test_loaned_message[0m
[3.671s] [ 64%] Built target test_ring_buffer_implementation
[3.688s] [ 65%] Built target test_logger
[3.707s] [ 66%] Built target test_create_timer
[3.767s] [ 66%] Built target test_node_interfaces__get_node_interfaces
[3.768s] [ 67%] Built target test_expand_topic_or_service_name
[3.777s] [ 68%] Built target test_subscription_options
[3.815s] [ 68%] Built target test_node_global_args
[3.832s] [ 69%] [32m[1mLinking CXX executable test_serialized_message[0m
[3.845s] [ 70%] [32m[1mLinking CXX executable test_wait_set[0m
[3.855s] [ 71%] Built target test_intra_process_manager
[3.892s] [ 72%] Built target test_executor
[3.892s] [ 72%] [32m[1mLinking CXX executable test_intra_process_buffer[0m
[3.910s] [ 72%] [32m[1mLinking CXX executable test_subscription_traits[0m
[3.916s] [ 73%] [32m[1mLinking CXX executable test_node_options[0m
[3.923s] [ 74%] [32m[1mLinking CXX executable test_find_weak_nodes[0m
[3.965s] [ 75%] [32m[1mLinking CXX executable test_time_source[0m
[3.982s] [ 75%] [32m[1mLinking CXX executable test_logging[0m
[3.993s] [ 76%] Built target test_loaned_message
[4.019s] [ 77%] Built target test_duration
[4.034s] [ 78%] [32m[1mLinking CXX executable test_parameter[0m
[4.160s] [ 78%] [32m[1mLinking CXX executable test_parameter_events_filter[0m
[4.206s] [ 78%] [32m[1mLinking CXX executable test_parameter_map[0m
[4.434s] [ 79%] Built target test_subscription_traits
[4.541s] [ 79%] [32m[1mLinking CXX executable test_service[0m
[4.722s] [ 80%] Built target test_subscription_topic_statistics
[4.896s] [ 81%] [32m[1mLinking CXX executable test_rate[0m
[5.456s] [ 81%] Built target test_intra_process_buffer
[5.475s] [ 81%] Built target test_find_weak_nodes
[5.489s] [ 81%] Built target test_node_options
[5.579s] [ 81%] Built target test_parameter
[5.635s] [ 82%] Built target test_logging
[5.648s] [ 82%] [32m[1mLinking CXX executable test_externally_defined_services[0m
[5.650s] [ 82%] [32m[1mLinking CXX executable test_publisher[0m
[5.694s] [ 82%] [32m[1mLinking CXX executable test_publisher_subscription_count_api[0m
[5.742s] [ 82%] [32m[1mLinking CXX executable test_qos[0m
[5.767s] [ 83%] Built target test_parameter_events_filter
[5.788s] [ 84%] [32m[1mLinking CXX executable test_serialized_message_allocator[0m
[5.817s] [ 84%] Built target test_serialized_message
[5.837s] [ 85%] Built target test_parameter_map
[5.899s] [ 85%] Built target test_time_source
[5.904s] [ 85%] [32m[1mLinking CXX executable test_parameter_client[0m
[5.952s] [ 85%] Built target test_service
[6.003s] [ 85%] [32m[1mLinking CXX executable test_subscription[0m
[6.044s] [ 86%] [32m[1mLinking CXX executable test_time[0m
[6.097s] [ 86%] [32m[1mLinking CXX executable test_subscription_publisher_count_api[0m
[6.097s] [ 86%] Built target test_rate
[6.104s] [ 86%] Built target test_wait_set
[6.105s] [ 87%] [32m[1mLinking CXX executable test_timer[0m
[6.279s] [ 88%] [32m[1mLinking CXX executable test_utilities[0m
[6.346s] [ 88%] [32m[1mLinking CXX executable test_client[0m
[7.174s] [ 89%] Built target test_publisher
[7.217s] [ 90%] Built target test_externally_defined_services
[7.315s] [ 91%] [32m[1mLinking CXX executable test_init[0m
[7.383s] [ 92%] [32m[1mLinking CXX executable test_qos_event[0m
[7.614s] [ 93%] Built target test_qos
[7.660s] [ 93%] Built target test_timer
[7.671s] [ 93%] Built target test_time
[7.728s] [ 93%] Built target test_parameter_client
[7.804s] [ 93%] Built target test_utilities
[7.814s] [ 93%] Built target test_client
[7.845s] [ 94%] Built target test_serialized_message_allocator
[7.845s] [ 94%] Built target test_publisher_subscription_count_api
[7.869s] [ 95%] [32m[1mLinking CXX executable test_interface_traits[0m
[7.901s] [ 96%] [32m[1mLinking CXX executable test_multi_threaded_executor[0m
[7.902s] [ 96%] [32m[1mLinking CXX executable test_node[0m
[7.937s] [ 97%] [32m[1mLinking CXX executable test_guard_condition[0m
[8.054s] [ 98%] Built target test_subscription_publisher_count_api
[8.329s] [ 98%] Built target test_init
[8.367s] [ 99%] Built target test_subscription
[8.678s] [ 99%] Built target test_guard_condition
[8.688s] [ 99%] Built target test_interface_traits
[8.696s] [100%] Built target test_multi_threaded_executor
[8.737s] [100%] Built target test_qos_event
[8.826s] [100%] Built target test_node
[8.846s] Invoked command in '/home/pengbo/rclcpp_cbg/build/rclcpp' returned '0': CMAKE_PREFIX_PATH=${CMAKE_PREFIX_PATH}:/home/pengbo/ros2_foxy/install/ros2bag:/home/pengbo/ros2_foxy/install/tracetools_launch:/home/pengbo/ros2_foxy/install/topic_monitor:/home/pengbo/ros2_foxy/install/examples_tf2_py:/home/pengbo/ros2_foxy/install/sros2:/home/pengbo/ros2_foxy/install/rqt_topic:/home/pengbo/ros2_foxy/install/rqt_reconfigure:/home/pengbo/ros2_foxy/install/rqt_action:/home/pengbo/ros2_foxy/install/rqt:/home/pengbo/ros2_foxy/install/rqt_graph:/home/pengbo/ros2_foxy/install/rqt_gui_py:/home/pengbo/ros2_foxy/install/rqt_gui:/home/pengbo/ros2_foxy/install/ros2trace:/home/pengbo/ros2_foxy/install/ros2topic:/home/pengbo/ros2_foxy/install/ros2test:/home/pengbo/ros2_foxy/install/ros2component:/home/pengbo/ros2_foxy/install/ros2param:/home/pengbo/ros2_foxy/install/ros2lifecycle:/home/pengbo/ros2_foxy/install/ros2service:/home/pengbo/ros2_foxy/install/ros2run:/home/pengbo/ros2_foxy/install/ros2launch:/home/pengbo/ros2_foxy/install/ros2pkg:/home/pengbo/ros2_foxy/install/ros2node:/home/pengbo/ros2_foxy/install/ros2multicast:/home/pengbo/ros2_foxy/install/ros2interface:/home/pengbo/ros2_foxy/install/ros2doctor:/home/pengbo/ros2_foxy/install/ros2action:/home/pengbo/ros2_foxy/install/ros2cli:/home/pengbo/ros2_foxy/install/quality_of_service_demo_py:/home/pengbo/ros2_foxy/install/opencv_tests:/home/pengbo/ros2_foxy/install/launch_testing_ros:/home/pengbo/ros2_foxy/install/launch_ros:/home/pengbo/ros2_foxy/install/examples_rclpy_minimal_subscriber:/home/pengbo/ros2_foxy/install/examples_rclpy_minimal_service:/home/pengbo/ros2_foxy/install/examples_rclpy_minimal_publisher:/home/pengbo/ros2_foxy/install/examples_rclpy_minimal_client:/home/pengbo/ros2_foxy/install/examples_rclpy_minimal_action_server:/home/pengbo/ros2_foxy/install/examples_rclpy_minimal_action_client:/home/pengbo/ros2_foxy/install/examples_rclpy_executors:/home/pengbo/ros2_foxy/install/demo_nodes_py:/home/pengbo/ros2_foxy/install/action_tutorials_py:/home/pengbo/ros2_foxy/install/ament_uncrustify:/home/pengbo/ros2_foxy/install/tracetools_trace:/home/pengbo/ros2_foxy/install/tracetools_read:/home/pengbo/ros2_foxy/install/test_launch_ros:/home/pengbo/ros2_foxy/install/rpyutils:/home/pengbo/ros2_foxy/install/rosidl_runtime_py:/home/pengbo/ros2_foxy/install/launch_yaml:/home/pengbo/ros2_foxy/install/launch_xml:/home/pengbo/ros2_foxy/install/launch_testing:/home/pengbo/ros2_foxy/install/launch:/home/pengbo/ros2_foxy/install/osrf_pycommon:/home/pengbo/ros2_foxy/install/domain_coordinator:/home/pengbo/ros2_foxy/install/ament_xmllint:/home/pengbo/ros2_foxy/install/ament_pyflakes:/home/pengbo/ros2_foxy/install/ament_pycodestyle:/home/pengbo/ros2_foxy/install/ament_pep257:/home/pengbo/ros2_foxy/install/ament_pclint:/home/pengbo/ros2_foxy/install/ament_package:/home/pengbo/ros2_foxy/install/ament_mypy:/home/pengbo/ros2_foxy/install/ament_lint_cmake:/home/pengbo/ros2_foxy/install/ament_flake8:/home/pengbo/ros2_foxy/install/ament_copyright:/home/pengbo/ros2_foxy/install/ament_lint:/home/pengbo/ros2_foxy/install/ament_index_python:/home/pengbo/ros2_foxy/install/ament_cpplint:/home/pengbo/ros2_foxy/install/ament_cppcheck:/home/pengbo/ros2_foxy/install/ament_clang_tidy:/home/pengbo/ros2_foxy/install/ament_clang_format /usr/bin/cmake --build /home/pengbo/rclcpp_cbg/build/rclcpp -- -j12 -l12
[9.797s] Invoking command in '/home/pengbo/rclcpp_cbg/build/rclcpp': CMAKE_PREFIX_PATH=${CMAKE_PREFIX_PATH}:/home/pengbo/ros2_foxy/install/ros2bag:/home/pengbo/ros2_foxy/install/tracetools_launch:/home/pengbo/ros2_foxy/install/topic_monitor:/home/pengbo/ros2_foxy/install/examples_tf2_py:/home/pengbo/ros2_foxy/install/sros2:/home/pengbo/ros2_foxy/install/rqt_topic:/home/pengbo/ros2_foxy/install/rqt_reconfigure:/home/pengbo/ros2_foxy/install/rqt_action:/home/pengbo/ros2_foxy/install/rqt:/home/pengbo/ros2_foxy/install/rqt_graph:/home/pengbo/ros2_foxy/install/rqt_gui_py:/home/pengbo/ros2_foxy/install/rqt_gui:/home/pengbo/ros2_foxy/install/ros2trace:/home/pengbo/ros2_foxy/install/ros2topic:/home/pengbo/ros2_foxy/install/ros2test:/home/pengbo/ros2_foxy/install/ros2component:/home/pengbo/ros2_foxy/install/ros2param:/home/pengbo/ros2_foxy/install/ros2lifecycle:/home/pengbo/ros2_foxy/install/ros2service:/home/pengbo/ros2_foxy/install/ros2run:/home/pengbo/ros2_foxy/install/ros2launch:/home/pengbo/ros2_foxy/install/ros2pkg:/home/pengbo/ros2_foxy/install/ros2node:/home/pengbo/ros2_foxy/install/ros2multicast:/home/pengbo/ros2_foxy/install/ros2interface:/home/pengbo/ros2_foxy/install/ros2doctor:/home/pengbo/ros2_foxy/install/ros2action:/home/pengbo/ros2_foxy/install/ros2cli:/home/pengbo/ros2_foxy/install/quality_of_service_demo_py:/home/pengbo/ros2_foxy/install/opencv_tests:/home/pengbo/ros2_foxy/install/launch_testing_ros:/home/pengbo/ros2_foxy/install/launch_ros:/home/pengbo/ros2_foxy/install/examples_rclpy_minimal_subscriber:/home/pengbo/ros2_foxy/install/examples_rclpy_minimal_service:/home/pengbo/ros2_foxy/install/examples_rclpy_minimal_publisher:/home/pengbo/ros2_foxy/install/examples_rclpy_minimal_client:/home/pengbo/ros2_foxy/install/examples_rclpy_minimal_action_server:/home/pengbo/ros2_foxy/install/examples_rclpy_minimal_action_client:/home/pengbo/ros2_foxy/install/examples_rclpy_executors:/home/pengbo/ros2_foxy/install/demo_nodes_py:/home/pengbo/ros2_foxy/install/action_tutorials_py:/home/pengbo/ros2_foxy/install/ament_uncrustify:/home/pengbo/ros2_foxy/install/tracetools_trace:/home/pengbo/ros2_foxy/install/tracetools_read:/home/pengbo/ros2_foxy/install/test_launch_ros:/home/pengbo/ros2_foxy/install/rpyutils:/home/pengbo/ros2_foxy/install/rosidl_runtime_py:/home/pengbo/ros2_foxy/install/launch_yaml:/home/pengbo/ros2_foxy/install/launch_xml:/home/pengbo/ros2_foxy/install/launch_testing:/home/pengbo/ros2_foxy/install/launch:/home/pengbo/ros2_foxy/install/osrf_pycommon:/home/pengbo/ros2_foxy/install/domain_coordinator:/home/pengbo/ros2_foxy/install/ament_xmllint:/home/pengbo/ros2_foxy/install/ament_pyflakes:/home/pengbo/ros2_foxy/install/ament_pycodestyle:/home/pengbo/ros2_foxy/install/ament_pep257:/home/pengbo/ros2_foxy/install/ament_pclint:/home/pengbo/ros2_foxy/install/ament_package:/home/pengbo/ros2_foxy/install/ament_mypy:/home/pengbo/ros2_foxy/install/ament_lint_cmake:/home/pengbo/ros2_foxy/install/ament_flake8:/home/pengbo/ros2_foxy/install/ament_copyright:/home/pengbo/ros2_foxy/install/ament_lint:/home/pengbo/ros2_foxy/install/ament_index_python:/home/pengbo/ros2_foxy/install/ament_cpplint:/home/pengbo/ros2_foxy/install/ament_cppcheck:/home/pengbo/ros2_foxy/install/ament_clang_tidy:/home/pengbo/ros2_foxy/install/ament_clang_format /usr/bin/cmake --install /home/pengbo/rclcpp_cbg/build/rclcpp
[9.813s] -- Install configuration: ""
[9.813s] -- Execute custom install script
[9.814s] -- Up-to-date symlink: /home/pengbo/rclcpp_cbg/install/rclcpp/share/rclcpp/environment/library_path.sh
[9.814s] -- Up-to-date symlink: /home/pengbo/rclcpp_cbg/install/rclcpp/share/rclcpp/environment/library_path.dsv
[9.814s] -- Up-to-date symlink: /home/pengbo/rclcpp_cbg/build/rclcpp/test/resources/test_node/test_parameters.yaml
[9.814s] -- Up-to-date symlink: /home/pengbo/rclcpp_cbg/install/rclcpp/share/ament_index/resource_index/package_run_dependencies/rclcpp
[9.815s] -- Up-to-date symlink: /home/pengbo/rclcpp_cbg/install/rclcpp/share/ament_index/resource_index/parent_prefix_path/rclcpp
[9.815s] -- Up-to-date symlink: /home/pengbo/rclcpp_cbg/install/rclcpp/share/rclcpp/environment/ament_prefix_path.sh
[9.815s] -- Up-to-date symlink: /home/pengbo/rclcpp_cbg/install/rclcpp/share/rclcpp/environment/ament_prefix_path.dsv
[9.815s] -- Up-to-date symlink: /home/pengbo/rclcpp_cbg/install/rclcpp/share/rclcpp/environment/path.sh
[9.815s] -- Up-to-date symlink: /home/pengbo/rclcpp_cbg/install/rclcpp/share/rclcpp/environment/path.dsv
[9.816s] -- Up-to-date symlink: /home/pengbo/rclcpp_cbg/install/rclcpp/share/rclcpp/local_setup.bash
[9.816s] -- Up-to-date symlink: /home/pengbo/rclcpp_cbg/install/rclcpp/share/rclcpp/local_setup.sh
[9.816s] -- Up-to-date symlink: /home/pengbo/rclcpp_cbg/install/rclcpp/share/rclcpp/local_setup.zsh
[9.816s] -- Up-to-date symlink: /home/pengbo/rclcpp_cbg/install/rclcpp/share/rclcpp/local_setup.dsv
[9.816s] -- Symlinking: /home/pengbo/rclcpp_cbg/install/rclcpp/share/rclcpp/package.dsv
[9.835s] -- Up-to-date symlink: /home/pengbo/rclcpp_cbg/install/rclcpp/share/ament_index/resource_index/packages/rclcpp
[9.836s] -- Up-to-date symlink: /home/pengbo/rclcpp_cbg/install/rclcpp/share/rclcpp/cmake/ament_cmake_export_include_directories-extras.cmake
[9.836s] -- Up-to-date symlink: /home/pengbo/rclcpp_cbg/install/rclcpp/share/rclcpp/cmake/ament_cmake_export_libraries-extras.cmake
[9.836s] -- Up-to-date symlink: /home/pengbo/rclcpp_cbg/install/rclcpp/share/rclcpp/cmake/ament_cmake_export_targets-extras.cmake
[9.837s] -- Up-to-date symlink: /home/pengbo/rclcpp_cbg/install/rclcpp/share/rclcpp/cmake/ament_cmake_export_dependencies-extras.cmake
[9.837s] -- Up-to-date symlink: /home/pengbo/rclcpp_cbg/install/rclcpp/share/rclcpp/cmake/rosidl_cmake-extras.cmake
[9.837s] -- Up-to-date symlink: /home/pengbo/rclcpp_cbg/install/rclcpp/share/rclcpp/cmake/rclcppConfig.cmake
[9.837s] -- Up-to-date symlink: /home/pengbo/rclcpp_cbg/install/rclcpp/share/rclcpp/cmake/rclcppConfig-version.cmake
[9.838s] -- Up-to-date symlink: /home/pengbo/rclcpp_cbg/install/rclcpp/share/rclcpp/package.xml
[9.840s] -- Up-to-date symlink: /home/pengbo/rclcpp_cbg/install/rclcpp/include/rclcpp/allocator/allocator_common.hpp
[9.840s] -- Up-to-date symlink: /home/pengbo/rclcpp_cbg/install/rclcpp/include/rclcpp/allocator/allocator_deleter.hpp
[9.840s] -- Up-to-date symlink: /home/pengbo/rclcpp_cbg/install/rclcpp/include/rclcpp/any_executable.hpp
[9.840s] -- Up-to-date symlink: /home/pengbo/rclcpp_cbg/install/rclcpp/include/rclcpp/any_service_callback.hpp
[9.841s] -- Up-to-date symlink: /home/pengbo/rclcpp_cbg/install/rclcpp/include/rclcpp/any_subscription_callback.hpp
[9.841s] -- Up-to-date symlink: /home/pengbo/rclcpp_cbg/install/rclcpp/include/rclcpp/callback_group.hpp
[9.841s] -- Up-to-date symlink: /home/pengbo/rclcpp_cbg/install/rclcpp/include/rclcpp/client.hpp
[9.841s] -- Up-to-date symlink: /home/pengbo/rclcpp_cbg/install/rclcpp/include/rclcpp/clock.hpp
[9.841s] -- Up-to-date symlink: /home/pengbo/rclcpp_cbg/install/rclcpp/include/rclcpp/context.hpp
[9.841s] -- Up-to-date symlink: /home/pengbo/rclcpp_cbg/install/rclcpp/include/rclcpp/contexts/default_context.hpp
[9.842s] -- Up-to-date symlink: /home/pengbo/rclcpp_cbg/install/rclcpp/include/rclcpp/create_client.hpp
[9.842s] -- Up-to-date symlink: /home/pengbo/rclcpp_cbg/install/rclcpp/include/rclcpp/create_publisher.hpp
[9.842s] -- Up-to-date symlink: /home/pengbo/rclcpp_cbg/install/rclcpp/include/rclcpp/create_service.hpp
[9.842s] -- Up-to-date symlink: /home/pengbo/rclcpp_cbg/install/rclcpp/include/rclcpp/create_subscription.hpp
[9.842s] -- Up-to-date symlink: /home/pengbo/rclcpp_cbg/install/rclcpp/include/rclcpp/create_timer.hpp
[9.843s] -- Up-to-date symlink: /home/pengbo/rclcpp_cbg/install/rclcpp/include/rclcpp/detail/README.md
[9.843s] -- Up-to-date symlink: /home/pengbo/rclcpp_cbg/install/rclcpp/include/rclcpp/detail/resolve_enable_topic_statistics.hpp
[9.843s] -- Up-to-date symlink: /home/pengbo/rclcpp_cbg/install/rclcpp/include/rclcpp/detail/resolve_intra_process_buffer_type.hpp
[9.843s] -- Up-to-date symlink: /home/pengbo/rclcpp_cbg/install/rclcpp/include/rclcpp/detail/resolve_use_intra_process.hpp
[9.843s] -- Up-to-date symlink: /home/pengbo/rclcpp_cbg/install/rclcpp/include/rclcpp/detail/rmw_implementation_specific_payload.hpp
[9.844s] -- Up-to-date symlink: /home/pengbo/rclcpp_cbg/install/rclcpp/include/rclcpp/detail/rmw_implementation_specific_publisher_payload.hpp
[9.844s] -- Up-to-date symlink: /home/pengbo/rclcpp_cbg/install/rclcpp/include/rclcpp/detail/rmw_implementation_specific_subscription_payload.hpp
[9.844s] -- Up-to-date symlink: /home/pengbo/rclcpp_cbg/install/rclcpp/include/rclcpp/detail/utilities.hpp
[9.844s] -- Up-to-date symlink: /home/pengbo/rclcpp_cbg/install/rclcpp/include/rclcpp/duration.hpp
[9.845s] -- Up-to-date symlink: /home/pengbo/rclcpp_cbg/install/rclcpp/include/rclcpp/event.hpp
[9.845s] -- Up-to-date symlink: /home/pengbo/rclcpp_cbg/install/rclcpp/include/rclcpp/exceptions.hpp
[9.845s] -- Up-to-date symlink: /home/pengbo/rclcpp_cbg/install/rclcpp/include/rclcpp/exceptions/exceptions.hpp
[9.845s] -- Up-to-date symlink: /home/pengbo/rclcpp_cbg/install/rclcpp/include/rclcpp/executor.hpp
[9.845s] -- Up-to-date symlink: /home/pengbo/rclcpp_cbg/install/rclcpp/include/rclcpp/executor_options.hpp
[9.846s] -- Up-to-date symlink: /home/pengbo/rclcpp_cbg/install/rclcpp/include/rclcpp/executors.hpp
[9.846s] -- Up-to-date symlink: /home/pengbo/rclcpp_cbg/install/rclcpp/include/rclcpp/executors/multi_threaded_executor.hpp
[9.846s] -- Up-to-date symlink: /home/pengbo/rclcpp_cbg/install/rclcpp/include/rclcpp/executors/single_threaded_executor.hpp
[9.846s] -- Up-to-date symlink: /home/pengbo/rclcpp_cbg/install/rclcpp/include/rclcpp/executors/static_executor_entities_collector.hpp
[9.847s] -- Up-to-date symlink: /home/pengbo/rclcpp_cbg/install/rclcpp/include/rclcpp/executors/static_single_threaded_executor.hpp
[9.847s] -- Up-to-date symlink: /home/pengbo/rclcpp_cbg/install/rclcpp/include/rclcpp/expand_topic_or_service_name.hpp
[9.847s] -- Up-to-date symlink: /home/pengbo/rclcpp_cbg/install/rclcpp/include/rclcpp/experimental/README.md
[9.847s] -- Up-to-date symlink: /home/pengbo/rclcpp_cbg/install/rclcpp/include/rclcpp/experimental/buffers/buffer_implementation_base.hpp
[9.847s] -- Up-to-date symlink: /home/pengbo/rclcpp_cbg/install/rclcpp/include/rclcpp/experimental/buffers/intra_process_buffer.hpp
[9.848s] -- Up-to-date symlink: /home/pengbo/rclcpp_cbg/install/rclcpp/include/rclcpp/experimental/buffers/ring_buffer_implementation.hpp
[9.848s] -- Up-to-date symlink: /home/pengbo/rclcpp_cbg/install/rclcpp/include/rclcpp/experimental/create_intra_process_buffer.hpp
[9.848s] -- Up-to-date symlink: /home/pengbo/rclcpp_cbg/install/rclcpp/include/rclcpp/experimental/executable_list.hpp
[9.848s] -- Up-to-date symlink: /home/pengbo/rclcpp_cbg/install/rclcpp/include/rclcpp/experimental/intra_process_manager.hpp
[9.848s] -- Up-to-date symlink: /home/pengbo/rclcpp_cbg/install/rclcpp/include/rclcpp/experimental/subscription_intra_process.hpp
[9.848s] -- Up-to-date symlink: /home/pengbo/rclcpp_cbg/install/rclcpp/include/rclcpp/experimental/subscription_intra_process_base.hpp
[9.848s] -- Up-to-date symlink: /home/pengbo/rclcpp_cbg/install/rclcpp/include/rclcpp/function_traits.hpp
[9.848s] -- Up-to-date symlink: /home/pengbo/rclcpp_cbg/install/rclcpp/include/rclcpp/future_return_code.hpp
[9.848s] -- Up-to-date symlink: /home/pengbo/rclcpp_cbg/install/rclcpp/include/rclcpp/graph_listener.hpp
[9.849s] -- Up-to-date symlink: /home/pengbo/rclcpp_cbg/install/rclcpp/include/rclcpp/guard_condition.hpp
[9.849s] -- Up-to-date symlink: /home/pengbo/rclcpp_cbg/install/rclcpp/include/rclcpp/init_options.hpp
[9.849s] -- Up-to-date symlink: /home/pengbo/rclcpp_cbg/install/rclcpp/include/rclcpp/intra_process_buffer_type.hpp
[9.849s] -- Up-to-date symlink: /home/pengbo/rclcpp_cbg/install/rclcpp/include/rclcpp/intra_process_setting.hpp
[9.849s] -- Up-to-date symlink: /home/pengbo/rclcpp_cbg/install/rclcpp/include/rclcpp/loaned_message.hpp
[9.849s] -- Up-to-date symlink: /home/pengbo/rclcpp_cbg/install/rclcpp/include/rclcpp/logger.hpp
[9.849s] -- Up-to-date symlink: /home/pengbo/rclcpp_cbg/install/rclcpp/include/rclcpp/macros.hpp
[9.849s] -- Up-to-date symlink: /home/pengbo/rclcpp_cbg/install/rclcpp/include/rclcpp/memory_strategies.hpp
[9.850s] -- Up-to-date symlink: /home/pengbo/rclcpp_cbg/install/rclcpp/include/rclcpp/memory_strategy.hpp
[9.850s] -- Up-to-date symlink: /home/pengbo/rclcpp_cbg/install/rclcpp/include/rclcpp/message_info.hpp
[9.850s] -- Up-to-date symlink: /home/pengbo/rclcpp_cbg/install/rclcpp/include/rclcpp/message_memory_strategy.hpp
[9.850s] -- Up-to-date symlink: /home/pengbo/rclcpp_cbg/install/rclcpp/include/rclcpp/node.hpp
[9.850s] -- Up-to-date symlink: /home/pengbo/rclcpp_cbg/install/rclcpp/include/rclcpp/node_impl.hpp
[9.850s] -- Up-to-date symlink: /home/pengbo/rclcpp_cbg/install/rclcpp/include/rclcpp/node_interfaces/node_base.hpp
[9.850s] -- Up-to-date symlink: /home/pengbo/rclcpp_cbg/install/rclcpp/include/rclcpp/node_interfaces/node_base_interface.hpp
[9.850s] -- Up-to-date symlink: /home/pengbo/rclcpp_cbg/install/rclcpp/include/rclcpp/node_interfaces/node_clock.hpp
[9.851s] -- Up-to-date symlink: /home/pengbo/rclcpp_cbg/install/rclcpp/include/rclcpp/node_interfaces/node_clock_interface.hpp
[9.851s] -- Up-to-date symlink: /home/pengbo/rclcpp_cbg/install/rclcpp/include/rclcpp/node_interfaces/node_graph.hpp
[9.851s] -- Up-to-date symlink: /home/pengbo/rclcpp_cbg/install/rclcpp/include/rclcpp/node_interfaces/node_graph_interface.hpp
[9.851s] -- Up-to-date symlink: /home/pengbo/rclcpp_cbg/install/rclcpp/include/rclcpp/node_interfaces/node_logging.hpp
[9.851s] -- Up-to-date symlink: /home/pengbo/rclcpp_cbg/install/rclcpp/include/rclcpp/node_interfaces/node_logging_interface.hpp
[9.851s] -- Up-to-date symlink: /home/pengbo/rclcpp_cbg/install/rclcpp/include/rclcpp/node_interfaces/node_parameters.hpp
[9.851s] -- Up-to-date symlink: /home/pengbo/rclcpp_cbg/install/rclcpp/include/rclcpp/node_interfaces/node_parameters_interface.hpp
[9.851s] -- Up-to-date symlink: /home/pengbo/rclcpp_cbg/install/rclcpp/include/rclcpp/node_interfaces/node_services.hpp
[9.852s] -- Up-to-date symlink: /home/pengbo/rclcpp_cbg/install/rclcpp/include/rclcpp/node_interfaces/node_services_interface.hpp
[9.852s] -- Up-to-date symlink: /home/pengbo/rclcpp_cbg/install/rclcpp/include/rclcpp/node_interfaces/node_time_source.hpp
[9.852s] -- Up-to-date symlink: /home/pengbo/rclcpp_cbg/install/rclcpp/include/rclcpp/node_interfaces/node_time_source_interface.hpp
[9.852s] -- Up-to-date symlink: /home/pengbo/rclcpp_cbg/install/rclcpp/include/rclcpp/node_interfaces/node_timers.hpp
[9.852s] -- Up-to-date symlink: /home/pengbo/rclcpp_cbg/install/rclcpp/include/rclcpp/node_interfaces/node_timers_interface.hpp
[9.852s] -- Up-to-date symlink: /home/pengbo/rclcpp_cbg/install/rclcpp/include/rclcpp/node_interfaces/node_topics.hpp
[9.852s] -- Up-to-date symlink: /home/pengbo/rclcpp_cbg/install/rclcpp/include/rclcpp/node_interfaces/node_topics_interface.hpp
[9.852s] -- Up-to-date symlink: /home/pengbo/rclcpp_cbg/install/rclcpp/include/rclcpp/node_interfaces/node_waitables.hpp
[9.852s] -- Up-to-date symlink: /home/pengbo/rclcpp_cbg/install/rclcpp/include/rclcpp/node_interfaces/node_waitables_interface.hpp
[9.853s] -- Up-to-date symlink: /home/pengbo/rclcpp_cbg/install/rclcpp/include/rclcpp/node_options.hpp
[9.853s] -- Up-to-date symlink: /home/pengbo/rclcpp_cbg/install/rclcpp/include/rclcpp/parameter.hpp
[9.853s] -- Up-to-date symlink: /home/pengbo/rclcpp_cbg/install/rclcpp/include/rclcpp/parameter_client.hpp
[9.853s] -- Up-to-date symlink: /home/pengbo/rclcpp_cbg/install/rclcpp/include/rclcpp/parameter_events_filter.hpp
[9.853s] -- Up-to-date symlink: /home/pengbo/rclcpp_cbg/install/rclcpp/include/rclcpp/parameter_map.hpp
[9.853s] -- Up-to-date symlink: /home/pengbo/rclcpp_cbg/install/rclcpp/include/rclcpp/parameter_service.hpp
[9.853s] -- Up-to-date symlink: /home/pengbo/rclcpp_cbg/install/rclcpp/include/rclcpp/parameter_value.hpp
[9.853s] -- Up-to-date symlink: /home/pengbo/rclcpp_cbg/install/rclcpp/include/rclcpp/publisher.hpp
[9.854s] -- Up-to-date symlink: /home/pengbo/rclcpp_cbg/install/rclcpp/include/rclcpp/publisher_base.hpp
[9.854s] -- Up-to-date symlink: /home/pengbo/rclcpp_cbg/install/rclcpp/include/rclcpp/publisher_factory.hpp
[9.854s] -- Up-to-date symlink: /home/pengbo/rclcpp_cbg/install/rclcpp/include/rclcpp/publisher_options.hpp
[9.854s] -- Up-to-date symlink: /home/pengbo/rclcpp_cbg/install/rclcpp/include/rclcpp/qos.hpp
[9.854s] -- Up-to-date symlink: /home/pengbo/rclcpp_cbg/install/rclcpp/include/rclcpp/qos_event.hpp
[9.854s] -- Up-to-date symlink: /home/pengbo/rclcpp_cbg/install/rclcpp/include/rclcpp/rate.hpp
[9.854s] -- Up-to-date symlink: /home/pengbo/rclcpp_cbg/install/rclcpp/include/rclcpp/rclcpp.hpp
[9.854s] -- Up-to-date symlink: /home/pengbo/rclcpp_cbg/install/rclcpp/include/rclcpp/scope_exit.hpp
[9.855s] -- Up-to-date symlink: /home/pengbo/rclcpp_cbg/install/rclcpp/include/rclcpp/serialization.hpp
[9.855s] -- Up-to-date symlink: /home/pengbo/rclcpp_cbg/install/rclcpp/include/rclcpp/serialized_message.hpp
[9.855s] -- Up-to-date symlink: /home/pengbo/rclcpp_cbg/install/rclcpp/include/rclcpp/service.hpp
[9.855s] -- Up-to-date symlink: /home/pengbo/rclcpp_cbg/install/rclcpp/include/rclcpp/strategies/allocator_memory_strategy.hpp
[9.855s] -- Up-to-date symlink: /home/pengbo/rclcpp_cbg/install/rclcpp/include/rclcpp/strategies/message_pool_memory_strategy.hpp
[9.855s] -- Up-to-date symlink: /home/pengbo/rclcpp_cbg/install/rclcpp/include/rclcpp/subscription.hpp
[9.855s] -- Up-to-date symlink: /home/pengbo/rclcpp_cbg/install/rclcpp/include/rclcpp/subscription_base.hpp
[9.856s] -- Up-to-date symlink: /home/pengbo/rclcpp_cbg/install/rclcpp/include/rclcpp/subscription_factory.hpp
[9.856s] -- Up-to-date symlink: /home/pengbo/rclcpp_cbg/install/rclcpp/include/rclcpp/subscription_options.hpp
[9.856s] -- Up-to-date symlink: /home/pengbo/rclcpp_cbg/install/rclcpp/include/rclcpp/subscription_traits.hpp
[9.856s] -- Up-to-date symlink: /home/pengbo/rclcpp_cbg/install/rclcpp/include/rclcpp/subscription_wait_set_mask.hpp
[9.856s] -- Up-to-date symlink: /home/pengbo/rclcpp_cbg/install/rclcpp/include/rclcpp/time.hpp
[9.856s] -- Up-to-date symlink: /home/pengbo/rclcpp_cbg/install/rclcpp/include/rclcpp/time_source.hpp
[9.856s] -- Up-to-date symlink: /home/pengbo/rclcpp_cbg/install/rclcpp/include/rclcpp/timer.hpp
[9.856s] -- Up-to-date symlink: /home/pengbo/rclcpp_cbg/install/rclcpp/include/rclcpp/topic_statistics/subscription_topic_statistics.hpp
[9.857s] -- Up-to-date symlink: /home/pengbo/rclcpp_cbg/install/rclcpp/include/rclcpp/topic_statistics_state.hpp
[9.857s] -- Up-to-date symlink: /home/pengbo/rclcpp_cbg/install/rclcpp/include/rclcpp/type_support_decl.hpp
[9.857s] -- Up-to-date symlink: /home/pengbo/rclcpp_cbg/install/rclcpp/include/rclcpp/utilities.hpp
[9.857s] -- Up-to-date symlink: /home/pengbo/rclcpp_cbg/install/rclcpp/include/rclcpp/visibility_control.hpp
[9.857s] -- Up-to-date symlink: /home/pengbo/rclcpp_cbg/install/rclcpp/include/rclcpp/wait_result.hpp
[9.857s] -- Up-to-date symlink: /home/pengbo/rclcpp_cbg/install/rclcpp/include/rclcpp/wait_result_kind.hpp
[9.857s] -- Up-to-date symlink: /home/pengbo/rclcpp_cbg/install/rclcpp/include/rclcpp/wait_set.hpp
[9.857s] -- Up-to-date symlink: /home/pengbo/rclcpp_cbg/install/rclcpp/include/rclcpp/wait_set_policies/detail/storage_policy_common.hpp
[9.857s] -- Up-to-date symlink: /home/pengbo/rclcpp_cbg/install/rclcpp/include/rclcpp/wait_set_policies/detail/synchronization_policy_common.hpp
[9.858s] -- Up-to-date symlink: /home/pengbo/rclcpp_cbg/install/rclcpp/include/rclcpp/wait_set_policies/detail/write_preferring_read_write_lock.hpp
[9.858s] -- Up-to-date symlink: /home/pengbo/rclcpp_cbg/install/rclcpp/include/rclcpp/wait_set_policies/dynamic_storage.hpp
[9.858s] -- Up-to-date symlink: /home/pengbo/rclcpp_cbg/install/rclcpp/include/rclcpp/wait_set_policies/sequential_synchronization.hpp
[9.858s] -- Up-to-date symlink: /home/pengbo/rclcpp_cbg/install/rclcpp/include/rclcpp/wait_set_policies/static_storage.hpp
[9.858s] -- Up-to-date symlink: /home/pengbo/rclcpp_cbg/install/rclcpp/include/rclcpp/wait_set_policies/thread_safe_synchronization.hpp
[9.858s] -- Up-to-date symlink: /home/pengbo/rclcpp_cbg/install/rclcpp/include/rclcpp/wait_set_template.hpp
[9.858s] -- Up-to-date symlink: /home/pengbo/rclcpp_cbg/install/rclcpp/include/rclcpp/waitable.hpp
[9.859s] -- Up-to-date symlink: /home/pengbo/rclcpp_cbg/install/rclcpp/include/rclcpp/logging.hpp
[9.859s] -- Up-to-date symlink: /home/pengbo/rclcpp_cbg/install/rclcpp/include/rclcpp/node_interfaces/get_node_base_interface.hpp
[9.859s] -- Up-to-date symlink: /home/pengbo/rclcpp_cbg/install/rclcpp/include/rclcpp/node_interfaces/get_node_clock_interface.hpp
[9.859s] -- Up-to-date symlink: /home/pengbo/rclcpp_cbg/install/rclcpp/include/rclcpp/node_interfaces/get_node_graph_interface.hpp
[9.859s] -- Up-to-date symlink: /home/pengbo/rclcpp_cbg/install/rclcpp/include/rclcpp/node_interfaces/get_node_logging_interface.hpp
[9.860s] -- Up-to-date symlink: /home/pengbo/rclcpp_cbg/install/rclcpp/include/rclcpp/node_interfaces/get_node_parameters_interface.hpp
[9.860s] -- Up-to-date symlink: /home/pengbo/rclcpp_cbg/install/rclcpp/include/rclcpp/node_interfaces/get_node_services_interface.hpp
[9.860s] -- Up-to-date symlink: /home/pengbo/rclcpp_cbg/install/rclcpp/include/rclcpp/node_interfaces/get_node_time_source_interface.hpp
[9.860s] -- Up-to-date symlink: /home/pengbo/rclcpp_cbg/install/rclcpp/include/rclcpp/node_interfaces/get_node_timers_interface.hpp
[9.860s] -- Up-to-date symlink: /home/pengbo/rclcpp_cbg/install/rclcpp/include/rclcpp/node_interfaces/get_node_topics_interface.hpp
[9.860s] -- Up-to-date symlink: /home/pengbo/rclcpp_cbg/install/rclcpp/include/rclcpp/node_interfaces/get_node_waitables_interface.hpp
[9.860s] -- Up-to-date symlink: /home/pengbo/rclcpp_cbg/install/rclcpp/include/rclcpp/node_interfaces/node_base_interface_traits.hpp
[9.860s] -- Up-to-date symlink: /home/pengbo/rclcpp_cbg/install/rclcpp/include/rclcpp/node_interfaces/node_clock_interface_traits.hpp
[9.861s] -- Up-to-date symlink: /home/pengbo/rclcpp_cbg/install/rclcpp/include/rclcpp/node_interfaces/node_graph_interface_traits.hpp
[9.861s] -- Up-to-date symlink: /home/pengbo/rclcpp_cbg/install/rclcpp/include/rclcpp/node_interfaces/node_logging_interface_traits.hpp
[9.861s] -- Up-to-date symlink: /home/pengbo/rclcpp_cbg/install/rclcpp/include/rclcpp/node_interfaces/node_parameters_interface_traits.hpp
[9.861s] -- Up-to-date symlink: /home/pengbo/rclcpp_cbg/install/rclcpp/include/rclcpp/node_interfaces/node_services_interface_traits.hpp
[9.861s] -- Up-to-date symlink: /home/pengbo/rclcpp_cbg/install/rclcpp/include/rclcpp/node_interfaces/node_time_source_interface_traits.hpp
[9.861s] -- Up-to-date symlink: /home/pengbo/rclcpp_cbg/install/rclcpp/include/rclcpp/node_interfaces/node_timers_interface_traits.hpp
[9.861s] -- Up-to-date symlink: /home/pengbo/rclcpp_cbg/install/rclcpp/include/rclcpp/node_interfaces/node_topics_interface_traits.hpp
[9.862s] -- Up-to-date symlink: /home/pengbo/rclcpp_cbg/install/rclcpp/include/rclcpp/node_interfaces/node_waitables_interface_traits.hpp
[9.862s] -- Installing: /home/pengbo/rclcpp_cbg/install/rclcpp/lib/librclcpp.so
[9.872s] -- Set runtime path of "/home/pengbo/rclcpp_cbg/install/rclcpp/lib/librclcpp.so" to ""
[9.872s] -- Up-to-date: /home/pengbo/rclcpp_cbg/install/rclcpp/share/rclcpp/cmake/rclcppExport.cmake
[9.872s] -- Up-to-date: /home/pengbo/rclcpp_cbg/install/rclcpp/share/rclcpp/cmake/rclcppExport-noconfig.cmake
[9.875s] Invoked command in '/home/pengbo/rclcpp_cbg/build/rclcpp' returned '0': CMAKE_PREFIX_PATH=${CMAKE_PREFIX_PATH}:/home/pengbo/ros2_foxy/install/ros2bag:/home/pengbo/ros2_foxy/install/tracetools_launch:/home/pengbo/ros2_foxy/install/topic_monitor:/home/pengbo/ros2_foxy/install/examples_tf2_py:/home/pengbo/ros2_foxy/install/sros2:/home/pengbo/ros2_foxy/install/rqt_topic:/home/pengbo/ros2_foxy/install/rqt_reconfigure:/home/pengbo/ros2_foxy/install/rqt_action:/home/pengbo/ros2_foxy/install/rqt:/home/pengbo/ros2_foxy/install/rqt_graph:/home/pengbo/ros2_foxy/install/rqt_gui_py:/home/pengbo/ros2_foxy/install/rqt_gui:/home/pengbo/ros2_foxy/install/ros2trace:/home/pengbo/ros2_foxy/install/ros2topic:/home/pengbo/ros2_foxy/install/ros2test:/home/pengbo/ros2_foxy/install/ros2component:/home/pengbo/ros2_foxy/install/ros2param:/home/pengbo/ros2_foxy/install/ros2lifecycle:/home/pengbo/ros2_foxy/install/ros2service:/home/pengbo/ros2_foxy/install/ros2run:/home/pengbo/ros2_foxy/install/ros2launch:/home/pengbo/ros2_foxy/install/ros2pkg:/home/pengbo/ros2_foxy/install/ros2node:/home/pengbo/ros2_foxy/install/ros2multicast:/home/pengbo/ros2_foxy/install/ros2interface:/home/pengbo/ros2_foxy/install/ros2doctor:/home/pengbo/ros2_foxy/install/ros2action:/home/pengbo/ros2_foxy/install/ros2cli:/home/pengbo/ros2_foxy/install/quality_of_service_demo_py:/home/pengbo/ros2_foxy/install/opencv_tests:/home/pengbo/ros2_foxy/install/launch_testing_ros:/home/pengbo/ros2_foxy/install/launch_ros:/home/pengbo/ros2_foxy/install/examples_rclpy_minimal_subscriber:/home/pengbo/ros2_foxy/install/examples_rclpy_minimal_service:/home/pengbo/ros2_foxy/install/examples_rclpy_minimal_publisher:/home/pengbo/ros2_foxy/install/examples_rclpy_minimal_client:/home/pengbo/ros2_foxy/install/examples_rclpy_minimal_action_server:/home/pengbo/ros2_foxy/install/examples_rclpy_minimal_action_client:/home/pengbo/ros2_foxy/install/examples_rclpy_executors:/home/pengbo/ros2_foxy/install/demo_nodes_py:/home/pengbo/ros2_foxy/install/action_tutorials_py:/home/pengbo/ros2_foxy/install/ament_uncrustify:/home/pengbo/ros2_foxy/install/tracetools_trace:/home/pengbo/ros2_foxy/install/tracetools_read:/home/pengbo/ros2_foxy/install/test_launch_ros:/home/pengbo/ros2_foxy/install/rpyutils:/home/pengbo/ros2_foxy/install/rosidl_runtime_py:/home/pengbo/ros2_foxy/install/launch_yaml:/home/pengbo/ros2_foxy/install/launch_xml:/home/pengbo/ros2_foxy/install/launch_testing:/home/pengbo/ros2_foxy/install/launch:/home/pengbo/ros2_foxy/install/osrf_pycommon:/home/pengbo/ros2_foxy/install/domain_coordinator:/home/pengbo/ros2_foxy/install/ament_xmllint:/home/pengbo/ros2_foxy/install/ament_pyflakes:/home/pengbo/ros2_foxy/install/ament_pycodestyle:/home/pengbo/ros2_foxy/install/ament_pep257:/home/pengbo/ros2_foxy/install/ament_pclint:/home/pengbo/ros2_foxy/install/ament_package:/home/pengbo/ros2_foxy/install/ament_mypy:/home/pengbo/ros2_foxy/install/ament_lint_cmake:/home/pengbo/ros2_foxy/install/ament_flake8:/home/pengbo/ros2_foxy/install/ament_copyright:/home/pengbo/ros2_foxy/install/ament_lint:/home/pengbo/ros2_foxy/install/ament_index_python:/home/pengbo/ros2_foxy/install/ament_cpplint:/home/pengbo/ros2_foxy/install/ament_cppcheck:/home/pengbo/ros2_foxy/install/ament_clang_tidy:/home/pengbo/ros2_foxy/install/ament_clang_format /usr/bin/cmake --install /home/pengbo/rclcpp_cbg/build/rclcpp
