In file included from [01m[K/home/pengbo/rclcpp_cbg/ros2_rclcpp/rclcpp/src/rclcpp/executors/single_threaded_executor.cpp:15[m[K:
[01m[K/home/pengbo/rclcpp_cbg/ros2_rclcpp/rclcpp/include/rclcpp/executors/single_threaded_executor.hpp:78:3:[m[K [01;31m[Kerror: [m[K‘[01m[Kvoid rclcpp::executors::SingleThreadedExecutor::spin()[m[K’ cannot be overloaded with ‘[01m[Kvoid rclcpp::executors::SingleThreadedExecutor::spin()[m[K’
   78 |   [01;31m[Kspin[m[K() override;
      |   [01;31m[K^~~~[m[K
[01m[K/home/pengbo/rclcpp_cbg/ros2_rclcpp/rclcpp/include/rclcpp/executors/single_threaded_executor.hpp:66:3:[m[K [01;36m[Knote: [m[Kprevious declaration ‘[01m[Kvoid rclcpp::executors::SingleThreadedExecutor::spin()[m[K’
   66 |   [01;36m[Kspin[m[K() override;
      |   [01;36m[K^~~~[m[K
In file included from [01m[K/home/pengbo/rclcpp_cbg/ros2_rclcpp/rclcpp/include/rclcpp/executors.hpp:22[m[K,
                 from [01m[K/home/pengbo/rclcpp_cbg/ros2_rclcpp/rclcpp/include/rclcpp/parameter_service.hpp:27[m[K,
                 from [01m[K/home/pengbo/rclcpp_cbg/ros2_rclcpp/rclcpp/include/rclcpp/node_interfaces/node_parameters.hpp:36[m[K,
                 from [01m[K/home/pengbo/rclcpp_cbg/ros2_rclcpp/rclcpp/src/rclcpp/node_interfaces/node_parameters.cpp:15[m[K:
[01m[K/home/pengbo/rclcpp_cbg/ros2_rclcpp/rclcpp/include/rclcpp/executors/single_threaded_executor.hpp:78:3:[m[K [01;31m[Kerror: [m[K‘[01m[Kvoid rclcpp::executors::SingleThreadedExecutor::spin()[m[K’ cannot be overloaded with ‘[01m[Kvoid rclcpp::executors::SingleThreadedExecutor::spin()[m[K’
   78 |   [01;31m[Kspin[m[K() override;
      |   [01;31m[K^~~~[m[K
[01m[K/home/pengbo/rclcpp_cbg/ros2_rclcpp/rclcpp/include/rclcpp/executors/single_threaded_executor.hpp:66:3:[m[K [01;36m[Knote: [m[Kprevious declaration ‘[01m[Kvoid rclcpp::executors::SingleThreadedExecutor::spin()[m[K’
   66 |   [01;36m[Kspin[m[K() override;
      |   [01;36m[K^~~~[m[K
In file included from [01m[K/home/pengbo/rclcpp_cbg/ros2_rclcpp/rclcpp/include/rclcpp/executors.hpp:22[m[K,
                 from [01m[K/home/pengbo/rclcpp_cbg/ros2_rclcpp/rclcpp/include/rclcpp/parameter_service.hpp:27[m[K,
                 from [01m[K/home/pengbo/rclcpp_cbg/ros2_rclcpp/rclcpp/include/rclcpp/node_interfaces/node_parameters.hpp:36[m[K,
                 from [01m[K/home/pengbo/rclcpp_cbg/ros2_rclcpp/rclcpp/src/rclcpp/node.cpp:30[m[K:
[01m[K/home/pengbo/rclcpp_cbg/ros2_rclcpp/rclcpp/include/rclcpp/executors/single_threaded_executor.hpp:78:3:[m[K [01;31m[Kerror: [m[K‘[01m[Kvoid rclcpp::executors::SingleThreadedExecutor::spin()[m[K’ cannot be overloaded with ‘[01m[Kvoid rclcpp::executors::SingleThreadedExecutor::spin()[m[K’
   78 |   [01;31m[Kspin[m[K() override;
      |   [01;31m[K^~~~[m[K
[01m[K/home/pengbo/rclcpp_cbg/ros2_rclcpp/rclcpp/include/rclcpp/executors/single_threaded_executor.hpp:66:3:[m[K [01;36m[Knote: [m[Kprevious declaration ‘[01m[Kvoid rclcpp::executors::SingleThreadedExecutor::spin()[m[K’
   66 |   [01;36m[Kspin[m[K() override;
      |   [01;36m[K^~~~[m[K
make[2]: *** [CMakeFiles/rclcpp.dir/build.make:389: CMakeFiles/rclcpp.dir/src/rclcpp/executors/single_threaded_executor.cpp.o] Error 1
make[2]: *** Waiting for unfinished jobs....
In file included from [01m[K/home/pengbo/rclcpp_cbg/ros2_rclcpp/rclcpp/include/rclcpp/executors.hpp:22[m[K,
                 from [01m[K/home/pengbo/rclcpp_cbg/ros2_rclcpp/rclcpp/src/rclcpp/executors.cpp:15[m[K:
[01m[K/home/pengbo/rclcpp_cbg/ros2_rclcpp/rclcpp/include/rclcpp/executors/single_threaded_executor.hpp:78:3:[m[K [01;31m[Kerror: [m[K‘[01m[Kvoid rclcpp::executors::SingleThreadedExecutor::spin()[m[K’ cannot be overloaded with ‘[01m[Kvoid rclcpp::executors::SingleThreadedExecutor::spin()[m[K’
   78 |   [01;31m[Kspin[m[K() override;
      |   [01;31m[K^~~~[m[K
[01m[K/home/pengbo/rclcpp_cbg/ros2_rclcpp/rclcpp/include/rclcpp/executors/single_threaded_executor.hpp:66:3:[m[K [01;36m[Knote: [m[Kprevious declaration ‘[01m[Kvoid rclcpp::executors::SingleThreadedExecutor::spin()[m[K’
   66 |   [01;36m[Kspin[m[K() override;
      |   [01;36m[K^~~~[m[K
make[2]: *** [CMakeFiles/rclcpp.dir/build.make:350: CMakeFiles/rclcpp.dir/src/rclcpp/executors.cpp.o] Error 1
make[2]: *** [CMakeFiles/rclcpp.dir/build.make:532: CMakeFiles/rclcpp.dir/src/rclcpp/node.cpp.o] Error 1
make[2]: *** [CMakeFiles/rclcpp.dir/build.make:610: CMakeFiles/rclcpp.dir/src/rclcpp/node_interfaces/node_parameters.cpp.o] Error 1
In file included from [01m[K/home/pengbo/rclcpp_cbg/ros2_rclcpp/rclcpp/include/rclcpp/executors.hpp:22[m[K,
                 from [01m[K/home/pengbo/rclcpp_cbg/ros2_rclcpp/rclcpp/include/rclcpp/parameter_service.hpp:27[m[K,
                 from [01m[K/home/pengbo/rclcpp_cbg/ros2_rclcpp/rclcpp/include/rclcpp/node_interfaces/node_parameters.hpp:36[m[K,
                 from [01m[K/home/pengbo/rclcpp_cbg/ros2_rclcpp/rclcpp/src/rclcpp/parameter.cpp:22[m[K:
[01m[K/home/pengbo/rclcpp_cbg/ros2_rclcpp/rclcpp/include/rclcpp/executors/single_threaded_executor.hpp:78:3:[m[K [01;31m[Kerror: [m[K‘[01m[Kvoid rclcpp::executors::SingleThreadedExecutor::spin()[m[K’ cannot be overloaded with ‘[01m[Kvoid rclcpp::executors::SingleThreadedExecutor::spin()[m[K’
   78 |   [01;31m[Kspin[m[K() override;
      |   [01;31m[K^~~~[m[K
[01m[K/home/pengbo/rclcpp_cbg/ros2_rclcpp/rclcpp/include/rclcpp/executors/single_threaded_executor.hpp:66:3:[m[K [01;36m[Knote: [m[Kprevious declaration ‘[01m[Kvoid rclcpp::executors::SingleThreadedExecutor::spin()[m[K’
   66 |   [01;36m[Kspin[m[K() override;
      |   [01;36m[K^~~~[m[K
In file included from [01m[K/home/pengbo/rclcpp_cbg/ros2_rclcpp/rclcpp/include/rclcpp/executors.hpp:22[m[K,
                 from [01m[K/home/pengbo/rclcpp_cbg/ros2_rclcpp/rclcpp/include/rclcpp/parameter_client.hpp:32[m[K,
                 from [01m[K/home/pengbo/rclcpp_cbg/ros2_rclcpp/rclcpp/src/rclcpp/parameter_client.cpp:15[m[K:
[01m[K/home/pengbo/rclcpp_cbg/ros2_rclcpp/rclcpp/include/rclcpp/executors/single_threaded_executor.hpp:78:3:[m[K [01;31m[Kerror: [m[K‘[01m[Kvoid rclcpp::executors::SingleThreadedExecutor::spin()[m[K’ cannot be overloaded with ‘[01m[Kvoid rclcpp::executors::SingleThreadedExecutor::spin()[m[K’
   78 |   [01;31m[Kspin[m[K() override;
      |   [01;31m[K^~~~[m[K
[01m[K/home/pengbo/rclcpp_cbg/ros2_rclcpp/rclcpp/include/rclcpp/executors/single_threaded_executor.hpp:66:3:[m[K [01;36m[Knote: [m[Kprevious declaration ‘[01m[Kvoid rclcpp::executors::SingleThreadedExecutor::spin()[m[K’
   66 |   [01;36m[Kspin[m[K() override;
      |   [01;36m[K^~~~[m[K
make[2]: *** [CMakeFiles/rclcpp.dir/build.make:688: CMakeFiles/rclcpp.dir/src/rclcpp/parameter.cpp.o] Error 1
make[2]: *** [CMakeFiles/rclcpp.dir/build.make:714: CMakeFiles/rclcpp.dir/src/rclcpp/parameter_client.cpp.o] Error 1
make[1]: *** [CMakeFiles/Makefile2:1129: CMakeFiles/rclcpp.dir/all] Error 2
make: *** [Makefile:141: all] Error 2
