[  0%] Built target rclcpp_test_msgs__cpp
[  1%] Built target gtest
[  2%] Built target gmock_main
[  4%] Built target gtest_main
[  4%] Built target gmock
[  6%] Built target rclcpp_test_msgs__rosidl_generator_c
[  8%] Built target rclcpp_test_msgs__rosidl_typesupport_cpp
[ 10%] Built target rclcpp_test_msgs__rosidl_typesupport_fastrtps_cpp
[ 12%] Built target rclcpp_test_msgs__rosidl_typesupport_introspection_cpp
[ 13%] Built target test_function_traits
[35m[1mScanning dependencies of target rclcpp[0m
[ 15%] Built target rclcpp_test_msgs__rosidl_typesupport_introspection_c
[ 16%] Built target rclcpp_test_msgs__rosidl_typesupport_c
[ 18%] Built target rclcpp_test_msgs__rosidl_typesupport_fastrtps_c
[ 18%] Built target rclcpp_test_msgs
[ 18%] Built target rclcpp_test_msgs__py
[ 18%] [32mBuilding CXX object CMakeFiles/rclcpp.dir/src/rclcpp/executors/single_threaded_executor.cpp.o[0m
[ 20%] Built target rclcpp_test_msgs__python
[ 21%] Built target rclcpp__rosidl_typesupport_c__pyext
[ 22%] Built target rclcpp__rosidl_typesupport_fastrtps_c__pyext
[ 23%] Built target rclcpp__rosidl_typesupport_introspection_c__pyext
