[0.009s] Invoking command in '/home/pengbo/rclcpp_cbg/ros2_rclcpp/build/rclcpp': /usr/bin/cmake --build /home/pengbo/rclcpp_cbg/ros2_rclcpp/build/rclcpp -- -j12 -l12
[0.068s] [  0%] Built target rclcpp_test_msgs__cpp
[0.068s] [  1%] Built target gmock_main
[0.068s] [  2%] Built target gtest_main
[0.070s] [  4%] Built target rclcpp_test_msgs__rosidl_generator_c
[0.070s] [  5%] Built target gmock
[0.070s] [  6%] Built target gtest
[0.080s] [35m[1mScanning dependencies of target rclcpp[0m
[0.084s] [ 10%] Built target rclcpp_test_msgs__rosidl_typesupport_cpp
[0.084s] [ 10%] Built target rclcpp_test_msgs__rosidl_typesupport_introspection_cpp
[0.084s] [ 12%] Built target rclcpp_test_msgs__rosidl_typesupport_introspection_c
[0.085s] [ 14%] Built target rclcpp_test_msgs__rosidl_typesupport_fastrtps_cpp
[0.085s] [ 15%] Built target rclcpp_test_msgs__rosidl_typesupport_c
[0.087s] [ 16%] Built target test_function_traits
[0.102s] [ 18%] Built target rclcpp_test_msgs__rosidl_typesupport_fastrtps_c
[0.118s] [ 18%] Built target rclcpp_test_msgs
[0.133s] [ 18%] Built target rclcpp_test_msgs__py
[0.142s] [ 18%] [32mBuilding CXX object CMakeFiles/rclcpp.dir/src/rclcpp/executors/single_threaded_executor.cpp.o[0m
[0.158s] [ 20%] Built target rclcpp_test_msgs__python
[0.177s] [ 21%] Built target rclcpp__rosidl_typesupport_c__pyext
[0.178s] [ 22%] Built target rclcpp__rosidl_typesupport_fastrtps_c__pyext
[0.181s] [ 23%] Built target rclcpp__rosidl_typesupport_introspection_c__pyext
[0.846s] [01m[K/home/pengbo/rclcpp_cbg/ros2_rclcpp/rclcpp/src/rclcpp/executors/single_threaded_executor.cpp:[m[K In function ‘[01m[Kint record_jitter(const timespec*, const timespec*, size_t)[m[K’:
[0.846s] [01m[K/home/pengbo/rclcpp_cbg/ros2_rclcpp/rclcpp/src/rclcpp/executors/single_threaded_executor.cpp:108:10:[m[K [01;35m[Kwarning: [m[Kunused variable ‘[01m[Ki[m[K’ [[01;35m[K-Wunused-variable[m[K]
[0.846s]   108 |   size_t [01;35m[Ki[m[K = iteration;
[0.847s]       |          [01;35m[K^[m[K
[0.851s] [01m[K/home/pengbo/rclcpp_cbg/ros2_rclcpp/rclcpp/src/rclcpp/executors/single_threaded_executor.cpp:[m[K In member function ‘[01m[Kvoid rclcpp::executors::SingleThreadedExecutor::executor_spin_one_period(uint64_t)[m[K’:
[0.851s] [01m[K/home/pengbo/rclcpp_cbg/ros2_rclcpp/rclcpp/src/rclcpp/executors/single_threaded_executor.cpp:167:33:[m[K [01;35m[Kwarning: [m[Kunused variable ‘[01m[Kcurrent_time[m[K’ [[01;35m[K-Wunused-variable[m[K]
[0.852s]   167 |    struct timespec wakeup_time, [01;35m[Kcurrent_time[m[K;
[0.852s]       |                                 [01;35m[K^~~~~~~~~~~~[m[K
[0.852s] [01m[K/home/pengbo/rclcpp_cbg/ros2_rclcpp/rclcpp/src/rclcpp/executors/single_threaded_executor.cpp:[m[K In member function ‘[01m[Kvoid rclcpp::executors::SingleThreadedExecutor::executor_spin_period(uint64_t)[m[K’:
[0.852s] [01m[K/home/pengbo/rclcpp_cbg/ros2_rclcpp/rclcpp/src/rclcpp/executors/single_threaded_executor.cpp:210:99:[m[K [01;31m[Kerror: [m[Kno match for ‘[01m[Koperator-[m[K’ (operand types are ‘[01m[Kstd::chrono::_V2::system_clock::time_point[m[K’ {aka ‘[01m[Kstd::chrono::time_point<std::chrono::_V2::system_clock, std::chrono::duration<long int, std::ratio<1, 1000000000> > >[m[K’} and ‘[01m[Kstd::chrono::time_point<std::chrono::_V2::steady_clock, std::chrono::duration<long int, std::ratio<1, 1000000000> > >[m[K’)
[0.852s]   210 |    std::cout << "start_time_period" << std::chrono::duration_cast<std::chrono::milliseconds>(_NOW [01;31m[K-[m[K [32m[Kstart_let[m[K).count()<< "s" << std::endl;
[0.852s]       |                                                                                                   [01;31m[K^[m[K [32m[K~~~~~~~~~[m[K
[0.852s]       |                                                                                                     [32m[K|[m[K
[0.852s]       |                                                                                                     [32m[Ktime_point<std::chrono::_V2::steady_clock,[...]>[m[K
[0.852s] In file included from [01m[K/home/pengbo/rclcpp_cbg/ros2_rclcpp/rclcpp/include/rclcpp/executor.hpp:20[m[K,
[0.852s]                  from [01m[K/home/pengbo/rclcpp_cbg/ros2_rclcpp/rclcpp/include/rclcpp/executors/single_threaded_executor.hpp:25[m[K,
[0.852s]                  from [01m[K/home/pengbo/rclcpp_cbg/ros2_rclcpp/rclcpp/src/rclcpp/executors/single_threaded_executor.cpp:15[m[K:
[0.853s] [01m[K/usr/include/c++/9/chrono:463:7:[m[K [01;36m[Knote: [m[Kcandidate: ‘[01m[Ktemplate<class _Rep1, class _Period1, class _Rep2, class _Period2> constexpr typename std::common_type<std::chrono::duration<_Rep1, _Period1>, std::chrono::duration<_Rep2, _Period2> >::type std::chrono::operator-(const std::chrono::duration<_Rep1, _Period1>&, const std::chrono::duration<_Rep2, _Period2>&)[m[K’
[0.853s]   463 |       [01;36m[Koperator[m[K-(const duration<_Rep1, _Period1>& __lhs,
[0.853s]       |       [01;36m[K^~~~~~~~[m[K
[0.853s] [01m[K/usr/include/c++/9/chrono:463:7:[m[K [01;36m[Knote: [m[K  template argument deduction/substitution failed:
[0.853s] [01m[K/home/pengbo/rclcpp_cbg/ros2_rclcpp/rclcpp/src/rclcpp/executors/single_threaded_executor.cpp:210:101:[m[K [01;36m[Knote: [m[K  ‘[01m[Kstd::chrono::_V2::system_clock::time_point[m[K’ {aka ‘[01m[Kstd::chrono::time_point<std::chrono::_V2::system_clock, std::chrono::duration<long int, std::ratio<1, 1000000000> > >[m[K’} is not derived from ‘[01m[Kconst std::chrono::duration<_Rep1, _Period1>[m[K’
[0.853s]   210 |    std::cout << "start_time_period" << std::chrono::duration_cast<std::chrono::milliseconds>(_NOW - [01;36m[Kstart_let[m[K).count()<< "s" << std::endl;
[0.853s]       |                                                                                                     [01;36m[K^~~~~~~~~[m[K
[0.853s] In file included from [01m[K/home/pengbo/rclcpp_cbg/ros2_rclcpp/rclcpp/include/rclcpp/executor.hpp:20[m[K,
[0.853s]                  from [01m[K/home/pengbo/rclcpp_cbg/ros2_rclcpp/rclcpp/include/rclcpp/executors/single_threaded_executor.hpp:25[m[K,
[0.853s]                  from [01m[K/home/pengbo/rclcpp_cbg/ros2_rclcpp/rclcpp/src/rclcpp/executors/single_threaded_executor.cpp:15[m[K:
[0.853s] [01m[K/usr/include/c++/9/chrono:751:7:[m[K [01;36m[Knote: [m[Kcandidate: ‘[01m[Ktemplate<class _Clock, class _Dur1, class _Rep2, class _Period2> constexpr std::chrono::time_point<_Clock, typename std::common_type<_Dur1, std::chrono::duration<_Rep2, _Period2> >::type> std::chrono::operator-(const std::chrono::time_point<_Clock, _Duration1>&, const std::chrono::duration<_Rep2, _Period2>&)[m[K’
[0.854s]   751 |       [01;36m[Koperator[m[K-(const time_point<_Clock, _Dur1>& __lhs,
[0.854s]       |       [01;36m[K^~~~~~~~[m[K
[0.854s] [01m[K/usr/include/c++/9/chrono:751:7:[m[K [01;36m[Knote: [m[K  template argument deduction/substitution failed:
[0.854s] [01m[K/home/pengbo/rclcpp_cbg/ros2_rclcpp/rclcpp/src/rclcpp/executors/single_threaded_executor.cpp:210:101:[m[K [01;36m[Knote: [m[K  ‘[01m[Kstd::chrono::time_point<std::chrono::_V2::steady_clock, std::chrono::duration<long int, std::ratio<1, 1000000000> > >[m[K’ is not derived from ‘[01m[Kconst std::chrono::duration<_Rep2, _Period2>[m[K’
[0.854s]   210 |    std::cout << "start_time_period" << std::chrono::duration_cast<std::chrono::milliseconds>(_NOW - [01;36m[Kstart_let[m[K).count()<< "s" << std::endl;
[0.854s]       |                                                                                                     [01;36m[K^~~~~~~~~[m[K
[0.854s] In file included from [01m[K/home/pengbo/rclcpp_cbg/ros2_rclcpp/rclcpp/include/rclcpp/executor.hpp:20[m[K,
[0.854s]                  from [01m[K/home/pengbo/rclcpp_cbg/ros2_rclcpp/rclcpp/include/rclcpp/executors/single_threaded_executor.hpp:25[m[K,
[0.854s]                  from [01m[K/home/pengbo/rclcpp_cbg/ros2_rclcpp/rclcpp/src/rclcpp/executors/single_threaded_executor.cpp:15[m[K:
[0.854s] [01m[K/usr/include/c++/9/chrono:762:7:[m[K [01;36m[Knote: [m[Kcandidate: ‘[01m[Ktemplate<class _Clock, class _Dur1, class _Dur2> constexpr typename std::common_type<_Duration1, _Duration2>::type std::chrono::operator-(const std::chrono::time_point<_Clock, _Duration1>&, const std::chrono::time_point<_Clock, _Duration2>&)[m[K’
[0.854s]   762 |       [01;36m[Koperator[m[K-(const time_point<_Clock, _Dur1>& __lhs,
[0.855s]       |       [01;36m[K^~~~~~~~[m[K
[0.855s] [01m[K/usr/include/c++/9/chrono:762:7:[m[K [01;36m[Knote: [m[K  template argument deduction/substitution failed:
[0.855s] [01m[K/home/pengbo/rclcpp_cbg/ros2_rclcpp/rclcpp/src/rclcpp/executors/single_threaded_executor.cpp:210:101:[m[K [01;36m[Knote: [m[K  deduced conflicting types for parameter ‘[01m[K_Clock[m[K’ (‘[01m[Kstd::chrono::_V2::system_clock[m[K’ and ‘[01m[Kstd::chrono::_V2::steady_clock[m[K’)
[0.855s]   210 |    std::cout << "start_time_period" << std::chrono::duration_cast<std::chrono::milliseconds>(_NOW - [01;36m[Kstart_let[m[K).count()<< "s" << std::endl;
[0.855s]       |                                                                                                     [01;36m[K^~~~~~~~~[m[K
[0.855s] In file included from [01m[K/usr/include/c++/9/bits/stl_algobase.h:67[m[K,
[0.855s]                  from [01m[K/usr/include/c++/9/memory:62[m[K,
[0.855s]                  from [01m[K/home/pengbo/rclcpp_cbg/ros2_rclcpp/rclcpp/include/rclcpp/executors/single_threaded_executor.hpp:22[m[K,
[0.855s]                  from [01m[K/home/pengbo/rclcpp_cbg/ros2_rclcpp/rclcpp/src/rclcpp/executors/single_threaded_executor.cpp:15[m[K:
[0.855s] [01m[K/usr/include/c++/9/bits/stl_iterator.h:415:5:[m[K [01;36m[Knote: [m[Kcandidate: ‘[01m[Ktemplate<class _IteratorL, class _IteratorR> decltype ((__y.base() - __x.base())) std::operator-(const std::reverse_iterator<_Iterator>&, const std::reverse_iterator<_IteratorR>&)[m[K’
[0.855s]   415 |     [01;36m[Koperator[m[K-(const reverse_iterator<_IteratorL>& __x,
[0.855s]       |     [01;36m[K^~~~~~~~[m[K
[0.855s] [01m[K/usr/include/c++/9/bits/stl_iterator.h:415:5:[m[K [01;36m[Knote: [m[K  template argument deduction/substitution failed:
[0.855s] [01m[K/home/pengbo/rclcpp_cbg/ros2_rclcpp/rclcpp/src/rclcpp/executors/single_threaded_executor.cpp:210:101:[m[K [01;36m[Knote: [m[K  ‘[01m[Kstd::chrono::_V2::system_clock::time_point[m[K’ {aka ‘[01m[Kstd::chrono::time_point<std::chrono::_V2::system_clock, std::chrono::duration<long int, std::ratio<1, 1000000000> > >[m[K’} is not derived from ‘[01m[Kconst std::reverse_iterator<_Iterator>[m[K’
[0.856s]   210 |    std::cout << "start_time_period" << std::chrono::duration_cast<std::chrono::milliseconds>(_NOW - [01;36m[Kstart_let[m[K).count()<< "s" << std::endl;
[0.856s]       |                                                                                                     [01;36m[K^~~~~~~~~[m[K
[0.856s] In file included from [01m[K/usr/include/c++/9/bits/stl_algobase.h:67[m[K,
[0.856s]                  from [01m[K/usr/include/c++/9/memory:62[m[K,
[0.856s]                  from [01m[K/home/pengbo/rclcpp_cbg/ros2_rclcpp/rclcpp/include/rclcpp/executors/single_threaded_executor.hpp:22[m[K,
[0.856s]                  from [01m[K/home/pengbo/rclcpp_cbg/ros2_rclcpp/rclcpp/src/rclcpp/executors/single_threaded_executor.cpp:15[m[K:
[0.856s] [01m[K/usr/include/c++/9/bits/stl_iterator.h:1212:5:[m[K [01;36m[Knote: [m[Kcandidate: ‘[01m[Ktemplate<class _IteratorL, class _IteratorR> decltype ((__x.base() - __y.base())) std::operator-(const std::move_iterator<_IteratorL>&, const std::move_iterator<_IteratorR>&)[m[K’
[0.856s]  1212 |     [01;36m[Koperator[m[K-(const move_iterator<_IteratorL>& __x,
[0.856s]       |     [01;36m[K^~~~~~~~[m[K
[0.856s] [01m[K/usr/include/c++/9/bits/stl_iterator.h:1212:5:[m[K [01;36m[Knote: [m[K  template argument deduction/substitution failed:
[0.856s] [01m[K/home/pengbo/rclcpp_cbg/ros2_rclcpp/rclcpp/src/rclcpp/executors/single_threaded_executor.cpp:210:101:[m[K [01;36m[Knote: [m[K  ‘[01m[Kstd::chrono::_V2::system_clock::time_point[m[K’ {aka ‘[01m[Kstd::chrono::time_point<std::chrono::_V2::system_clock, std::chrono::duration<long int, std::ratio<1, 1000000000> > >[m[K’} is not derived from ‘[01m[Kconst std::move_iterator<_IteratorL>[m[K’
[0.856s]   210 |    std::cout << "start_time_period" << std::chrono::duration_cast<std::chrono::milliseconds>(_NOW - [01;36m[Kstart_let[m[K).count()<< "s" << std::endl;
[0.856s]       |                                                                                                     [01;36m[K^~~~~~~~~[m[K
[0.856s] In file included from [01m[K/usr/include/c++/9/vector:68[m[K,
[0.857s]                  from [01m[K/home/pengbo/rclcpp_cbg/ros2_rclcpp/rclcpp/include/rclcpp/executors/single_threaded_executor.hpp:23[m[K,
[0.857s]                  from [01m[K/home/pengbo/rclcpp_cbg/ros2_rclcpp/rclcpp/src/rclcpp/executors/single_threaded_executor.cpp:15[m[K:
[0.857s] [01m[K/usr/include/c++/9/bits/stl_bvector.h:214:3:[m[K [01;36m[Knote: [m[Kcandidate: ‘[01m[Kstd::ptrdiff_t std::operator-(const std::_Bit_iterator_base&, const std::_Bit_iterator_base&)[m[K’
[0.857s]   214 |   [01;36m[Koperator[m[K-(const _Bit_iterator_base& __x, const _Bit_iterator_base& __y)
[0.857s]       |   [01;36m[K^~~~~~~~[m[K
[0.857s] [01m[K/usr/include/c++/9/bits/stl_bvector.h:214:39:[m[K [01;36m[Knote: [m[K  no known conversion for argument 1 from ‘[01m[Kstd::chrono::_V2::system_clock::time_point[m[K’ {aka ‘[01m[Kstd::chrono::time_point<std::chrono::_V2::system_clock, std::chrono::duration<long int, std::ratio<1, 1000000000> > >[m[K’} to ‘[01m[Kconst std::_Bit_iterator_base&[m[K’
[0.857s]   214 |   operator-([01;36m[Kconst _Bit_iterator_base& __x[m[K, const _Bit_iterator_base& __y)
[0.857s]       |             [01;36m[K~~~~~~~~~~~~~~~~~~~~~~~~~~^~~[m[K
[0.857s] [01m[K/home/pengbo/rclcpp_cbg/ros2_rclcpp/rclcpp/src/rclcpp/executors/single_threaded_executor.cpp:218:97:[m[K [01;31m[Kerror: [m[Kno match for ‘[01m[Koperator-[m[K’ (operand types are ‘[01m[Kstd::chrono::_V2::system_clock::time_point[m[K’ {aka ‘[01m[Kstd::chrono::time_point<std::chrono::_V2::system_clock, std::chrono::duration<long int, std::ratio<1, 1000000000> > >[m[K’} and ‘[01m[Kstd::chrono::time_point<std::chrono::_V2::steady_clock, std::chrono::duration<long int, std::ratio<1, 1000000000> > >[m[K’)
[0.857s]   218 |  std::cout << "start_time_period" << std::chrono::duration_cast<std::chrono::milliseconds>(_NOW [01;31m[K-[m[K [32m[Kstart_let[m[K).count()<< "s" << std::endl;
[0.857s]       |                                                                                                 [01;31m[K^[m[K [32m[K~~~~~~~~~[m[K
[0.857s]       |                                                                                                   [32m[K|[m[K
[0.857s]       |                                                                                                   [32m[Ktime_point<std::chrono::_V2::steady_clock,[...]>[m[K
[0.857s] In file included from [01m[K/home/pengbo/rclcpp_cbg/ros2_rclcpp/rclcpp/include/rclcpp/executor.hpp:20[m[K,
[0.857s]                  from [01m[K/home/pengbo/rclcpp_cbg/ros2_rclcpp/rclcpp/include/rclcpp/executors/single_threaded_executor.hpp:25[m[K,
[0.858s]                  from [01m[K/home/pengbo/rclcpp_cbg/ros2_rclcpp/rclcpp/src/rclcpp/executors/single_threaded_executor.cpp:15[m[K:
[0.858s] [01m[K/usr/include/c++/9/chrono:463:7:[m[K [01;36m[Knote: [m[Kcandidate: ‘[01m[Ktemplate<class _Rep1, class _Period1, class _Rep2, class _Period2> constexpr typename std::common_type<std::chrono::duration<_Rep1, _Period1>, std::chrono::duration<_Rep2, _Period2> >::type std::chrono::operator-(const std::chrono::duration<_Rep1, _Period1>&, const std::chrono::duration<_Rep2, _Period2>&)[m[K’
[0.858s]   463 |       [01;36m[Koperator[m[K-(const duration<_Rep1, _Period1>& __lhs,
[0.858s]       |       [01;36m[K^~~~~~~~[m[K
[0.858s] [01m[K/usr/include/c++/9/chrono:463:7:[m[K [01;36m[Knote: [m[K  template argument deduction/substitution failed:
[0.858s] [01m[K/home/pengbo/rclcpp_cbg/ros2_rclcpp/rclcpp/src/rclcpp/executors/single_threaded_executor.cpp:218:99:[m[K [01;36m[Knote: [m[K  ‘[01m[Kstd::chrono::_V2::system_clock::time_point[m[K’ {aka ‘[01m[Kstd::chrono::time_point<std::chrono::_V2::system_clock, std::chrono::duration<long int, std::ratio<1, 1000000000> > >[m[K’} is not derived from ‘[01m[Kconst std::chrono::duration<_Rep1, _Period1>[m[K’
[0.858s]   218 |  std::cout << "start_time_period" << std::chrono::duration_cast<std::chrono::milliseconds>(_NOW - [01;36m[Kstart_let[m[K).count()<< "s" << std::endl;
[0.858s]       |                                                                                                   [01;36m[K^~~~~~~~~[m[K
[0.858s] In file included from [01m[K/home/pengbo/rclcpp_cbg/ros2_rclcpp/rclcpp/include/rclcpp/executor.hpp:20[m[K,
[0.858s]                  from [01m[K/home/pengbo/rclcpp_cbg/ros2_rclcpp/rclcpp/include/rclcpp/executors/single_threaded_executor.hpp:25[m[K,
[0.858s]                  from [01m[K/home/pengbo/rclcpp_cbg/ros2_rclcpp/rclcpp/src/rclcpp/executors/single_threaded_executor.cpp:15[m[K:
[0.858s] [01m[K/usr/include/c++/9/chrono:751:7:[m[K [01;36m[Knote: [m[Kcandidate: ‘[01m[Ktemplate<class _Clock, class _Dur1, class _Rep2, class _Period2> constexpr std::chrono::time_point<_Clock, typename std::common_type<_Dur1, std::chrono::duration<_Rep2, _Period2> >::type> std::chrono::operator-(const std::chrono::time_point<_Clock, _Duration1>&, const std::chrono::duration<_Rep2, _Period2>&)[m[K’
[0.858s]   751 |       [01;36m[Koperator[m[K-(const time_point<_Clock, _Dur1>& __lhs,
[0.858s]       |       [01;36m[K^~~~~~~~[m[K
[0.859s] [01m[K/usr/include/c++/9/chrono:751:7:[m[K [01;36m[Knote: [m[K  template argument deduction/substitution failed:
[0.859s] [01m[K/home/pengbo/rclcpp_cbg/ros2_rclcpp/rclcpp/src/rclcpp/executors/single_threaded_executor.cpp:218:99:[m[K [01;36m[Knote: [m[K  ‘[01m[Kstd::chrono::time_point<std::chrono::_V2::steady_clock, std::chrono::duration<long int, std::ratio<1, 1000000000> > >[m[K’ is not derived from ‘[01m[Kconst std::chrono::duration<_Rep2, _Period2>[m[K’
[0.859s]   218 |  std::cout << "start_time_period" << std::chrono::duration_cast<std::chrono::milliseconds>(_NOW - [01;36m[Kstart_let[m[K).count()<< "s" << std::endl;
[0.859s]       |                                                                                                   [01;36m[K^~~~~~~~~[m[K
[0.859s] In file included from [01m[K/home/pengbo/rclcpp_cbg/ros2_rclcpp/rclcpp/include/rclcpp/executor.hpp:20[m[K,
[0.859s]                  from [01m[K/home/pengbo/rclcpp_cbg/ros2_rclcpp/rclcpp/include/rclcpp/executors/single_threaded_executor.hpp:25[m[K,
[0.859s]                  from [01m[K/home/pengbo/rclcpp_cbg/ros2_rclcpp/rclcpp/src/rclcpp/executors/single_threaded_executor.cpp:15[m[K:
[0.859s] [01m[K/usr/include/c++/9/chrono:762:7:[m[K [01;36m[Knote: [m[Kcandidate: ‘[01m[Ktemplate<class _Clock, class _Dur1, class _Dur2> constexpr typename std::common_type<_Duration1, _Duration2>::type std::chrono::operator-(const std::chrono::time_point<_Clock, _Duration1>&, const std::chrono::time_point<_Clock, _Duration2>&)[m[K’
[0.859s]   762 |       [01;36m[Koperator[m[K-(const time_point<_Clock, _Dur1>& __lhs,
[0.859s]       |       [01;36m[K^~~~~~~~[m[K
[0.859s] [01m[K/usr/include/c++/9/chrono:762:7:[m[K [01;36m[Knote: [m[K  template argument deduction/substitution failed:
[0.859s] [01m[K/home/pengbo/rclcpp_cbg/ros2_rclcpp/rclcpp/src/rclcpp/executors/single_threaded_executor.cpp:218:99:[m[K [01;36m[Knote: [m[K  deduced conflicting types for parameter ‘[01m[K_Clock[m[K’ (‘[01m[Kstd::chrono::_V2::system_clock[m[K’ and ‘[01m[Kstd::chrono::_V2::steady_clock[m[K’)
[0.859s]   218 |  std::cout << "start_time_period" << std::chrono::duration_cast<std::chrono::milliseconds>(_NOW - [01;36m[Kstart_let[m[K).count()<< "s" << std::endl;
[0.859s]       |                                                                                                   [01;36m[K^~~~~~~~~[m[K
[0.859s] In file included from [01m[K/usr/include/c++/9/bits/stl_algobase.h:67[m[K,
[0.860s]                  from [01m[K/usr/include/c++/9/memory:62[m[K,
[0.860s]                  from [01m[K/home/pengbo/rclcpp_cbg/ros2_rclcpp/rclcpp/include/rclcpp/executors/single_threaded_executor.hpp:22[m[K,
[0.860s]                  from [01m[K/home/pengbo/rclcpp_cbg/ros2_rclcpp/rclcpp/src/rclcpp/executors/single_threaded_executor.cpp:15[m[K:
[0.860s] [01m[K/usr/include/c++/9/bits/stl_iterator.h:415:5:[m[K [01;36m[Knote: [m[Kcandidate: ‘[01m[Ktemplate<class _IteratorL, class _IteratorR> decltype ((__y.base() - __x.base())) std::operator-(const std::reverse_iterator<_Iterator>&, const std::reverse_iterator<_IteratorR>&)[m[K’
[0.860s]   415 |     [01;36m[Koperator[m[K-(const reverse_iterator<_IteratorL>& __x,
[0.860s]       |     [01;36m[K^~~~~~~~[m[K
[0.860s] [01m[K/usr/include/c++/9/bits/stl_iterator.h:415:5:[m[K [01;36m[Knote: [m[K  template argument deduction/substitution failed:
[0.860s] [01m[K/home/pengbo/rclcpp_cbg/ros2_rclcpp/rclcpp/src/rclcpp/executors/single_threaded_executor.cpp:218:99:[m[K [01;36m[Knote: [m[K  ‘[01m[Kstd::chrono::_V2::system_clock::time_point[m[K’ {aka ‘[01m[Kstd::chrono::time_point<std::chrono::_V2::system_clock, std::chrono::duration<long int, std::ratio<1, 1000000000> > >[m[K’} is not derived from ‘[01m[Kconst std::reverse_iterator<_Iterator>[m[K’
[0.860s]   218 |  std::cout << "start_time_period" << std::chrono::duration_cast<std::chrono::milliseconds>(_NOW - [01;36m[Kstart_let[m[K).count()<< "s" << std::endl;
[0.860s]       |                                                                                                   [01;36m[K^~~~~~~~~[m[K
[0.860s] In file included from [01m[K/usr/include/c++/9/bits/stl_algobase.h:67[m[K,
[0.860s]                  from [01m[K/usr/include/c++/9/memory:62[m[K,
[0.860s]                  from [01m[K/home/pengbo/rclcpp_cbg/ros2_rclcpp/rclcpp/include/rclcpp/executors/single_threaded_executor.hpp:22[m[K,
[0.860s]                  from [01m[K/home/pengbo/rclcpp_cbg/ros2_rclcpp/rclcpp/src/rclcpp/executors/single_threaded_executor.cpp:15[m[K:
[0.861s] [01m[K/usr/include/c++/9/bits/stl_iterator.h:1212:5:[m[K [01;36m[Knote: [m[Kcandidate: ‘[01m[Ktemplate<class _IteratorL, class _IteratorR> decltype ((__x.base() - __y.base())) std::operator-(const std::move_iterator<_IteratorL>&, const std::move_iterator<_IteratorR>&)[m[K’
[0.861s]  1212 |     [01;36m[Koperator[m[K-(const move_iterator<_IteratorL>& __x,
[0.861s]       |     [01;36m[K^~~~~~~~[m[K
[0.861s] [01m[K/usr/include/c++/9/bits/stl_iterator.h:1212:5:[m[K [01;36m[Knote: [m[K  template argument deduction/substitution failed:
[0.861s] [01m[K/home/pengbo/rclcpp_cbg/ros2_rclcpp/rclcpp/src/rclcpp/executors/single_threaded_executor.cpp:218:99:[m[K [01;36m[Knote: [m[K  ‘[01m[Kstd::chrono::_V2::system_clock::time_point[m[K’ {aka ‘[01m[Kstd::chrono::time_point<std::chrono::_V2::system_clock, std::chrono::duration<long int, std::ratio<1, 1000000000> > >[m[K’} is not derived from ‘[01m[Kconst std::move_iterator<_IteratorL>[m[K’
[0.861s]   218 |  std::cout << "start_time_period" << std::chrono::duration_cast<std::chrono::milliseconds>(_NOW - [01;36m[Kstart_let[m[K).count()<< "s" << std::endl;
[0.861s]       |                                                                                                   [01;36m[K^~~~~~~~~[m[K
[0.861s] In file included from [01m[K/usr/include/c++/9/vector:68[m[K,
[0.861s]                  from [01m[K/home/pengbo/rclcpp_cbg/ros2_rclcpp/rclcpp/include/rclcpp/executors/single_threaded_executor.hpp:23[m[K,
[0.861s]                  from [01m[K/home/pengbo/rclcpp_cbg/ros2_rclcpp/rclcpp/src/rclcpp/executors/single_threaded_executor.cpp:15[m[K:
[0.861s] [01m[K/usr/include/c++/9/bits/stl_bvector.h:214:3:[m[K [01;36m[Knote: [m[Kcandidate: ‘[01m[Kstd::ptrdiff_t std::operator-(const std::_Bit_iterator_base&, const std::_Bit_iterator_base&)[m[K’
[0.861s]   214 |   [01;36m[Koperator[m[K-(const _Bit_iterator_base& __x, const _Bit_iterator_base& __y)
[0.861s]       |   [01;36m[K^~~~~~~~[m[K
[0.861s] [01m[K/usr/include/c++/9/bits/stl_bvector.h:214:39:[m[K [01;36m[Knote: [m[K  no known conversion for argument 1 from ‘[01m[Kstd::chrono::_V2::system_clock::time_point[m[K’ {aka ‘[01m[Kstd::chrono::time_point<std::chrono::_V2::system_clock, std::chrono::duration<long int, std::ratio<1, 1000000000> > >[m[K’} to ‘[01m[Kconst std::_Bit_iterator_base&[m[K’
[0.861s]   214 |   operator-([01;36m[Kconst _Bit_iterator_base& __x[m[K, const _Bit_iterator_base& __y)
[0.862s]       |             [01;36m[K~~~~~~~~~~~~~~~~~~~~~~~~~~^~~[m[K
[0.984s] make[2]: *** [CMakeFiles/rclcpp.dir/build.make:389: CMakeFiles/rclcpp.dir/src/rclcpp/executors/single_threaded_executor.cpp.o] Error 1
[0.984s] make[1]: *** [CMakeFiles/Makefile2:1129: CMakeFiles/rclcpp.dir/all] Error 2
[0.985s] make: *** [Makefile:141: all] Error 2
[0.986s] Invoked command in '/home/pengbo/rclcpp_cbg/ros2_rclcpp/build/rclcpp' returned '2': /usr/bin/cmake --build /home/pengbo/rclcpp_cbg/ros2_rclcpp/build/rclcpp -- -j12 -l12
