-- The C compiler identification is GNU 9.3.0
-- The CXX compiler identification is GNU 9.3.0
-- Check for working C compiler: /usr/bin/cc
-- Check for working C compiler: /usr/bin/cc -- works
-- Detecting C compiler ABI info
-- Detecting C compiler ABI info - done
-- Detecting C compile features
-- Detecting C compile features - done
-- Check for working CXX compiler: /usr/bin/c++
-- Check for working CXX compiler: /usr/bin/c++ -- works
-- Detecting CXX compiler ABI info
-- Detecting CXX compiler ABI info - done
-- Detecting CXX compile features
-- Detecting CXX compile features - done
-- Found ament_cmake_ros: 0.9.0 (/home/pengbo/ros2_foxy/install/ament_cmake_ros/share/ament_cmake_ros/cmake)
-- Found PythonInterp: /usr/bin/python3 (found suitable version "3.8.5", minimum required is "3") 
-- Using PYTHON_EXECUTABLE: /usr/bin/python3
-- Found action_msgs: 1.0.0 (/home/pengbo/ros2_foxy/install/action_msgs/share/action_msgs/cmake)
-- Using all available rosidl_typesupport_c: rosidl_typesupport_introspection_c;rosidl_typesupport_fastrtps_c
-- Found rosidl_adapter: 1.1.0 (/home/pengbo/ros2_foxy/install/rosidl_adapter/share/rosidl_adapter/cmake)
-- Found FastRTPS: /home/pengbo/ros2_foxy/install/fastrtps/include  
-- Using all available rosidl_typesupport_cpp: rosidl_typesupport_introspection_cpp;rosidl_typesupport_fastrtps_cpp
-- Found rclcpp: 2.0.1 (/home/pengbo/rclcpp_cbg/ros2_rclcpp/install/rclcpp/share/rclcpp/cmake)
-- Found rmw_implementation_cmake: 1.0.2 (/home/pengbo/ros2_foxy/install/rmw_implementation_cmake/share/rmw_implementation_cmake/cmake)
-- Using RMW implementation 'rmw_fastrtps_cpp' as default
-- Looking for pthread.h
-- Looking for pthread.h - found
-- Performing Test CMAKE_HAVE_LIBC_PTHREAD
-- Performing Test CMAKE_HAVE_LIBC_PTHREAD - Failed
-- Looking for pthread_create in pthreads
-- Looking for pthread_create in pthreads - not found
-- Looking for pthread_create in pthread
-- Looking for pthread_create in pthread - found
-- Found Threads: TRUE  
-- Found rcl_action: 1.1.8 (/home/pengbo/ros2_foxy/install/rcl_action/share/rcl_action/cmake)
-- Found ament_lint_auto: 0.9.5 (/home/pengbo/ros2_foxy/install/ament_lint_auto/share/ament_lint_auto/cmake)
-- Found gtest sources under '/home/pengbo/ros2_foxy/install/gtest_vendor/src/gtest_vendor': C++ tests using 'Google Test' will be built
-- Check if compiler accepts -pthread
-- Check if compiler accepts -pthread - yes
-- Added test 'copyright' to check source files copyright and LICENSE
-- Added test 'cppcheck' to perform static code analysis on C / C++ code
-- Configured cppcheck include dirs: /home/pengbo/rclcpp_cbg/ros2_rclcpp/install/rclcpp/include;/home/pengbo/ros2_foxy/install/libstatistics_collector/include;/home/pengbo/ros2_foxy/install/rcl/include;/home/pengbo/ros2_foxy/install/rcpputils/include;/home/pengbo/ros2_foxy/install/rcutils/include;/home/pengbo/ros2_foxy/install/builtin_interfaces/include;/home/pengbo/ros2_foxy/install/rosgraph_msgs/include;/home/pengbo/ros2_foxy/install/rosidl_typesupport_cpp/include;/home/pengbo/ros2_foxy/install/rosidl_typesupport_c/include;/home/pengbo/ros2_foxy/install/rosidl_runtime_cpp/include;/home/pengbo/ros2_foxy/install/rcl_yaml_param_parser/include;/home/pengbo/ros2_foxy/install/statistics_msgs/include;/home/pengbo/ros2_foxy/install/tracetools/include;/home/pengbo/ros2_foxy/install/rosidl_runtime_c/include;/home/pengbo/ros2_foxy/install/rosidl_typesupport_interface/include;$<BUILD_INTERFACE:/home/pengbo/rclcpp_cbg/ros2_rclcpp/rclcpp_action/include>
-- Configured cppcheck exclude dirs and/or files: 
-- Added test 'cpplint' to check C / C++ code against the Google style
-- Configured cpplint exclude dirs and/or files: 
-- Added test 'lint_cmake' to check CMake code style
-- Added test 'uncrustify' to check C / C++ code style
-- Configured uncrustify additional arguments: 
-- Added test 'xmllint' to check XML markup files
-- Configuring done
-- Generating done
-- Build files have been written to: /home/pengbo/rclcpp_cbg/ros2_rclcpp/build/rclcpp_action
[35m[1mScanning dependencies of target rclcpp_action[0m
[ 11%] Built target gtest_main
[ 22%] Built target gtest
[ 55%] Built target rclcpp_action
[35m[1mScanning dependencies of target test_traits[0m
[35m[1mScanning dependencies of target test_client[0m
[35m[1mScanning dependencies of target test_types[0m
[35m[1mScanning dependencies of target test_server[0m
[ 66%] Built target test_traits
[ 77%] Built target test_types
[ 83%] [32mBuilding CXX object CMakeFiles/test_client.dir/test/test_client.cpp.o[0m
[ 94%] Built target test_server
