[0.093s] DEBUG:colcon:Command line arguments: ['/usr/bin/colcon', 'build']
[0.094s] DEBUG:colcon:Parsed command line arguments: Namespace(ament_cmake_args=None, base_paths=['.'], build_base='build', catkin_cmake_args=None, catkin_skip_building_tests=False, cmake_args=None, cmake_clean_cache=False, cmake_clean_first=False, cmake_force_configure=False, cmake_target=None, cmake_target_skip_unavailable=False, continue_on_error=False, event_handlers=None, executor='parallel', ignore_user_meta=False, install_base='install', log_base=None, log_level=None, main=<bound method BuildVerb.main of <colcon_core.verb.build.BuildVerb object at 0x7f8c610bcb50>>, merge_install=False, metas=['./colcon.meta'], packages_above=None, packages_above_and_dependencies=None, packages_above_depth=None, packages_end=None, packages_ignore=None, packages_ignore_regex=None, packages_select=None, packages_select_build_failed=False, packages_select_by_dep=None, packages_select_regex=None, packages_select_test_failures=False, packages_skip=None, packages_skip_build_finished=False, packages_skip_by_dep=None, packages_skip_regex=None, packages_skip_test_passed=False, packages_skip_up_to=None, packages_start=None, packages_up_to=None, packages_up_to_regex=None, parallel_workers=12, paths=None, symlink_install=False, test_result_base=None, verb_extension=<colcon_core.verb.build.BuildVerb object at 0x7f8c610bcb50>, verb_name='build', verb_parser=<colcon_defaults.argument_parser.defaults.DefaultArgumentsDecorator object at 0x7f8c610cb100>)
[0.097s] Level 1:colcon.colcon_core.package_discovery:discover_packages(colcon_meta) check parameters
[0.097s] Level 1:colcon.colcon_core.package_discovery:discover_packages(recursive) check parameters
[0.097s] Level 1:colcon.colcon_core.package_discovery:discover_packages(ignore) check parameters
[0.097s] Level 1:colcon.colcon_core.package_discovery:discover_packages(path) check parameters
[0.097s] Level 1:colcon.colcon_core.package_discovery:discover_packages(colcon_meta) discover
[0.097s] Level 1:colcon.colcon_core.package_discovery:discover_packages(recursive) discover
[0.097s] INFO:colcon.colcon_core.package_discovery:Crawling recursively for packages in '/home/pengbo/rclcpp_cbg/ros2_rclcpp'
[0.097s] Level 1:colcon.colcon_core.package_identification:_identify(.) by extensions ['ignore', 'ignore_ament_install']
[0.097s] Level 1:colcon.colcon_core.package_identification:_identify(.) by extension 'ignore'
[0.097s] Level 1:colcon.colcon_core.package_identification:_identify(.) by extension 'ignore_ament_install'
[0.097s] Level 1:colcon.colcon_core.package_identification:_identify(.) by extensions ['colcon_pkg']
[0.097s] Level 1:colcon.colcon_core.package_identification:_identify(.) by extension 'colcon_pkg'
[0.097s] Level 1:colcon.colcon_core.package_identification:_identify(.) by extensions ['colcon_meta']
[0.097s] Level 1:colcon.colcon_core.package_identification:_identify(.) by extension 'colcon_meta'
[0.097s] Level 1:colcon.colcon_core.package_identification:_identify(.) by extensions ['ros']
[0.097s] Level 1:colcon.colcon_core.package_identification:_identify(.) by extension 'ros'
[0.105s] Level 1:colcon.colcon_core.package_identification:_identify(.) by extensions ['cmake', 'python']
[0.105s] Level 1:colcon.colcon_core.package_identification:_identify(.) by extension 'cmake'
[0.105s] Level 1:colcon.colcon_core.package_identification:_identify(.) by extension 'python'
[0.105s] Level 1:colcon.colcon_core.package_identification:_identify(.) by extensions ['python_setup_py']
[0.105s] Level 1:colcon.colcon_core.package_identification:_identify(.) by extension 'python_setup_py'
[0.105s] Level 1:colcon.colcon_core.package_identification:_identify(build) by extensions ['ignore', 'ignore_ament_install']
[0.105s] Level 1:colcon.colcon_core.package_identification:_identify(build) by extension 'ignore'
[0.105s] Level 1:colcon.colcon_core.package_identification:_identify(build) ignored
[0.105s] Level 1:colcon.colcon_core.package_identification:_identify(install) by extensions ['ignore', 'ignore_ament_install']
[0.105s] Level 1:colcon.colcon_core.package_identification:_identify(install) by extension 'ignore'
[0.105s] Level 1:colcon.colcon_core.package_identification:_identify(install) ignored
[0.105s] Level 1:colcon.colcon_core.package_identification:_identify(log) by extensions ['ignore', 'ignore_ament_install']
[0.105s] Level 1:colcon.colcon_core.package_identification:_identify(log) by extension 'ignore'
[0.105s] Level 1:colcon.colcon_core.package_identification:_identify(log) ignored
[0.105s] Level 1:colcon.colcon_core.package_identification:_identify(rclcpp) by extensions ['ignore', 'ignore_ament_install']
[0.106s] Level 1:colcon.colcon_core.package_identification:_identify(rclcpp) by extension 'ignore'
[0.106s] Level 1:colcon.colcon_core.package_identification:_identify(rclcpp) by extension 'ignore_ament_install'
[0.106s] Level 1:colcon.colcon_core.package_identification:_identify(rclcpp) by extensions ['colcon_pkg']
[0.106s] Level 1:colcon.colcon_core.package_identification:_identify(rclcpp) by extension 'colcon_pkg'
[0.106s] Level 1:colcon.colcon_core.package_identification:_identify(rclcpp) by extensions ['colcon_meta']
[0.106s] Level 1:colcon.colcon_core.package_identification:_identify(rclcpp) by extension 'colcon_meta'
[0.106s] Level 1:colcon.colcon_core.package_identification:_identify(rclcpp) by extensions ['ros']
[0.106s] Level 1:colcon.colcon_core.package_identification:_identify(rclcpp) by extension 'ros'
[0.108s] DEBUG:colcon.colcon_core.package_identification:Package 'rclcpp' with type 'ros.ament_cmake' and name 'rclcpp'
[0.108s] Level 1:colcon.colcon_core.package_identification:_identify(rclcpp_action) by extensions ['ignore', 'ignore_ament_install']
[0.108s] Level 1:colcon.colcon_core.package_identification:_identify(rclcpp_action) by extension 'ignore'
[0.108s] Level 1:colcon.colcon_core.package_identification:_identify(rclcpp_action) by extension 'ignore_ament_install'
[0.108s] Level 1:colcon.colcon_core.package_identification:_identify(rclcpp_action) by extensions ['colcon_pkg']
[0.108s] Level 1:colcon.colcon_core.package_identification:_identify(rclcpp_action) by extension 'colcon_pkg'
[0.108s] Level 1:colcon.colcon_core.package_identification:_identify(rclcpp_action) by extensions ['colcon_meta']
[0.108s] Level 1:colcon.colcon_core.package_identification:_identify(rclcpp_action) by extension 'colcon_meta'
[0.108s] Level 1:colcon.colcon_core.package_identification:_identify(rclcpp_action) by extensions ['ros']
[0.108s] Level 1:colcon.colcon_core.package_identification:_identify(rclcpp_action) by extension 'ros'
[0.109s] DEBUG:colcon.colcon_core.package_identification:Package 'rclcpp_action' with type 'ros.ament_cmake' and name 'rclcpp_action'
[0.109s] Level 1:colcon.colcon_core.package_identification:_identify(rclcpp_components) by extensions ['ignore', 'ignore_ament_install']
[0.109s] Level 1:colcon.colcon_core.package_identification:_identify(rclcpp_components) by extension 'ignore'
[0.109s] Level 1:colcon.colcon_core.package_identification:_identify(rclcpp_components) by extension 'ignore_ament_install'
[0.109s] Level 1:colcon.colcon_core.package_identification:_identify(rclcpp_components) by extensions ['colcon_pkg']
[0.109s] Level 1:colcon.colcon_core.package_identification:_identify(rclcpp_components) by extension 'colcon_pkg'
[0.109s] Level 1:colcon.colcon_core.package_identification:_identify(rclcpp_components) by extensions ['colcon_meta']
[0.109s] Level 1:colcon.colcon_core.package_identification:_identify(rclcpp_components) by extension 'colcon_meta'
[0.109s] Level 1:colcon.colcon_core.package_identification:_identify(rclcpp_components) by extensions ['ros']
[0.109s] Level 1:colcon.colcon_core.package_identification:_identify(rclcpp_components) by extension 'ros'
[0.110s] DEBUG:colcon.colcon_core.package_identification:Package 'rclcpp_components' with type 'ros.ament_cmake' and name 'rclcpp_components'
[0.110s] Level 1:colcon.colcon_core.package_identification:_identify(rclcpp_lifecycle) by extensions ['ignore', 'ignore_ament_install']
[0.110s] Level 1:colcon.colcon_core.package_identification:_identify(rclcpp_lifecycle) by extension 'ignore'
[0.110s] Level 1:colcon.colcon_core.package_identification:_identify(rclcpp_lifecycle) by extension 'ignore_ament_install'
[0.110s] Level 1:colcon.colcon_core.package_identification:_identify(rclcpp_lifecycle) by extensions ['colcon_pkg']
[0.110s] Level 1:colcon.colcon_core.package_identification:_identify(rclcpp_lifecycle) by extension 'colcon_pkg'
[0.110s] Level 1:colcon.colcon_core.package_identification:_identify(rclcpp_lifecycle) by extensions ['colcon_meta']
[0.110s] Level 1:colcon.colcon_core.package_identification:_identify(rclcpp_lifecycle) by extension 'colcon_meta'
[0.110s] Level 1:colcon.colcon_core.package_identification:_identify(rclcpp_lifecycle) by extensions ['ros']
[0.110s] Level 1:colcon.colcon_core.package_identification:_identify(rclcpp_lifecycle) by extension 'ros'
[0.111s] DEBUG:colcon.colcon_core.package_identification:Package 'rclcpp_lifecycle' with type 'ros.ament_cmake' and name 'rclcpp_lifecycle'
[0.111s] Level 1:colcon.colcon_core.package_discovery:discover_packages(recursive) using defaults
[0.111s] Level 1:colcon.colcon_core.package_discovery:discover_packages(ignore) discover
[0.111s] Level 1:colcon.colcon_core.package_discovery:discover_packages(ignore) using defaults
[0.111s] Level 1:colcon.colcon_core.package_discovery:discover_packages(path) discover
[0.111s] Level 1:colcon.colcon_core.package_discovery:discover_packages(path) using defaults
[0.124s] Level 5:colcon.colcon_core.verb:set package 'rclcpp' build argument 'cmake_args' from command line to 'None'
[0.124s] Level 5:colcon.colcon_core.verb:set package 'rclcpp' build argument 'cmake_target' from command line to 'None'
[0.124s] Level 5:colcon.colcon_core.verb:set package 'rclcpp' build argument 'cmake_target_skip_unavailable' from command line to 'False'
[0.124s] Level 5:colcon.colcon_core.verb:set package 'rclcpp' build argument 'cmake_clean_cache' from command line to 'False'
[0.124s] Level 5:colcon.colcon_core.verb:set package 'rclcpp' build argument 'cmake_clean_first' from command line to 'False'
[0.124s] Level 5:colcon.colcon_core.verb:set package 'rclcpp' build argument 'cmake_force_configure' from command line to 'False'
[0.124s] Level 5:colcon.colcon_core.verb:set package 'rclcpp' build argument 'ament_cmake_args' from command line to 'None'
[0.124s] Level 5:colcon.colcon_core.verb:set package 'rclcpp' build argument 'catkin_cmake_args' from command line to 'None'
[0.124s] Level 5:colcon.colcon_core.verb:set package 'rclcpp' build argument 'catkin_skip_building_tests' from command line to 'False'
[0.124s] DEBUG:colcon.colcon_core.verb:Building package 'rclcpp' with the following arguments: {'ament_cmake_args': None, 'build_base': '/home/pengbo/rclcpp_cbg/ros2_rclcpp/build/rclcpp', 'catkin_cmake_args': None, 'catkin_skip_building_tests': False, 'cmake_args': None, 'cmake_clean_cache': False, 'cmake_clean_first': False, 'cmake_force_configure': False, 'cmake_target': None, 'cmake_target_skip_unavailable': False, 'install_base': '/home/pengbo/rclcpp_cbg/ros2_rclcpp/install/rclcpp', 'merge_install': False, 'path': '/home/pengbo/rclcpp_cbg/ros2_rclcpp/rclcpp', 'symlink_install': False, 'test_result_base': None}
[0.126s] Level 5:colcon.colcon_core.verb:set package 'rclcpp_action' build argument 'cmake_args' from command line to 'None'
[0.126s] Level 5:colcon.colcon_core.verb:set package 'rclcpp_action' build argument 'cmake_target' from command line to 'None'
[0.126s] Level 5:colcon.colcon_core.verb:set package 'rclcpp_action' build argument 'cmake_target_skip_unavailable' from command line to 'False'
[0.126s] Level 5:colcon.colcon_core.verb:set package 'rclcpp_action' build argument 'cmake_clean_cache' from command line to 'False'
[0.126s] Level 5:colcon.colcon_core.verb:set package 'rclcpp_action' build argument 'cmake_clean_first' from command line to 'False'
[0.126s] Level 5:colcon.colcon_core.verb:set package 'rclcpp_action' build argument 'cmake_force_configure' from command line to 'False'
[0.126s] Level 5:colcon.colcon_core.verb:set package 'rclcpp_action' build argument 'ament_cmake_args' from command line to 'None'
[0.126s] Level 5:colcon.colcon_core.verb:set package 'rclcpp_action' build argument 'catkin_cmake_args' from command line to 'None'
[0.126s] Level 5:colcon.colcon_core.verb:set package 'rclcpp_action' build argument 'catkin_skip_building_tests' from command line to 'False'
[0.126s] DEBUG:colcon.colcon_core.verb:Building package 'rclcpp_action' with the following arguments: {'ament_cmake_args': None, 'build_base': '/home/pengbo/rclcpp_cbg/ros2_rclcpp/build/rclcpp_action', 'catkin_cmake_args': None, 'catkin_skip_building_tests': False, 'cmake_args': None, 'cmake_clean_cache': False, 'cmake_clean_first': False, 'cmake_force_configure': False, 'cmake_target': None, 'cmake_target_skip_unavailable': False, 'install_base': '/home/pengbo/rclcpp_cbg/ros2_rclcpp/install/rclcpp_action', 'merge_install': False, 'path': '/home/pengbo/rclcpp_cbg/ros2_rclcpp/rclcpp_action', 'symlink_install': False, 'test_result_base': None}
[0.128s] Level 5:colcon.colcon_core.verb:set package 'rclcpp_components' build argument 'cmake_args' from command line to 'None'
[0.128s] Level 5:colcon.colcon_core.verb:set package 'rclcpp_components' build argument 'cmake_target' from command line to 'None'
[0.128s] Level 5:colcon.colcon_core.verb:set package 'rclcpp_components' build argument 'cmake_target_skip_unavailable' from command line to 'False'
[0.128s] Level 5:colcon.colcon_core.verb:set package 'rclcpp_components' build argument 'cmake_clean_cache' from command line to 'False'
[0.128s] Level 5:colcon.colcon_core.verb:set package 'rclcpp_components' build argument 'cmake_clean_first' from command line to 'False'
[0.128s] Level 5:colcon.colcon_core.verb:set package 'rclcpp_components' build argument 'cmake_force_configure' from command line to 'False'
[0.128s] Level 5:colcon.colcon_core.verb:set package 'rclcpp_components' build argument 'ament_cmake_args' from command line to 'None'
[0.128s] Level 5:colcon.colcon_core.verb:set package 'rclcpp_components' build argument 'catkin_cmake_args' from command line to 'None'
[0.128s] Level 5:colcon.colcon_core.verb:set package 'rclcpp_components' build argument 'catkin_skip_building_tests' from command line to 'False'
[0.128s] DEBUG:colcon.colcon_core.verb:Building package 'rclcpp_components' with the following arguments: {'ament_cmake_args': None, 'build_base': '/home/pengbo/rclcpp_cbg/ros2_rclcpp/build/rclcpp_components', 'catkin_cmake_args': None, 'catkin_skip_building_tests': False, 'cmake_args': None, 'cmake_clean_cache': False, 'cmake_clean_first': False, 'cmake_force_configure': False, 'cmake_target': None, 'cmake_target_skip_unavailable': False, 'install_base': '/home/pengbo/rclcpp_cbg/ros2_rclcpp/install/rclcpp_components', 'merge_install': False, 'path': '/home/pengbo/rclcpp_cbg/ros2_rclcpp/rclcpp_components', 'symlink_install': False, 'test_result_base': None}
[0.129s] Level 5:colcon.colcon_core.verb:set package 'rclcpp_lifecycle' build argument 'cmake_args' from command line to 'None'
[0.129s] Level 5:colcon.colcon_core.verb:set package 'rclcpp_lifecycle' build argument 'cmake_target' from command line to 'None'
[0.130s] Level 5:colcon.colcon_core.verb:set package 'rclcpp_lifecycle' build argument 'cmake_target_skip_unavailable' from command line to 'False'
[0.130s] Level 5:colcon.colcon_core.verb:set package 'rclcpp_lifecycle' build argument 'cmake_clean_cache' from command line to 'False'
[0.130s] Level 5:colcon.colcon_core.verb:set package 'rclcpp_lifecycle' build argument 'cmake_clean_first' from command line to 'False'
[0.130s] Level 5:colcon.colcon_core.verb:set package 'rclcpp_lifecycle' build argument 'cmake_force_configure' from command line to 'False'
[0.130s] Level 5:colcon.colcon_core.verb:set package 'rclcpp_lifecycle' build argument 'ament_cmake_args' from command line to 'None'
[0.130s] Level 5:colcon.colcon_core.verb:set package 'rclcpp_lifecycle' build argument 'catkin_cmake_args' from command line to 'None'
[0.130s] Level 5:colcon.colcon_core.verb:set package 'rclcpp_lifecycle' build argument 'catkin_skip_building_tests' from command line to 'False'
[0.130s] DEBUG:colcon.colcon_core.verb:Building package 'rclcpp_lifecycle' with the following arguments: {'ament_cmake_args': None, 'build_base': '/home/pengbo/rclcpp_cbg/ros2_rclcpp/build/rclcpp_lifecycle', 'catkin_cmake_args': None, 'catkin_skip_building_tests': False, 'cmake_args': None, 'cmake_clean_cache': False, 'cmake_clean_first': False, 'cmake_force_configure': False, 'cmake_target': None, 'cmake_target_skip_unavailable': False, 'install_base': '/home/pengbo/rclcpp_cbg/ros2_rclcpp/install/rclcpp_lifecycle', 'merge_install': False, 'path': '/home/pengbo/rclcpp_cbg/ros2_rclcpp/rclcpp_lifecycle', 'symlink_install': False, 'test_result_base': None}
[0.130s] INFO:colcon.colcon_core.executor:Executing jobs using 'parallel' executor
[0.131s] DEBUG:colcon.colcon_parallel_executor.executor.parallel:run_until_complete
[0.131s] INFO:colcon.colcon_ros.task.ament_cmake.build:Building ROS package in '/home/pengbo/rclcpp_cbg/ros2_rclcpp/rclcpp' with build type 'ament_cmake'
[0.132s] INFO:colcon.colcon_cmake.task.cmake.build:Building CMake package in '/home/pengbo/rclcpp_cbg/ros2_rclcpp/rclcpp'
[0.134s] INFO:colcon.colcon_core.plugin_system:Skipping extension 'colcon_core.shell.bat': Not used on non-Windows systems
[0.134s] INFO:colcon.colcon_core.shell:Skip shell extension 'powershell' for command environment: Not usable outside of PowerShell
[0.134s] DEBUG:colcon.colcon_core.shell:Skip shell extension 'dsv' for command environment
[0.142s] DEBUG:colcon.colcon_core.event_handler.log_command:Invoking command in '/home/pengbo/rclcpp_cbg/ros2_rclcpp/build/rclcpp': /usr/bin/cmake --build /home/pengbo/rclcpp_cbg/ros2_rclcpp/build/rclcpp -- -j12 -l12
[7.532s] DEBUG:colcon.colcon_core.event_handler.log_command:Invoked command in '/home/pengbo/rclcpp_cbg/ros2_rclcpp/build/rclcpp' returned '0': /usr/bin/cmake --build /home/pengbo/rclcpp_cbg/ros2_rclcpp/build/rclcpp -- -j12 -l12
[7.724s] DEBUG:colcon.colcon_core.event_handler.log_command:Invoking command in '/home/pengbo/rclcpp_cbg/ros2_rclcpp/build/rclcpp': /usr/bin/cmake --install /home/pengbo/rclcpp_cbg/ros2_rclcpp/build/rclcpp
[7.744s] Level 1:colcon.colcon_core.environment:create_environment_scripts_only(rclcpp)
[7.748s] Level 1:colcon.colcon_core.environment:checking '/home/pengbo/rclcpp_cbg/ros2_rclcpp/install/rclcpp' for CMake module files
[7.748s] Level 1:colcon.colcon_core.environment:checking '/home/pengbo/rclcpp_cbg/ros2_rclcpp/install/rclcpp' for CMake config files
[7.749s] Level 1:colcon.colcon_core.shell:create_environment_hook('rclcpp', 'cmake_prefix_path')
[7.749s] INFO:colcon.colcon_core.shell:Creating environment hook '/home/pengbo/rclcpp_cbg/ros2_rclcpp/install/rclcpp/share/rclcpp/hook/cmake_prefix_path.ps1'
[7.750s] INFO:colcon.colcon_core.shell:Creating environment descriptor '/home/pengbo/rclcpp_cbg/ros2_rclcpp/install/rclcpp/share/rclcpp/hook/cmake_prefix_path.dsv'
[7.750s] INFO:colcon.colcon_core.shell:Creating environment hook '/home/pengbo/rclcpp_cbg/ros2_rclcpp/install/rclcpp/share/rclcpp/hook/cmake_prefix_path.sh'
[7.751s] Level 1:colcon.colcon_core.environment:checking '/home/pengbo/rclcpp_cbg/ros2_rclcpp/install/rclcpp/lib'
[7.752s] Level 1:colcon.colcon_core.shell:create_environment_hook('rclcpp', 'ld_library_path_lib')
[7.752s] INFO:colcon.colcon_core.shell:Creating environment hook '/home/pengbo/rclcpp_cbg/ros2_rclcpp/install/rclcpp/share/rclcpp/hook/ld_library_path_lib.ps1'
[7.752s] INFO:colcon.colcon_core.shell:Creating environment descriptor '/home/pengbo/rclcpp_cbg/ros2_rclcpp/install/rclcpp/share/rclcpp/hook/ld_library_path_lib.dsv'
[7.753s] INFO:colcon.colcon_core.shell:Creating environment hook '/home/pengbo/rclcpp_cbg/ros2_rclcpp/install/rclcpp/share/rclcpp/hook/ld_library_path_lib.sh'
[7.753s] Level 1:colcon.colcon_core.environment:checking '/home/pengbo/rclcpp_cbg/ros2_rclcpp/install/rclcpp/bin'
[7.753s] Level 1:colcon.colcon_core.environment:checking '/home/pengbo/rclcpp_cbg/ros2_rclcpp/install/rclcpp/lib/pkgconfig/rclcpp.pc'
[7.753s] Level 1:colcon.colcon_core.environment:checking '/home/pengbo/rclcpp_cbg/ros2_rclcpp/install/rclcpp/lib/python3.8/site-packages'
[7.754s] INFO:colcon.colcon_core.shell:Creating package script '/home/pengbo/rclcpp_cbg/ros2_rclcpp/install/rclcpp/share/rclcpp/package.ps1'
[7.755s] INFO:colcon.colcon_core.shell:Creating package descriptor '/home/pengbo/rclcpp_cbg/ros2_rclcpp/install/rclcpp/share/rclcpp/package.dsv'
[7.756s] INFO:colcon.colcon_core.shell:Creating package script '/home/pengbo/rclcpp_cbg/ros2_rclcpp/install/rclcpp/share/rclcpp/package.sh'
[7.757s] INFO:colcon.colcon_core.shell:Creating package script '/home/pengbo/rclcpp_cbg/ros2_rclcpp/install/rclcpp/share/rclcpp/package.bash'
[7.758s] INFO:colcon.colcon_core.shell:Creating package script '/home/pengbo/rclcpp_cbg/ros2_rclcpp/install/rclcpp/share/rclcpp/package.zsh'
[7.759s] Level 1:colcon.colcon_core.environment:create_file_with_runtime_dependencies(/home/pengbo/rclcpp_cbg/ros2_rclcpp/install/rclcpp/share/colcon-core/packages/rclcpp)
[7.772s] DEBUG:colcon.colcon_core.event_handler.log_command:Invoked command in '/home/pengbo/rclcpp_cbg/ros2_rclcpp/build/rclcpp' returned '0': /usr/bin/cmake --install /home/pengbo/rclcpp_cbg/ros2_rclcpp/build/rclcpp
[7.941s] Level 1:colcon.colcon_core.environment:create_environment_scripts_only(rclcpp)
[7.942s] Level 1:colcon.colcon_core.environment:checking '/home/pengbo/rclcpp_cbg/ros2_rclcpp/install/rclcpp' for CMake module files
[7.943s] Level 1:colcon.colcon_core.environment:checking '/home/pengbo/rclcpp_cbg/ros2_rclcpp/install/rclcpp' for CMake config files
[7.943s] Level 1:colcon.colcon_core.shell:create_environment_hook('rclcpp', 'cmake_prefix_path')
[7.943s] INFO:colcon.colcon_core.shell:Creating environment hook '/home/pengbo/rclcpp_cbg/ros2_rclcpp/install/rclcpp/share/rclcpp/hook/cmake_prefix_path.ps1'
[7.944s] INFO:colcon.colcon_core.shell:Creating environment descriptor '/home/pengbo/rclcpp_cbg/ros2_rclcpp/install/rclcpp/share/rclcpp/hook/cmake_prefix_path.dsv'
[7.944s] INFO:colcon.colcon_core.shell:Creating environment hook '/home/pengbo/rclcpp_cbg/ros2_rclcpp/install/rclcpp/share/rclcpp/hook/cmake_prefix_path.sh'
[7.944s] Level 1:colcon.colcon_core.environment:checking '/home/pengbo/rclcpp_cbg/ros2_rclcpp/install/rclcpp/lib'
[7.944s] Level 1:colcon.colcon_core.shell:create_environment_hook('rclcpp', 'ld_library_path_lib')
[7.945s] INFO:colcon.colcon_core.shell:Creating environment hook '/home/pengbo/rclcpp_cbg/ros2_rclcpp/install/rclcpp/share/rclcpp/hook/ld_library_path_lib.ps1'
[7.945s] INFO:colcon.colcon_core.shell:Creating environment descriptor '/home/pengbo/rclcpp_cbg/ros2_rclcpp/install/rclcpp/share/rclcpp/hook/ld_library_path_lib.dsv'
[7.946s] INFO:colcon.colcon_core.shell:Creating environment hook '/home/pengbo/rclcpp_cbg/ros2_rclcpp/install/rclcpp/share/rclcpp/hook/ld_library_path_lib.sh'
[7.946s] Level 1:colcon.colcon_core.environment:checking '/home/pengbo/rclcpp_cbg/ros2_rclcpp/install/rclcpp/bin'
[7.946s] Level 1:colcon.colcon_core.environment:checking '/home/pengbo/rclcpp_cbg/ros2_rclcpp/install/rclcpp/lib/pkgconfig/rclcpp.pc'
[7.946s] Level 1:colcon.colcon_core.environment:checking '/home/pengbo/rclcpp_cbg/ros2_rclcpp/install/rclcpp/lib/python3.8/site-packages'
[7.947s] INFO:colcon.colcon_core.shell:Creating package script '/home/pengbo/rclcpp_cbg/ros2_rclcpp/install/rclcpp/share/rclcpp/package.ps1'
[7.947s] INFO:colcon.colcon_core.shell:Creating package descriptor '/home/pengbo/rclcpp_cbg/ros2_rclcpp/install/rclcpp/share/rclcpp/package.dsv'
[7.947s] INFO:colcon.colcon_core.shell:Creating package script '/home/pengbo/rclcpp_cbg/ros2_rclcpp/install/rclcpp/share/rclcpp/package.sh'
[7.948s] INFO:colcon.colcon_core.shell:Creating package script '/home/pengbo/rclcpp_cbg/ros2_rclcpp/install/rclcpp/share/rclcpp/package.bash'
[7.948s] INFO:colcon.colcon_core.shell:Creating package script '/home/pengbo/rclcpp_cbg/ros2_rclcpp/install/rclcpp/share/rclcpp/package.zsh'
[7.949s] Level 1:colcon.colcon_core.environment:create_file_with_runtime_dependencies(/home/pengbo/rclcpp_cbg/ros2_rclcpp/install/rclcpp/share/colcon-core/packages/rclcpp)
[7.949s] INFO:colcon.colcon_ros.task.ament_cmake.build:Building ROS package in '/home/pengbo/rclcpp_cbg/ros2_rclcpp/rclcpp_action' with build type 'ament_cmake'
[7.949s] INFO:colcon.colcon_cmake.task.cmake.build:Building CMake package in '/home/pengbo/rclcpp_cbg/ros2_rclcpp/rclcpp_action'
[7.950s] INFO:colcon.colcon_core.shell:Skip shell extension 'powershell' for command environment: Not usable outside of PowerShell
[7.950s] DEBUG:colcon.colcon_core.shell:Skip shell extension 'dsv' for command environment
[7.952s] INFO:colcon.colcon_ros.task.ament_cmake.build:Building ROS package in '/home/pengbo/rclcpp_cbg/ros2_rclcpp/rclcpp_components' with build type 'ament_cmake'
[7.953s] INFO:colcon.colcon_cmake.task.cmake.build:Building CMake package in '/home/pengbo/rclcpp_cbg/ros2_rclcpp/rclcpp_components'
[7.953s] INFO:colcon.colcon_core.shell:Skip shell extension 'powershell' for command environment: Not usable outside of PowerShell
[7.954s] DEBUG:colcon.colcon_core.shell:Skip shell extension 'dsv' for command environment
[7.957s] INFO:colcon.colcon_ros.task.ament_cmake.build:Building ROS package in '/home/pengbo/rclcpp_cbg/ros2_rclcpp/rclcpp_lifecycle' with build type 'ament_cmake'
[7.957s] INFO:colcon.colcon_cmake.task.cmake.build:Building CMake package in '/home/pengbo/rclcpp_cbg/ros2_rclcpp/rclcpp_lifecycle'
[7.958s] INFO:colcon.colcon_core.shell:Skip shell extension 'powershell' for command environment: Not usable outside of PowerShell
[7.958s] DEBUG:colcon.colcon_core.shell:Skip shell extension 'dsv' for command environment
[7.965s] DEBUG:colcon.colcon_core.event_handler.log_command:Invoking command in '/home/pengbo/rclcpp_cbg/ros2_rclcpp/build/rclcpp_action': AMENT_PREFIX_PATH=/home/pengbo/rclcpp_cbg/ros2_rclcpp/install/rclcpp CMAKE_PREFIX_PATH=/home/pengbo/rclcpp_cbg/ros2_rclcpp/install/rclcpp LD_LIBRARY_PATH=/home/pengbo/rclcpp_cbg/ros2_rclcpp/install/rclcpp/lib /usr/bin/cmake --build /home/pengbo/rclcpp_cbg/ros2_rclcpp/build/rclcpp_action -- -j12 -l12
[7.966s] DEBUG:colcon.colcon_core.event_handler.log_command:Invoking command in '/home/pengbo/rclcpp_cbg/ros2_rclcpp/build/rclcpp_components': AMENT_PREFIX_PATH=/home/pengbo/rclcpp_cbg/ros2_rclcpp/install/rclcpp CMAKE_PREFIX_PATH=/home/pengbo/rclcpp_cbg/ros2_rclcpp/install/rclcpp LD_LIBRARY_PATH=/home/pengbo/rclcpp_cbg/ros2_rclcpp/install/rclcpp/lib /usr/bin/cmake --build /home/pengbo/rclcpp_cbg/ros2_rclcpp/build/rclcpp_components -- -j12 -l12
[7.972s] DEBUG:colcon.colcon_core.event_handler.log_command:Invoking command in '/home/pengbo/rclcpp_cbg/ros2_rclcpp/build/rclcpp_lifecycle': AMENT_PREFIX_PATH=/home/pengbo/rclcpp_cbg/ros2_rclcpp/install/rclcpp CMAKE_PREFIX_PATH=/home/pengbo/rclcpp_cbg/ros2_rclcpp/install/rclcpp LD_LIBRARY_PATH=/home/pengbo/rclcpp_cbg/ros2_rclcpp/install/rclcpp/lib /usr/bin/cmake --build /home/pengbo/rclcpp_cbg/ros2_rclcpp/build/rclcpp_lifecycle -- -j12 -l12
[10.120s] DEBUG:colcon.colcon_core.event_handler.log_command:Invoked command in '/home/pengbo/rclcpp_cbg/ros2_rclcpp/build/rclcpp_components' returned '0': AMENT_PREFIX_PATH=/home/pengbo/rclcpp_cbg/ros2_rclcpp/install/rclcpp CMAKE_PREFIX_PATH=/home/pengbo/rclcpp_cbg/ros2_rclcpp/install/rclcpp LD_LIBRARY_PATH=/home/pengbo/rclcpp_cbg/ros2_rclcpp/install/rclcpp/lib /usr/bin/cmake --build /home/pengbo/rclcpp_cbg/ros2_rclcpp/build/rclcpp_components -- -j12 -l12
[10.145s] DEBUG:colcon.colcon_core.event_handler.log_command:Invoking command in '/home/pengbo/rclcpp_cbg/ros2_rclcpp/build/rclcpp_components': AMENT_PREFIX_PATH=/home/pengbo/rclcpp_cbg/ros2_rclcpp/install/rclcpp CMAKE_PREFIX_PATH=/home/pengbo/rclcpp_cbg/ros2_rclcpp/install/rclcpp LD_LIBRARY_PATH=/home/pengbo/rclcpp_cbg/ros2_rclcpp/install/rclcpp/lib /usr/bin/cmake --install /home/pengbo/rclcpp_cbg/ros2_rclcpp/build/rclcpp_components
[10.159s] Level 1:colcon.colcon_core.environment:create_environment_scripts_only(rclcpp_components)
[10.160s] Level 1:colcon.colcon_core.environment:checking '/home/pengbo/rclcpp_cbg/ros2_rclcpp/install/rclcpp_components' for CMake module files
[10.160s] DEBUG:colcon.colcon_core.event_handler.log_command:Invoked command in '/home/pengbo/rclcpp_cbg/ros2_rclcpp/build/rclcpp_components' returned '0': AMENT_PREFIX_PATH=/home/pengbo/rclcpp_cbg/ros2_rclcpp/install/rclcpp CMAKE_PREFIX_PATH=/home/pengbo/rclcpp_cbg/ros2_rclcpp/install/rclcpp LD_LIBRARY_PATH=/home/pengbo/rclcpp_cbg/ros2_rclcpp/install/rclcpp/lib /usr/bin/cmake --install /home/pengbo/rclcpp_cbg/ros2_rclcpp/build/rclcpp_components
[10.160s] Level 1:colcon.colcon_core.environment:checking '/home/pengbo/rclcpp_cbg/ros2_rclcpp/install/rclcpp_components' for CMake config files
[10.160s] Level 1:colcon.colcon_core.shell:create_environment_hook('rclcpp_components', 'cmake_prefix_path')
[10.161s] INFO:colcon.colcon_core.shell:Creating environment hook '/home/pengbo/rclcpp_cbg/ros2_rclcpp/install/rclcpp_components/share/rclcpp_components/hook/cmake_prefix_path.ps1'
[10.161s] INFO:colcon.colcon_core.shell:Creating environment descriptor '/home/pengbo/rclcpp_cbg/ros2_rclcpp/install/rclcpp_components/share/rclcpp_components/hook/cmake_prefix_path.dsv'
[10.161s] INFO:colcon.colcon_core.shell:Creating environment hook '/home/pengbo/rclcpp_cbg/ros2_rclcpp/install/rclcpp_components/share/rclcpp_components/hook/cmake_prefix_path.sh'
[10.162s] Level 1:colcon.colcon_core.environment:checking '/home/pengbo/rclcpp_cbg/ros2_rclcpp/install/rclcpp_components/lib'
[10.162s] Level 1:colcon.colcon_core.shell:create_environment_hook('rclcpp_components', 'ld_library_path_lib')
[10.162s] INFO:colcon.colcon_core.shell:Creating environment hook '/home/pengbo/rclcpp_cbg/ros2_rclcpp/install/rclcpp_components/share/rclcpp_components/hook/ld_library_path_lib.ps1'
[10.162s] INFO:colcon.colcon_core.shell:Creating environment descriptor '/home/pengbo/rclcpp_cbg/ros2_rclcpp/install/rclcpp_components/share/rclcpp_components/hook/ld_library_path_lib.dsv'
[10.163s] INFO:colcon.colcon_core.shell:Creating environment hook '/home/pengbo/rclcpp_cbg/ros2_rclcpp/install/rclcpp_components/share/rclcpp_components/hook/ld_library_path_lib.sh'
[10.163s] Level 1:colcon.colcon_core.environment:checking '/home/pengbo/rclcpp_cbg/ros2_rclcpp/install/rclcpp_components/bin'
[10.163s] Level 1:colcon.colcon_core.environment:checking '/home/pengbo/rclcpp_cbg/ros2_rclcpp/install/rclcpp_components/lib/pkgconfig/rclcpp_components.pc'
[10.163s] Level 1:colcon.colcon_core.environment:checking '/home/pengbo/rclcpp_cbg/ros2_rclcpp/install/rclcpp_components/lib/python3.8/site-packages'
[10.163s] INFO:colcon.colcon_core.shell:Creating package script '/home/pengbo/rclcpp_cbg/ros2_rclcpp/install/rclcpp_components/share/rclcpp_components/package.ps1'
[10.164s] INFO:colcon.colcon_core.shell:Creating package descriptor '/home/pengbo/rclcpp_cbg/ros2_rclcpp/install/rclcpp_components/share/rclcpp_components/package.dsv'
[10.164s] INFO:colcon.colcon_core.shell:Creating package script '/home/pengbo/rclcpp_cbg/ros2_rclcpp/install/rclcpp_components/share/rclcpp_components/package.sh'
[10.164s] INFO:colcon.colcon_core.shell:Creating package script '/home/pengbo/rclcpp_cbg/ros2_rclcpp/install/rclcpp_components/share/rclcpp_components/package.bash'
[10.164s] INFO:colcon.colcon_core.shell:Creating package script '/home/pengbo/rclcpp_cbg/ros2_rclcpp/install/rclcpp_components/share/rclcpp_components/package.zsh'
[10.164s] Level 1:colcon.colcon_core.environment:create_file_with_runtime_dependencies(/home/pengbo/rclcpp_cbg/ros2_rclcpp/install/rclcpp_components/share/colcon-core/packages/rclcpp_components)
[10.181s] DEBUG:colcon.colcon_core.event_handler.log_command:Invoked command in '/home/pengbo/rclcpp_cbg/ros2_rclcpp/build/rclcpp_lifecycle' returned '0': AMENT_PREFIX_PATH=/home/pengbo/rclcpp_cbg/ros2_rclcpp/install/rclcpp CMAKE_PREFIX_PATH=/home/pengbo/rclcpp_cbg/ros2_rclcpp/install/rclcpp LD_LIBRARY_PATH=/home/pengbo/rclcpp_cbg/ros2_rclcpp/install/rclcpp/lib /usr/bin/cmake --build /home/pengbo/rclcpp_cbg/ros2_rclcpp/build/rclcpp_lifecycle -- -j12 -l12
[10.193s] Level 1:colcon.colcon_core.environment:create_environment_scripts_only(rclcpp_components)
[10.194s] Level 1:colcon.colcon_core.environment:checking '/home/pengbo/rclcpp_cbg/ros2_rclcpp/install/rclcpp_components' for CMake module files
[10.195s] Level 1:colcon.colcon_core.environment:checking '/home/pengbo/rclcpp_cbg/ros2_rclcpp/install/rclcpp_components' for CMake config files
[10.195s] Level 1:colcon.colcon_core.shell:create_environment_hook('rclcpp_components', 'cmake_prefix_path')
[10.195s] INFO:colcon.colcon_core.shell:Creating environment hook '/home/pengbo/rclcpp_cbg/ros2_rclcpp/install/rclcpp_components/share/rclcpp_components/hook/cmake_prefix_path.ps1'
[10.196s] INFO:colcon.colcon_core.shell:Creating environment descriptor '/home/pengbo/rclcpp_cbg/ros2_rclcpp/install/rclcpp_components/share/rclcpp_components/hook/cmake_prefix_path.dsv'
[10.196s] INFO:colcon.colcon_core.shell:Creating environment hook '/home/pengbo/rclcpp_cbg/ros2_rclcpp/install/rclcpp_components/share/rclcpp_components/hook/cmake_prefix_path.sh'
[10.197s] Level 1:colcon.colcon_core.environment:checking '/home/pengbo/rclcpp_cbg/ros2_rclcpp/install/rclcpp_components/lib'
[10.197s] Level 1:colcon.colcon_core.shell:create_environment_hook('rclcpp_components', 'ld_library_path_lib')
[10.197s] INFO:colcon.colcon_core.shell:Creating environment hook '/home/pengbo/rclcpp_cbg/ros2_rclcpp/install/rclcpp_components/share/rclcpp_components/hook/ld_library_path_lib.ps1'
[10.198s] INFO:colcon.colcon_core.shell:Creating environment descriptor '/home/pengbo/rclcpp_cbg/ros2_rclcpp/install/rclcpp_components/share/rclcpp_components/hook/ld_library_path_lib.dsv'
[10.198s] INFO:colcon.colcon_core.shell:Creating environment hook '/home/pengbo/rclcpp_cbg/ros2_rclcpp/install/rclcpp_components/share/rclcpp_components/hook/ld_library_path_lib.sh'
[10.198s] Level 1:colcon.colcon_core.environment:checking '/home/pengbo/rclcpp_cbg/ros2_rclcpp/install/rclcpp_components/bin'
[10.198s] Level 1:colcon.colcon_core.environment:checking '/home/pengbo/rclcpp_cbg/ros2_rclcpp/install/rclcpp_components/lib/pkgconfig/rclcpp_components.pc'
[10.199s] Level 1:colcon.colcon_core.environment:checking '/home/pengbo/rclcpp_cbg/ros2_rclcpp/install/rclcpp_components/lib/python3.8/site-packages'
[10.199s] INFO:colcon.colcon_core.shell:Creating package script '/home/pengbo/rclcpp_cbg/ros2_rclcpp/install/rclcpp_components/share/rclcpp_components/package.ps1'
[10.200s] INFO:colcon.colcon_core.shell:Creating package descriptor '/home/pengbo/rclcpp_cbg/ros2_rclcpp/install/rclcpp_components/share/rclcpp_components/package.dsv'
[10.201s] INFO:colcon.colcon_core.shell:Creating package script '/home/pengbo/rclcpp_cbg/ros2_rclcpp/install/rclcpp_components/share/rclcpp_components/package.sh'
[10.201s] INFO:colcon.colcon_core.shell:Creating package script '/home/pengbo/rclcpp_cbg/ros2_rclcpp/install/rclcpp_components/share/rclcpp_components/package.bash'
[10.202s] INFO:colcon.colcon_core.shell:Creating package script '/home/pengbo/rclcpp_cbg/ros2_rclcpp/install/rclcpp_components/share/rclcpp_components/package.zsh'
[10.203s] Level 1:colcon.colcon_core.environment:create_file_with_runtime_dependencies(/home/pengbo/rclcpp_cbg/ros2_rclcpp/install/rclcpp_components/share/colcon-core/packages/rclcpp_components)
[10.211s] DEBUG:colcon.colcon_core.event_handler.log_command:Invoking command in '/home/pengbo/rclcpp_cbg/ros2_rclcpp/build/rclcpp_lifecycle': AMENT_PREFIX_PATH=/home/pengbo/rclcpp_cbg/ros2_rclcpp/install/rclcpp CMAKE_PREFIX_PATH=/home/pengbo/rclcpp_cbg/ros2_rclcpp/install/rclcpp LD_LIBRARY_PATH=/home/pengbo/rclcpp_cbg/ros2_rclcpp/install/rclcpp/lib /usr/bin/cmake --install /home/pengbo/rclcpp_cbg/ros2_rclcpp/build/rclcpp_lifecycle
[10.225s] Level 1:colcon.colcon_core.environment:create_environment_scripts_only(rclcpp_lifecycle)
[10.226s] Level 1:colcon.colcon_core.environment:checking '/home/pengbo/rclcpp_cbg/ros2_rclcpp/install/rclcpp_lifecycle' for CMake module files
[10.228s] DEBUG:colcon.colcon_core.event_handler.log_command:Invoked command in '/home/pengbo/rclcpp_cbg/ros2_rclcpp/build/rclcpp_lifecycle' returned '0': AMENT_PREFIX_PATH=/home/pengbo/rclcpp_cbg/ros2_rclcpp/install/rclcpp CMAKE_PREFIX_PATH=/home/pengbo/rclcpp_cbg/ros2_rclcpp/install/rclcpp LD_LIBRARY_PATH=/home/pengbo/rclcpp_cbg/ros2_rclcpp/install/rclcpp/lib /usr/bin/cmake --install /home/pengbo/rclcpp_cbg/ros2_rclcpp/build/rclcpp_lifecycle
[10.228s] Level 1:colcon.colcon_core.environment:checking '/home/pengbo/rclcpp_cbg/ros2_rclcpp/install/rclcpp_lifecycle' for CMake config files
[10.229s] Level 1:colcon.colcon_core.shell:create_environment_hook('rclcpp_lifecycle', 'cmake_prefix_path')
[10.229s] INFO:colcon.colcon_core.shell:Creating environment hook '/home/pengbo/rclcpp_cbg/ros2_rclcpp/install/rclcpp_lifecycle/share/rclcpp_lifecycle/hook/cmake_prefix_path.ps1'
[10.230s] INFO:colcon.colcon_core.shell:Creating environment descriptor '/home/pengbo/rclcpp_cbg/ros2_rclcpp/install/rclcpp_lifecycle/share/rclcpp_lifecycle/hook/cmake_prefix_path.dsv'
[10.230s] INFO:colcon.colcon_core.shell:Creating environment hook '/home/pengbo/rclcpp_cbg/ros2_rclcpp/install/rclcpp_lifecycle/share/rclcpp_lifecycle/hook/cmake_prefix_path.sh'
[10.231s] Level 1:colcon.colcon_core.environment:checking '/home/pengbo/rclcpp_cbg/ros2_rclcpp/install/rclcpp_lifecycle/lib'
[10.231s] Level 1:colcon.colcon_core.shell:create_environment_hook('rclcpp_lifecycle', 'ld_library_path_lib')
[10.231s] INFO:colcon.colcon_core.shell:Creating environment hook '/home/pengbo/rclcpp_cbg/ros2_rclcpp/install/rclcpp_lifecycle/share/rclcpp_lifecycle/hook/ld_library_path_lib.ps1'
[10.232s] INFO:colcon.colcon_core.shell:Creating environment descriptor '/home/pengbo/rclcpp_cbg/ros2_rclcpp/install/rclcpp_lifecycle/share/rclcpp_lifecycle/hook/ld_library_path_lib.dsv'
[10.232s] INFO:colcon.colcon_core.shell:Creating environment hook '/home/pengbo/rclcpp_cbg/ros2_rclcpp/install/rclcpp_lifecycle/share/rclcpp_lifecycle/hook/ld_library_path_lib.sh'
[10.232s] Level 1:colcon.colcon_core.environment:checking '/home/pengbo/rclcpp_cbg/ros2_rclcpp/install/rclcpp_lifecycle/bin'
[10.232s] Level 1:colcon.colcon_core.environment:checking '/home/pengbo/rclcpp_cbg/ros2_rclcpp/install/rclcpp_lifecycle/lib/pkgconfig/rclcpp_lifecycle.pc'
[10.232s] Level 1:colcon.colcon_core.environment:checking '/home/pengbo/rclcpp_cbg/ros2_rclcpp/install/rclcpp_lifecycle/lib/python3.8/site-packages'
[10.233s] INFO:colcon.colcon_core.shell:Creating package script '/home/pengbo/rclcpp_cbg/ros2_rclcpp/install/rclcpp_lifecycle/share/rclcpp_lifecycle/package.ps1'
[10.233s] INFO:colcon.colcon_core.shell:Creating package descriptor '/home/pengbo/rclcpp_cbg/ros2_rclcpp/install/rclcpp_lifecycle/share/rclcpp_lifecycle/package.dsv'
[10.234s] INFO:colcon.colcon_core.shell:Creating package script '/home/pengbo/rclcpp_cbg/ros2_rclcpp/install/rclcpp_lifecycle/share/rclcpp_lifecycle/package.sh'
[10.234s] INFO:colcon.colcon_core.shell:Creating package script '/home/pengbo/rclcpp_cbg/ros2_rclcpp/install/rclcpp_lifecycle/share/rclcpp_lifecycle/package.bash'
[10.234s] INFO:colcon.colcon_core.shell:Creating package script '/home/pengbo/rclcpp_cbg/ros2_rclcpp/install/rclcpp_lifecycle/share/rclcpp_lifecycle/package.zsh'
[10.235s] Level 1:colcon.colcon_core.environment:create_file_with_runtime_dependencies(/home/pengbo/rclcpp_cbg/ros2_rclcpp/install/rclcpp_lifecycle/share/colcon-core/packages/rclcpp_lifecycle)
[10.265s] Level 1:colcon.colcon_core.environment:create_environment_scripts_only(rclcpp_lifecycle)
[10.266s] Level 1:colcon.colcon_core.environment:checking '/home/pengbo/rclcpp_cbg/ros2_rclcpp/install/rclcpp_lifecycle' for CMake module files
[10.266s] Level 1:colcon.colcon_core.environment:checking '/home/pengbo/rclcpp_cbg/ros2_rclcpp/install/rclcpp_lifecycle' for CMake config files
[10.266s] Level 1:colcon.colcon_core.shell:create_environment_hook('rclcpp_lifecycle', 'cmake_prefix_path')
[10.267s] INFO:colcon.colcon_core.shell:Creating environment hook '/home/pengbo/rclcpp_cbg/ros2_rclcpp/install/rclcpp_lifecycle/share/rclcpp_lifecycle/hook/cmake_prefix_path.ps1'
[10.267s] INFO:colcon.colcon_core.shell:Creating environment descriptor '/home/pengbo/rclcpp_cbg/ros2_rclcpp/install/rclcpp_lifecycle/share/rclcpp_lifecycle/hook/cmake_prefix_path.dsv'
[10.267s] INFO:colcon.colcon_core.shell:Creating environment hook '/home/pengbo/rclcpp_cbg/ros2_rclcpp/install/rclcpp_lifecycle/share/rclcpp_lifecycle/hook/cmake_prefix_path.sh'
[10.268s] Level 1:colcon.colcon_core.environment:checking '/home/pengbo/rclcpp_cbg/ros2_rclcpp/install/rclcpp_lifecycle/lib'
[10.268s] Level 1:colcon.colcon_core.shell:create_environment_hook('rclcpp_lifecycle', 'ld_library_path_lib')
[10.268s] INFO:colcon.colcon_core.shell:Creating environment hook '/home/pengbo/rclcpp_cbg/ros2_rclcpp/install/rclcpp_lifecycle/share/rclcpp_lifecycle/hook/ld_library_path_lib.ps1'
[10.269s] INFO:colcon.colcon_core.shell:Creating environment descriptor '/home/pengbo/rclcpp_cbg/ros2_rclcpp/install/rclcpp_lifecycle/share/rclcpp_lifecycle/hook/ld_library_path_lib.dsv'
[10.269s] INFO:colcon.colcon_core.shell:Creating environment hook '/home/pengbo/rclcpp_cbg/ros2_rclcpp/install/rclcpp_lifecycle/share/rclcpp_lifecycle/hook/ld_library_path_lib.sh'
[10.269s] Level 1:colcon.colcon_core.environment:checking '/home/pengbo/rclcpp_cbg/ros2_rclcpp/install/rclcpp_lifecycle/bin'
[10.269s] Level 1:colcon.colcon_core.environment:checking '/home/pengbo/rclcpp_cbg/ros2_rclcpp/install/rclcpp_lifecycle/lib/pkgconfig/rclcpp_lifecycle.pc'
[10.269s] Level 1:colcon.colcon_core.environment:checking '/home/pengbo/rclcpp_cbg/ros2_rclcpp/install/rclcpp_lifecycle/lib/python3.8/site-packages'
[10.270s] INFO:colcon.colcon_core.shell:Creating package script '/home/pengbo/rclcpp_cbg/ros2_rclcpp/install/rclcpp_lifecycle/share/rclcpp_lifecycle/package.ps1'
[10.271s] INFO:colcon.colcon_core.shell:Creating package descriptor '/home/pengbo/rclcpp_cbg/ros2_rclcpp/install/rclcpp_lifecycle/share/rclcpp_lifecycle/package.dsv'
[10.271s] INFO:colcon.colcon_core.shell:Creating package script '/home/pengbo/rclcpp_cbg/ros2_rclcpp/install/rclcpp_lifecycle/share/rclcpp_lifecycle/package.sh'
[10.272s] INFO:colcon.colcon_core.shell:Creating package script '/home/pengbo/rclcpp_cbg/ros2_rclcpp/install/rclcpp_lifecycle/share/rclcpp_lifecycle/package.bash'
[10.272s] INFO:colcon.colcon_core.shell:Creating package script '/home/pengbo/rclcpp_cbg/ros2_rclcpp/install/rclcpp_lifecycle/share/rclcpp_lifecycle/package.zsh'
[10.273s] Level 1:colcon.colcon_core.environment:create_file_with_runtime_dependencies(/home/pengbo/rclcpp_cbg/ros2_rclcpp/install/rclcpp_lifecycle/share/colcon-core/packages/rclcpp_lifecycle)
[10.322s] DEBUG:colcon.colcon_core.event_handler.log_command:Invoked command in '/home/pengbo/rclcpp_cbg/ros2_rclcpp/build/rclcpp_action' returned '0': AMENT_PREFIX_PATH=/home/pengbo/rclcpp_cbg/ros2_rclcpp/install/rclcpp CMAKE_PREFIX_PATH=/home/pengbo/rclcpp_cbg/ros2_rclcpp/install/rclcpp LD_LIBRARY_PATH=/home/pengbo/rclcpp_cbg/ros2_rclcpp/install/rclcpp/lib /usr/bin/cmake --build /home/pengbo/rclcpp_cbg/ros2_rclcpp/build/rclcpp_action -- -j12 -l12
[10.352s] DEBUG:colcon.colcon_core.event_handler.log_command:Invoking command in '/home/pengbo/rclcpp_cbg/ros2_rclcpp/build/rclcpp_action': AMENT_PREFIX_PATH=/home/pengbo/rclcpp_cbg/ros2_rclcpp/install/rclcpp CMAKE_PREFIX_PATH=/home/pengbo/rclcpp_cbg/ros2_rclcpp/install/rclcpp LD_LIBRARY_PATH=/home/pengbo/rclcpp_cbg/ros2_rclcpp/install/rclcpp/lib /usr/bin/cmake --install /home/pengbo/rclcpp_cbg/ros2_rclcpp/build/rclcpp_action
[10.364s] Level 1:colcon.colcon_core.environment:create_environment_scripts_only(rclcpp_action)
[10.365s] Level 1:colcon.colcon_core.environment:checking '/home/pengbo/rclcpp_cbg/ros2_rclcpp/install/rclcpp_action' for CMake module files
[10.366s] DEBUG:colcon.colcon_core.event_handler.log_command:Invoked command in '/home/pengbo/rclcpp_cbg/ros2_rclcpp/build/rclcpp_action' returned '0': AMENT_PREFIX_PATH=/home/pengbo/rclcpp_cbg/ros2_rclcpp/install/rclcpp CMAKE_PREFIX_PATH=/home/pengbo/rclcpp_cbg/ros2_rclcpp/install/rclcpp LD_LIBRARY_PATH=/home/pengbo/rclcpp_cbg/ros2_rclcpp/install/rclcpp/lib /usr/bin/cmake --install /home/pengbo/rclcpp_cbg/ros2_rclcpp/build/rclcpp_action
[10.366s] Level 1:colcon.colcon_core.environment:checking '/home/pengbo/rclcpp_cbg/ros2_rclcpp/install/rclcpp_action' for CMake config files
[10.366s] Level 1:colcon.colcon_core.shell:create_environment_hook('rclcpp_action', 'cmake_prefix_path')
[10.367s] INFO:colcon.colcon_core.shell:Creating environment hook '/home/pengbo/rclcpp_cbg/ros2_rclcpp/install/rclcpp_action/share/rclcpp_action/hook/cmake_prefix_path.ps1'
[10.367s] INFO:colcon.colcon_core.shell:Creating environment descriptor '/home/pengbo/rclcpp_cbg/ros2_rclcpp/install/rclcpp_action/share/rclcpp_action/hook/cmake_prefix_path.dsv'
[10.368s] INFO:colcon.colcon_core.shell:Creating environment hook '/home/pengbo/rclcpp_cbg/ros2_rclcpp/install/rclcpp_action/share/rclcpp_action/hook/cmake_prefix_path.sh'
[10.369s] Level 1:colcon.colcon_core.environment:checking '/home/pengbo/rclcpp_cbg/ros2_rclcpp/install/rclcpp_action/lib'
[10.369s] Level 1:colcon.colcon_core.shell:create_environment_hook('rclcpp_action', 'ld_library_path_lib')
[10.369s] INFO:colcon.colcon_core.shell:Creating environment hook '/home/pengbo/rclcpp_cbg/ros2_rclcpp/install/rclcpp_action/share/rclcpp_action/hook/ld_library_path_lib.ps1'
[10.370s] INFO:colcon.colcon_core.shell:Creating environment descriptor '/home/pengbo/rclcpp_cbg/ros2_rclcpp/install/rclcpp_action/share/rclcpp_action/hook/ld_library_path_lib.dsv'
[10.370s] INFO:colcon.colcon_core.shell:Creating environment hook '/home/pengbo/rclcpp_cbg/ros2_rclcpp/install/rclcpp_action/share/rclcpp_action/hook/ld_library_path_lib.sh'
[10.371s] Level 1:colcon.colcon_core.environment:checking '/home/pengbo/rclcpp_cbg/ros2_rclcpp/install/rclcpp_action/bin'
[10.371s] Level 1:colcon.colcon_core.environment:checking '/home/pengbo/rclcpp_cbg/ros2_rclcpp/install/rclcpp_action/lib/pkgconfig/rclcpp_action.pc'
[10.371s] Level 1:colcon.colcon_core.environment:checking '/home/pengbo/rclcpp_cbg/ros2_rclcpp/install/rclcpp_action/lib/python3.8/site-packages'
[10.372s] INFO:colcon.colcon_core.shell:Creating package script '/home/pengbo/rclcpp_cbg/ros2_rclcpp/install/rclcpp_action/share/rclcpp_action/package.ps1'
[10.372s] INFO:colcon.colcon_core.shell:Creating package descriptor '/home/pengbo/rclcpp_cbg/ros2_rclcpp/install/rclcpp_action/share/rclcpp_action/package.dsv'
[10.373s] INFO:colcon.colcon_core.shell:Creating package script '/home/pengbo/rclcpp_cbg/ros2_rclcpp/install/rclcpp_action/share/rclcpp_action/package.sh'
[10.373s] INFO:colcon.colcon_core.shell:Creating package script '/home/pengbo/rclcpp_cbg/ros2_rclcpp/install/rclcpp_action/share/rclcpp_action/package.bash'
[10.374s] INFO:colcon.colcon_core.shell:Creating package script '/home/pengbo/rclcpp_cbg/ros2_rclcpp/install/rclcpp_action/share/rclcpp_action/package.zsh'
[10.374s] Level 1:colcon.colcon_core.environment:create_file_with_runtime_dependencies(/home/pengbo/rclcpp_cbg/ros2_rclcpp/install/rclcpp_action/share/colcon-core/packages/rclcpp_action)
[10.404s] Level 1:colcon.colcon_core.environment:create_environment_scripts_only(rclcpp_action)
[10.405s] Level 1:colcon.colcon_core.environment:checking '/home/pengbo/rclcpp_cbg/ros2_rclcpp/install/rclcpp_action' for CMake module files
[10.406s] Level 1:colcon.colcon_core.environment:checking '/home/pengbo/rclcpp_cbg/ros2_rclcpp/install/rclcpp_action' for CMake config files
[10.406s] Level 1:colcon.colcon_core.shell:create_environment_hook('rclcpp_action', 'cmake_prefix_path')
[10.406s] INFO:colcon.colcon_core.shell:Creating environment hook '/home/pengbo/rclcpp_cbg/ros2_rclcpp/install/rclcpp_action/share/rclcpp_action/hook/cmake_prefix_path.ps1'
[10.407s] INFO:colcon.colcon_core.shell:Creating environment descriptor '/home/pengbo/rclcpp_cbg/ros2_rclcpp/install/rclcpp_action/share/rclcpp_action/hook/cmake_prefix_path.dsv'
[10.407s] INFO:colcon.colcon_core.shell:Creating environment hook '/home/pengbo/rclcpp_cbg/ros2_rclcpp/install/rclcpp_action/share/rclcpp_action/hook/cmake_prefix_path.sh'
[10.408s] Level 1:colcon.colcon_core.environment:checking '/home/pengbo/rclcpp_cbg/ros2_rclcpp/install/rclcpp_action/lib'
[10.408s] Level 1:colcon.colcon_core.shell:create_environment_hook('rclcpp_action', 'ld_library_path_lib')
[10.409s] INFO:colcon.colcon_core.shell:Creating environment hook '/home/pengbo/rclcpp_cbg/ros2_rclcpp/install/rclcpp_action/share/rclcpp_action/hook/ld_library_path_lib.ps1'
[10.409s] INFO:colcon.colcon_core.shell:Creating environment descriptor '/home/pengbo/rclcpp_cbg/ros2_rclcpp/install/rclcpp_action/share/rclcpp_action/hook/ld_library_path_lib.dsv'
[10.409s] INFO:colcon.colcon_core.shell:Creating environment hook '/home/pengbo/rclcpp_cbg/ros2_rclcpp/install/rclcpp_action/share/rclcpp_action/hook/ld_library_path_lib.sh'
[10.410s] Level 1:colcon.colcon_core.environment:checking '/home/pengbo/rclcpp_cbg/ros2_rclcpp/install/rclcpp_action/bin'
[10.410s] Level 1:colcon.colcon_core.environment:checking '/home/pengbo/rclcpp_cbg/ros2_rclcpp/install/rclcpp_action/lib/pkgconfig/rclcpp_action.pc'
[10.410s] Level 1:colcon.colcon_core.environment:checking '/home/pengbo/rclcpp_cbg/ros2_rclcpp/install/rclcpp_action/lib/python3.8/site-packages'
[10.411s] INFO:colcon.colcon_core.shell:Creating package script '/home/pengbo/rclcpp_cbg/ros2_rclcpp/install/rclcpp_action/share/rclcpp_action/package.ps1'
[10.411s] INFO:colcon.colcon_core.shell:Creating package descriptor '/home/pengbo/rclcpp_cbg/ros2_rclcpp/install/rclcpp_action/share/rclcpp_action/package.dsv'
[10.411s] INFO:colcon.colcon_core.shell:Creating package script '/home/pengbo/rclcpp_cbg/ros2_rclcpp/install/rclcpp_action/share/rclcpp_action/package.sh'
[10.412s] INFO:colcon.colcon_core.shell:Creating package script '/home/pengbo/rclcpp_cbg/ros2_rclcpp/install/rclcpp_action/share/rclcpp_action/package.bash'
[10.412s] INFO:colcon.colcon_core.shell:Creating package script '/home/pengbo/rclcpp_cbg/ros2_rclcpp/install/rclcpp_action/share/rclcpp_action/package.zsh'
[10.412s] Level 1:colcon.colcon_core.environment:create_file_with_runtime_dependencies(/home/pengbo/rclcpp_cbg/ros2_rclcpp/install/rclcpp_action/share/colcon-core/packages/rclcpp_action)
[10.412s] DEBUG:colcon.colcon_parallel_executor.executor.parallel:closing loop
[10.412s] DEBUG:colcon.colcon_parallel_executor.executor.parallel:loop closed
[10.412s] DEBUG:colcon.colcon_parallel_executor.executor.parallel:run_until_complete finished with '0'
[10.413s] DEBUG:colcon.colcon_core.event_reactor:joining thread
[10.416s] INFO:colcon.colcon_core.plugin_system:Skipping extension 'colcon_notification.desktop_notification.terminal_notifier': Not used on non-Darwin systems
[10.416s] INFO:colcon.colcon_core.plugin_system:Skipping extension 'colcon_notification.desktop_notification.win32': Not used on non-Windows systems
[10.416s] INFO:colcon.colcon_notification.desktop_notification:Sending desktop notification using 'notify2'
[10.429s] DEBUG:colcon.colcon_core.event_reactor:joined thread
[10.430s] INFO:colcon.colcon_core.shell:Creating prefix script '/home/pengbo/rclcpp_cbg/ros2_rclcpp/install/local_setup.ps1'
[10.431s] INFO:colcon.colcon_core.shell:Creating prefix util module '/home/pengbo/rclcpp_cbg/ros2_rclcpp/install/_local_setup_util_ps1.py'
[10.432s] INFO:colcon.colcon_core.shell:Creating prefix chain script '/home/pengbo/rclcpp_cbg/ros2_rclcpp/install/setup.ps1'
[10.434s] INFO:colcon.colcon_core.shell:Creating prefix script '/home/pengbo/rclcpp_cbg/ros2_rclcpp/install/local_setup.sh'
[10.435s] INFO:colcon.colcon_core.shell:Creating prefix util module '/home/pengbo/rclcpp_cbg/ros2_rclcpp/install/_local_setup_util_sh.py'
[10.435s] INFO:colcon.colcon_core.shell:Creating prefix chain script '/home/pengbo/rclcpp_cbg/ros2_rclcpp/install/setup.sh'
[10.437s] INFO:colcon.colcon_core.shell:Creating prefix script '/home/pengbo/rclcpp_cbg/ros2_rclcpp/install/local_setup.bash'
[10.437s] INFO:colcon.colcon_core.shell:Creating prefix chain script '/home/pengbo/rclcpp_cbg/ros2_rclcpp/install/setup.bash'
[10.439s] INFO:colcon.colcon_core.shell:Creating prefix script '/home/pengbo/rclcpp_cbg/ros2_rclcpp/install/local_setup.zsh'
[10.439s] INFO:colcon.colcon_core.shell:Creating prefix chain script '/home/pengbo/rclcpp_cbg/ros2_rclcpp/install/setup.zsh'
