[0.013s] Invoking command in '/home/pengbo/rclcpp_cbg/ros2_rclcpp/build/rclcpp_components': AMENT_PREFIX_PATH=/home/pengbo/rclcpp_cbg/ros2_rclcpp/install/rclcpp CMAKE_PREFIX_PATH=/home/pengbo/rclcpp_cbg/ros2_rclcpp/install/rclcpp LD_LIBRARY_PATH=/home/pengbo/rclcpp_cbg/ros2_rclcpp/install/rclcpp/lib /usr/bin/cmake --build /home/pengbo/rclcpp_cbg/ros2_rclcpp/build/rclcpp_components -- -j12 -l12
[0.057s] [ 12%] Built target gtest_main
[0.058s] [ 25%] Built target gtest
[0.065s] [ 31%] [32m[1mLinking CXX shared library libcomponent_manager.so[0m
[0.067s] [ 37%] [32m[1mLinking CXX shared library libtest_component.so[0m
[0.349s] [ 43%] Built target component_manager
[0.377s] [ 56%] [32m[1mLinking CXX executable test_component_manager[0m
[0.378s] [ 56%] [32m[1mLinking CXX executable test_component_manager_api[0m
[0.378s] [ 62%] [32m[1mLinking CXX executable component_container[0m
[0.384s] [ 68%] [32m[1mLinking CXX executable component_container_mt[0m
[0.464s] [ 75%] Built target test_component
[0.974s] [ 81%] Built target component_container
[1.577s] [ 87%] Built target component_container_mt
[1.695s] [ 93%] Built target test_component_manager
[1.730s] [100%] Built target test_component_manager_api
[1.744s] Invoked command in '/home/pengbo/rclcpp_cbg/ros2_rclcpp/build/rclcpp_components' returned '0': AMENT_PREFIX_PATH=/home/pengbo/rclcpp_cbg/ros2_rclcpp/install/rclcpp CMAKE_PREFIX_PATH=/home/pengbo/rclcpp_cbg/ros2_rclcpp/install/rclcpp LD_LIBRARY_PATH=/home/pengbo/rclcpp_cbg/ros2_rclcpp/install/rclcpp/lib /usr/bin/cmake --build /home/pengbo/rclcpp_cbg/ros2_rclcpp/build/rclcpp_components -- -j12 -l12
[1.776s] Invoking command in '/home/pengbo/rclcpp_cbg/ros2_rclcpp/build/rclcpp_components': AMENT_PREFIX_PATH=/home/pengbo/rclcpp_cbg/ros2_rclcpp/install/rclcpp CMAKE_PREFIX_PATH=/home/pengbo/rclcpp_cbg/ros2_rclcpp/install/rclcpp LD_LIBRARY_PATH=/home/pengbo/rclcpp_cbg/ros2_rclcpp/install/rclcpp/lib /usr/bin/cmake --install /home/pengbo/rclcpp_cbg/ros2_rclcpp/build/rclcpp_components
[1.787s] -- Install configuration: ""
[1.787s] -- Up-to-date: /home/pengbo/rclcpp_cbg/ros2_rclcpp/install/rclcpp_components/share/rclcpp_components/node_main.cpp.in
[1.787s] -- Installing: /home/pengbo/rclcpp_cbg/ros2_rclcpp/install/rclcpp_components/lib/libcomponent_manager.so
[1.788s] -- Set runtime path of "/home/pengbo/rclcpp_cbg/ros2_rclcpp/install/rclcpp_components/lib/libcomponent_manager.so" to ""
[1.789s] -- Installing: /home/pengbo/rclcpp_cbg/ros2_rclcpp/install/rclcpp_components/lib/rclcpp_components/component_container
[1.789s] -- Set runtime path of "/home/pengbo/rclcpp_cbg/ros2_rclcpp/install/rclcpp_components/lib/rclcpp_components/component_container" to ""
[1.789s] -- Installing: /home/pengbo/rclcpp_cbg/ros2_rclcpp/install/rclcpp_components/lib/rclcpp_components/component_container_mt
[1.790s] -- Set runtime path of "/home/pengbo/rclcpp_cbg/ros2_rclcpp/install/rclcpp_components/lib/rclcpp_components/component_container_mt" to ""
[1.790s] -- Up-to-date: /home/pengbo/rclcpp_cbg/ros2_rclcpp/install/rclcpp_components/include
[1.790s] -- Up-to-date: /home/pengbo/rclcpp_cbg/ros2_rclcpp/install/rclcpp_components/include/rclcpp_components
[1.790s] -- Up-to-date: /home/pengbo/rclcpp_cbg/ros2_rclcpp/install/rclcpp_components/include/rclcpp_components/visibility_control.hpp
[1.791s] -- Up-to-date: /home/pengbo/rclcpp_cbg/ros2_rclcpp/install/rclcpp_components/include/rclcpp_components/node_instance_wrapper.hpp
[1.791s] -- Up-to-date: /home/pengbo/rclcpp_cbg/ros2_rclcpp/install/rclcpp_components/include/rclcpp_components/register_node_macro.hpp
[1.791s] -- Up-to-date: /home/pengbo/rclcpp_cbg/ros2_rclcpp/install/rclcpp_components/include/rclcpp_components/component_manager.hpp
[1.791s] -- Up-to-date: /home/pengbo/rclcpp_cbg/ros2_rclcpp/install/rclcpp_components/include/rclcpp_components/node_factory.hpp
[1.791s] -- Up-to-date: /home/pengbo/rclcpp_cbg/ros2_rclcpp/install/rclcpp_components/include/rclcpp_components/node_factory_template.hpp
[1.791s] -- Up-to-date: /home/pengbo/rclcpp_cbg/ros2_rclcpp/install/rclcpp_components/share/rclcpp_components/cmake
[1.791s] -- Up-to-date: /home/pengbo/rclcpp_cbg/ros2_rclcpp/install/rclcpp_components/share/rclcpp_components/cmake/rclcpp_components_package_hook.cmake
[1.791s] -- Up-to-date: /home/pengbo/rclcpp_cbg/ros2_rclcpp/install/rclcpp_components/share/rclcpp_components/cmake/rclcpp_components_register_node.cmake
[1.791s] -- Up-to-date: /home/pengbo/rclcpp_cbg/ros2_rclcpp/install/rclcpp_components/share/rclcpp_components/cmake/rclcpp_components_register_nodes.cmake
[1.792s] -- Up-to-date: /home/pengbo/rclcpp_cbg/ros2_rclcpp/install/rclcpp_components/share/rclcpp_components/environment/library_path.sh
[1.792s] -- Up-to-date: /home/pengbo/rclcpp_cbg/ros2_rclcpp/install/rclcpp_components/share/rclcpp_components/environment/library_path.dsv
[1.792s] -- Up-to-date: /home/pengbo/rclcpp_cbg/ros2_rclcpp/install/rclcpp_components/share/ament_index/resource_index/package_run_dependencies/rclcpp_components
[1.792s] -- Up-to-date: /home/pengbo/rclcpp_cbg/ros2_rclcpp/install/rclcpp_components/share/ament_index/resource_index/parent_prefix_path/rclcpp_components
[1.792s] -- Up-to-date: /home/pengbo/rclcpp_cbg/ros2_rclcpp/install/rclcpp_components/share/rclcpp_components/environment/ament_prefix_path.dsv
[1.792s] -- Up-to-date: /home/pengbo/rclcpp_cbg/ros2_rclcpp/install/rclcpp_components/share/rclcpp_components/environment/path.dsv
[1.792s] -- Up-to-date: /home/pengbo/rclcpp_cbg/ros2_rclcpp/install/rclcpp_components/share/rclcpp_components/local_setup.bash
[1.792s] -- Up-to-date: /home/pengbo/rclcpp_cbg/ros2_rclcpp/install/rclcpp_components/share/rclcpp_components/local_setup.sh
[1.792s] -- Up-to-date: /home/pengbo/rclcpp_cbg/ros2_rclcpp/install/rclcpp_components/share/rclcpp_components/local_setup.zsh
[1.793s] -- Up-to-date: /home/pengbo/rclcpp_cbg/ros2_rclcpp/install/rclcpp_components/share/rclcpp_components/local_setup.dsv
[1.793s] -- Installing: /home/pengbo/rclcpp_cbg/ros2_rclcpp/install/rclcpp_components/share/rclcpp_components/package.dsv
[1.793s] -- Up-to-date: /home/pengbo/rclcpp_cbg/ros2_rclcpp/install/rclcpp_components/share/ament_index/resource_index/packages/rclcpp_components
[1.793s] -- Up-to-date: /home/pengbo/rclcpp_cbg/ros2_rclcpp/install/rclcpp_components/share/rclcpp_components/cmake/component_managerExport.cmake
[1.793s] -- Up-to-date: /home/pengbo/rclcpp_cbg/ros2_rclcpp/install/rclcpp_components/share/rclcpp_components/cmake/component_managerExport-noconfig.cmake
[1.793s] -- Up-to-date: /home/pengbo/rclcpp_cbg/ros2_rclcpp/install/rclcpp_components/share/rclcpp_components/cmake/rclcpp_components-extras.cmake
[1.793s] -- Up-to-date: /home/pengbo/rclcpp_cbg/ros2_rclcpp/install/rclcpp_components/share/rclcpp_components/cmake/ament_cmake_export_include_directories-extras.cmake
[1.793s] -- Up-to-date: /home/pengbo/rclcpp_cbg/ros2_rclcpp/install/rclcpp_components/share/rclcpp_components/cmake/ament_cmake_export_libraries-extras.cmake
[1.793s] -- Up-to-date: /home/pengbo/rclcpp_cbg/ros2_rclcpp/install/rclcpp_components/share/rclcpp_components/cmake/ament_cmake_export_targets-extras.cmake
[1.793s] -- Up-to-date: /home/pengbo/rclcpp_cbg/ros2_rclcpp/install/rclcpp_components/share/rclcpp_components/cmake/ament_cmake_export_dependencies-extras.cmake
[1.793s] -- Up-to-date: /home/pengbo/rclcpp_cbg/ros2_rclcpp/install/rclcpp_components/share/rclcpp_components/cmake/rclcpp_componentsConfig.cmake
[1.793s] -- Up-to-date: /home/pengbo/rclcpp_cbg/ros2_rclcpp/install/rclcpp_components/share/rclcpp_components/cmake/rclcpp_componentsConfig-version.cmake
[1.794s] -- Up-to-date: /home/pengbo/rclcpp_cbg/ros2_rclcpp/install/rclcpp_components/share/rclcpp_components/package.xml
[1.797s] Invoked command in '/home/pengbo/rclcpp_cbg/ros2_rclcpp/build/rclcpp_components' returned '0': AMENT_PREFIX_PATH=/home/pengbo/rclcpp_cbg/ros2_rclcpp/install/rclcpp CMAKE_PREFIX_PATH=/home/pengbo/rclcpp_cbg/ros2_rclcpp/install/rclcpp LD_LIBRARY_PATH=/home/pengbo/rclcpp_cbg/ros2_rclcpp/install/rclcpp/lib /usr/bin/cmake --install /home/pengbo/rclcpp_cbg/ros2_rclcpp/build/rclcpp_components
