[0.038s] Invoking command in '/home/pengbo/rclcpp_cbg/build/rclcpp': CMAKE_PREFIX_PATH=${CMAKE_PREFIX_PATH}:/home/pengbo/ros2_foxy/install/ros2bag:/home/pengbo/ros2_foxy/install/tracetools_launch:/home/pengbo/ros2_foxy/install/topic_monitor:/home/pengbo/ros2_foxy/install/examples_tf2_py:/home/pengbo/ros2_foxy/install/sros2:/home/pengbo/ros2_foxy/install/rqt_topic:/home/pengbo/ros2_foxy/install/rqt_reconfigure:/home/pengbo/ros2_foxy/install/rqt_action:/home/pengbo/ros2_foxy/install/rqt:/home/pengbo/ros2_foxy/install/rqt_graph:/home/pengbo/ros2_foxy/install/rqt_gui_py:/home/pengbo/ros2_foxy/install/rqt_gui:/home/pengbo/ros2_foxy/install/ros2trace:/home/pengbo/ros2_foxy/install/ros2topic:/home/pengbo/ros2_foxy/install/ros2test:/home/pengbo/ros2_foxy/install/ros2component:/home/pengbo/ros2_foxy/install/ros2param:/home/pengbo/ros2_foxy/install/ros2lifecycle:/home/pengbo/ros2_foxy/install/ros2service:/home/pengbo/ros2_foxy/install/ros2run:/home/pengbo/ros2_foxy/install/ros2launch:/home/pengbo/ros2_foxy/install/ros2pkg:/home/pengbo/ros2_foxy/install/ros2node:/home/pengbo/ros2_foxy/install/ros2multicast:/home/pengbo/ros2_foxy/install/ros2interface:/home/pengbo/ros2_foxy/install/ros2doctor:/home/pengbo/ros2_foxy/install/ros2action:/home/pengbo/ros2_foxy/install/ros2cli:/home/pengbo/ros2_foxy/install/quality_of_service_demo_py:/home/pengbo/ros2_foxy/install/opencv_tests:/home/pengbo/ros2_foxy/install/launch_testing_ros:/home/pengbo/ros2_foxy/install/launch_ros:/home/pengbo/ros2_foxy/install/examples_rclpy_minimal_subscriber:/home/pengbo/ros2_foxy/install/examples_rclpy_minimal_service:/home/pengbo/ros2_foxy/install/examples_rclpy_minimal_publisher:/home/pengbo/ros2_foxy/install/examples_rclpy_minimal_client:/home/pengbo/ros2_foxy/install/examples_rclpy_minimal_action_server:/home/pengbo/ros2_foxy/install/examples_rclpy_minimal_action_client:/home/pengbo/ros2_foxy/install/examples_rclpy_executors:/home/pengbo/ros2_foxy/install/demo_nodes_py:/home/pengbo/ros2_foxy/install/action_tutorials_py:/home/pengbo/ros2_foxy/install/ament_uncrustify:/home/pengbo/ros2_foxy/install/tracetools_trace:/home/pengbo/ros2_foxy/install/tracetools_read:/home/pengbo/ros2_foxy/install/test_launch_ros:/home/pengbo/ros2_foxy/install/rpyutils:/home/pengbo/ros2_foxy/install/rosidl_runtime_py:/home/pengbo/ros2_foxy/install/launch_yaml:/home/pengbo/ros2_foxy/install/launch_xml:/home/pengbo/ros2_foxy/install/launch_testing:/home/pengbo/ros2_foxy/install/launch:/home/pengbo/ros2_foxy/install/osrf_pycommon:/home/pengbo/ros2_foxy/install/domain_coordinator:/home/pengbo/ros2_foxy/install/ament_xmllint:/home/pengbo/ros2_foxy/install/ament_pyflakes:/home/pengbo/ros2_foxy/install/ament_pycodestyle:/home/pengbo/ros2_foxy/install/ament_pep257:/home/pengbo/ros2_foxy/install/ament_pclint:/home/pengbo/ros2_foxy/install/ament_package:/home/pengbo/ros2_foxy/install/ament_mypy:/home/pengbo/ros2_foxy/install/ament_lint_cmake:/home/pengbo/ros2_foxy/install/ament_flake8:/home/pengbo/ros2_foxy/install/ament_copyright:/home/pengbo/ros2_foxy/install/ament_lint:/home/pengbo/ros2_foxy/install/ament_index_python:/home/pengbo/ros2_foxy/install/ament_cpplint:/home/pengbo/ros2_foxy/install/ament_cppcheck:/home/pengbo/ros2_foxy/install/ament_clang_tidy:/home/pengbo/ros2_foxy/install/ament_clang_format /usr/bin/cmake --build /home/pengbo/rclcpp_cbg/build/rclcpp -- -j12 -l12
[0.154s] [  1%] Built target gtest_main
[0.154s] [  2%] Built target gmock
[0.156s] [  5%] Built target rclcpp_test_msgs__rosidl_generator_c
[0.156s] [  5%] Built target gtest
[0.158s] [  5%] Built target rclcpp_test_msgs__cpp
[0.162s] [  6%] Built target gmock_main
[0.182s] [35m[1mScanning dependencies of target rclcpp[0m
[0.231s] [  8%] Built target rclcpp_test_msgs__rosidl_typesupport_introspection_cpp
[0.231s] [ 10%] Built target rclcpp_test_msgs__rosidl_typesupport_introspection_c
[0.231s] [ 11%] Built target rclcpp_test_msgs__rosidl_typesupport_c
[0.240s] [ 13%] Built target rclcpp_test_msgs__rosidl_typesupport_fastrtps_cpp
[0.240s] [ 15%] Built target rclcpp_test_msgs__rosidl_typesupport_cpp
[0.241s] [ 16%] Built target test_function_traits
[0.290s] [ 18%] Built target rclcpp_test_msgs__rosidl_typesupport_fastrtps_c
[0.307s] [ 19%] [32mBuilding CXX object CMakeFiles/rclcpp.dir/src/rclcpp/executor.cpp.o[0m
[0.331s] [ 19%] Built target rclcpp_test_msgs
[0.379s] [ 19%] Built target rclcpp_test_msgs__py
[0.433s] [ 21%] Built target rclcpp_test_msgs__python
[0.481s] [ 22%] Built target rclcpp__rosidl_typesupport_fastrtps_c__pyext
[0.482s] [ 23%] Built target rclcpp__rosidl_typesupport_introspection_c__pyext
[0.482s] [ 24%] Built target rclcpp__rosidl_typesupport_c__pyext
[1.639s] [ 25%] [32m[1mLinking CXX shared library librclcpp.so[0m
[2.264s] [ 61%] Built target rclcpp
[2.379s] [ 61%] [32m[1mLinking CXX executable test_intra_process_manager[0m
[2.382s] [ 61%] [32m[1mLinking CXX executable test_subscription_options[0m
[2.382s] [ 62%] [32m[1mLinking CXX executable test_ring_buffer_implementation[0m
[2.385s] [ 62%] [32m[1mLinking CXX executable test_expand_topic_or_service_name[0m
[2.385s] [ 62%] [32m[1mLinking CXX executable test_create_timer[0m
[2.398s] [ 63%] [32m[1mLinking CXX executable test_node_interfaces__get_node_interfaces[0m
[2.400s] [ 63%] [32m[1mLinking CXX executable test_subscription_topic_statistics[0m
[2.413s] [ 64%] [32m[1mLinking CXX executable test_node_global_args[0m
[2.417s] [ 64%] [32m[1mLinking CXX executable test_logger[0m
[2.425s] [ 64%] [32m[1mLinking CXX executable test_executor[0m
[2.446s] [ 64%] [32m[1mLinking CXX executable test_loaned_message[0m
[2.458s] [ 64%] [32m[1mLinking CXX executable test_duration[0m
[3.927s] [ 64%] Built target test_ring_buffer_implementation
[3.932s] [ 65%] Built target test_subscription_options
[3.972s] [ 66%] Built target test_create_timer
[3.978s] [ 67%] Built target test_expand_topic_or_service_name
[3.992s] [ 68%] Built target test_logger
[4.104s] [ 69%] Built target test_executor
[4.113s] [ 70%] [32m[1mLinking CXX executable test_serialized_message[0m
[4.129s] [ 71%] [32m[1mLinking CXX executable test_wait_set[0m
[4.139s] [ 71%] [32m[1mLinking CXX executable test_subscription_traits[0m
[4.142s] [ 72%] [32m[1mLinking CXX executable test_find_weak_nodes[0m
[4.150s] [ 72%] [32m[1mLinking CXX executable test_intra_process_buffer[0m
[4.178s] [ 73%] Built target test_duration
[4.197s] [ 74%] Built target test_intra_process_manager
[4.239s] [ 75%] [32m[1mLinking CXX executable test_node_options[0m
[4.246s] [ 76%] Built target test_node_global_args
[4.247s] [ 76%] Built target test_loaned_message
[4.312s] [ 76%] Built target test_node_interfaces__get_node_interfaces
[4.342s] [ 76%] [32m[1mLinking CXX executable test_logging[0m
[4.371s] [ 77%] [32m[1mLinking CXX executable test_time_source[0m
[4.419s] [ 77%] [32m[1mLinking CXX executable test_parameter_events_filter[0m
[4.419s] [ 78%] [32m[1mLinking CXX executable test_parameter[0m
[4.491s] [ 78%] [32m[1mLinking CXX executable test_parameter_map[0m
[4.772s] [ 79%] Built target test_subscription_traits
[4.913s] [ 80%] Built target test_subscription_topic_statistics
[4.955s] [ 80%] [32m[1mLinking CXX executable test_service[0m
[5.031s] [ 81%] [32m[1mLinking CXX executable test_rate[0m
[5.566s] [ 81%] Built target test_find_weak_nodes
[5.688s] [ 81%] Built target test_intra_process_buffer
[5.709s] [ 81%] [32m[1mLinking CXX executable test_publisher[0m
[5.904s] [ 81%] [32m[1mLinking CXX executable test_publisher_subscription_count_api[0m
[5.928s] [ 81%] Built target test_node_options
[5.937s] [ 82%] Built target test_parameter_events_filter
[6.016s] [ 82%] Built target test_time_source
[6.091s] [ 82%] [32m[1mLinking CXX executable test_qos[0m
[6.106s] [ 82%] [32m[1mLinking CXX executable test_externally_defined_services[0m
[6.129s] [ 82%] Built target test_parameter
[6.178s] [ 82%] Built target test_serialized_message
[6.184s] [ 83%] [32m[1mLinking CXX executable test_serialized_message_allocator[0m
[6.185s] [ 84%] Built target test_logging
[6.307s] [ 84%] Built target test_wait_set
[6.327s] [ 84%] [32m[1mLinking CXX executable test_parameter_client[0m
[6.350s] [ 84%] Built target test_rate
[6.351s] [ 84%] Built target test_service
[6.359s] [ 85%] Built target test_parameter_map
[6.379s] [ 86%] [32m[1mLinking CXX executable test_time[0m
[6.387s] [ 86%] [32m[1mLinking CXX executable test_subscription[0m
[6.481s] [ 86%] [32m[1mLinking CXX executable test_subscription_publisher_count_api[0m
[6.518s] [ 87%] [32m[1mLinking CXX executable test_timer[0m
[6.537s] [ 88%] [32m[1mLinking CXX executable test_utilities[0m
[6.587s] [ 88%] [32m[1mLinking CXX executable test_client[0m
[7.096s] [ 89%] Built target test_publisher
[7.262s] [ 90%] [32m[1mLinking CXX executable test_init[0m
[7.345s] [ 91%] Built target test_qos
[7.465s] [ 92%] [32m[1mLinking CXX executable test_qos_event[0m
[7.712s] [ 93%] Built target test_publisher_subscription_count_api
[7.827s] [ 94%] Built target test_externally_defined_services
[7.887s] [ 95%] [32m[1mLinking CXX executable test_interface_traits[0m
[7.971s] [ 95%] [32m[1mLinking CXX executable test_multi_threaded_executor[0m
[8.035s] [ 95%] Built target test_utilities
[8.069s] [ 95%] Built target test_timer
[8.197s] [ 95%] Built target test_parameter_client
[8.217s] [ 96%] [32m[1mLinking CXX executable test_node[0m
[8.233s] [ 96%] Built target test_time
[8.252s] [ 97%] [32m[1mLinking CXX executable test_guard_condition[0m
[8.264s] [ 97%] Built target test_serialized_message_allocator
[8.376s] [ 97%] Built target test_client
[8.453s] [ 98%] Built target test_subscription_publisher_count_api
[8.504s] [ 98%] Built target test_init
[8.627s] [ 99%] Built target test_subscription
[8.762s] [ 99%] Built target test_qos_event
[8.850s] [ 99%] Built target test_interface_traits
[8.855s] [100%] Built target test_multi_threaded_executor
[8.959s] [100%] Built target test_guard_condition
[9.112s] [100%] Built target test_node
[9.133s] Invoked command in '/home/pengbo/rclcpp_cbg/build/rclcpp' returned '0': CMAKE_PREFIX_PATH=${CMAKE_PREFIX_PATH}:/home/pengbo/ros2_foxy/install/ros2bag:/home/pengbo/ros2_foxy/install/tracetools_launch:/home/pengbo/ros2_foxy/install/topic_monitor:/home/pengbo/ros2_foxy/install/examples_tf2_py:/home/pengbo/ros2_foxy/install/sros2:/home/pengbo/ros2_foxy/install/rqt_topic:/home/pengbo/ros2_foxy/install/rqt_reconfigure:/home/pengbo/ros2_foxy/install/rqt_action:/home/pengbo/ros2_foxy/install/rqt:/home/pengbo/ros2_foxy/install/rqt_graph:/home/pengbo/ros2_foxy/install/rqt_gui_py:/home/pengbo/ros2_foxy/install/rqt_gui:/home/pengbo/ros2_foxy/install/ros2trace:/home/pengbo/ros2_foxy/install/ros2topic:/home/pengbo/ros2_foxy/install/ros2test:/home/pengbo/ros2_foxy/install/ros2component:/home/pengbo/ros2_foxy/install/ros2param:/home/pengbo/ros2_foxy/install/ros2lifecycle:/home/pengbo/ros2_foxy/install/ros2service:/home/pengbo/ros2_foxy/install/ros2run:/home/pengbo/ros2_foxy/install/ros2launch:/home/pengbo/ros2_foxy/install/ros2pkg:/home/pengbo/ros2_foxy/install/ros2node:/home/pengbo/ros2_foxy/install/ros2multicast:/home/pengbo/ros2_foxy/install/ros2interface:/home/pengbo/ros2_foxy/install/ros2doctor:/home/pengbo/ros2_foxy/install/ros2action:/home/pengbo/ros2_foxy/install/ros2cli:/home/pengbo/ros2_foxy/install/quality_of_service_demo_py:/home/pengbo/ros2_foxy/install/opencv_tests:/home/pengbo/ros2_foxy/install/launch_testing_ros:/home/pengbo/ros2_foxy/install/launch_ros:/home/pengbo/ros2_foxy/install/examples_rclpy_minimal_subscriber:/home/pengbo/ros2_foxy/install/examples_rclpy_minimal_service:/home/pengbo/ros2_foxy/install/examples_rclpy_minimal_publisher:/home/pengbo/ros2_foxy/install/examples_rclpy_minimal_client:/home/pengbo/ros2_foxy/install/examples_rclpy_minimal_action_server:/home/pengbo/ros2_foxy/install/examples_rclpy_minimal_action_client:/home/pengbo/ros2_foxy/install/examples_rclpy_executors:/home/pengbo/ros2_foxy/install/demo_nodes_py:/home/pengbo/ros2_foxy/install/action_tutorials_py:/home/pengbo/ros2_foxy/install/ament_uncrustify:/home/pengbo/ros2_foxy/install/tracetools_trace:/home/pengbo/ros2_foxy/install/tracetools_read:/home/pengbo/ros2_foxy/install/test_launch_ros:/home/pengbo/ros2_foxy/install/rpyutils:/home/pengbo/ros2_foxy/install/rosidl_runtime_py:/home/pengbo/ros2_foxy/install/launch_yaml:/home/pengbo/ros2_foxy/install/launch_xml:/home/pengbo/ros2_foxy/install/launch_testing:/home/pengbo/ros2_foxy/install/launch:/home/pengbo/ros2_foxy/install/osrf_pycommon:/home/pengbo/ros2_foxy/install/domain_coordinator:/home/pengbo/ros2_foxy/install/ament_xmllint:/home/pengbo/ros2_foxy/install/ament_pyflakes:/home/pengbo/ros2_foxy/install/ament_pycodestyle:/home/pengbo/ros2_foxy/install/ament_pep257:/home/pengbo/ros2_foxy/install/ament_pclint:/home/pengbo/ros2_foxy/install/ament_package:/home/pengbo/ros2_foxy/install/ament_mypy:/home/pengbo/ros2_foxy/install/ament_lint_cmake:/home/pengbo/ros2_foxy/install/ament_flake8:/home/pengbo/ros2_foxy/install/ament_copyright:/home/pengbo/ros2_foxy/install/ament_lint:/home/pengbo/ros2_foxy/install/ament_index_python:/home/pengbo/ros2_foxy/install/ament_cpplint:/home/pengbo/ros2_foxy/install/ament_cppcheck:/home/pengbo/ros2_foxy/install/ament_clang_tidy:/home/pengbo/ros2_foxy/install/ament_clang_format /usr/bin/cmake --build /home/pengbo/rclcpp_cbg/build/rclcpp -- -j12 -l12
[9.997s] Invoking command in '/home/pengbo/rclcpp_cbg/build/rclcpp': CMAKE_PREFIX_PATH=${CMAKE_PREFIX_PATH}:/home/pengbo/ros2_foxy/install/ros2bag:/home/pengbo/ros2_foxy/install/tracetools_launch:/home/pengbo/ros2_foxy/install/topic_monitor:/home/pengbo/ros2_foxy/install/examples_tf2_py:/home/pengbo/ros2_foxy/install/sros2:/home/pengbo/ros2_foxy/install/rqt_topic:/home/pengbo/ros2_foxy/install/rqt_reconfigure:/home/pengbo/ros2_foxy/install/rqt_action:/home/pengbo/ros2_foxy/install/rqt:/home/pengbo/ros2_foxy/install/rqt_graph:/home/pengbo/ros2_foxy/install/rqt_gui_py:/home/pengbo/ros2_foxy/install/rqt_gui:/home/pengbo/ros2_foxy/install/ros2trace:/home/pengbo/ros2_foxy/install/ros2topic:/home/pengbo/ros2_foxy/install/ros2test:/home/pengbo/ros2_foxy/install/ros2component:/home/pengbo/ros2_foxy/install/ros2param:/home/pengbo/ros2_foxy/install/ros2lifecycle:/home/pengbo/ros2_foxy/install/ros2service:/home/pengbo/ros2_foxy/install/ros2run:/home/pengbo/ros2_foxy/install/ros2launch:/home/pengbo/ros2_foxy/install/ros2pkg:/home/pengbo/ros2_foxy/install/ros2node:/home/pengbo/ros2_foxy/install/ros2multicast:/home/pengbo/ros2_foxy/install/ros2interface:/home/pengbo/ros2_foxy/install/ros2doctor:/home/pengbo/ros2_foxy/install/ros2action:/home/pengbo/ros2_foxy/install/ros2cli:/home/pengbo/ros2_foxy/install/quality_of_service_demo_py:/home/pengbo/ros2_foxy/install/opencv_tests:/home/pengbo/ros2_foxy/install/launch_testing_ros:/home/pengbo/ros2_foxy/install/launch_ros:/home/pengbo/ros2_foxy/install/examples_rclpy_minimal_subscriber:/home/pengbo/ros2_foxy/install/examples_rclpy_minimal_service:/home/pengbo/ros2_foxy/install/examples_rclpy_minimal_publisher:/home/pengbo/ros2_foxy/install/examples_rclpy_minimal_client:/home/pengbo/ros2_foxy/install/examples_rclpy_minimal_action_server:/home/pengbo/ros2_foxy/install/examples_rclpy_minimal_action_client:/home/pengbo/ros2_foxy/install/examples_rclpy_executors:/home/pengbo/ros2_foxy/install/demo_nodes_py:/home/pengbo/ros2_foxy/install/action_tutorials_py:/home/pengbo/ros2_foxy/install/ament_uncrustify:/home/pengbo/ros2_foxy/install/tracetools_trace:/home/pengbo/ros2_foxy/install/tracetools_read:/home/pengbo/ros2_foxy/install/test_launch_ros:/home/pengbo/ros2_foxy/install/rpyutils:/home/pengbo/ros2_foxy/install/rosidl_runtime_py:/home/pengbo/ros2_foxy/install/launch_yaml:/home/pengbo/ros2_foxy/install/launch_xml:/home/pengbo/ros2_foxy/install/launch_testing:/home/pengbo/ros2_foxy/install/launch:/home/pengbo/ros2_foxy/install/osrf_pycommon:/home/pengbo/ros2_foxy/install/domain_coordinator:/home/pengbo/ros2_foxy/install/ament_xmllint:/home/pengbo/ros2_foxy/install/ament_pyflakes:/home/pengbo/ros2_foxy/install/ament_pycodestyle:/home/pengbo/ros2_foxy/install/ament_pep257:/home/pengbo/ros2_foxy/install/ament_pclint:/home/pengbo/ros2_foxy/install/ament_package:/home/pengbo/ros2_foxy/install/ament_mypy:/home/pengbo/ros2_foxy/install/ament_lint_cmake:/home/pengbo/ros2_foxy/install/ament_flake8:/home/pengbo/ros2_foxy/install/ament_copyright:/home/pengbo/ros2_foxy/install/ament_lint:/home/pengbo/ros2_foxy/install/ament_index_python:/home/pengbo/ros2_foxy/install/ament_cpplint:/home/pengbo/ros2_foxy/install/ament_cppcheck:/home/pengbo/ros2_foxy/install/ament_clang_tidy:/home/pengbo/ros2_foxy/install/ament_clang_format /usr/bin/cmake --install /home/pengbo/rclcpp_cbg/build/rclcpp
[10.013s] -- Install configuration: ""
[10.013s] -- Execute custom install script
[10.013s] -- Up-to-date symlink: /home/pengbo/rclcpp_cbg/install/rclcpp/share/rclcpp/environment/library_path.sh
[10.013s] -- Up-to-date symlink: /home/pengbo/rclcpp_cbg/install/rclcpp/share/rclcpp/environment/library_path.dsv
[10.014s] -- Up-to-date symlink: /home/pengbo/rclcpp_cbg/build/rclcpp/test/resources/test_node/test_parameters.yaml
[10.014s] -- Up-to-date symlink: /home/pengbo/rclcpp_cbg/install/rclcpp/share/ament_index/resource_index/package_run_dependencies/rclcpp
[10.014s] -- Up-to-date symlink: /home/pengbo/rclcpp_cbg/install/rclcpp/share/ament_index/resource_index/parent_prefix_path/rclcpp
[10.015s] -- Up-to-date symlink: /home/pengbo/rclcpp_cbg/install/rclcpp/share/rclcpp/environment/ament_prefix_path.sh
[10.015s] -- Up-to-date symlink: /home/pengbo/rclcpp_cbg/install/rclcpp/share/rclcpp/environment/ament_prefix_path.dsv
[10.016s] -- Up-to-date symlink: /home/pengbo/rclcpp_cbg/install/rclcpp/share/rclcpp/environment/path.sh
[10.016s] -- Up-to-date symlink: /home/pengbo/rclcpp_cbg/install/rclcpp/share/rclcpp/environment/path.dsv
[10.016s] -- Up-to-date symlink: /home/pengbo/rclcpp_cbg/install/rclcpp/share/rclcpp/local_setup.bash
[10.016s] -- Up-to-date symlink: /home/pengbo/rclcpp_cbg/install/rclcpp/share/rclcpp/local_setup.sh
[10.016s] -- Up-to-date symlink: /home/pengbo/rclcpp_cbg/install/rclcpp/share/rclcpp/local_setup.zsh
[10.016s] -- Up-to-date symlink: /home/pengbo/rclcpp_cbg/install/rclcpp/share/rclcpp/local_setup.dsv
[10.016s] -- Symlinking: /home/pengbo/rclcpp_cbg/install/rclcpp/share/rclcpp/package.dsv
[10.033s] -- Up-to-date symlink: /home/pengbo/rclcpp_cbg/install/rclcpp/share/ament_index/resource_index/packages/rclcpp
[10.033s] -- Up-to-date symlink: /home/pengbo/rclcpp_cbg/install/rclcpp/share/rclcpp/cmake/ament_cmake_export_include_directories-extras.cmake
[10.034s] -- Up-to-date symlink: /home/pengbo/rclcpp_cbg/install/rclcpp/share/rclcpp/cmake/ament_cmake_export_libraries-extras.cmake
[10.034s] -- Up-to-date symlink: /home/pengbo/rclcpp_cbg/install/rclcpp/share/rclcpp/cmake/ament_cmake_export_targets-extras.cmake
[10.034s] -- Up-to-date symlink: /home/pengbo/rclcpp_cbg/install/rclcpp/share/rclcpp/cmake/ament_cmake_export_dependencies-extras.cmake
[10.035s] -- Up-to-date symlink: /home/pengbo/rclcpp_cbg/install/rclcpp/share/rclcpp/cmake/rosidl_cmake-extras.cmake
[10.035s] -- Up-to-date symlink: /home/pengbo/rclcpp_cbg/install/rclcpp/share/rclcpp/cmake/rclcppConfig.cmake
[10.035s] -- Up-to-date symlink: /home/pengbo/rclcpp_cbg/install/rclcpp/share/rclcpp/cmake/rclcppConfig-version.cmake
[10.036s] -- Up-to-date symlink: /home/pengbo/rclcpp_cbg/install/rclcpp/share/rclcpp/package.xml
[10.038s] -- Up-to-date symlink: /home/pengbo/rclcpp_cbg/install/rclcpp/include/rclcpp/allocator/allocator_common.hpp
[10.038s] -- Up-to-date symlink: /home/pengbo/rclcpp_cbg/install/rclcpp/include/rclcpp/allocator/allocator_deleter.hpp
[10.038s] -- Up-to-date symlink: /home/pengbo/rclcpp_cbg/install/rclcpp/include/rclcpp/any_executable.hpp
[10.038s] -- Up-to-date symlink: /home/pengbo/rclcpp_cbg/install/rclcpp/include/rclcpp/any_service_callback.hpp
[10.038s] -- Up-to-date symlink: /home/pengbo/rclcpp_cbg/install/rclcpp/include/rclcpp/any_subscription_callback.hpp
[10.039s] -- Up-to-date symlink: /home/pengbo/rclcpp_cbg/install/rclcpp/include/rclcpp/callback_group.hpp
[10.039s] -- Up-to-date symlink: /home/pengbo/rclcpp_cbg/install/rclcpp/include/rclcpp/client.hpp
[10.039s] -- Up-to-date symlink: /home/pengbo/rclcpp_cbg/install/rclcpp/include/rclcpp/clock.hpp
[10.039s] -- Up-to-date symlink: /home/pengbo/rclcpp_cbg/install/rclcpp/include/rclcpp/context.hpp
[10.039s] -- Up-to-date symlink: /home/pengbo/rclcpp_cbg/install/rclcpp/include/rclcpp/contexts/default_context.hpp
[10.039s] -- Up-to-date symlink: /home/pengbo/rclcpp_cbg/install/rclcpp/include/rclcpp/create_client.hpp
[10.040s] -- Up-to-date symlink: /home/pengbo/rclcpp_cbg/install/rclcpp/include/rclcpp/create_publisher.hpp
[10.040s] -- Up-to-date symlink: /home/pengbo/rclcpp_cbg/install/rclcpp/include/rclcpp/create_service.hpp
[10.040s] -- Up-to-date symlink: /home/pengbo/rclcpp_cbg/install/rclcpp/include/rclcpp/create_subscription.hpp
[10.040s] -- Up-to-date symlink: /home/pengbo/rclcpp_cbg/install/rclcpp/include/rclcpp/create_timer.hpp
[10.040s] -- Up-to-date symlink: /home/pengbo/rclcpp_cbg/install/rclcpp/include/rclcpp/detail/README.md
[10.040s] -- Up-to-date symlink: /home/pengbo/rclcpp_cbg/install/rclcpp/include/rclcpp/detail/resolve_enable_topic_statistics.hpp
[10.041s] -- Up-to-date symlink: /home/pengbo/rclcpp_cbg/install/rclcpp/include/rclcpp/detail/resolve_intra_process_buffer_type.hpp
[10.041s] -- Up-to-date symlink: /home/pengbo/rclcpp_cbg/install/rclcpp/include/rclcpp/detail/resolve_use_intra_process.hpp
[10.041s] -- Up-to-date symlink: /home/pengbo/rclcpp_cbg/install/rclcpp/include/rclcpp/detail/rmw_implementation_specific_payload.hpp
[10.041s] -- Up-to-date symlink: /home/pengbo/rclcpp_cbg/install/rclcpp/include/rclcpp/detail/rmw_implementation_specific_publisher_payload.hpp
[10.041s] -- Up-to-date symlink: /home/pengbo/rclcpp_cbg/install/rclcpp/include/rclcpp/detail/rmw_implementation_specific_subscription_payload.hpp
[10.042s] -- Up-to-date symlink: /home/pengbo/rclcpp_cbg/install/rclcpp/include/rclcpp/detail/utilities.hpp
[10.042s] -- Up-to-date symlink: /home/pengbo/rclcpp_cbg/install/rclcpp/include/rclcpp/duration.hpp
[10.042s] -- Up-to-date symlink: /home/pengbo/rclcpp_cbg/install/rclcpp/include/rclcpp/event.hpp
[10.042s] -- Up-to-date symlink: /home/pengbo/rclcpp_cbg/install/rclcpp/include/rclcpp/exceptions.hpp
[10.042s] -- Up-to-date symlink: /home/pengbo/rclcpp_cbg/install/rclcpp/include/rclcpp/exceptions/exceptions.hpp
[10.042s] -- Up-to-date symlink: /home/pengbo/rclcpp_cbg/install/rclcpp/include/rclcpp/executor.hpp
[10.043s] -- Up-to-date symlink: /home/pengbo/rclcpp_cbg/install/rclcpp/include/rclcpp/executor_options.hpp
[10.043s] -- Up-to-date symlink: /home/pengbo/rclcpp_cbg/install/rclcpp/include/rclcpp/executors.hpp
[10.043s] -- Up-to-date symlink: /home/pengbo/rclcpp_cbg/install/rclcpp/include/rclcpp/executors/multi_threaded_executor.hpp
[10.043s] -- Up-to-date symlink: /home/pengbo/rclcpp_cbg/install/rclcpp/include/rclcpp/executors/single_threaded_executor.hpp
[10.043s] -- Up-to-date symlink: /home/pengbo/rclcpp_cbg/install/rclcpp/include/rclcpp/executors/static_executor_entities_collector.hpp
[10.043s] -- Up-to-date symlink: /home/pengbo/rclcpp_cbg/install/rclcpp/include/rclcpp/executors/static_single_threaded_executor.hpp
[10.044s] -- Up-to-date symlink: /home/pengbo/rclcpp_cbg/install/rclcpp/include/rclcpp/expand_topic_or_service_name.hpp
[10.044s] -- Up-to-date symlink: /home/pengbo/rclcpp_cbg/install/rclcpp/include/rclcpp/experimental/README.md
[10.044s] -- Up-to-date symlink: /home/pengbo/rclcpp_cbg/install/rclcpp/include/rclcpp/experimental/buffers/buffer_implementation_base.hpp
[10.044s] -- Up-to-date symlink: /home/pengbo/rclcpp_cbg/install/rclcpp/include/rclcpp/experimental/buffers/intra_process_buffer.hpp
[10.044s] -- Up-to-date symlink: /home/pengbo/rclcpp_cbg/install/rclcpp/include/rclcpp/experimental/buffers/ring_buffer_implementation.hpp
[10.044s] -- Up-to-date symlink: /home/pengbo/rclcpp_cbg/install/rclcpp/include/rclcpp/experimental/create_intra_process_buffer.hpp
[10.045s] -- Up-to-date symlink: /home/pengbo/rclcpp_cbg/install/rclcpp/include/rclcpp/experimental/executable_list.hpp
[10.045s] -- Up-to-date symlink: /home/pengbo/rclcpp_cbg/install/rclcpp/include/rclcpp/experimental/intra_process_manager.hpp
[10.045s] -- Up-to-date symlink: /home/pengbo/rclcpp_cbg/install/rclcpp/include/rclcpp/experimental/subscription_intra_process.hpp
[10.045s] -- Up-to-date symlink: /home/pengbo/rclcpp_cbg/install/rclcpp/include/rclcpp/experimental/subscription_intra_process_base.hpp
[10.045s] -- Up-to-date symlink: /home/pengbo/rclcpp_cbg/install/rclcpp/include/rclcpp/function_traits.hpp
[10.045s] -- Up-to-date symlink: /home/pengbo/rclcpp_cbg/install/rclcpp/include/rclcpp/future_return_code.hpp
[10.046s] -- Up-to-date symlink: /home/pengbo/rclcpp_cbg/install/rclcpp/include/rclcpp/graph_listener.hpp
[10.046s] -- Up-to-date symlink: /home/pengbo/rclcpp_cbg/install/rclcpp/include/rclcpp/guard_condition.hpp
[10.046s] -- Up-to-date symlink: /home/pengbo/rclcpp_cbg/install/rclcpp/include/rclcpp/init_options.hpp
[10.046s] -- Up-to-date symlink: /home/pengbo/rclcpp_cbg/install/rclcpp/include/rclcpp/intra_process_buffer_type.hpp
[10.046s] -- Up-to-date symlink: /home/pengbo/rclcpp_cbg/install/rclcpp/include/rclcpp/intra_process_setting.hpp
[10.047s] -- Up-to-date symlink: /home/pengbo/rclcpp_cbg/install/rclcpp/include/rclcpp/loaned_message.hpp
[10.047s] -- Up-to-date symlink: /home/pengbo/rclcpp_cbg/install/rclcpp/include/rclcpp/logger.hpp
[10.047s] -- Up-to-date symlink: /home/pengbo/rclcpp_cbg/install/rclcpp/include/rclcpp/macros.hpp
[10.047s] -- Up-to-date symlink: /home/pengbo/rclcpp_cbg/install/rclcpp/include/rclcpp/memory_strategies.hpp
[10.047s] -- Up-to-date symlink: /home/pengbo/rclcpp_cbg/install/rclcpp/include/rclcpp/memory_strategy.hpp
[10.047s] -- Up-to-date symlink: /home/pengbo/rclcpp_cbg/install/rclcpp/include/rclcpp/message_info.hpp
[10.047s] -- Up-to-date symlink: /home/pengbo/rclcpp_cbg/install/rclcpp/include/rclcpp/message_memory_strategy.hpp
[10.048s] -- Up-to-date symlink: /home/pengbo/rclcpp_cbg/install/rclcpp/include/rclcpp/node.hpp
[10.048s] -- Up-to-date symlink: /home/pengbo/rclcpp_cbg/install/rclcpp/include/rclcpp/node_impl.hpp
[10.048s] -- Up-to-date symlink: /home/pengbo/rclcpp_cbg/install/rclcpp/include/rclcpp/node_interfaces/node_base.hpp
[10.048s] -- Up-to-date symlink: /home/pengbo/rclcpp_cbg/install/rclcpp/include/rclcpp/node_interfaces/node_base_interface.hpp
[10.048s] -- Up-to-date symlink: /home/pengbo/rclcpp_cbg/install/rclcpp/include/rclcpp/node_interfaces/node_clock.hpp
[10.048s] -- Up-to-date symlink: /home/pengbo/rclcpp_cbg/install/rclcpp/include/rclcpp/node_interfaces/node_clock_interface.hpp
[10.048s] -- Up-to-date symlink: /home/pengbo/rclcpp_cbg/install/rclcpp/include/rclcpp/node_interfaces/node_graph.hpp
[10.049s] -- Up-to-date symlink: /home/pengbo/rclcpp_cbg/install/rclcpp/include/rclcpp/node_interfaces/node_graph_interface.hpp
[10.049s] -- Up-to-date symlink: /home/pengbo/rclcpp_cbg/install/rclcpp/include/rclcpp/node_interfaces/node_logging.hpp
[10.049s] -- Up-to-date symlink: /home/pengbo/rclcpp_cbg/install/rclcpp/include/rclcpp/node_interfaces/node_logging_interface.hpp
[10.049s] -- Up-to-date symlink: /home/pengbo/rclcpp_cbg/install/rclcpp/include/rclcpp/node_interfaces/node_parameters.hpp
[10.049s] -- Up-to-date symlink: /home/pengbo/rclcpp_cbg/install/rclcpp/include/rclcpp/node_interfaces/node_parameters_interface.hpp
[10.049s] -- Up-to-date symlink: /home/pengbo/rclcpp_cbg/install/rclcpp/include/rclcpp/node_interfaces/node_services.hpp
[10.049s] -- Up-to-date symlink: /home/pengbo/rclcpp_cbg/install/rclcpp/include/rclcpp/node_interfaces/node_services_interface.hpp
[10.050s] -- Up-to-date symlink: /home/pengbo/rclcpp_cbg/install/rclcpp/include/rclcpp/node_interfaces/node_time_source.hpp
[10.050s] -- Up-to-date symlink: /home/pengbo/rclcpp_cbg/install/rclcpp/include/rclcpp/node_interfaces/node_time_source_interface.hpp
[10.050s] -- Up-to-date symlink: /home/pengbo/rclcpp_cbg/install/rclcpp/include/rclcpp/node_interfaces/node_timers.hpp
[10.050s] -- Up-to-date symlink: /home/pengbo/rclcpp_cbg/install/rclcpp/include/rclcpp/node_interfaces/node_timers_interface.hpp
[10.050s] -- Up-to-date symlink: /home/pengbo/rclcpp_cbg/install/rclcpp/include/rclcpp/node_interfaces/node_topics.hpp
[10.050s] -- Up-to-date symlink: /home/pengbo/rclcpp_cbg/install/rclcpp/include/rclcpp/node_interfaces/node_topics_interface.hpp
[10.051s] -- Up-to-date symlink: /home/pengbo/rclcpp_cbg/install/rclcpp/include/rclcpp/node_interfaces/node_waitables.hpp
[10.051s] -- Up-to-date symlink: /home/pengbo/rclcpp_cbg/install/rclcpp/include/rclcpp/node_interfaces/node_waitables_interface.hpp
[10.051s] -- Up-to-date symlink: /home/pengbo/rclcpp_cbg/install/rclcpp/include/rclcpp/node_options.hpp
[10.051s] -- Up-to-date symlink: /home/pengbo/rclcpp_cbg/install/rclcpp/include/rclcpp/parameter.hpp
[10.051s] -- Up-to-date symlink: /home/pengbo/rclcpp_cbg/install/rclcpp/include/rclcpp/parameter_client.hpp
[10.051s] -- Up-to-date symlink: /home/pengbo/rclcpp_cbg/install/rclcpp/include/rclcpp/parameter_events_filter.hpp
[10.051s] -- Up-to-date symlink: /home/pengbo/rclcpp_cbg/install/rclcpp/include/rclcpp/parameter_map.hpp
[10.051s] -- Up-to-date symlink: /home/pengbo/rclcpp_cbg/install/rclcpp/include/rclcpp/parameter_service.hpp
[10.052s] -- Up-to-date symlink: /home/pengbo/rclcpp_cbg/install/rclcpp/include/rclcpp/parameter_value.hpp
[10.052s] -- Up-to-date symlink: /home/pengbo/rclcpp_cbg/install/rclcpp/include/rclcpp/publisher.hpp
[10.052s] -- Up-to-date symlink: /home/pengbo/rclcpp_cbg/install/rclcpp/include/rclcpp/publisher_base.hpp
[10.052s] -- Up-to-date symlink: /home/pengbo/rclcpp_cbg/install/rclcpp/include/rclcpp/publisher_factory.hpp
[10.052s] -- Up-to-date symlink: /home/pengbo/rclcpp_cbg/install/rclcpp/include/rclcpp/publisher_options.hpp
[10.052s] -- Up-to-date symlink: /home/pengbo/rclcpp_cbg/install/rclcpp/include/rclcpp/qos.hpp
[10.052s] -- Up-to-date symlink: /home/pengbo/rclcpp_cbg/install/rclcpp/include/rclcpp/qos_event.hpp
[10.052s] -- Up-to-date symlink: /home/pengbo/rclcpp_cbg/install/rclcpp/include/rclcpp/rate.hpp
[10.052s] -- Up-to-date symlink: /home/pengbo/rclcpp_cbg/install/rclcpp/include/rclcpp/rclcpp.hpp
[10.053s] -- Up-to-date symlink: /home/pengbo/rclcpp_cbg/install/rclcpp/include/rclcpp/scope_exit.hpp
[10.053s] -- Up-to-date symlink: /home/pengbo/rclcpp_cbg/install/rclcpp/include/rclcpp/serialization.hpp
[10.053s] -- Up-to-date symlink: /home/pengbo/rclcpp_cbg/install/rclcpp/include/rclcpp/serialized_message.hpp
[10.053s] -- Up-to-date symlink: /home/pengbo/rclcpp_cbg/install/rclcpp/include/rclcpp/service.hpp
[10.053s] -- Up-to-date symlink: /home/pengbo/rclcpp_cbg/install/rclcpp/include/rclcpp/strategies/allocator_memory_strategy.hpp
[10.053s] -- Up-to-date symlink: /home/pengbo/rclcpp_cbg/install/rclcpp/include/rclcpp/strategies/message_pool_memory_strategy.hpp
[10.053s] -- Up-to-date symlink: /home/pengbo/rclcpp_cbg/install/rclcpp/include/rclcpp/subscription.hpp
[10.053s] -- Up-to-date symlink: /home/pengbo/rclcpp_cbg/install/rclcpp/include/rclcpp/subscription_base.hpp
[10.054s] -- Up-to-date symlink: /home/pengbo/rclcpp_cbg/install/rclcpp/include/rclcpp/subscription_factory.hpp
[10.054s] -- Up-to-date symlink: /home/pengbo/rclcpp_cbg/install/rclcpp/include/rclcpp/subscription_options.hpp
[10.054s] -- Up-to-date symlink: /home/pengbo/rclcpp_cbg/install/rclcpp/include/rclcpp/subscription_traits.hpp
[10.054s] -- Up-to-date symlink: /home/pengbo/rclcpp_cbg/install/rclcpp/include/rclcpp/subscription_wait_set_mask.hpp
[10.054s] -- Up-to-date symlink: /home/pengbo/rclcpp_cbg/install/rclcpp/include/rclcpp/time.hpp
[10.054s] -- Up-to-date symlink: /home/pengbo/rclcpp_cbg/install/rclcpp/include/rclcpp/time_source.hpp
[10.054s] -- Up-to-date symlink: /home/pengbo/rclcpp_cbg/install/rclcpp/include/rclcpp/timer.hpp
[10.054s] -- Up-to-date symlink: /home/pengbo/rclcpp_cbg/install/rclcpp/include/rclcpp/topic_statistics/subscription_topic_statistics.hpp
[10.054s] -- Up-to-date symlink: /home/pengbo/rclcpp_cbg/install/rclcpp/include/rclcpp/topic_statistics_state.hpp
[10.055s] -- Up-to-date symlink: /home/pengbo/rclcpp_cbg/install/rclcpp/include/rclcpp/type_support_decl.hpp
[10.055s] -- Up-to-date symlink: /home/pengbo/rclcpp_cbg/install/rclcpp/include/rclcpp/utilities.hpp
[10.055s] -- Up-to-date symlink: /home/pengbo/rclcpp_cbg/install/rclcpp/include/rclcpp/visibility_control.hpp
[10.055s] -- Up-to-date symlink: /home/pengbo/rclcpp_cbg/install/rclcpp/include/rclcpp/wait_result.hpp
[10.055s] -- Up-to-date symlink: /home/pengbo/rclcpp_cbg/install/rclcpp/include/rclcpp/wait_result_kind.hpp
[10.055s] -- Up-to-date symlink: /home/pengbo/rclcpp_cbg/install/rclcpp/include/rclcpp/wait_set.hpp
[10.055s] -- Up-to-date symlink: /home/pengbo/rclcpp_cbg/install/rclcpp/include/rclcpp/wait_set_policies/detail/storage_policy_common.hpp
[10.055s] -- Up-to-date symlink: /home/pengbo/rclcpp_cbg/install/rclcpp/include/rclcpp/wait_set_policies/detail/synchronization_policy_common.hpp
[10.056s] -- Up-to-date symlink: /home/pengbo/rclcpp_cbg/install/rclcpp/include/rclcpp/wait_set_policies/detail/write_preferring_read_write_lock.hpp
[10.056s] -- Up-to-date symlink: /home/pengbo/rclcpp_cbg/install/rclcpp/include/rclcpp/wait_set_policies/dynamic_storage.hpp
[10.056s] -- Up-to-date symlink: /home/pengbo/rclcpp_cbg/install/rclcpp/include/rclcpp/wait_set_policies/sequential_synchronization.hpp
[10.056s] -- Up-to-date symlink: /home/pengbo/rclcpp_cbg/install/rclcpp/include/rclcpp/wait_set_policies/static_storage.hpp
[10.056s] -- Up-to-date symlink: /home/pengbo/rclcpp_cbg/install/rclcpp/include/rclcpp/wait_set_policies/thread_safe_synchronization.hpp
[10.056s] -- Up-to-date symlink: /home/pengbo/rclcpp_cbg/install/rclcpp/include/rclcpp/wait_set_template.hpp
[10.056s] -- Up-to-date symlink: /home/pengbo/rclcpp_cbg/install/rclcpp/include/rclcpp/waitable.hpp
[10.057s] -- Up-to-date symlink: /home/pengbo/rclcpp_cbg/install/rclcpp/include/rclcpp/logging.hpp
[10.057s] -- Up-to-date symlink: /home/pengbo/rclcpp_cbg/install/rclcpp/include/rclcpp/node_interfaces/get_node_base_interface.hpp
[10.057s] -- Up-to-date symlink: /home/pengbo/rclcpp_cbg/install/rclcpp/include/rclcpp/node_interfaces/get_node_clock_interface.hpp
[10.057s] -- Up-to-date symlink: /home/pengbo/rclcpp_cbg/install/rclcpp/include/rclcpp/node_interfaces/get_node_graph_interface.hpp
[10.057s] -- Up-to-date symlink: /home/pengbo/rclcpp_cbg/install/rclcpp/include/rclcpp/node_interfaces/get_node_logging_interface.hpp
[10.057s] -- Up-to-date symlink: /home/pengbo/rclcpp_cbg/install/rclcpp/include/rclcpp/node_interfaces/get_node_parameters_interface.hpp
[10.057s] -- Up-to-date symlink: /home/pengbo/rclcpp_cbg/install/rclcpp/include/rclcpp/node_interfaces/get_node_services_interface.hpp
[10.058s] -- Up-to-date symlink: /home/pengbo/rclcpp_cbg/install/rclcpp/include/rclcpp/node_interfaces/get_node_time_source_interface.hpp
[10.058s] -- Up-to-date symlink: /home/pengbo/rclcpp_cbg/install/rclcpp/include/rclcpp/node_interfaces/get_node_timers_interface.hpp
[10.058s] -- Up-to-date symlink: /home/pengbo/rclcpp_cbg/install/rclcpp/include/rclcpp/node_interfaces/get_node_topics_interface.hpp
[10.058s] -- Up-to-date symlink: /home/pengbo/rclcpp_cbg/install/rclcpp/include/rclcpp/node_interfaces/get_node_waitables_interface.hpp
[10.058s] -- Up-to-date symlink: /home/pengbo/rclcpp_cbg/install/rclcpp/include/rclcpp/node_interfaces/node_base_interface_traits.hpp
[10.058s] -- Up-to-date symlink: /home/pengbo/rclcpp_cbg/install/rclcpp/include/rclcpp/node_interfaces/node_clock_interface_traits.hpp
[10.058s] -- Up-to-date symlink: /home/pengbo/rclcpp_cbg/install/rclcpp/include/rclcpp/node_interfaces/node_graph_interface_traits.hpp
[10.058s] -- Up-to-date symlink: /home/pengbo/rclcpp_cbg/install/rclcpp/include/rclcpp/node_interfaces/node_logging_interface_traits.hpp
[10.059s] -- Up-to-date symlink: /home/pengbo/rclcpp_cbg/install/rclcpp/include/rclcpp/node_interfaces/node_parameters_interface_traits.hpp
[10.059s] -- Up-to-date symlink: /home/pengbo/rclcpp_cbg/install/rclcpp/include/rclcpp/node_interfaces/node_services_interface_traits.hpp
[10.059s] -- Up-to-date symlink: /home/pengbo/rclcpp_cbg/install/rclcpp/include/rclcpp/node_interfaces/node_time_source_interface_traits.hpp
[10.059s] -- Up-to-date symlink: /home/pengbo/rclcpp_cbg/install/rclcpp/include/rclcpp/node_interfaces/node_timers_interface_traits.hpp
[10.059s] -- Up-to-date symlink: /home/pengbo/rclcpp_cbg/install/rclcpp/include/rclcpp/node_interfaces/node_topics_interface_traits.hpp
[10.059s] -- Up-to-date symlink: /home/pengbo/rclcpp_cbg/install/rclcpp/include/rclcpp/node_interfaces/node_waitables_interface_traits.hpp
[10.059s] -- Installing: /home/pengbo/rclcpp_cbg/install/rclcpp/lib/librclcpp.so
[10.070s] -- Set runtime path of "/home/pengbo/rclcpp_cbg/install/rclcpp/lib/librclcpp.so" to ""
[10.070s] -- Up-to-date: /home/pengbo/rclcpp_cbg/install/rclcpp/share/rclcpp/cmake/rclcppExport.cmake
[10.070s] -- Up-to-date: /home/pengbo/rclcpp_cbg/install/rclcpp/share/rclcpp/cmake/rclcppExport-noconfig.cmake
[10.074s] Invoked command in '/home/pengbo/rclcpp_cbg/build/rclcpp' returned '0': CMAKE_PREFIX_PATH=${CMAKE_PREFIX_PATH}:/home/pengbo/ros2_foxy/install/ros2bag:/home/pengbo/ros2_foxy/install/tracetools_launch:/home/pengbo/ros2_foxy/install/topic_monitor:/home/pengbo/ros2_foxy/install/examples_tf2_py:/home/pengbo/ros2_foxy/install/sros2:/home/pengbo/ros2_foxy/install/rqt_topic:/home/pengbo/ros2_foxy/install/rqt_reconfigure:/home/pengbo/ros2_foxy/install/rqt_action:/home/pengbo/ros2_foxy/install/rqt:/home/pengbo/ros2_foxy/install/rqt_graph:/home/pengbo/ros2_foxy/install/rqt_gui_py:/home/pengbo/ros2_foxy/install/rqt_gui:/home/pengbo/ros2_foxy/install/ros2trace:/home/pengbo/ros2_foxy/install/ros2topic:/home/pengbo/ros2_foxy/install/ros2test:/home/pengbo/ros2_foxy/install/ros2component:/home/pengbo/ros2_foxy/install/ros2param:/home/pengbo/ros2_foxy/install/ros2lifecycle:/home/pengbo/ros2_foxy/install/ros2service:/home/pengbo/ros2_foxy/install/ros2run:/home/pengbo/ros2_foxy/install/ros2launch:/home/pengbo/ros2_foxy/install/ros2pkg:/home/pengbo/ros2_foxy/install/ros2node:/home/pengbo/ros2_foxy/install/ros2multicast:/home/pengbo/ros2_foxy/install/ros2interface:/home/pengbo/ros2_foxy/install/ros2doctor:/home/pengbo/ros2_foxy/install/ros2action:/home/pengbo/ros2_foxy/install/ros2cli:/home/pengbo/ros2_foxy/install/quality_of_service_demo_py:/home/pengbo/ros2_foxy/install/opencv_tests:/home/pengbo/ros2_foxy/install/launch_testing_ros:/home/pengbo/ros2_foxy/install/launch_ros:/home/pengbo/ros2_foxy/install/examples_rclpy_minimal_subscriber:/home/pengbo/ros2_foxy/install/examples_rclpy_minimal_service:/home/pengbo/ros2_foxy/install/examples_rclpy_minimal_publisher:/home/pengbo/ros2_foxy/install/examples_rclpy_minimal_client:/home/pengbo/ros2_foxy/install/examples_rclpy_minimal_action_server:/home/pengbo/ros2_foxy/install/examples_rclpy_minimal_action_client:/home/pengbo/ros2_foxy/install/examples_rclpy_executors:/home/pengbo/ros2_foxy/install/demo_nodes_py:/home/pengbo/ros2_foxy/install/action_tutorials_py:/home/pengbo/ros2_foxy/install/ament_uncrustify:/home/pengbo/ros2_foxy/install/tracetools_trace:/home/pengbo/ros2_foxy/install/tracetools_read:/home/pengbo/ros2_foxy/install/test_launch_ros:/home/pengbo/ros2_foxy/install/rpyutils:/home/pengbo/ros2_foxy/install/rosidl_runtime_py:/home/pengbo/ros2_foxy/install/launch_yaml:/home/pengbo/ros2_foxy/install/launch_xml:/home/pengbo/ros2_foxy/install/launch_testing:/home/pengbo/ros2_foxy/install/launch:/home/pengbo/ros2_foxy/install/osrf_pycommon:/home/pengbo/ros2_foxy/install/domain_coordinator:/home/pengbo/ros2_foxy/install/ament_xmllint:/home/pengbo/ros2_foxy/install/ament_pyflakes:/home/pengbo/ros2_foxy/install/ament_pycodestyle:/home/pengbo/ros2_foxy/install/ament_pep257:/home/pengbo/ros2_foxy/install/ament_pclint:/home/pengbo/ros2_foxy/install/ament_package:/home/pengbo/ros2_foxy/install/ament_mypy:/home/pengbo/ros2_foxy/install/ament_lint_cmake:/home/pengbo/ros2_foxy/install/ament_flake8:/home/pengbo/ros2_foxy/install/ament_copyright:/home/pengbo/ros2_foxy/install/ament_lint:/home/pengbo/ros2_foxy/install/ament_index_python:/home/pengbo/ros2_foxy/install/ament_cpplint:/home/pengbo/ros2_foxy/install/ament_cppcheck:/home/pengbo/ros2_foxy/install/ament_clang_tidy:/home/pengbo/ros2_foxy/install/ament_clang_format /usr/bin/cmake --install /home/pengbo/rclcpp_cbg/build/rclcpp
