[0.029s] Invoking command in '/home/pengbo/rclcpp_cbg/ros2_rclcpp/build/rclcpp': CMAKE_PREFIX_PATH=${CMAKE_PREFIX_PATH}:/home/pengbo/ros2_foxy/install/ros2bag:/home/pengbo/ros2_foxy/install/tracetools_launch:/home/pengbo/ros2_foxy/install/topic_monitor:/home/pengbo/ros2_foxy/install/examples_tf2_py:/home/pengbo/ros2_foxy/install/sros2:/home/pengbo/ros2_foxy/install/rqt_topic:/home/pengbo/ros2_foxy/install/rqt_reconfigure:/home/pengbo/ros2_foxy/install/rqt_action:/home/pengbo/ros2_foxy/install/rqt:/home/pengbo/ros2_foxy/install/rqt_graph:/home/pengbo/ros2_foxy/install/rqt_gui_py:/home/pengbo/ros2_foxy/install/rqt_gui:/home/pengbo/ros2_foxy/install/ros2trace:/home/pengbo/ros2_foxy/install/ros2topic:/home/pengbo/ros2_foxy/install/ros2test:/home/pengbo/ros2_foxy/install/ros2component:/home/pengbo/ros2_foxy/install/ros2param:/home/pengbo/ros2_foxy/install/ros2lifecycle:/home/pengbo/ros2_foxy/install/ros2service:/home/pengbo/ros2_foxy/install/ros2run:/home/pengbo/ros2_foxy/install/ros2launch:/home/pengbo/ros2_foxy/install/ros2pkg:/home/pengbo/ros2_foxy/install/ros2node:/home/pengbo/ros2_foxy/install/ros2multicast:/home/pengbo/ros2_foxy/install/ros2interface:/home/pengbo/ros2_foxy/install/ros2doctor:/home/pengbo/ros2_foxy/install/ros2action:/home/pengbo/ros2_foxy/install/ros2cli:/home/pengbo/ros2_foxy/install/quality_of_service_demo_py:/home/pengbo/ros2_foxy/install/opencv_tests:/home/pengbo/ros2_foxy/install/launch_testing_ros:/home/pengbo/ros2_foxy/install/launch_ros:/home/pengbo/ros2_foxy/install/examples_rclpy_minimal_subscriber:/home/pengbo/ros2_foxy/install/examples_rclpy_minimal_service:/home/pengbo/ros2_foxy/install/examples_rclpy_minimal_publisher:/home/pengbo/ros2_foxy/install/examples_rclpy_minimal_client:/home/pengbo/ros2_foxy/install/examples_rclpy_minimal_action_server:/home/pengbo/ros2_foxy/install/examples_rclpy_minimal_action_client:/home/pengbo/ros2_foxy/install/examples_rclpy_executors:/home/pengbo/ros2_foxy/install/demo_nodes_py:/home/pengbo/ros2_foxy/install/action_tutorials_py:/home/pengbo/ros2_foxy/install/ament_uncrustify:/home/pengbo/ros2_foxy/install/tracetools_trace:/home/pengbo/ros2_foxy/install/tracetools_read:/home/pengbo/ros2_foxy/install/test_launch_ros:/home/pengbo/ros2_foxy/install/rpyutils:/home/pengbo/ros2_foxy/install/rosidl_runtime_py:/home/pengbo/ros2_foxy/install/launch_yaml:/home/pengbo/ros2_foxy/install/launch_xml:/home/pengbo/ros2_foxy/install/launch_testing:/home/pengbo/ros2_foxy/install/launch:/home/pengbo/ros2_foxy/install/osrf_pycommon:/home/pengbo/ros2_foxy/install/domain_coordinator:/home/pengbo/ros2_foxy/install/ament_xmllint:/home/pengbo/ros2_foxy/install/ament_pyflakes:/home/pengbo/ros2_foxy/install/ament_pycodestyle:/home/pengbo/ros2_foxy/install/ament_pep257:/home/pengbo/ros2_foxy/install/ament_pclint:/home/pengbo/ros2_foxy/install/ament_package:/home/pengbo/ros2_foxy/install/ament_mypy:/home/pengbo/ros2_foxy/install/ament_lint_cmake:/home/pengbo/ros2_foxy/install/ament_flake8:/home/pengbo/ros2_foxy/install/ament_copyright:/home/pengbo/ros2_foxy/install/ament_lint:/home/pengbo/ros2_foxy/install/ament_index_python:/home/pengbo/ros2_foxy/install/ament_cpplint:/home/pengbo/ros2_foxy/install/ament_cppcheck:/home/pengbo/ros2_foxy/install/ament_clang_tidy:/home/pengbo/ros2_foxy/install/ament_clang_format /usr/bin/cmake /home/pengbo/rclcpp_cbg/ros2_rclcpp/rclcpp -DCMAKE_INSTALL_PREFIX=/home/pengbo/rclcpp_cbg/ros2_rclcpp/install/rclcpp
[0.123s] -- The C compiler identification is GNU 9.3.0
[0.210s] -- The CXX compiler identification is GNU 9.3.0
[0.227s] -- Check for working C compiler: /usr/bin/cc
[0.326s] -- Check for working C compiler: /usr/bin/cc -- works
[0.327s] -- Detecting C compiler ABI info
[0.436s] -- Detecting C compiler ABI info - done
[0.446s] -- Detecting C compile features
[0.446s] -- Detecting C compile features - done
[0.448s] -- Check for working CXX compiler: /usr/bin/c++
[0.561s] -- Check for working CXX compiler: /usr/bin/c++ -- works
[0.562s] -- Detecting CXX compiler ABI info
[0.668s] -- Detecting CXX compiler ABI info - done
[0.683s] -- Detecting CXX compile features
[0.684s] -- Detecting CXX compile features - done
[0.693s] -- Found ament_cmake_ros: 0.9.0 (/home/pengbo/ros2_foxy/install/ament_cmake_ros/share/ament_cmake_ros/cmake)
[0.889s] -- Found PythonInterp: /usr/bin/python3 (found suitable version "3.8.5", minimum required is "3") 
[0.889s] -- Using PYTHON_EXECUTABLE: /usr/bin/python3
[1.330s] -- Found builtin_interfaces: 1.0.0 (/home/pengbo/ros2_foxy/install/builtin_interfaces/share/builtin_interfaces/cmake)
[1.438s] -- Using all available rosidl_typesupport_c: rosidl_typesupport_introspection_c;rosidl_typesupport_fastrtps_c
[1.461s] -- Found rosidl_adapter: 1.1.0 (/home/pengbo/ros2_foxy/install/rosidl_adapter/share/rosidl_adapter/cmake)
[1.572s] -- Found FastRTPS: /home/pengbo/ros2_foxy/install/fastrtps/include  
[1.694s] -- Using all available rosidl_typesupport_cpp: rosidl_typesupport_introspection_cpp;rosidl_typesupport_fastrtps_cpp
[1.732s] -- Found libstatistics_collector: 1.0.1 (/home/pengbo/ros2_foxy/install/libstatistics_collector/share/libstatistics_collector/cmake)
[1.806s] -- Found rmw_implementation_cmake: 1.0.2 (/home/pengbo/ros2_foxy/install/rmw_implementation_cmake/share/rmw_implementation_cmake/cmake)
[1.831s] -- Using RMW implementation 'rmw_fastrtps_cpp' as default
[1.831s] -- Looking for pthread.h
[1.942s] -- Looking for pthread.h - found
[1.942s] -- Performing Test CMAKE_HAVE_LIBC_PTHREAD
[2.057s] -- Performing Test CMAKE_HAVE_LIBC_PTHREAD - Failed
[2.058s] -- Looking for pthread_create in pthreads
[2.150s] -- Looking for pthread_create in pthreads - not found
[2.150s] -- Looking for pthread_create in pthread
[2.269s] -- Looking for pthread_create in pthread - found
[2.270s] -- Found Threads: TRUE  
[2.394s] -- Found rosgraph_msgs: 1.0.0 (/home/pengbo/ros2_foxy/install/rosgraph_msgs/share/rosgraph_msgs/cmake)
[2.546s] -- Found ament_lint_auto: 0.9.5 (/home/pengbo/ros2_foxy/install/ament_lint_auto/share/ament_lint_auto/cmake)
[3.146s] -- Found PythonInterp: /usr/bin/python3 (found version "3.8.5") 
[3.724s] -- Using all available rosidl_typesupport_c: rosidl_typesupport_introspection_c;rosidl_typesupport_fastrtps_c
[3.864s] -- Using all available rosidl_typesupport_cpp: rosidl_typesupport_introspection_cpp;rosidl_typesupport_fastrtps_cpp
[4.075s] -- Found PythonInterp: /usr/bin/python3 (found suitable version "3.8.5", minimum required is "3.5") 
[4.086s] -- Found python_cmake_module: 0.8.0 (/home/pengbo/ros2_foxy/install/python_cmake_module/share/python_cmake_module/cmake)
[4.250s] -- Found PythonLibs: /usr/lib/x86_64-linux-gnu/libpython3.8.so (found suitable version "3.8.5", minimum required is "3.5") 
[4.250s] -- Using PYTHON_EXECUTABLE: /usr/bin/python3
[4.250s] -- Using PYTHON_INCLUDE_DIRS: /usr/include/python3.8
[4.250s] -- Using PYTHON_LIBRARIES: /usr/lib/x86_64-linux-gnu/libpython3.8.so
[4.392s] -- Found PythonExtra: .so  
[4.788s] -- Found gtest sources under '/home/pengbo/ros2_foxy/install/gtest_vendor/src/gtest_vendor': C++ tests using 'Google Test' will be built
[4.789s] -- Check if compiler accepts -pthread
[4.903s] -- Check if compiler accepts -pthread - yes
[5.156s] -- Found gmock sources under '/home/pengbo/ros2_foxy/install/gmock_vendor/src/gmock_vendor': C++ tests using 'Google Mock' will be built
[6.373s] -- Added test 'copyright' to check source files copyright and LICENSE
[6.412s] -- Added test 'cppcheck' to perform static code analysis on C / C++ code
[6.416s] -- Configured cppcheck include dirs: $<BUILD_INTERFACE:/home/pengbo/rclcpp_cbg/ros2_rclcpp/rclcpp/include>;/home/pengbo/rclcpp_cbg/ros2_rclcpp/rclcpp/test/;/home/pengbo/rclcpp_cbg/ros2_rclcpp/rclcpp/include
[6.416s] -- Configured cppcheck exclude dirs and/or files: 
[6.456s] -- Added test 'cpplint' to check C / C++ code against the Google style
[6.456s] -- Configured cpplint exclude dirs and/or files: 
[6.463s] -- Added test 'flake8' to check Python code syntax and style conventions
[6.473s] -- Added test 'lint_cmake' to check CMake code style
[6.480s] -- Added test 'pep257' to check Python code against some of the style conventions in PEP 257
[6.515s] -- Added test 'uncrustify' to check C / C++ code style
[6.515s] -- Configured uncrustify additional arguments: 
[6.521s] -- Added test 'xmllint' to check XML markup files
[6.530s] -- Configuring done
[6.746s] -- Generating done
[6.752s] -- Build files have been written to: /home/pengbo/rclcpp_cbg/ros2_rclcpp/build/rclcpp
[6.763s] Invoked command in '/home/pengbo/rclcpp_cbg/ros2_rclcpp/build/rclcpp' returned '0': CMAKE_PREFIX_PATH=${CMAKE_PREFIX_PATH}:/home/pengbo/ros2_foxy/install/ros2bag:/home/pengbo/ros2_foxy/install/tracetools_launch:/home/pengbo/ros2_foxy/install/topic_monitor:/home/pengbo/ros2_foxy/install/examples_tf2_py:/home/pengbo/ros2_foxy/install/sros2:/home/pengbo/ros2_foxy/install/rqt_topic:/home/pengbo/ros2_foxy/install/rqt_reconfigure:/home/pengbo/ros2_foxy/install/rqt_action:/home/pengbo/ros2_foxy/install/rqt:/home/pengbo/ros2_foxy/install/rqt_graph:/home/pengbo/ros2_foxy/install/rqt_gui_py:/home/pengbo/ros2_foxy/install/rqt_gui:/home/pengbo/ros2_foxy/install/ros2trace:/home/pengbo/ros2_foxy/install/ros2topic:/home/pengbo/ros2_foxy/install/ros2test:/home/pengbo/ros2_foxy/install/ros2component:/home/pengbo/ros2_foxy/install/ros2param:/home/pengbo/ros2_foxy/install/ros2lifecycle:/home/pengbo/ros2_foxy/install/ros2service:/home/pengbo/ros2_foxy/install/ros2run:/home/pengbo/ros2_foxy/install/ros2launch:/home/pengbo/ros2_foxy/install/ros2pkg:/home/pengbo/ros2_foxy/install/ros2node:/home/pengbo/ros2_foxy/install/ros2multicast:/home/pengbo/ros2_foxy/install/ros2interface:/home/pengbo/ros2_foxy/install/ros2doctor:/home/pengbo/ros2_foxy/install/ros2action:/home/pengbo/ros2_foxy/install/ros2cli:/home/pengbo/ros2_foxy/install/quality_of_service_demo_py:/home/pengbo/ros2_foxy/install/opencv_tests:/home/pengbo/ros2_foxy/install/launch_testing_ros:/home/pengbo/ros2_foxy/install/launch_ros:/home/pengbo/ros2_foxy/install/examples_rclpy_minimal_subscriber:/home/pengbo/ros2_foxy/install/examples_rclpy_minimal_service:/home/pengbo/ros2_foxy/install/examples_rclpy_minimal_publisher:/home/pengbo/ros2_foxy/install/examples_rclpy_minimal_client:/home/pengbo/ros2_foxy/install/examples_rclpy_minimal_action_server:/home/pengbo/ros2_foxy/install/examples_rclpy_minimal_action_client:/home/pengbo/ros2_foxy/install/examples_rclpy_executors:/home/pengbo/ros2_foxy/install/demo_nodes_py:/home/pengbo/ros2_foxy/install/action_tutorials_py:/home/pengbo/ros2_foxy/install/ament_uncrustify:/home/pengbo/ros2_foxy/install/tracetools_trace:/home/pengbo/ros2_foxy/install/tracetools_read:/home/pengbo/ros2_foxy/install/test_launch_ros:/home/pengbo/ros2_foxy/install/rpyutils:/home/pengbo/ros2_foxy/install/rosidl_runtime_py:/home/pengbo/ros2_foxy/install/launch_yaml:/home/pengbo/ros2_foxy/install/launch_xml:/home/pengbo/ros2_foxy/install/launch_testing:/home/pengbo/ros2_foxy/install/launch:/home/pengbo/ros2_foxy/install/osrf_pycommon:/home/pengbo/ros2_foxy/install/domain_coordinator:/home/pengbo/ros2_foxy/install/ament_xmllint:/home/pengbo/ros2_foxy/install/ament_pyflakes:/home/pengbo/ros2_foxy/install/ament_pycodestyle:/home/pengbo/ros2_foxy/install/ament_pep257:/home/pengbo/ros2_foxy/install/ament_pclint:/home/pengbo/ros2_foxy/install/ament_package:/home/pengbo/ros2_foxy/install/ament_mypy:/home/pengbo/ros2_foxy/install/ament_lint_cmake:/home/pengbo/ros2_foxy/install/ament_flake8:/home/pengbo/ros2_foxy/install/ament_copyright:/home/pengbo/ros2_foxy/install/ament_lint:/home/pengbo/ros2_foxy/install/ament_index_python:/home/pengbo/ros2_foxy/install/ament_cpplint:/home/pengbo/ros2_foxy/install/ament_cppcheck:/home/pengbo/ros2_foxy/install/ament_clang_tidy:/home/pengbo/ros2_foxy/install/ament_clang_format /usr/bin/cmake /home/pengbo/rclcpp_cbg/ros2_rclcpp/rclcpp -DCMAKE_INSTALL_PREFIX=/home/pengbo/rclcpp_cbg/ros2_rclcpp/install/rclcpp
[6.767s] Invoking command in '/home/pengbo/rclcpp_cbg/ros2_rclcpp/build/rclcpp': CMAKE_PREFIX_PATH=${CMAKE_PREFIX_PATH}:/home/pengbo/ros2_foxy/install/ros2bag:/home/pengbo/ros2_foxy/install/tracetools_launch:/home/pengbo/ros2_foxy/install/topic_monitor:/home/pengbo/ros2_foxy/install/examples_tf2_py:/home/pengbo/ros2_foxy/install/sros2:/home/pengbo/ros2_foxy/install/rqt_topic:/home/pengbo/ros2_foxy/install/rqt_reconfigure:/home/pengbo/ros2_foxy/install/rqt_action:/home/pengbo/ros2_foxy/install/rqt:/home/pengbo/ros2_foxy/install/rqt_graph:/home/pengbo/ros2_foxy/install/rqt_gui_py:/home/pengbo/ros2_foxy/install/rqt_gui:/home/pengbo/ros2_foxy/install/ros2trace:/home/pengbo/ros2_foxy/install/ros2topic:/home/pengbo/ros2_foxy/install/ros2test:/home/pengbo/ros2_foxy/install/ros2component:/home/pengbo/ros2_foxy/install/ros2param:/home/pengbo/ros2_foxy/install/ros2lifecycle:/home/pengbo/ros2_foxy/install/ros2service:/home/pengbo/ros2_foxy/install/ros2run:/home/pengbo/ros2_foxy/install/ros2launch:/home/pengbo/ros2_foxy/install/ros2pkg:/home/pengbo/ros2_foxy/install/ros2node:/home/pengbo/ros2_foxy/install/ros2multicast:/home/pengbo/ros2_foxy/install/ros2interface:/home/pengbo/ros2_foxy/install/ros2doctor:/home/pengbo/ros2_foxy/install/ros2action:/home/pengbo/ros2_foxy/install/ros2cli:/home/pengbo/ros2_foxy/install/quality_of_service_demo_py:/home/pengbo/ros2_foxy/install/opencv_tests:/home/pengbo/ros2_foxy/install/launch_testing_ros:/home/pengbo/ros2_foxy/install/launch_ros:/home/pengbo/ros2_foxy/install/examples_rclpy_minimal_subscriber:/home/pengbo/ros2_foxy/install/examples_rclpy_minimal_service:/home/pengbo/ros2_foxy/install/examples_rclpy_minimal_publisher:/home/pengbo/ros2_foxy/install/examples_rclpy_minimal_client:/home/pengbo/ros2_foxy/install/examples_rclpy_minimal_action_server:/home/pengbo/ros2_foxy/install/examples_rclpy_minimal_action_client:/home/pengbo/ros2_foxy/install/examples_rclpy_executors:/home/pengbo/ros2_foxy/install/demo_nodes_py:/home/pengbo/ros2_foxy/install/action_tutorials_py:/home/pengbo/ros2_foxy/install/ament_uncrustify:/home/pengbo/ros2_foxy/install/tracetools_trace:/home/pengbo/ros2_foxy/install/tracetools_read:/home/pengbo/ros2_foxy/install/test_launch_ros:/home/pengbo/ros2_foxy/install/rpyutils:/home/pengbo/ros2_foxy/install/rosidl_runtime_py:/home/pengbo/ros2_foxy/install/launch_yaml:/home/pengbo/ros2_foxy/install/launch_xml:/home/pengbo/ros2_foxy/install/launch_testing:/home/pengbo/ros2_foxy/install/launch:/home/pengbo/ros2_foxy/install/osrf_pycommon:/home/pengbo/ros2_foxy/install/domain_coordinator:/home/pengbo/ros2_foxy/install/ament_xmllint:/home/pengbo/ros2_foxy/install/ament_pyflakes:/home/pengbo/ros2_foxy/install/ament_pycodestyle:/home/pengbo/ros2_foxy/install/ament_pep257:/home/pengbo/ros2_foxy/install/ament_pclint:/home/pengbo/ros2_foxy/install/ament_package:/home/pengbo/ros2_foxy/install/ament_mypy:/home/pengbo/ros2_foxy/install/ament_lint_cmake:/home/pengbo/ros2_foxy/install/ament_flake8:/home/pengbo/ros2_foxy/install/ament_copyright:/home/pengbo/ros2_foxy/install/ament_lint:/home/pengbo/ros2_foxy/install/ament_index_python:/home/pengbo/ros2_foxy/install/ament_cpplint:/home/pengbo/ros2_foxy/install/ament_cppcheck:/home/pengbo/ros2_foxy/install/ament_clang_tidy:/home/pengbo/ros2_foxy/install/ament_clang_format /usr/bin/cmake --build /home/pengbo/rclcpp_cbg/ros2_rclcpp/build/rclcpp -- -j12 -l12
[6.854s] [35m[1mScanning dependencies of target rclcpp_test_msgs__cpp[0m
[6.855s] [35m[1mScanning dependencies of target rclcpp_test_msgs__rosidl_generator_c[0m
[6.874s] [  3%] Built target gmock
[6.874s] [  3%] Built target gtest_main
[6.874s] [  3%] Built target gmock_main
[6.875s] [  4%] Built target gtest
[6.878s] [  6%] Built target rclcpp_test_msgs__rosidl_generator_c
[6.878s] [35m[1mScanning dependencies of target rclcpp[0m
[6.878s] [  6%] Built target rclcpp_test_msgs__cpp
[6.897s] [35m[1mScanning dependencies of target test_function_traits[0m
[6.901s] [35m[1mScanning dependencies of target rclcpp_test_msgs__rosidl_typesupport_c[0m
[6.903s] [35m[1mScanning dependencies of target rclcpp_test_msgs__rosidl_typesupport_introspection_c[0m
[6.903s] [35m[1mScanning dependencies of target rclcpp_test_msgs__rosidl_typesupport_fastrtps_cpp[0m
[6.903s] [35m[1mScanning dependencies of target rclcpp_test_msgs__rosidl_typesupport_introspection_cpp[0m
[6.905s] [35m[1mScanning dependencies of target rclcpp_test_msgs__rosidl_typesupport_cpp[0m
[6.925s] [  8%] Built target rclcpp_test_msgs__rosidl_typesupport_cpp
[6.926s] [  9%] Built target test_function_traits
[6.926s] [ 10%] Built target rclcpp_test_msgs__rosidl_typesupport_c
[6.926s] [ 12%] Built target rclcpp_test_msgs__rosidl_typesupport_introspection_cpp
[6.929s] [ 14%] Built target rclcpp_test_msgs__rosidl_typesupport_introspection_c
[6.929s] [ 16%] Built target rclcpp_test_msgs__rosidl_typesupport_fastrtps_cpp
[6.948s] [35m[1mScanning dependencies of target rclcpp_test_msgs__rosidl_typesupport_fastrtps_c[0m
[6.982s] [ 18%] Built target rclcpp_test_msgs__rosidl_typesupport_fastrtps_c
[7.002s] [35m[1mScanning dependencies of target rclcpp_test_msgs[0m
[7.023s] [ 18%] Built target rclcpp_test_msgs
[7.052s] [ 18%] [32mBuilding CXX object CMakeFiles/rclcpp.dir/src/rclcpp/executors/single_threaded_executor.cpp.o[0m
[7.066s] [ 18%] Built target rclcpp_test_msgs__py
[7.086s] [35m[1mScanning dependencies of target rclcpp_test_msgs__python[0m
[7.120s] [ 20%] Built target rclcpp_test_msgs__python
[7.143s] [35m[1mScanning dependencies of target rclcpp__rosidl_typesupport_c__pyext[0m
[7.143s] [35m[1mScanning dependencies of target rclcpp__rosidl_typesupport_fastrtps_c__pyext[0m
[7.146s] [35m[1mScanning dependencies of target rclcpp__rosidl_typesupport_introspection_c__pyext[0m
[7.172s] [ 21%] Built target rclcpp__rosidl_typesupport_fastrtps_c__pyext
[7.177s] [ 22%] Built target rclcpp__rosidl_typesupport_c__pyext
[7.180s] [ 23%] Built target rclcpp__rosidl_typesupport_introspection_c__pyext
[7.981s] [ 24%] [32m[1mLinking CXX shared library librclcpp.so[0m
[8.617s] [ 61%] Built target rclcpp
[8.643s] [35m[1mScanning dependencies of target test_subscription_topic_statistics[0m
[8.643s] [35m[1mScanning dependencies of target test_intra_process_manager[0m
[8.643s] [35m[1mScanning dependencies of target test_executor[0m
[8.644s] [35m[1mScanning dependencies of target test_logger[0m
[8.644s] [35m[1mScanning dependencies of target test_subscription_options[0m
[8.644s] [35m[1mScanning dependencies of target test_loaned_message[0m
[8.644s] [35m[1mScanning dependencies of target test_node_interfaces__get_node_interfaces[0m
[8.645s] [35m[1mScanning dependencies of target test_node_global_args[0m
[8.646s] [35m[1mScanning dependencies of target test_expand_topic_or_service_name[0m
[8.650s] [35m[1mScanning dependencies of target test_create_timer[0m
[8.653s] [35m[1mScanning dependencies of target test_ring_buffer_implementation[0m
[8.657s] [35m[1mScanning dependencies of target test_duration[0m
[8.683s] [ 61%] [32m[1mLinking CXX executable test_logger[0m
[8.691s] [ 61%] [32m[1mLinking CXX executable test_expand_topic_or_service_name[0m
[8.693s] [ 62%] [32m[1mLinking CXX executable test_ring_buffer_implementation[0m
[8.699s] [ 62%] [32m[1mLinking CXX executable test_subscription_options[0m
[8.700s] [ 62%] [32m[1mLinking CXX executable test_intra_process_manager[0m
[8.705s] [ 62%] [32m[1mLinking CXX executable test_executor[0m
[8.705s] [ 62%] [32m[1mLinking CXX executable test_subscription_topic_statistics[0m
[8.706s] [ 63%] [32m[1mLinking CXX executable test_node_global_args[0m
[8.707s] [ 63%] [32m[1mLinking CXX executable test_loaned_message[0m
[8.715s] [ 63%] [32m[1mLinking CXX executable test_create_timer[0m
[8.718s] [ 64%] [32m[1mLinking CXX executable test_node_interfaces__get_node_interfaces[0m
[8.719s] [ 64%] [32m[1mLinking CXX executable test_duration[0m
[10.043s] [ 65%] Built target test_expand_topic_or_service_name
[10.049s] [ 66%] Built target test_executor
[10.067s] [ 67%] Built target test_subscription_options
[10.092s] [35m[1mScanning dependencies of target test_wait_set[0m
[10.095s] [ 67%] Built target test_ring_buffer_implementation
[10.109s] [35m[1mScanning dependencies of target test_intra_process_buffer[0m
[10.111s] [35m[1mScanning dependencies of target test_serialized_message[0m
[10.120s] [ 67%] Built target test_node_global_args
[10.139s] [ 68%] Built target test_logger
[10.140s] [35m[1mScanning dependencies of target test_subscription_traits[0m
[10.151s] [ 69%] Built target test_duration
[10.164s] [35m[1mScanning dependencies of target test_find_weak_nodes[0m
[10.172s] [ 70%] [32m[1mLinking CXX executable test_wait_set[0m
[10.172s] [35m[1mScanning dependencies of target test_node_options[0m
[10.173s] [ 70%] [32m[1mLinking CXX executable test_intra_process_buffer[0m
[10.187s] [35m[1mScanning dependencies of target test_time_source[0m
[10.193s] [ 71%] [32m[1mLinking CXX executable test_serialized_message[0m
[10.194s] [ 71%] [32m[1mLinking CXX executable test_subscription_traits[0m
[10.224s] [ 72%] [32m[1mLinking CXX executable test_node_options[0m
[10.232s] [ 73%] [32m[1mLinking CXX executable test_find_weak_nodes[0m
[10.236s] [ 74%] Built target test_loaned_message
[10.272s] [35m[1mScanning dependencies of target test_logging[0m
[10.275s] [ 75%] [32m[1mLinking CXX executable test_time_source[0m
[10.289s] [ 76%] Built target test_intra_process_manager
[10.333s] [ 76%] [32m[1mLinking CXX executable test_logging[0m
[10.384s] [35m[1mScanning dependencies of target test_parameter[0m
[10.480s] [ 77%] [32m[1mLinking CXX executable test_parameter[0m
[10.510s] [ 77%] Built target test_node_interfaces__get_node_interfaces
[10.535s] [ 78%] Built target test_subscription_traits
[10.561s] [35m[1mScanning dependencies of target test_parameter_events_filter[0m
[10.598s] [35m[1mScanning dependencies of target test_parameter_map[0m
[10.640s] [ 79%] Built target test_create_timer
[10.642s] [ 79%] [32m[1mLinking CXX executable test_parameter_events_filter[0m
[10.676s] [ 79%] [32m[1mLinking CXX executable test_parameter_map[0m
[10.694s] [ 80%] Built target test_subscription_topic_statistics
[10.722s] [35m[1mScanning dependencies of target test_service[0m
[10.760s] [35m[1mScanning dependencies of target test_rate[0m
[10.862s] [ 81%] [32m[1mLinking CXX executable test_rate[0m
[10.873s] [ 81%] [32m[1mLinking CXX executable test_service[0m
[11.435s] [ 81%] Built target test_intra_process_buffer
[11.471s] [ 81%] Built target test_node_options
[11.501s] [35m[1mScanning dependencies of target test_publisher_subscription_count_api[0m
[11.549s] [35m[1mScanning dependencies of target test_publisher[0m
[11.612s] [ 81%] [32m[1mLinking CXX executable test_publisher_subscription_count_api[0m
[11.629s] [ 81%] Built target test_time_source
[11.636s] [ 81%] [32m[1mLinking CXX executable test_publisher[0m
[11.662s] [ 81%] Built target test_find_weak_nodes
[11.675s] [35m[1mScanning dependencies of target test_externally_defined_services[0m
[11.757s] [ 82%] Built target test_logging
[11.768s] [35m[1mScanning dependencies of target test_qos[0m
[11.770s] [ 82%] [32m[1mLinking CXX executable test_externally_defined_services[0m
[11.789s] [ 82%] Built target test_serialized_message
[11.798s] [35m[1mScanning dependencies of target test_serialized_message_allocator[0m
[11.834s] [35m[1mScanning dependencies of target test_parameter_client[0m
[11.858s] [ 82%] [32m[1mLinking CXX executable test_qos[0m
[11.866s] [ 82%] Built target test_parameter
[11.899s] [35m[1mScanning dependencies of target test_subscription[0m
[11.899s] [ 83%] [32m[1mLinking CXX executable test_serialized_message_allocator[0m
[11.909s] [ 83%] [32m[1mLinking CXX executable test_parameter_client[0m
[11.923s] [ 84%] Built target test_parameter_map
[11.934s] [ 85%] Built target test_parameter_events_filter
[11.960s] [ 85%] [32m[1mLinking CXX executable test_subscription[0m
[11.982s] [35m[1mScanning dependencies of target test_subscription_publisher_count_api[0m
[11.984s] [35m[1mScanning dependencies of target test_time[0m
[12.066s] [ 85%] [32m[1mLinking CXX executable test_subscription_publisher_count_api[0m
[12.076s] [ 86%] Built target test_wait_set
[12.080s] [ 86%] [32m[1mLinking CXX executable test_time[0m
[12.091s] [ 86%] Built target test_rate
[12.128s] [35m[1mScanning dependencies of target test_timer[0m
[12.138s] [35m[1mScanning dependencies of target test_utilities[0m
[12.173s] [ 86%] Built target test_service
[12.211s] [ 87%] [32m[1mLinking CXX executable test_timer[0m
[12.218s] [ 88%] [32m[1mLinking CXX executable test_utilities[0m
[12.236s] [35m[1mScanning dependencies of target test_client[0m
[12.493s] [ 88%] [32m[1mLinking CXX executable test_client[0m
[13.097s] [ 89%] Built target test_publisher
[13.103s] [ 90%] Built target test_qos
[13.143s] [35m[1mScanning dependencies of target test_init[0m
[13.181s] [35m[1mScanning dependencies of target test_qos_event[0m
[13.192s] [ 91%] Built target test_externally_defined_services
[13.226s] [35m[1mScanning dependencies of target test_interface_traits[0m
[13.229s] [ 92%] Built target test_publisher_subscription_count_api
[13.237s] [ 93%] [32m[1mLinking CXX executable test_init[0m
[13.276s] [ 94%] [32m[1mLinking CXX executable test_qos_event[0m
[13.295s] [35m[1mScanning dependencies of target test_multi_threaded_executor[0m
[13.297s] [ 95%] [32m[1mLinking CXX executable test_interface_traits[0m
[13.393s] [ 95%] [32m[1mLinking CXX executable test_multi_threaded_executor[0m
[13.433s] [ 95%] Built target test_time
[13.469s] [ 95%] Built target test_parameter_client
[13.474s] [35m[1mScanning dependencies of target test_node[0m
[13.483s] [ 95%] Built target test_utilities
[13.515s] [35m[1mScanning dependencies of target test_guard_condition[0m
[13.536s] [ 96%] [32m[1mLinking CXX executable test_node[0m
[13.575s] [ 97%] [32m[1mLinking CXX executable test_guard_condition[0m
[13.586s] [ 97%] Built target test_serialized_message_allocator
[13.729s] [ 98%] Built target test_subscription_publisher_count_api
[13.780s] [ 99%] Built target test_subscription
[13.805s] [ 99%] Built target test_client
[13.845s] [ 99%] Built target test_timer
[14.199s] [ 99%] Built target test_init
[14.271s] [ 99%] Built target test_interface_traits
[14.293s] [100%] Built target test_multi_threaded_executor
[14.326s] [100%] Built target test_guard_condition
[14.366s] [100%] Built target test_qos_event
[14.444s] [100%] Built target test_node
[14.465s] Invoked command in '/home/pengbo/rclcpp_cbg/ros2_rclcpp/build/rclcpp' returned '0': CMAKE_PREFIX_PATH=${CMAKE_PREFIX_PATH}:/home/pengbo/ros2_foxy/install/ros2bag:/home/pengbo/ros2_foxy/install/tracetools_launch:/home/pengbo/ros2_foxy/install/topic_monitor:/home/pengbo/ros2_foxy/install/examples_tf2_py:/home/pengbo/ros2_foxy/install/sros2:/home/pengbo/ros2_foxy/install/rqt_topic:/home/pengbo/ros2_foxy/install/rqt_reconfigure:/home/pengbo/ros2_foxy/install/rqt_action:/home/pengbo/ros2_foxy/install/rqt:/home/pengbo/ros2_foxy/install/rqt_graph:/home/pengbo/ros2_foxy/install/rqt_gui_py:/home/pengbo/ros2_foxy/install/rqt_gui:/home/pengbo/ros2_foxy/install/ros2trace:/home/pengbo/ros2_foxy/install/ros2topic:/home/pengbo/ros2_foxy/install/ros2test:/home/pengbo/ros2_foxy/install/ros2component:/home/pengbo/ros2_foxy/install/ros2param:/home/pengbo/ros2_foxy/install/ros2lifecycle:/home/pengbo/ros2_foxy/install/ros2service:/home/pengbo/ros2_foxy/install/ros2run:/home/pengbo/ros2_foxy/install/ros2launch:/home/pengbo/ros2_foxy/install/ros2pkg:/home/pengbo/ros2_foxy/install/ros2node:/home/pengbo/ros2_foxy/install/ros2multicast:/home/pengbo/ros2_foxy/install/ros2interface:/home/pengbo/ros2_foxy/install/ros2doctor:/home/pengbo/ros2_foxy/install/ros2action:/home/pengbo/ros2_foxy/install/ros2cli:/home/pengbo/ros2_foxy/install/quality_of_service_demo_py:/home/pengbo/ros2_foxy/install/opencv_tests:/home/pengbo/ros2_foxy/install/launch_testing_ros:/home/pengbo/ros2_foxy/install/launch_ros:/home/pengbo/ros2_foxy/install/examples_rclpy_minimal_subscriber:/home/pengbo/ros2_foxy/install/examples_rclpy_minimal_service:/home/pengbo/ros2_foxy/install/examples_rclpy_minimal_publisher:/home/pengbo/ros2_foxy/install/examples_rclpy_minimal_client:/home/pengbo/ros2_foxy/install/examples_rclpy_minimal_action_server:/home/pengbo/ros2_foxy/install/examples_rclpy_minimal_action_client:/home/pengbo/ros2_foxy/install/examples_rclpy_executors:/home/pengbo/ros2_foxy/install/demo_nodes_py:/home/pengbo/ros2_foxy/install/action_tutorials_py:/home/pengbo/ros2_foxy/install/ament_uncrustify:/home/pengbo/ros2_foxy/install/tracetools_trace:/home/pengbo/ros2_foxy/install/tracetools_read:/home/pengbo/ros2_foxy/install/test_launch_ros:/home/pengbo/ros2_foxy/install/rpyutils:/home/pengbo/ros2_foxy/install/rosidl_runtime_py:/home/pengbo/ros2_foxy/install/launch_yaml:/home/pengbo/ros2_foxy/install/launch_xml:/home/pengbo/ros2_foxy/install/launch_testing:/home/pengbo/ros2_foxy/install/launch:/home/pengbo/ros2_foxy/install/osrf_pycommon:/home/pengbo/ros2_foxy/install/domain_coordinator:/home/pengbo/ros2_foxy/install/ament_xmllint:/home/pengbo/ros2_foxy/install/ament_pyflakes:/home/pengbo/ros2_foxy/install/ament_pycodestyle:/home/pengbo/ros2_foxy/install/ament_pep257:/home/pengbo/ros2_foxy/install/ament_pclint:/home/pengbo/ros2_foxy/install/ament_package:/home/pengbo/ros2_foxy/install/ament_mypy:/home/pengbo/ros2_foxy/install/ament_lint_cmake:/home/pengbo/ros2_foxy/install/ament_flake8:/home/pengbo/ros2_foxy/install/ament_copyright:/home/pengbo/ros2_foxy/install/ament_lint:/home/pengbo/ros2_foxy/install/ament_index_python:/home/pengbo/ros2_foxy/install/ament_cpplint:/home/pengbo/ros2_foxy/install/ament_cppcheck:/home/pengbo/ros2_foxy/install/ament_clang_tidy:/home/pengbo/ros2_foxy/install/ament_clang_format /usr/bin/cmake --build /home/pengbo/rclcpp_cbg/ros2_rclcpp/build/rclcpp -- -j12 -l12
[15.511s] Invoking command in '/home/pengbo/rclcpp_cbg/ros2_rclcpp/build/rclcpp': CMAKE_PREFIX_PATH=${CMAKE_PREFIX_PATH}:/home/pengbo/ros2_foxy/install/ros2bag:/home/pengbo/ros2_foxy/install/tracetools_launch:/home/pengbo/ros2_foxy/install/topic_monitor:/home/pengbo/ros2_foxy/install/examples_tf2_py:/home/pengbo/ros2_foxy/install/sros2:/home/pengbo/ros2_foxy/install/rqt_topic:/home/pengbo/ros2_foxy/install/rqt_reconfigure:/home/pengbo/ros2_foxy/install/rqt_action:/home/pengbo/ros2_foxy/install/rqt:/home/pengbo/ros2_foxy/install/rqt_graph:/home/pengbo/ros2_foxy/install/rqt_gui_py:/home/pengbo/ros2_foxy/install/rqt_gui:/home/pengbo/ros2_foxy/install/ros2trace:/home/pengbo/ros2_foxy/install/ros2topic:/home/pengbo/ros2_foxy/install/ros2test:/home/pengbo/ros2_foxy/install/ros2component:/home/pengbo/ros2_foxy/install/ros2param:/home/pengbo/ros2_foxy/install/ros2lifecycle:/home/pengbo/ros2_foxy/install/ros2service:/home/pengbo/ros2_foxy/install/ros2run:/home/pengbo/ros2_foxy/install/ros2launch:/home/pengbo/ros2_foxy/install/ros2pkg:/home/pengbo/ros2_foxy/install/ros2node:/home/pengbo/ros2_foxy/install/ros2multicast:/home/pengbo/ros2_foxy/install/ros2interface:/home/pengbo/ros2_foxy/install/ros2doctor:/home/pengbo/ros2_foxy/install/ros2action:/home/pengbo/ros2_foxy/install/ros2cli:/home/pengbo/ros2_foxy/install/quality_of_service_demo_py:/home/pengbo/ros2_foxy/install/opencv_tests:/home/pengbo/ros2_foxy/install/launch_testing_ros:/home/pengbo/ros2_foxy/install/launch_ros:/home/pengbo/ros2_foxy/install/examples_rclpy_minimal_subscriber:/home/pengbo/ros2_foxy/install/examples_rclpy_minimal_service:/home/pengbo/ros2_foxy/install/examples_rclpy_minimal_publisher:/home/pengbo/ros2_foxy/install/examples_rclpy_minimal_client:/home/pengbo/ros2_foxy/install/examples_rclpy_minimal_action_server:/home/pengbo/ros2_foxy/install/examples_rclpy_minimal_action_client:/home/pengbo/ros2_foxy/install/examples_rclpy_executors:/home/pengbo/ros2_foxy/install/demo_nodes_py:/home/pengbo/ros2_foxy/install/action_tutorials_py:/home/pengbo/ros2_foxy/install/ament_uncrustify:/home/pengbo/ros2_foxy/install/tracetools_trace:/home/pengbo/ros2_foxy/install/tracetools_read:/home/pengbo/ros2_foxy/install/test_launch_ros:/home/pengbo/ros2_foxy/install/rpyutils:/home/pengbo/ros2_foxy/install/rosidl_runtime_py:/home/pengbo/ros2_foxy/install/launch_yaml:/home/pengbo/ros2_foxy/install/launch_xml:/home/pengbo/ros2_foxy/install/launch_testing:/home/pengbo/ros2_foxy/install/launch:/home/pengbo/ros2_foxy/install/osrf_pycommon:/home/pengbo/ros2_foxy/install/domain_coordinator:/home/pengbo/ros2_foxy/install/ament_xmllint:/home/pengbo/ros2_foxy/install/ament_pyflakes:/home/pengbo/ros2_foxy/install/ament_pycodestyle:/home/pengbo/ros2_foxy/install/ament_pep257:/home/pengbo/ros2_foxy/install/ament_pclint:/home/pengbo/ros2_foxy/install/ament_package:/home/pengbo/ros2_foxy/install/ament_mypy:/home/pengbo/ros2_foxy/install/ament_lint_cmake:/home/pengbo/ros2_foxy/install/ament_flake8:/home/pengbo/ros2_foxy/install/ament_copyright:/home/pengbo/ros2_foxy/install/ament_lint:/home/pengbo/ros2_foxy/install/ament_index_python:/home/pengbo/ros2_foxy/install/ament_cpplint:/home/pengbo/ros2_foxy/install/ament_cppcheck:/home/pengbo/ros2_foxy/install/ament_clang_tidy:/home/pengbo/ros2_foxy/install/ament_clang_format /usr/bin/cmake --install /home/pengbo/rclcpp_cbg/ros2_rclcpp/build/rclcpp
[15.526s] -- Install configuration: ""
[15.526s] -- Installing: /home/pengbo/rclcpp_cbg/ros2_rclcpp/install/rclcpp/lib/librclcpp.so
[15.535s] -- Set runtime path of "/home/pengbo/rclcpp_cbg/ros2_rclcpp/install/rclcpp/lib/librclcpp.so" to ""
[15.535s] -- Up-to-date: /home/pengbo/rclcpp_cbg/ros2_rclcpp/install/rclcpp/share/rclcpp/environment/library_path.sh
[15.536s] -- Installing: /home/pengbo/rclcpp_cbg/ros2_rclcpp/install/rclcpp/share/rclcpp/environment/library_path.dsv
[15.536s] -- Up-to-date: /home/pengbo/rclcpp_cbg/ros2_rclcpp/build/rclcpp/test/resources
[15.536s] -- Up-to-date: /home/pengbo/rclcpp_cbg/ros2_rclcpp/build/rclcpp/test/resources/test_node
[15.536s] -- Up-to-date: /home/pengbo/rclcpp_cbg/ros2_rclcpp/build/rclcpp/test/resources/test_node/test_parameters.yaml
[15.536s] -- Up-to-date: /home/pengbo/rclcpp_cbg/ros2_rclcpp/install/rclcpp/share/ament_index/resource_index/package_run_dependencies/rclcpp
[15.536s] -- Up-to-date: /home/pengbo/rclcpp_cbg/ros2_rclcpp/install/rclcpp/share/ament_index/resource_index/parent_prefix_path/rclcpp
[15.536s] -- Installing: /home/pengbo/rclcpp_cbg/ros2_rclcpp/install/rclcpp/share/rclcpp/environment/ament_prefix_path.dsv
[15.536s] -- Installing: /home/pengbo/rclcpp_cbg/ros2_rclcpp/install/rclcpp/share/rclcpp/environment/path.dsv
[15.536s] -- Up-to-date: /home/pengbo/rclcpp_cbg/ros2_rclcpp/install/rclcpp/share/rclcpp/local_setup.bash
[15.536s] -- Up-to-date: /home/pengbo/rclcpp_cbg/ros2_rclcpp/install/rclcpp/share/rclcpp/local_setup.sh
[15.536s] -- Up-to-date: /home/pengbo/rclcpp_cbg/ros2_rclcpp/install/rclcpp/share/rclcpp/local_setup.zsh
[15.536s] -- Installing: /home/pengbo/rclcpp_cbg/ros2_rclcpp/install/rclcpp/share/rclcpp/local_setup.dsv
[15.537s] -- Installing: /home/pengbo/rclcpp_cbg/ros2_rclcpp/install/rclcpp/share/rclcpp/package.dsv
[15.537s] -- Up-to-date: /home/pengbo/rclcpp_cbg/ros2_rclcpp/install/rclcpp/share/ament_index/resource_index/packages/rclcpp
[15.537s] -- Up-to-date: /home/pengbo/rclcpp_cbg/ros2_rclcpp/install/rclcpp/share/rclcpp/cmake/rclcppExport.cmake
[15.537s] -- Installing: /home/pengbo/rclcpp_cbg/ros2_rclcpp/install/rclcpp/share/rclcpp/cmake/rclcppExport-noconfig.cmake
[15.537s] -- Up-to-date: /home/pengbo/rclcpp_cbg/ros2_rclcpp/install/rclcpp/share/rclcpp/cmake/ament_cmake_export_include_directories-extras.cmake
[15.537s] -- Up-to-date: /home/pengbo/rclcpp_cbg/ros2_rclcpp/install/rclcpp/share/rclcpp/cmake/ament_cmake_export_libraries-extras.cmake
[15.537s] -- Up-to-date: /home/pengbo/rclcpp_cbg/ros2_rclcpp/install/rclcpp/share/rclcpp/cmake/ament_cmake_export_targets-extras.cmake
[15.537s] -- Up-to-date: /home/pengbo/rclcpp_cbg/ros2_rclcpp/install/rclcpp/share/rclcpp/cmake/ament_cmake_export_dependencies-extras.cmake
[15.537s] -- Up-to-date: /home/pengbo/rclcpp_cbg/ros2_rclcpp/install/rclcpp/share/rclcpp/cmake/rosidl_cmake-extras.cmake
[15.537s] -- Up-to-date: /home/pengbo/rclcpp_cbg/ros2_rclcpp/install/rclcpp/share/rclcpp/cmake/rclcppConfig.cmake
[15.538s] -- Up-to-date: /home/pengbo/rclcpp_cbg/ros2_rclcpp/install/rclcpp/share/rclcpp/cmake/rclcppConfig-version.cmake
[15.538s] -- Up-to-date: /home/pengbo/rclcpp_cbg/ros2_rclcpp/install/rclcpp/share/rclcpp/package.xml
[15.538s] -- Up-to-date: /home/pengbo/rclcpp_cbg/ros2_rclcpp/install/rclcpp/include
[15.538s] -- Up-to-date: /home/pengbo/rclcpp_cbg/ros2_rclcpp/install/rclcpp/include/rclcpp
[15.538s] -- Up-to-date: /home/pengbo/rclcpp_cbg/ros2_rclcpp/install/rclcpp/include/rclcpp/publisher.hpp
[15.538s] -- Up-to-date: /home/pengbo/rclcpp_cbg/ros2_rclcpp/install/rclcpp/include/rclcpp/visibility_control.hpp
[15.538s] -- Up-to-date: /home/pengbo/rclcpp_cbg/ros2_rclcpp/install/rclcpp/include/rclcpp/allocator
[15.539s] -- Up-to-date: /home/pengbo/rclcpp_cbg/ros2_rclcpp/install/rclcpp/include/rclcpp/allocator/allocator_deleter.hpp
[15.539s] -- Up-to-date: /home/pengbo/rclcpp_cbg/ros2_rclcpp/install/rclcpp/include/rclcpp/allocator/allocator_common.hpp
[15.539s] -- Up-to-date: /home/pengbo/rclcpp_cbg/ros2_rclcpp/install/rclcpp/include/rclcpp/graph_listener.hpp
[15.539s] -- Up-to-date: /home/pengbo/rclcpp_cbg/ros2_rclcpp/install/rclcpp/include/rclcpp/wait_set_policies
[15.539s] -- Up-to-date: /home/pengbo/rclcpp_cbg/ros2_rclcpp/install/rclcpp/include/rclcpp/wait_set_policies/dynamic_storage.hpp
[15.539s] -- Up-to-date: /home/pengbo/rclcpp_cbg/ros2_rclcpp/install/rclcpp/include/rclcpp/wait_set_policies/detail
[15.540s] -- Up-to-date: /home/pengbo/rclcpp_cbg/ros2_rclcpp/install/rclcpp/include/rclcpp/wait_set_policies/detail/storage_policy_common.hpp
[15.540s] -- Up-to-date: /home/pengbo/rclcpp_cbg/ros2_rclcpp/install/rclcpp/include/rclcpp/wait_set_policies/detail/synchronization_policy_common.hpp
[15.540s] -- Up-to-date: /home/pengbo/rclcpp_cbg/ros2_rclcpp/install/rclcpp/include/rclcpp/wait_set_policies/detail/write_preferring_read_write_lock.hpp
[15.540s] -- Up-to-date: /home/pengbo/rclcpp_cbg/ros2_rclcpp/install/rclcpp/include/rclcpp/wait_set_policies/static_storage.hpp
[15.540s] -- Up-to-date: /home/pengbo/rclcpp_cbg/ros2_rclcpp/install/rclcpp/include/rclcpp/wait_set_policies/sequential_synchronization.hpp
[15.540s] -- Up-to-date: /home/pengbo/rclcpp_cbg/ros2_rclcpp/install/rclcpp/include/rclcpp/wait_set_policies/thread_safe_synchronization.hpp
[15.540s] -- Up-to-date: /home/pengbo/rclcpp_cbg/ros2_rclcpp/install/rclcpp/include/rclcpp/memory_strategy.hpp
[15.540s] -- Up-to-date: /home/pengbo/rclcpp_cbg/ros2_rclcpp/install/rclcpp/include/rclcpp/parameter_value.hpp
[15.540s] -- Up-to-date: /home/pengbo/rclcpp_cbg/ros2_rclcpp/install/rclcpp/include/rclcpp/parameter.hpp
[15.540s] -- Up-to-date: /home/pengbo/rclcpp_cbg/ros2_rclcpp/install/rclcpp/include/rclcpp/duration.hpp
[15.540s] -- Up-to-date: /home/pengbo/rclcpp_cbg/ros2_rclcpp/install/rclcpp/include/rclcpp/experimental
[15.541s] -- Up-to-date: /home/pengbo/rclcpp_cbg/ros2_rclcpp/install/rclcpp/include/rclcpp/experimental/subscription_intra_process.hpp
[15.541s] -- Up-to-date: /home/pengbo/rclcpp_cbg/ros2_rclcpp/install/rclcpp/include/rclcpp/experimental/subscription_intra_process_base.hpp
[15.541s] -- Up-to-date: /home/pengbo/rclcpp_cbg/ros2_rclcpp/install/rclcpp/include/rclcpp/experimental/create_intra_process_buffer.hpp
[15.541s] -- Up-to-date: /home/pengbo/rclcpp_cbg/ros2_rclcpp/install/rclcpp/include/rclcpp/experimental/executable_list.hpp
[15.541s] -- Up-to-date: /home/pengbo/rclcpp_cbg/ros2_rclcpp/install/rclcpp/include/rclcpp/experimental/README.md
[15.541s] -- Up-to-date: /home/pengbo/rclcpp_cbg/ros2_rclcpp/install/rclcpp/include/rclcpp/experimental/intra_process_manager.hpp
[15.541s] -- Up-to-date: /home/pengbo/rclcpp_cbg/ros2_rclcpp/install/rclcpp/include/rclcpp/experimental/buffers
[15.541s] -- Up-to-date: /home/pengbo/rclcpp_cbg/ros2_rclcpp/install/rclcpp/include/rclcpp/experimental/buffers/intra_process_buffer.hpp
[15.541s] -- Up-to-date: /home/pengbo/rclcpp_cbg/ros2_rclcpp/install/rclcpp/include/rclcpp/experimental/buffers/buffer_implementation_base.hpp
[15.541s] -- Up-to-date: /home/pengbo/rclcpp_cbg/ros2_rclcpp/install/rclcpp/include/rclcpp/experimental/buffers/ring_buffer_implementation.hpp
[15.541s] -- Up-to-date: /home/pengbo/rclcpp_cbg/ros2_rclcpp/install/rclcpp/include/rclcpp/node_interfaces
[15.541s] -- Up-to-date: /home/pengbo/rclcpp_cbg/ros2_rclcpp/install/rclcpp/include/rclcpp/node_interfaces/node_topics.hpp
[15.541s] -- Up-to-date: /home/pengbo/rclcpp_cbg/ros2_rclcpp/install/rclcpp/include/rclcpp/node_interfaces/node_logging_interface.hpp
[15.541s] -- Up-to-date: /home/pengbo/rclcpp_cbg/ros2_rclcpp/install/rclcpp/include/rclcpp/node_interfaces/node_graph.hpp
[15.541s] -- Up-to-date: /home/pengbo/rclcpp_cbg/ros2_rclcpp/install/rclcpp/include/rclcpp/node_interfaces/node_graph_interface.hpp
[15.542s] -- Up-to-date: /home/pengbo/rclcpp_cbg/ros2_rclcpp/install/rclcpp/include/rclcpp/node_interfaces/node_waitables_interface.hpp
[15.542s] -- Up-to-date: /home/pengbo/rclcpp_cbg/ros2_rclcpp/install/rclcpp/include/rclcpp/node_interfaces/node_time_source_interface.hpp
[15.542s] -- Up-to-date: /home/pengbo/rclcpp_cbg/ros2_rclcpp/install/rclcpp/include/rclcpp/node_interfaces/node_services.hpp
[15.543s] -- Up-to-date: /home/pengbo/rclcpp_cbg/ros2_rclcpp/install/rclcpp/include/rclcpp/node_interfaces/node_services_interface.hpp
[15.543s] -- Up-to-date: /home/pengbo/rclcpp_cbg/ros2_rclcpp/install/rclcpp/include/rclcpp/node_interfaces/node_topics_interface.hpp
[15.543s] -- Up-to-date: /home/pengbo/rclcpp_cbg/ros2_rclcpp/install/rclcpp/include/rclcpp/node_interfaces/node_base_interface.hpp
[15.543s] -- Up-to-date: /home/pengbo/rclcpp_cbg/ros2_rclcpp/install/rclcpp/include/rclcpp/node_interfaces/node_clock_interface.hpp
[15.543s] -- Up-to-date: /home/pengbo/rclcpp_cbg/ros2_rclcpp/install/rclcpp/include/rclcpp/node_interfaces/node_timers.hpp
[15.544s] -- Up-to-date: /home/pengbo/rclcpp_cbg/ros2_rclcpp/install/rclcpp/include/rclcpp/node_interfaces/node_parameters.hpp
[15.544s] -- Up-to-date: /home/pengbo/rclcpp_cbg/ros2_rclcpp/install/rclcpp/include/rclcpp/node_interfaces/node_base.hpp
[15.544s] -- Up-to-date: /home/pengbo/rclcpp_cbg/ros2_rclcpp/install/rclcpp/include/rclcpp/node_interfaces/node_clock.hpp
[15.544s] -- Up-to-date: /home/pengbo/rclcpp_cbg/ros2_rclcpp/install/rclcpp/include/rclcpp/node_interfaces/node_timers_interface.hpp
[15.544s] -- Up-to-date: /home/pengbo/rclcpp_cbg/ros2_rclcpp/install/rclcpp/include/rclcpp/node_interfaces/node_logging.hpp
[15.544s] -- Up-to-date: /home/pengbo/rclcpp_cbg/ros2_rclcpp/install/rclcpp/include/rclcpp/node_interfaces/node_time_source.hpp
[15.544s] -- Up-to-date: /home/pengbo/rclcpp_cbg/ros2_rclcpp/install/rclcpp/include/rclcpp/node_interfaces/node_waitables.hpp
[15.544s] -- Up-to-date: /home/pengbo/rclcpp_cbg/ros2_rclcpp/install/rclcpp/include/rclcpp/node_interfaces/node_parameters_interface.hpp
[15.544s] -- Up-to-date: /home/pengbo/rclcpp_cbg/ros2_rclcpp/install/rclcpp/include/rclcpp/node.hpp
[15.545s] -- Up-to-date: /home/pengbo/rclcpp_cbg/ros2_rclcpp/install/rclcpp/include/rclcpp/any_service_callback.hpp
[15.545s] -- Up-to-date: /home/pengbo/rclcpp_cbg/ros2_rclcpp/install/rclcpp/include/rclcpp/exceptions
[15.545s] -- Up-to-date: /home/pengbo/rclcpp_cbg/ros2_rclcpp/install/rclcpp/include/rclcpp/exceptions/exceptions.hpp
[15.545s] -- Up-to-date: /home/pengbo/rclcpp_cbg/ros2_rclcpp/install/rclcpp/include/rclcpp/wait_set_template.hpp
[15.545s] -- Up-to-date: /home/pengbo/rclcpp_cbg/ros2_rclcpp/install/rclcpp/include/rclcpp/subscription_options.hpp
[15.545s] -- Up-to-date: /home/pengbo/rclcpp_cbg/ros2_rclcpp/install/rclcpp/include/rclcpp/node_options.hpp
[15.545s] -- Up-to-date: /home/pengbo/rclcpp_cbg/ros2_rclcpp/install/rclcpp/include/rclcpp/type_support_decl.hpp
[15.545s] -- Up-to-date: /home/pengbo/rclcpp_cbg/ros2_rclcpp/install/rclcpp/include/rclcpp/wait_result.hpp
[15.545s] -- Up-to-date: /home/pengbo/rclcpp_cbg/ros2_rclcpp/install/rclcpp/include/rclcpp/logger.hpp
[15.545s] -- Up-to-date: /home/pengbo/rclcpp_cbg/ros2_rclcpp/install/rclcpp/include/rclcpp/qos.hpp
[15.546s] -- Up-to-date: /home/pengbo/rclcpp_cbg/ros2_rclcpp/install/rclcpp/include/rclcpp/strategies
[15.546s] -- Up-to-date: /home/pengbo/rclcpp_cbg/ros2_rclcpp/install/rclcpp/include/rclcpp/strategies/message_pool_memory_strategy.hpp
[15.546s] -- Up-to-date: /home/pengbo/rclcpp_cbg/ros2_rclcpp/install/rclcpp/include/rclcpp/strategies/allocator_memory_strategy.hpp
[15.546s] -- Up-to-date: /home/pengbo/rclcpp_cbg/ros2_rclcpp/install/rclcpp/include/rclcpp/executors
[15.546s] -- Up-to-date: /home/pengbo/rclcpp_cbg/ros2_rclcpp/install/rclcpp/include/rclcpp/executors/static_executor_entities_collector.hpp
[15.546s] -- Up-to-date: /home/pengbo/rclcpp_cbg/ros2_rclcpp/install/rclcpp/include/rclcpp/executors/multi_threaded_executor.hpp
[15.546s] -- Up-to-date: /home/pengbo/rclcpp_cbg/ros2_rclcpp/install/rclcpp/include/rclcpp/executors/single_threaded_executor.hpp
[15.546s] -- Up-to-date: /home/pengbo/rclcpp_cbg/ros2_rclcpp/install/rclcpp/include/rclcpp/executors/static_single_threaded_executor.hpp
[15.546s] -- Up-to-date: /home/pengbo/rclcpp_cbg/ros2_rclcpp/install/rclcpp/include/rclcpp/init_options.hpp
[15.546s] -- Up-to-date: /home/pengbo/rclcpp_cbg/ros2_rclcpp/install/rclcpp/include/rclcpp/scope_exit.hpp
[15.547s] -- Up-to-date: /home/pengbo/rclcpp_cbg/ros2_rclcpp/install/rclcpp/include/rclcpp/callback_group.hpp
[15.547s] -- Up-to-date: /home/pengbo/rclcpp_cbg/ros2_rclcpp/install/rclcpp/include/rclcpp/any_executable.hpp
[15.547s] -- Up-to-date: /home/pengbo/rclcpp_cbg/ros2_rclcpp/install/rclcpp/include/rclcpp/parameter_client.hpp
[15.547s] -- Up-to-date: /home/pengbo/rclcpp_cbg/ros2_rclcpp/install/rclcpp/include/rclcpp/service.hpp
[15.547s] -- Up-to-date: /home/pengbo/rclcpp_cbg/ros2_rclcpp/install/rclcpp/include/rclcpp/macros.hpp
[15.547s] -- Up-to-date: /home/pengbo/rclcpp_cbg/ros2_rclcpp/install/rclcpp/include/rclcpp/loaned_message.hpp
[15.547s] -- Up-to-date: /home/pengbo/rclcpp_cbg/ros2_rclcpp/install/rclcpp/include/rclcpp/future_return_code.hpp
[15.547s] -- Up-to-date: /home/pengbo/rclcpp_cbg/ros2_rclcpp/install/rclcpp/include/rclcpp/detail
[15.547s] -- Up-to-date: /home/pengbo/rclcpp_cbg/ros2_rclcpp/install/rclcpp/include/rclcpp/detail/rmw_implementation_specific_payload.hpp
[15.547s] -- Up-to-date: /home/pengbo/rclcpp_cbg/ros2_rclcpp/install/rclcpp/include/rclcpp/detail/rmw_implementation_specific_publisher_payload.hpp
[15.548s] -- Up-to-date: /home/pengbo/rclcpp_cbg/ros2_rclcpp/install/rclcpp/include/rclcpp/detail/rmw_implementation_specific_subscription_payload.hpp
[15.548s] -- Up-to-date: /home/pengbo/rclcpp_cbg/ros2_rclcpp/install/rclcpp/include/rclcpp/detail/utilities.hpp
[15.548s] -- Up-to-date: /home/pengbo/rclcpp_cbg/ros2_rclcpp/install/rclcpp/include/rclcpp/detail/README.md
[15.548s] -- Up-to-date: /home/pengbo/rclcpp_cbg/ros2_rclcpp/install/rclcpp/include/rclcpp/detail/resolve_enable_topic_statistics.hpp
[15.548s] -- Up-to-date: /home/pengbo/rclcpp_cbg/ros2_rclcpp/install/rclcpp/include/rclcpp/detail/resolve_intra_process_buffer_type.hpp
[15.548s] -- Up-to-date: /home/pengbo/rclcpp_cbg/ros2_rclcpp/install/rclcpp/include/rclcpp/detail/resolve_use_intra_process.hpp
[15.548s] -- Up-to-date: /home/pengbo/rclcpp_cbg/ros2_rclcpp/install/rclcpp/include/rclcpp/timer.hpp
[15.549s] -- Up-to-date: /home/pengbo/rclcpp_cbg/ros2_rclcpp/install/rclcpp/include/rclcpp/serialized_message.hpp
[15.549s] -- Up-to-date: /home/pengbo/rclcpp_cbg/ros2_rclcpp/install/rclcpp/include/rclcpp/rate.hpp
[15.549s] -- Up-to-date: /home/pengbo/rclcpp_cbg/ros2_rclcpp/install/rclcpp/include/rclcpp/wait_set.hpp
[15.549s] -- Up-to-date: /home/pengbo/rclcpp_cbg/ros2_rclcpp/install/rclcpp/include/rclcpp/subscription_traits.hpp
[15.549s] -- Up-to-date: /home/pengbo/rclcpp_cbg/ros2_rclcpp/install/rclcpp/include/rclcpp/parameter_map.hpp
[15.549s] -- Up-to-date: /home/pengbo/rclcpp_cbg/ros2_rclcpp/install/rclcpp/include/rclcpp/topic_statistics_state.hpp
[15.549s] -- Up-to-date: /home/pengbo/rclcpp_cbg/ros2_rclcpp/install/rclcpp/include/rclcpp/time_source.hpp
[15.549s] -- Up-to-date: /home/pengbo/rclcpp_cbg/ros2_rclcpp/install/rclcpp/include/rclcpp/wait_result_kind.hpp
[15.549s] -- Up-to-date: /home/pengbo/rclcpp_cbg/ros2_rclcpp/install/rclcpp/include/rclcpp/serialization.hpp
[15.549s] -- Up-to-date: /home/pengbo/rclcpp_cbg/ros2_rclcpp/install/rclcpp/include/rclcpp/memory_strategies.hpp
[15.550s] -- Up-to-date: /home/pengbo/rclcpp_cbg/ros2_rclcpp/install/rclcpp/include/rclcpp/context.hpp
[15.550s] -- Up-to-date: /home/pengbo/rclcpp_cbg/ros2_rclcpp/install/rclcpp/include/rclcpp/function_traits.hpp
[15.550s] -- Up-to-date: /home/pengbo/rclcpp_cbg/ros2_rclcpp/install/rclcpp/include/rclcpp/executors.hpp
[15.550s] -- Up-to-date: /home/pengbo/rclcpp_cbg/ros2_rclcpp/install/rclcpp/include/rclcpp/create_publisher.hpp
[15.550s] -- Up-to-date: /home/pengbo/rclcpp_cbg/ros2_rclcpp/install/rclcpp/include/rclcpp/subscription_factory.hpp
[15.550s] -- Up-to-date: /home/pengbo/rclcpp_cbg/ros2_rclcpp/install/rclcpp/include/rclcpp/executor.hpp
[15.550s] -- Up-to-date: /home/pengbo/rclcpp_cbg/ros2_rclcpp/install/rclcpp/include/rclcpp/clock.hpp
[15.550s] -- Up-to-date: /home/pengbo/rclcpp_cbg/ros2_rclcpp/install/rclcpp/include/rclcpp/intra_process_setting.hpp
[15.550s] -- Up-to-date: /home/pengbo/rclcpp_cbg/ros2_rclcpp/install/rclcpp/include/rclcpp/utilities.hpp
[15.550s] -- Up-to-date: /home/pengbo/rclcpp_cbg/ros2_rclcpp/install/rclcpp/include/rclcpp/publisher_options.hpp
[15.551s] -- Up-to-date: /home/pengbo/rclcpp_cbg/ros2_rclcpp/install/rclcpp/include/rclcpp/guard_condition.hpp
[15.551s] -- Up-to-date: /home/pengbo/rclcpp_cbg/ros2_rclcpp/install/rclcpp/include/rclcpp/contexts
[15.551s] -- Up-to-date: /home/pengbo/rclcpp_cbg/ros2_rclcpp/install/rclcpp/include/rclcpp/contexts/default_context.hpp
[15.551s] -- Up-to-date: /home/pengbo/rclcpp_cbg/ros2_rclcpp/install/rclcpp/include/rclcpp/time.hpp
[15.551s] -- Up-to-date: /home/pengbo/rclcpp_cbg/ros2_rclcpp/install/rclcpp/include/rclcpp/create_timer.hpp
[15.551s] -- Up-to-date: /home/pengbo/rclcpp_cbg/ros2_rclcpp/install/rclcpp/include/rclcpp/intra_process_buffer_type.hpp
[15.551s] -- Up-to-date: /home/pengbo/rclcpp_cbg/ros2_rclcpp/install/rclcpp/include/rclcpp/publisher_factory.hpp
[15.551s] -- Up-to-date: /home/pengbo/rclcpp_cbg/ros2_rclcpp/install/rclcpp/include/rclcpp/subscription.hpp
[15.552s] -- Up-to-date: /home/pengbo/rclcpp_cbg/ros2_rclcpp/install/rclcpp/include/rclcpp/expand_topic_or_service_name.hpp
[15.552s] -- Up-to-date: /home/pengbo/rclcpp_cbg/ros2_rclcpp/install/rclcpp/include/rclcpp/create_service.hpp
[15.552s] -- Up-to-date: /home/pengbo/rclcpp_cbg/ros2_rclcpp/install/rclcpp/include/rclcpp/event.hpp
[15.552s] -- Up-to-date: /home/pengbo/rclcpp_cbg/ros2_rclcpp/install/rclcpp/include/rclcpp/create_subscription.hpp
[15.552s] -- Up-to-date: /home/pengbo/rclcpp_cbg/ros2_rclcpp/install/rclcpp/include/rclcpp/executor_options.hpp
[15.552s] -- Up-to-date: /home/pengbo/rclcpp_cbg/ros2_rclcpp/install/rclcpp/include/rclcpp/publisher_base.hpp
[15.552s] -- Up-to-date: /home/pengbo/rclcpp_cbg/ros2_rclcpp/install/rclcpp/include/rclcpp/message_memory_strategy.hpp
[15.552s] -- Up-to-date: /home/pengbo/rclcpp_cbg/ros2_rclcpp/install/rclcpp/include/rclcpp/subscription_wait_set_mask.hpp
[15.553s] -- Up-to-date: /home/pengbo/rclcpp_cbg/ros2_rclcpp/install/rclcpp/include/rclcpp/message_info.hpp
[15.553s] -- Up-to-date: /home/pengbo/rclcpp_cbg/ros2_rclcpp/install/rclcpp/include/rclcpp/parameter_service.hpp
[15.553s] -- Up-to-date: /home/pengbo/rclcpp_cbg/ros2_rclcpp/install/rclcpp/include/rclcpp/subscription_base.hpp
[15.553s] -- Up-to-date: /home/pengbo/rclcpp_cbg/ros2_rclcpp/install/rclcpp/include/rclcpp/exceptions.hpp
[15.553s] -- Up-to-date: /home/pengbo/rclcpp_cbg/ros2_rclcpp/install/rclcpp/include/rclcpp/create_client.hpp
[15.553s] -- Up-to-date: /home/pengbo/rclcpp_cbg/ros2_rclcpp/install/rclcpp/include/rclcpp/any_subscription_callback.hpp
[15.553s] -- Up-to-date: /home/pengbo/rclcpp_cbg/ros2_rclcpp/install/rclcpp/include/rclcpp/topic_statistics
[15.554s] -- Up-to-date: /home/pengbo/rclcpp_cbg/ros2_rclcpp/install/rclcpp/include/rclcpp/topic_statistics/subscription_topic_statistics.hpp
[15.554s] -- Up-to-date: /home/pengbo/rclcpp_cbg/ros2_rclcpp/install/rclcpp/include/rclcpp/waitable.hpp
[15.554s] -- Up-to-date: /home/pengbo/rclcpp_cbg/ros2_rclcpp/install/rclcpp/include/rclcpp/rclcpp.hpp
[15.554s] -- Up-to-date: /home/pengbo/rclcpp_cbg/ros2_rclcpp/install/rclcpp/include/rclcpp/parameter_events_filter.hpp
[15.554s] -- Up-to-date: /home/pengbo/rclcpp_cbg/ros2_rclcpp/install/rclcpp/include/rclcpp/qos_event.hpp
[15.555s] -- Up-to-date: /home/pengbo/rclcpp_cbg/ros2_rclcpp/install/rclcpp/include/rclcpp/node_impl.hpp
[15.555s] -- Up-to-date: /home/pengbo/rclcpp_cbg/ros2_rclcpp/install/rclcpp/include/rclcpp/client.hpp
[15.556s] -- Up-to-date: /home/pengbo/rclcpp_cbg/ros2_rclcpp/install/rclcpp/include
[15.556s] -- Up-to-date: /home/pengbo/rclcpp_cbg/ros2_rclcpp/install/rclcpp/include/rclcpp
[15.556s] -- Up-to-date: /home/pengbo/rclcpp_cbg/ros2_rclcpp/install/rclcpp/include/rclcpp/node_interfaces
[15.556s] -- Up-to-date: /home/pengbo/rclcpp_cbg/ros2_rclcpp/install/rclcpp/include/rclcpp/node_interfaces/get_node_services_interface.hpp
[15.556s] -- Up-to-date: /home/pengbo/rclcpp_cbg/ros2_rclcpp/install/rclcpp/include/rclcpp/node_interfaces/node_services_interface_traits.hpp
[15.556s] -- Up-to-date: /home/pengbo/rclcpp_cbg/ros2_rclcpp/install/rclcpp/include/rclcpp/node_interfaces/node_graph_interface_traits.hpp
[15.556s] -- Up-to-date: /home/pengbo/rclcpp_cbg/ros2_rclcpp/install/rclcpp/include/rclcpp/node_interfaces/get_node_timers_interface.hpp
[15.557s] -- Up-to-date: /home/pengbo/rclcpp_cbg/ros2_rclcpp/install/rclcpp/include/rclcpp/node_interfaces/get_node_time_source_interface.hpp
[15.557s] -- Up-to-date: /home/pengbo/rclcpp_cbg/ros2_rclcpp/install/rclcpp/include/rclcpp/node_interfaces/node_waitables_interface_traits.hpp
[15.557s] -- Up-to-date: /home/pengbo/rclcpp_cbg/ros2_rclcpp/install/rclcpp/include/rclcpp/node_interfaces/get_node_clock_interface.hpp
[15.557s] -- Up-to-date: /home/pengbo/rclcpp_cbg/ros2_rclcpp/install/rclcpp/include/rclcpp/node_interfaces/get_node_topics_interface.hpp
[15.557s] -- Up-to-date: /home/pengbo/rclcpp_cbg/ros2_rclcpp/install/rclcpp/include/rclcpp/node_interfaces/get_node_logging_interface.hpp
[15.557s] -- Up-to-date: /home/pengbo/rclcpp_cbg/ros2_rclcpp/install/rclcpp/include/rclcpp/node_interfaces/get_node_parameters_interface.hpp
[15.557s] -- Up-to-date: /home/pengbo/rclcpp_cbg/ros2_rclcpp/install/rclcpp/include/rclcpp/node_interfaces/node_parameters_interface_traits.hpp
[15.557s] -- Up-to-date: /home/pengbo/rclcpp_cbg/ros2_rclcpp/install/rclcpp/include/rclcpp/node_interfaces/node_timers_interface_traits.hpp
[15.557s] -- Up-to-date: /home/pengbo/rclcpp_cbg/ros2_rclcpp/install/rclcpp/include/rclcpp/node_interfaces/node_base_interface_traits.hpp
[15.558s] -- Up-to-date: /home/pengbo/rclcpp_cbg/ros2_rclcpp/install/rclcpp/include/rclcpp/node_interfaces/get_node_graph_interface.hpp
[15.558s] -- Up-to-date: /home/pengbo/rclcpp_cbg/ros2_rclcpp/install/rclcpp/include/rclcpp/node_interfaces/node_topics_interface_traits.hpp
[15.559s] -- Up-to-date: /home/pengbo/rclcpp_cbg/ros2_rclcpp/install/rclcpp/include/rclcpp/node_interfaces/node_logging_interface_traits.hpp
[15.559s] -- Up-to-date: /home/pengbo/rclcpp_cbg/ros2_rclcpp/install/rclcpp/include/rclcpp/node_interfaces/node_clock_interface_traits.hpp
[15.559s] -- Up-to-date: /home/pengbo/rclcpp_cbg/ros2_rclcpp/install/rclcpp/include/rclcpp/node_interfaces/get_node_base_interface.hpp
[15.560s] -- Up-to-date: /home/pengbo/rclcpp_cbg/ros2_rclcpp/install/rclcpp/include/rclcpp/node_interfaces/get_node_waitables_interface.hpp
[15.560s] -- Up-to-date: /home/pengbo/rclcpp_cbg/ros2_rclcpp/install/rclcpp/include/rclcpp/node_interfaces/node_time_source_interface_traits.hpp
[15.560s] -- Up-to-date: /home/pengbo/rclcpp_cbg/ros2_rclcpp/install/rclcpp/include/rclcpp/logging.hpp
[15.560s] Invoked command in '/home/pengbo/rclcpp_cbg/ros2_rclcpp/build/rclcpp' returned '0': CMAKE_PREFIX_PATH=${CMAKE_PREFIX_PATH}:/home/pengbo/ros2_foxy/install/ros2bag:/home/pengbo/ros2_foxy/install/tracetools_launch:/home/pengbo/ros2_foxy/install/topic_monitor:/home/pengbo/ros2_foxy/install/examples_tf2_py:/home/pengbo/ros2_foxy/install/sros2:/home/pengbo/ros2_foxy/install/rqt_topic:/home/pengbo/ros2_foxy/install/rqt_reconfigure:/home/pengbo/ros2_foxy/install/rqt_action:/home/pengbo/ros2_foxy/install/rqt:/home/pengbo/ros2_foxy/install/rqt_graph:/home/pengbo/ros2_foxy/install/rqt_gui_py:/home/pengbo/ros2_foxy/install/rqt_gui:/home/pengbo/ros2_foxy/install/ros2trace:/home/pengbo/ros2_foxy/install/ros2topic:/home/pengbo/ros2_foxy/install/ros2test:/home/pengbo/ros2_foxy/install/ros2component:/home/pengbo/ros2_foxy/install/ros2param:/home/pengbo/ros2_foxy/install/ros2lifecycle:/home/pengbo/ros2_foxy/install/ros2service:/home/pengbo/ros2_foxy/install/ros2run:/home/pengbo/ros2_foxy/install/ros2launch:/home/pengbo/ros2_foxy/install/ros2pkg:/home/pengbo/ros2_foxy/install/ros2node:/home/pengbo/ros2_foxy/install/ros2multicast:/home/pengbo/ros2_foxy/install/ros2interface:/home/pengbo/ros2_foxy/install/ros2doctor:/home/pengbo/ros2_foxy/install/ros2action:/home/pengbo/ros2_foxy/install/ros2cli:/home/pengbo/ros2_foxy/install/quality_of_service_demo_py:/home/pengbo/ros2_foxy/install/opencv_tests:/home/pengbo/ros2_foxy/install/launch_testing_ros:/home/pengbo/ros2_foxy/install/launch_ros:/home/pengbo/ros2_foxy/install/examples_rclpy_minimal_subscriber:/home/pengbo/ros2_foxy/install/examples_rclpy_minimal_service:/home/pengbo/ros2_foxy/install/examples_rclpy_minimal_publisher:/home/pengbo/ros2_foxy/install/examples_rclpy_minimal_client:/home/pengbo/ros2_foxy/install/examples_rclpy_minimal_action_server:/home/pengbo/ros2_foxy/install/examples_rclpy_minimal_action_client:/home/pengbo/ros2_foxy/install/examples_rclpy_executors:/home/pengbo/ros2_foxy/install/demo_nodes_py:/home/pengbo/ros2_foxy/install/action_tutorials_py:/home/pengbo/ros2_foxy/install/ament_uncrustify:/home/pengbo/ros2_foxy/install/tracetools_trace:/home/pengbo/ros2_foxy/install/tracetools_read:/home/pengbo/ros2_foxy/install/test_launch_ros:/home/pengbo/ros2_foxy/install/rpyutils:/home/pengbo/ros2_foxy/install/rosidl_runtime_py:/home/pengbo/ros2_foxy/install/launch_yaml:/home/pengbo/ros2_foxy/install/launch_xml:/home/pengbo/ros2_foxy/install/launch_testing:/home/pengbo/ros2_foxy/install/launch:/home/pengbo/ros2_foxy/install/osrf_pycommon:/home/pengbo/ros2_foxy/install/domain_coordinator:/home/pengbo/ros2_foxy/install/ament_xmllint:/home/pengbo/ros2_foxy/install/ament_pyflakes:/home/pengbo/ros2_foxy/install/ament_pycodestyle:/home/pengbo/ros2_foxy/install/ament_pep257:/home/pengbo/ros2_foxy/install/ament_pclint:/home/pengbo/ros2_foxy/install/ament_package:/home/pengbo/ros2_foxy/install/ament_mypy:/home/pengbo/ros2_foxy/install/ament_lint_cmake:/home/pengbo/ros2_foxy/install/ament_flake8:/home/pengbo/ros2_foxy/install/ament_copyright:/home/pengbo/ros2_foxy/install/ament_lint:/home/pengbo/ros2_foxy/install/ament_index_python:/home/pengbo/ros2_foxy/install/ament_cpplint:/home/pengbo/ros2_foxy/install/ament_cppcheck:/home/pengbo/ros2_foxy/install/ament_clang_tidy:/home/pengbo/ros2_foxy/install/ament_clang_format /usr/bin/cmake --install /home/pengbo/rclcpp_cbg/ros2_rclcpp/build/rclcpp
