-- Found ament_cmake_ros: 0.9.0 (/home/pengbo/ros2_foxy/install/ament_cmake_ros/share/ament_cmake_ros/cmake)
-- Using PYTHON_EXECUTABLE: /usr/bin/python3
-- Override CMake install command with custom implementation using symlinks instead of copying resources
-- Found rclcpp: 2.0.1 (/home/pengbo/rclcpp_cbg/install/rclcpp/share/rclcpp/cmake)
-- Using all available rosidl_typesupport_c: rosidl_typesupport_introspection_c;rosidl_typesupport_fastrtps_c
-- Found rosidl_adapter: 1.1.0 (/home/pengbo/ros2_foxy/install/rosidl_adapter/share/rosidl_adapter/cmake)
-- Using all available rosidl_typesupport_cpp: rosidl_typesupport_introspection_cpp;rosidl_typesupport_fastrtps_cpp
-- Found rmw_implementation_cmake: 1.0.2 (/home/pengbo/ros2_foxy/install/rmw_implementation_cmake/share/rmw_implementation_cmake/cmake)
-- Using RMW implementation 'rmw_fastrtps_cpp' as default
-- Found rcl_lifecycle: 1.1.8 (/home/pengbo/ros2_foxy/install/rcl_lifecycle/share/rcl_lifecycle/cmake)
-- Found ament_lint_auto: 0.9.5 (/home/pengbo/ros2_foxy/install/ament_lint_auto/share/ament_lint_auto/cmake)
-- Found gtest sources under '/home/pengbo/ros2_foxy/install/gtest_vendor/src/gtest_vendor': C++ tests using 'Google Test' will be built
-- Added test 'copyright' to check source files copyright and LICENSE
-- Added test 'cppcheck' to perform static code analysis on C / C++ code
-- Configured cppcheck include dirs: /home/pengbo/rclcpp_cbg/install/rclcpp/include;/home/pengbo/ros2_foxy/install/libstatistics_collector/include;/home/pengbo/ros2_foxy/install/rcl/include;/home/pengbo/ros2_foxy/install/rcpputils/include;/home/pengbo/ros2_foxy/install/rcutils/include;/home/pengbo/ros2_foxy/install/builtin_interfaces/include;/home/pengbo/ros2_foxy/install/rosgraph_msgs/include;/home/pengbo/ros2_foxy/install/rosidl_typesupport_cpp/include;/home/pengbo/ros2_foxy/install/rosidl_typesupport_c/include;/home/pengbo/ros2_foxy/install/rosidl_runtime_cpp/include;/home/pengbo/ros2_foxy/install/rcl_yaml_param_parser/include;/home/pengbo/ros2_foxy/install/statistics_msgs/include;/home/pengbo/ros2_foxy/install/tracetools/include;/home/pengbo/ros2_foxy/install/rosidl_runtime_c/include;/home/pengbo/ros2_foxy/install/rosidl_typesupport_interface/include;$<BUILD_INTERFACE:/home/pengbo/rclcpp_cbg/ros2_rclcpp/rclcpp_lifecycle/include>
-- Configured cppcheck exclude dirs and/or files: 
-- Added test 'cpplint' to check C / C++ code against the Google style
-- Configured cpplint exclude dirs and/or files: 
-- Added test 'lint_cmake' to check CMake code style
-- Added test 'uncrustify' to check C / C++ code style
-- Configured uncrustify additional arguments: 
-- Added test 'xmllint' to check XML markup files
-- Configuring done
-- Generating done
-- Build files have been written to: /home/pengbo/rclcpp_cbg/build/rclcpp_lifecycle
[  8%] Built target gtest_main
[ 17%] Built target gtest
[ 21%] [32mBuilding CXX object CMakeFiles/rclcpp_lifecycle.dir/src/state.cpp.o[0m
[ 26%] [32mBuilding CXX object CMakeFiles/rclcpp_lifecycle.dir/src/lifecycle_node.cpp.o[0m
[ 30%] [32mBuilding CXX object CMakeFiles/rclcpp_lifecycle.dir/src/transition.cpp.o[0m
[ 34%] [32mBuilding CXX object CMakeFiles/rclcpp_lifecycle.dir/src/node_interfaces/lifecycle_node_interface.cpp.o[0m
[ 39%] [32m[1mLinking CXX shared library librclcpp_lifecycle.so[0m
[ 39%] Built target rclcpp_lifecycle
[ 43%] [32mBuilding CXX object CMakeFiles/test_callback_exceptions.dir/test/test_callback_exceptions.cpp.o[0m
[ 47%] [32mBuilding CXX object CMakeFiles/test_register_custom_callbacks.dir/test/test_register_custom_callbacks.cpp.o[0m
[ 52%] [32mBuilding CXX object CMakeFiles/test_lifecycle_node.dir/test/test_lifecycle_node.cpp.o[0m
[ 56%] [32mBuilding CXX object CMakeFiles/test_transition_wrapper.dir/test/test_transition_wrapper.cpp.o[0m
[ 60%] [32mBuilding CXX object CMakeFiles/test_state_machine_info.dir/test/test_state_machine_info.cpp.o[0m
[ 65%] [32mBuilding CXX object CMakeFiles/test_lifecycle_service_client.dir/test/test_lifecycle_service_client.cpp.o[0m
[ 69%] [32mBuilding CXX object CMakeFiles/test_state_wrapper.dir/test/test_state_wrapper.cpp.o[0m
[ 73%] [32m[1mLinking CXX executable test_state_wrapper[0m
[ 78%] [32m[1mLinking CXX executable test_transition_wrapper[0m
[ 78%] Built target test_transition_wrapper
[ 78%] Built target test_state_wrapper
[ 82%] [32m[1mLinking CXX executable test_callback_exceptions[0m
[ 86%] [32m[1mLinking CXX executable test_state_machine_info[0m
[ 91%] [32m[1mLinking CXX executable test_register_custom_callbacks[0m
[ 91%] Built target test_callback_exceptions
[ 91%] Built target test_state_machine_info
[ 91%] Built target test_register_custom_callbacks
[ 95%] [32m[1mLinking CXX executable test_lifecycle_service_client[0m
[ 95%] Built target test_lifecycle_service_client
[100%] [32m[1mLinking CXX executable test_lifecycle_node[0m
[100%] Built target test_lifecycle_node
-- Install configuration: ""
-- Execute custom install script
-- Symlinking: /home/pengbo/rclcpp_cbg/install/rclcpp_lifecycle/share/rclcpp_lifecycle/environment/library_path.sh
-- Symlinking: /home/pengbo/rclcpp_cbg/install/rclcpp_lifecycle/share/rclcpp_lifecycle/environment/library_path.dsv
-- Symlinking: /home/pengbo/rclcpp_cbg/install/rclcpp_lifecycle/share/ament_index/resource_index/package_run_dependencies/rclcpp_lifecycle
-- Symlinking: /home/pengbo/rclcpp_cbg/install/rclcpp_lifecycle/share/ament_index/resource_index/parent_prefix_path/rclcpp_lifecycle
-- Up-to-date symlink: /home/pengbo/rclcpp_cbg/install/rclcpp_lifecycle/share/rclcpp_lifecycle/environment/ament_prefix_path.sh
-- Symlinking: /home/pengbo/rclcpp_cbg/install/rclcpp_lifecycle/share/rclcpp_lifecycle/environment/ament_prefix_path.dsv
-- Up-to-date symlink: /home/pengbo/rclcpp_cbg/install/rclcpp_lifecycle/share/rclcpp_lifecycle/environment/path.sh
-- Symlinking: /home/pengbo/rclcpp_cbg/install/rclcpp_lifecycle/share/rclcpp_lifecycle/environment/path.dsv
-- Symlinking: /home/pengbo/rclcpp_cbg/install/rclcpp_lifecycle/share/rclcpp_lifecycle/local_setup.bash
-- Symlinking: /home/pengbo/rclcpp_cbg/install/rclcpp_lifecycle/share/rclcpp_lifecycle/local_setup.sh
-- Symlinking: /home/pengbo/rclcpp_cbg/install/rclcpp_lifecycle/share/rclcpp_lifecycle/local_setup.zsh
-- Symlinking: /home/pengbo/rclcpp_cbg/install/rclcpp_lifecycle/share/rclcpp_lifecycle/local_setup.dsv
-- Symlinking: /home/pengbo/rclcpp_cbg/install/rclcpp_lifecycle/share/rclcpp_lifecycle/package.dsv
-- Symlinking: /home/pengbo/rclcpp_cbg/install/rclcpp_lifecycle/share/ament_index/resource_index/packages/rclcpp_lifecycle
-- Symlinking: /home/pengbo/rclcpp_cbg/install/rclcpp_lifecycle/share/rclcpp_lifecycle/cmake/ament_cmake_export_include_directories-extras.cmake
-- Symlinking: /home/pengbo/rclcpp_cbg/install/rclcpp_lifecycle/share/rclcpp_lifecycle/cmake/ament_cmake_export_libraries-extras.cmake
-- Symlinking: /home/pengbo/rclcpp_cbg/install/rclcpp_lifecycle/share/rclcpp_lifecycle/cmake/ament_cmake_export_targets-extras.cmake
-- Symlinking: /home/pengbo/rclcpp_cbg/install/rclcpp_lifecycle/share/rclcpp_lifecycle/cmake/ament_cmake_export_dependencies-extras.cmake
-- Symlinking: /home/pengbo/rclcpp_cbg/install/rclcpp_lifecycle/share/rclcpp_lifecycle/cmake/rclcpp_lifecycleConfig.cmake
-- Symlinking: /home/pengbo/rclcpp_cbg/install/rclcpp_lifecycle/share/rclcpp_lifecycle/cmake/rclcpp_lifecycleConfig-version.cmake
-- Symlinking: /home/pengbo/rclcpp_cbg/install/rclcpp_lifecycle/share/rclcpp_lifecycle/package.xml
-- Symlinking: /home/pengbo/rclcpp_cbg/install/rclcpp_lifecycle/include/rclcpp_lifecycle/lifecycle_node.hpp
-- Symlinking: /home/pengbo/rclcpp_cbg/install/rclcpp_lifecycle/include/rclcpp_lifecycle/lifecycle_node_impl.hpp
-- Symlinking: /home/pengbo/rclcpp_cbg/install/rclcpp_lifecycle/include/rclcpp_lifecycle/lifecycle_publisher.hpp
-- Symlinking: /home/pengbo/rclcpp_cbg/install/rclcpp_lifecycle/include/rclcpp_lifecycle/node_interfaces/lifecycle_node_interface.hpp
-- Symlinking: /home/pengbo/rclcpp_cbg/install/rclcpp_lifecycle/include/rclcpp_lifecycle/state.hpp
-- Symlinking: /home/pengbo/rclcpp_cbg/install/rclcpp_lifecycle/include/rclcpp_lifecycle/transition.hpp
-- Symlinking: /home/pengbo/rclcpp_cbg/install/rclcpp_lifecycle/include/rclcpp_lifecycle/type_traits/is_manageable_node.hpp
-- Symlinking: /home/pengbo/rclcpp_cbg/install/rclcpp_lifecycle/include/rclcpp_lifecycle/visibility_control.h
-- Installing: /home/pengbo/rclcpp_cbg/install/rclcpp_lifecycle/lib/librclcpp_lifecycle.so
-- Set runtime path of "/home/pengbo/rclcpp_cbg/install/rclcpp_lifecycle/lib/librclcpp_lifecycle.so" to ""
-- Up-to-date: /home/pengbo/rclcpp_cbg/install/rclcpp_lifecycle/share/rclcpp_lifecycle/cmake/rclcpp_lifecycleExport.cmake
-- Installing: /home/pengbo/rclcpp_cbg/install/rclcpp_lifecycle/share/rclcpp_lifecycle/cmake/rclcpp_lifecycleExport-noconfig.cmake
