[0.016s] Invoking command in '/home/pengbo/rclcpp_cbg/ros2_rclcpp/build/rclcpp_components': AMENT_PREFIX_PATH=/home/pengbo/rclcpp_cbg/ros2_rclcpp/install/rclcpp CMAKE_PREFIX_PATH=/home/pengbo/rclcpp_cbg/ros2_rclcpp/install/rclcpp LD_LIBRARY_PATH=/home/pengbo/rclcpp_cbg/ros2_rclcpp/install/rclcpp/lib /usr/bin/cmake --build /home/pengbo/rclcpp_cbg/ros2_rclcpp/build/rclcpp_components -- -j12 -l12
[0.067s] [ 12%] Built target gtest_main
[0.069s] [ 25%] Built target gtest
[0.076s] [ 31%] [32m[1mLinking CXX shared library libcomponent_manager.so[0m
[0.077s] [ 37%] [32m[1mLinking CXX shared library libtest_component.so[0m
[0.588s] [ 43%] Built target test_component
[0.830s] [ 50%] Built target component_manager
[0.915s] [ 56%] [32m[1mLinking CXX executable component_container[0m
[0.979s] [ 62%] [32m[1mLinking CXX executable test_component_manager[0m
[1.001s] [ 68%] [32m[1mLinking CXX executable test_component_manager_api[0m
[1.014s] [ 75%] [32m[1mLinking CXX executable component_container_mt[0m
[2.400s] [ 81%] Built target component_container
[2.438s] [ 87%] Built target component_container_mt
[2.440s] [ 93%] Built target test_component_manager
[2.574s] [100%] Built target test_component_manager_api
[2.591s] Invoked command in '/home/pengbo/rclcpp_cbg/ros2_rclcpp/build/rclcpp_components' returned '0': AMENT_PREFIX_PATH=/home/pengbo/rclcpp_cbg/ros2_rclcpp/install/rclcpp CMAKE_PREFIX_PATH=/home/pengbo/rclcpp_cbg/ros2_rclcpp/install/rclcpp LD_LIBRARY_PATH=/home/pengbo/rclcpp_cbg/ros2_rclcpp/install/rclcpp/lib /usr/bin/cmake --build /home/pengbo/rclcpp_cbg/ros2_rclcpp/build/rclcpp_components -- -j12 -l12
[2.621s] Invoking command in '/home/pengbo/rclcpp_cbg/ros2_rclcpp/build/rclcpp_components': AMENT_PREFIX_PATH=/home/pengbo/rclcpp_cbg/ros2_rclcpp/install/rclcpp CMAKE_PREFIX_PATH=/home/pengbo/rclcpp_cbg/ros2_rclcpp/install/rclcpp LD_LIBRARY_PATH=/home/pengbo/rclcpp_cbg/ros2_rclcpp/install/rclcpp/lib /usr/bin/cmake --install /home/pengbo/rclcpp_cbg/ros2_rclcpp/build/rclcpp_components
[2.629s] -- Install configuration: ""
[2.630s] -- Up-to-date: /home/pengbo/rclcpp_cbg/ros2_rclcpp/install/rclcpp_components/share/rclcpp_components/node_main.cpp.in
[2.630s] -- Installing: /home/pengbo/rclcpp_cbg/ros2_rclcpp/install/rclcpp_components/lib/libcomponent_manager.so
[2.632s] -- Set runtime path of "/home/pengbo/rclcpp_cbg/ros2_rclcpp/install/rclcpp_components/lib/libcomponent_manager.so" to ""
[2.632s] -- Installing: /home/pengbo/rclcpp_cbg/ros2_rclcpp/install/rclcpp_components/lib/rclcpp_components/component_container
[2.632s] -- Set runtime path of "/home/pengbo/rclcpp_cbg/ros2_rclcpp/install/rclcpp_components/lib/rclcpp_components/component_container" to ""
[2.633s] -- Installing: /home/pengbo/rclcpp_cbg/ros2_rclcpp/install/rclcpp_components/lib/rclcpp_components/component_container_mt
[2.633s] -- Set runtime path of "/home/pengbo/rclcpp_cbg/ros2_rclcpp/install/rclcpp_components/lib/rclcpp_components/component_container_mt" to ""
[2.634s] -- Up-to-date: /home/pengbo/rclcpp_cbg/ros2_rclcpp/install/rclcpp_components/include
[2.634s] -- Up-to-date: /home/pengbo/rclcpp_cbg/ros2_rclcpp/install/rclcpp_components/include/rclcpp_components
[2.634s] -- Up-to-date: /home/pengbo/rclcpp_cbg/ros2_rclcpp/install/rclcpp_components/include/rclcpp_components/visibility_control.hpp
[2.635s] -- Up-to-date: /home/pengbo/rclcpp_cbg/ros2_rclcpp/install/rclcpp_components/include/rclcpp_components/node_instance_wrapper.hpp
[2.635s] -- Up-to-date: /home/pengbo/rclcpp_cbg/ros2_rclcpp/install/rclcpp_components/include/rclcpp_components/register_node_macro.hpp
[2.635s] -- Up-to-date: /home/pengbo/rclcpp_cbg/ros2_rclcpp/install/rclcpp_components/include/rclcpp_components/component_manager.hpp
[2.635s] -- Up-to-date: /home/pengbo/rclcpp_cbg/ros2_rclcpp/install/rclcpp_components/include/rclcpp_components/node_factory.hpp
[2.636s] -- Up-to-date: /home/pengbo/rclcpp_cbg/ros2_rclcpp/install/rclcpp_components/include/rclcpp_components/node_factory_template.hpp
[2.636s] -- Up-to-date: /home/pengbo/rclcpp_cbg/ros2_rclcpp/install/rclcpp_components/share/rclcpp_components/cmake
[2.636s] -- Up-to-date: /home/pengbo/rclcpp_cbg/ros2_rclcpp/install/rclcpp_components/share/rclcpp_components/cmake/rclcpp_components_package_hook.cmake
[2.637s] -- Up-to-date: /home/pengbo/rclcpp_cbg/ros2_rclcpp/install/rclcpp_components/share/rclcpp_components/cmake/rclcpp_components_register_node.cmake
[2.637s] -- Up-to-date: /home/pengbo/rclcpp_cbg/ros2_rclcpp/install/rclcpp_components/share/rclcpp_components/cmake/rclcpp_components_register_nodes.cmake
[2.638s] -- Up-to-date: /home/pengbo/rclcpp_cbg/ros2_rclcpp/install/rclcpp_components/share/rclcpp_components/environment/library_path.sh
[2.638s] -- Up-to-date: /home/pengbo/rclcpp_cbg/ros2_rclcpp/install/rclcpp_components/share/rclcpp_components/environment/library_path.dsv
[2.638s] -- Up-to-date: /home/pengbo/rclcpp_cbg/ros2_rclcpp/install/rclcpp_components/share/ament_index/resource_index/package_run_dependencies/rclcpp_components
[2.638s] -- Up-to-date: /home/pengbo/rclcpp_cbg/ros2_rclcpp/install/rclcpp_components/share/ament_index/resource_index/parent_prefix_path/rclcpp_components
[2.638s] -- Up-to-date: /home/pengbo/rclcpp_cbg/ros2_rclcpp/install/rclcpp_components/share/rclcpp_components/environment/ament_prefix_path.dsv
[2.638s] -- Up-to-date: /home/pengbo/rclcpp_cbg/ros2_rclcpp/install/rclcpp_components/share/rclcpp_components/environment/path.dsv
[2.638s] -- Up-to-date: /home/pengbo/rclcpp_cbg/ros2_rclcpp/install/rclcpp_components/share/rclcpp_components/local_setup.bash
[2.639s] -- Up-to-date: /home/pengbo/rclcpp_cbg/ros2_rclcpp/install/rclcpp_components/share/rclcpp_components/local_setup.sh
[2.639s] -- Up-to-date: /home/pengbo/rclcpp_cbg/ros2_rclcpp/install/rclcpp_components/share/rclcpp_components/local_setup.zsh
[2.639s] -- Up-to-date: /home/pengbo/rclcpp_cbg/ros2_rclcpp/install/rclcpp_components/share/rclcpp_components/local_setup.dsv
[2.639s] -- Installing: /home/pengbo/rclcpp_cbg/ros2_rclcpp/install/rclcpp_components/share/rclcpp_components/package.dsv
[2.639s] -- Up-to-date: /home/pengbo/rclcpp_cbg/ros2_rclcpp/install/rclcpp_components/share/ament_index/resource_index/packages/rclcpp_components
[2.639s] -- Up-to-date: /home/pengbo/rclcpp_cbg/ros2_rclcpp/install/rclcpp_components/share/rclcpp_components/cmake/component_managerExport.cmake
[2.640s] -- Up-to-date: /home/pengbo/rclcpp_cbg/ros2_rclcpp/install/rclcpp_components/share/rclcpp_components/cmake/component_managerExport-noconfig.cmake
[2.640s] -- Up-to-date: /home/pengbo/rclcpp_cbg/ros2_rclcpp/install/rclcpp_components/share/rclcpp_components/cmake/rclcpp_components-extras.cmake
[2.640s] -- Up-to-date: /home/pengbo/rclcpp_cbg/ros2_rclcpp/install/rclcpp_components/share/rclcpp_components/cmake/ament_cmake_export_include_directories-extras.cmake
[2.640s] -- Up-to-date: /home/pengbo/rclcpp_cbg/ros2_rclcpp/install/rclcpp_components/share/rclcpp_components/cmake/ament_cmake_export_libraries-extras.cmake
[2.640s] -- Up-to-date: /home/pengbo/rclcpp_cbg/ros2_rclcpp/install/rclcpp_components/share/rclcpp_components/cmake/ament_cmake_export_targets-extras.cmake
[2.640s] -- Up-to-date: /home/pengbo/rclcpp_cbg/ros2_rclcpp/install/rclcpp_components/share/rclcpp_components/cmake/ament_cmake_export_dependencies-extras.cmake
[2.640s] -- Up-to-date: /home/pengbo/rclcpp_cbg/ros2_rclcpp/install/rclcpp_components/share/rclcpp_components/cmake/rclcpp_componentsConfig.cmake
[2.641s] -- Up-to-date: /home/pengbo/rclcpp_cbg/ros2_rclcpp/install/rclcpp_components/share/rclcpp_components/cmake/rclcpp_componentsConfig-version.cmake
[2.641s] -- Up-to-date: /home/pengbo/rclcpp_cbg/ros2_rclcpp/install/rclcpp_components/share/rclcpp_components/package.xml
[2.642s] Invoked command in '/home/pengbo/rclcpp_cbg/ros2_rclcpp/build/rclcpp_components' returned '0': AMENT_PREFIX_PATH=/home/pengbo/rclcpp_cbg/ros2_rclcpp/install/rclcpp CMAKE_PREFIX_PATH=/home/pengbo/rclcpp_cbg/ros2_rclcpp/install/rclcpp LD_LIBRARY_PATH=/home/pengbo/rclcpp_cbg/ros2_rclcpp/install/rclcpp/lib /usr/bin/cmake --install /home/pengbo/rclcpp_cbg/ros2_rclcpp/build/rclcpp_components
