[  1%] Built target gtest
[  1%] Built target rclcpp_test_msgs__cpp
[  3%] Built target rclcpp_test_msgs__rosidl_generator_c
[  5%] Built target gmock
[  5%] Built target gmock_main
[  6%] Built target gtest_main
[35m[1mScanning dependencies of target rclcpp[0m
[  8%] Built target rclcpp_test_msgs__rosidl_typesupport_cpp
[ 10%] Built target rclcpp_test_msgs__rosidl_typesupport_introspection_cpp
[ 11%] Built target test_function_traits
[ 13%] Built target rclcpp_test_msgs__rosidl_typesupport_introspection_c
[ 14%] Built target rclcpp_test_msgs__rosidl_typesupport_c
[ 16%] Built target rclcpp_test_msgs__rosidl_typesupport_fastrtps_cpp
[ 18%] Built target rclcpp_test_msgs__rosidl_typesupport_fastrtps_c
[ 18%] Built target rclcpp_test_msgs
[ 18%] [32mBuilding CXX object CMakeFiles/rclcpp.dir/src/rclcpp/executors/single_threaded_executor.cpp.o[0m
[ 18%] Built target rclcpp_test_msgs__py
[ 20%] Built target rclcpp_test_msgs__python
[ 21%] Built target rclcpp__rosidl_typesupport_c__pyext
[ 22%] Built target rclcpp__rosidl_typesupport_introspection_c__pyext
[ 23%] Built target rclcpp__rosidl_typesupport_fastrtps_c__pyext
