[01m[K/home/pengbo/rclcpp_cbg/ros2_rclcpp/rclcpp/src/rclcpp/executors/single_threaded_executor.cpp:243:27:[m[K [01;35m[Kwarning: [m[Kmulti-character character constant [[01;35m[K-Wmultichar[m[K]
  243 |   if(thread_name1.compare([01;35m[K'rt'[m[K))
      |                           [01;35m[K^~~~[m[K
[01m[K/home/pengbo/rclcpp_cbg/ros2_rclcpp/rclcpp/src/rclcpp/executors/single_threaded_executor.cpp:[m[K In member function ‘[01m[Kvoid rclcpp::executors::SingleThreadedExecutor::executor_spin_one_period(uint64_t, std::string)[m[K’:
[01m[K/home/pengbo/rclcpp_cbg/ros2_rclcpp/rclcpp/src/rclcpp/executors/single_threaded_executor.cpp:243:27:[m[K [01;31m[Kerror: [m[Kinvalid conversion from ‘[01m[Kint[m[K’ to ‘[01m[Kconst char*[m[K’ [[01;31m[K-fpermissive[m[K]
In file included from [01m[K/usr/include/c++/9/string:55[m[K,
                 from [01m[K/usr/include/c++/9/stdexcept:39[m[K,
                 from [01m[K/usr/include/c++/9/array:39[m[K,
                 from [01m[K/usr/include/c++/9/tuple:39[m[K,
                 from [01m[K/usr/include/c++/9/bits/unique_ptr.h:37[m[K,
                 from [01m[K/usr/include/c++/9/memory:80[m[K,
                 from [01m[K/home/pengbo/rclcpp_cbg/ros2_rclcpp/rclcpp/include/rclcpp/executors/single_threaded_executor.hpp:22[m[K,
                 from [01m[K/home/pengbo/rclcpp_cbg/ros2_rclcpp/rclcpp/src/rclcpp/executors/single_threaded_executor.cpp:15[m[K:
[01m[K/usr/include/c++/9/bits/basic_string.h:2990:29:[m[K [01;36m[Knote: [m[K  initializing argument 1 of ‘[01m[Kint std::__cxx11::basic_string<_CharT, _Traits, _Alloc>::compare(const _CharT*) const [with _CharT = char; _Traits = std::char_traits<char>; _Alloc = std::allocator<char>][m[K’
 2990 |       compare([01;36m[Kconst _CharT* __s[m[K) const _GLIBCXX_NOEXCEPT;
      |               [01;36m[K~~~~~~~~~~~~~~^~~[m[K
[01m[K/home/pengbo/rclcpp_cbg/ros2_rclcpp/rclcpp/src/rclcpp/executors/single_threaded_executor.cpp:235:22:[m[K [01;35m[Kwarning: [m[Kunused variable ‘[01m[Krest_time[m[K’ [[01;35m[K-Wunused-variable[m[K]
  235 |      struct timespec [01;35m[Krest_time[m[K;
      |                      [01;35m[K^~~~~~~~~[m[K
make[2]: *** [CMakeFiles/rclcpp.dir/build.make:389: CMakeFiles/rclcpp.dir/src/rclcpp/executors/single_threaded_executor.cpp.o] Error 1
make[1]: *** [CMakeFiles/Makefile2:1129: CMakeFiles/rclcpp.dir/all] Error 2
make: *** [Makefile:141: all] Error 2
